[0.008s] Invoking command in '/home/rupendra/Desktop/Tasks/TASK-1/Task1/build/industrial_warehouse_gazebo': CMAKE_PREFIX_PATH=${CMAKE_PREFIX_PATH}:/opt/ros/humble /usr/bin/cmake /home/rupendra/Desktop/Tasks/TASK-1/Task1/src/industrial_warehouse_gazebo -DCMAKE_INSTALL_PREFIX=/home/rupendra/Desktop/Tasks/TASK-1/Task1/install/industrial_warehouse_gazebo
[0.057s] -- The C compiler identification is GNU 11.4.0
[0.107s] -- The CXX compiler identification is GNU 11.4.0
[0.113s] -- Detecting C compiler ABI info
[0.177s] -- Detecting C compiler ABI info - done
[0.182s] -- Check for working C compiler: /usr/bin/cc - skipped
[0.182s] -- Detecting C compile features
[0.182s] -- Detecting C compile features - done
[0.184s] -- Detecting CXX compiler ABI info
[0.259s] -- Detecting CXX compiler ABI info - done
[0.264s] -- Check for working CXX compiler: /usr/bin/c++ - skipped
[0.265s] -- Detecting CXX compile features
[0.265s] -- Detecting CXX compile features - done
[0.267s] -- Found ament_cmake: 1.3.12 (/opt/ros/humble/share/ament_cmake/cmake)
[0.653s] -- Found Python3: /usr/bin/python3 (found version "3.10.12") found components: Interpreter 
[0.739s] -- Found ament_lint_auto: 0.12.14 (/opt/ros/humble/share/ament_lint_auto/cmake)
[0.825s] -- Added test 'flake8' to check Python code syntax and style conventions
[0.825s] -- Added test 'lint_cmake' to check CMake code style
[0.826s] -- Added test 'pep257' to check Python code against some of the docstring style conventions in PEP 257
[0.828s] -- Added test 'xmllint' to check XML markup files
[0.829s] -- Configuring done
[0.832s] -- Generating done
[0.833s] -- Build files have been written to: /home/rupendra/Desktop/Tasks/TASK-1/Task1/build/industrial_warehouse_gazebo
[0.837s] Invoked command in '/home/rupendra/Desktop/Tasks/TASK-1/Task1/build/industrial_warehouse_gazebo' returned '0': CMAKE_PREFIX_PATH=${CMAKE_PREFIX_PATH}:/opt/ros/humble /usr/bin/cmake /home/rupendra/Desktop/Tasks/TASK-1/Task1/src/industrial_warehouse_gazebo -DCMAKE_INSTALL_PREFIX=/home/rupendra/Desktop/Tasks/TASK-1/Task1/install/industrial_warehouse_gazebo
[0.839s] Invoking command in '/home/rupendra/Desktop/Tasks/TASK-1/Task1/build/industrial_warehouse_gazebo': CMAKE_PREFIX_PATH=${CMAKE_PREFIX_PATH}:/opt/ros/humble /usr/bin/cmake --build /home/rupendra/Desktop/Tasks/TASK-1/Task1/build/industrial_warehouse_gazebo -- -j16 -l16
[0.878s] Invoked command in '/home/rupendra/Desktop/Tasks/TASK-1/Task1/build/industrial_warehouse_gazebo' returned '0': CMAKE_PREFIX_PATH=${CMAKE_PREFIX_PATH}:/opt/ros/humble /usr/bin/cmake --build /home/rupendra/Desktop/Tasks/TASK-1/Task1/build/industrial_warehouse_gazebo -- -j16 -l16
[0.887s] Invoking command in '/home/rupendra/Desktop/Tasks/TASK-1/Task1/build/industrial_warehouse_gazebo': CMAKE_PREFIX_PATH=${CMAKE_PREFIX_PATH}:/opt/ros/humble /usr/bin/cmake --install /home/rupendra/Desktop/Tasks/TASK-1/Task1/build/industrial_warehouse_gazebo
[0.894s] -- Install configuration: ""
[0.894s] -- Installing: /home/rupendra/Desktop/Tasks/TASK-1/Task1/install/industrial_warehouse_gazebo/share/industrial_warehouse_gazebo/launch
[0.895s] -- Installing: /home/rupendra/Desktop/Tasks/TASK-1/Task1/install/industrial_warehouse_gazebo/share/industrial_warehouse_gazebo/launch/warehouse.launch.py
[0.895s] -- Installing: /home/rupendra/Desktop/Tasks/TASK-1/Task1/install/industrial_warehouse_gazebo/share/industrial_warehouse_gazebo/models
[0.895s] -- Installing: /home/rupendra/Desktop/Tasks/TASK-1/Task1/install/industrial_warehouse_gazebo/share/industrial_warehouse_gazebo/models/realsense_d435
[0.895s] -- Installing: /home/rupendra/Desktop/Tasks/TASK-1/Task1/install/industrial_warehouse_gazebo/share/industrial_warehouse_gazebo/models/realsense_d435/model.config
[0.895s] -- Installing: /home/rupendra/Desktop/Tasks/TASK-1/Task1/install/industrial_warehouse_gazebo/share/industrial_warehouse_gazebo/models/realsense_d435/model.sdf
[0.895s] -- Installing: /home/rupendra/Desktop/Tasks/TASK-1/Task1/install/industrial_warehouse_gazebo/share/industrial_warehouse_gazebo/models/realsense_d435/meshes
[0.895s] -- Installing: /home/rupendra/Desktop/Tasks/TASK-1/Task1/install/industrial_warehouse_gazebo/share/industrial_warehouse_gazebo/models/realsense_d435/meshes/IntelRealsense_D435_Multibody.stl
[0.926s] -- Installing: /home/rupendra/Desktop/Tasks/TASK-1/Task1/install/industrial_warehouse_gazebo/share/industrial_warehouse_gazebo/models/realsense_d435/meshes/IntelRealsense_D435_Multibody.dae
[0.937s] -- Installing: /home/rupendra/Desktop/Tasks/TASK-1/Task1/install/industrial_warehouse_gazebo/share/industrial_warehouse_gazebo/models/conveyor
[0.937s] -- Installing: /home/rupendra/Desktop/Tasks/TASK-1/Task1/install/industrial_warehouse_gazebo/share/industrial_warehouse_gazebo/models/conveyor/model.config
[0.937s] -- Installing: /home/rupendra/Desktop/Tasks/TASK-1/Task1/install/industrial_warehouse_gazebo/share/industrial_warehouse_gazebo/models/conveyor/model.sdf
[0.937s] -- Installing: /home/rupendra/Desktop/Tasks/TASK-1/Task1/install/industrial_warehouse_gazebo/share/industrial_warehouse_gazebo/models/conveyor/meshes
[0.937s] -- Installing: /home/rupendra/Desktop/Tasks/TASK-1/Task1/install/industrial_warehouse_gazebo/share/industrial_warehouse_gazebo/models/conveyor/meshes/conveyor_belt.dae
[0.938s] -- Installing: /home/rupendra/Desktop/Tasks/TASK-1/Task1/install/industrial_warehouse_gazebo/share/industrial_warehouse_gazebo/models/conveyor/meshes/conveyor_belt.stl
[0.939s] -- Installing: /home/rupendra/Desktop/Tasks/TASK-1/Task1/install/industrial_warehouse_gazebo/share/industrial_warehouse_gazebo/worlds
[0.939s] -- Installing: /home/rupendra/Desktop/Tasks/TASK-1/Task1/install/industrial_warehouse_gazebo/share/industrial_warehouse_gazebo/worlds/industrial_warehouse.world
[0.939s] -- Installing: /home/rupendra/Desktop/Tasks/TASK-1/Task1/install/industrial_warehouse_gazebo/share/ament_index/resource_index/package_run_dependencies/industrial_warehouse_gazebo
[0.939s] -- Installing: /home/rupendra/Desktop/Tasks/TASK-1/Task1/install/industrial_warehouse_gazebo/share/ament_index/resource_index/parent_prefix_path/industrial_warehouse_gazebo
[0.939s] -- Installing: /home/rupendra/Desktop/Tasks/TASK-1/Task1/install/industrial_warehouse_gazebo/share/industrial_warehouse_gazebo/environment/ament_prefix_path.sh
[0.940s] -- Installing: /home/rupendra/Desktop/Tasks/TASK-1/Task1/install/industrial_warehouse_gazebo/share/industrial_warehouse_gazebo/environment/ament_prefix_path.dsv
[0.940s] -- Installing: /home/rupendra/Desktop/Tasks/TASK-1/Task1/install/industrial_warehouse_gazebo/share/industrial_warehouse_gazebo/environment/path.sh
[0.940s] -- Installing: /home/rupendra/Desktop/Tasks/TASK-1/Task1/install/industrial_warehouse_gazebo/share/industrial_warehouse_gazebo/environment/path.dsv
[0.940s] -- Installing: /home/rupendra/Desktop/Tasks/TASK-1/Task1/install/industrial_warehouse_gazebo/share/industrial_warehouse_gazebo/local_setup.bash
[0.940s] -- Installing: /home/rupendra/Desktop/Tasks/TASK-1/Task1/install/industrial_warehouse_gazebo/share/industrial_warehouse_gazebo/local_setup.sh
[0.940s] -- Installing: /home/rupendra/Desktop/Tasks/TASK-1/Task1/install/industrial_warehouse_gazebo/share/industrial_warehouse_gazebo/local_setup.zsh
[0.940s] -- Installing: /home/rupendra/Desktop/Tasks/TASK-1/Task1/install/industrial_warehouse_gazebo/share/industrial_warehouse_gazebo/local_setup.dsv
[0.940s] -- Installing: /home/rupendra/Desktop/Tasks/TASK-1/Task1/install/industrial_warehouse_gazebo/share/industrial_warehouse_gazebo/package.dsv
[0.941s] -- Installing: /home/rupendra/Desktop/Tasks/TASK-1/Task1/install/industrial_warehouse_gazebo/share/ament_index/resource_index/packages/industrial_warehouse_gazebo
[0.941s] -- Installing: /home/rupendra/Desktop/Tasks/TASK-1/Task1/install/industrial_warehouse_gazebo/share/industrial_warehouse_gazebo/cmake/industrial_warehouse_gazeboConfig.cmake
[0.941s] -- Installing: /home/rupendra/Desktop/Tasks/TASK-1/Task1/install/industrial_warehouse_gazebo/share/industrial_warehouse_gazebo/cmake/industrial_warehouse_gazeboConfig-version.cmake
[0.941s] -- Installing: /home/rupendra/Desktop/Tasks/TASK-1/Task1/install/industrial_warehouse_gazebo/share/industrial_warehouse_gazebo/package.xml
[0.943s] Invoked command in '/home/rupendra/Desktop/Tasks/TASK-1/Task1/build/industrial_warehouse_gazebo' returned '0': CMAKE_PREFIX_PATH=${CMAKE_PREFIX_PATH}:/opt/ros/humble /usr/bin/cmake --install /home/rupendra/Desktop/Tasks/TASK-1/Task1/build/industrial_warehouse_gazebo
