[0.014s] Invoking command in '/home/rupendra/Desktop/Tasks/TASK-1/Task1/build/industrial_warehouse_gazebo': CMAKE_PREFIX_PATH=${CMAKE_PREFIX_PATH}:/opt/ros/humble /usr/bin/cmake /home/rupendra/Desktop/Tasks/TASK-1/Task1/src/industrial_warehouse_gazebo -DAMENT_CMAKE_SYMLINK_INSTALL=1 -DCMAKE_INSTALL_PREFIX=/home/rupendra/Desktop/Tasks/TASK-1/Task1/install/industrial_warehouse_gazebo
[0.023s] -- Found ament_cmake: 1.3.12 (/opt/ros/humble/share/ament_cmake/cmake)
[0.156s] -- Override CMake install command with custom implementation using symlinks instead of copying resources
[0.163s] -- Found ament_lint_auto: 0.12.14 (/opt/ros/humble/share/ament_lint_auto/cmake)
[0.237s] -- Added test 'flake8' to check Python code syntax and style conventions
[0.237s] -- Added test 'lint_cmake' to check CMake code style
[0.237s] -- Added test 'pep257' to check Python code against some of the docstring style conventions in PEP 257
[0.239s] -- Added test 'xmllint' to check XML markup files
[0.240s] -- Configuring done
[0.242s] -- Generating done
[0.243s] -- Build files have been written to: /home/rupendra/Desktop/Tasks/TASK-1/Task1/build/industrial_warehouse_gazebo
[0.247s] Invoked command in '/home/rupendra/Desktop/Tasks/TASK-1/Task1/build/industrial_warehouse_gazebo' returned '0': CMAKE_PREFIX_PATH=${CMAKE_PREFIX_PATH}:/opt/ros/humble /usr/bin/cmake /home/rupendra/Desktop/Tasks/TASK-1/Task1/src/industrial_warehouse_gazebo -DAMENT_CMAKE_SYMLINK_INSTALL=1 -DCMAKE_INSTALL_PREFIX=/home/rupendra/Desktop/Tasks/TASK-1/Task1/install/industrial_warehouse_gazebo
[0.248s] Invoking command in '/home/rupendra/Desktop/Tasks/TASK-1/Task1/build/industrial_warehouse_gazebo': CMAKE_PREFIX_PATH=${CMAKE_PREFIX_PATH}:/opt/ros/humble /usr/bin/cmake --build /home/rupendra/Desktop/Tasks/TASK-1/Task1/build/industrial_warehouse_gazebo -- -j16 -l16
[0.288s] Invoked command in '/home/rupendra/Desktop/Tasks/TASK-1/Task1/build/industrial_warehouse_gazebo' returned '0': CMAKE_PREFIX_PATH=${CMAKE_PREFIX_PATH}:/opt/ros/humble /usr/bin/cmake --build /home/rupendra/Desktop/Tasks/TASK-1/Task1/build/industrial_warehouse_gazebo -- -j16 -l16
[0.289s] Invoking command in '/home/rupendra/Desktop/Tasks/TASK-1/Task1/build/industrial_warehouse_gazebo': CMAKE_PREFIX_PATH=${CMAKE_PREFIX_PATH}:/opt/ros/humble /usr/bin/cmake --install /home/rupendra/Desktop/Tasks/TASK-1/Task1/build/industrial_warehouse_gazebo
[0.295s] -- Install configuration: ""
[0.296s] -- Execute custom install script
[0.296s] -- Up-to-date symlink: /home/rupendra/Desktop/Tasks/TASK-1/Task1/install/industrial_warehouse_gazebo/share/industrial_warehouse_gazebo/launch/warehouse.launch.py
[0.296s] -- Up-to-date symlink: /home/rupendra/Desktop/Tasks/TASK-1/Task1/install/industrial_warehouse_gazebo/share/industrial_warehouse_gazebo/models/conveyor_belt/meshes/IntelRealsense_D435_Multibody.stl
[0.296s] -- Up-to-date symlink: /home/rupendra/Desktop/Tasks/TASK-1/Task1/install/industrial_warehouse_gazebo/share/industrial_warehouse_gazebo/models/conveyor_belt/meshes/conveyor_belt.dae
[0.297s] -- Up-to-date symlink: /home/rupendra/Desktop/Tasks/TASK-1/Task1/install/industrial_warehouse_gazebo/share/industrial_warehouse_gazebo/models/conveyor_belt/meshes/conveyor_belt.stl
[0.297s] -- Up-to-date symlink: /home/rupendra/Desktop/Tasks/TASK-1/Task1/install/industrial_warehouse_gazebo/share/industrial_warehouse_gazebo/models/conveyor_belt/model.config
[0.297s] -- Up-to-date symlink: /home/rupendra/Desktop/Tasks/TASK-1/Task1/install/industrial_warehouse_gazebo/share/industrial_warehouse_gazebo/models/conveyor_belt/model.sdf
[0.297s] -- Up-to-date symlink: /home/rupendra/Desktop/Tasks/TASK-1/Task1/install/industrial_warehouse_gazebo/share/industrial_warehouse_gazebo/worlds/industrial_warehouse.world
[0.297s] -- Up-to-date symlink: /home/rupendra/Desktop/Tasks/TASK-1/Task1/install/industrial_warehouse_gazebo/share/ament_index/resource_index/package_run_dependencies/industrial_warehouse_gazebo
[0.297s] -- Up-to-date symlink: /home/rupendra/Desktop/Tasks/TASK-1/Task1/install/industrial_warehouse_gazebo/share/ament_index/resource_index/parent_prefix_path/industrial_warehouse_gazebo
[0.297s] -- Up-to-date symlink: /home/rupendra/Desktop/Tasks/TASK-1/Task1/install/industrial_warehouse_gazebo/share/industrial_warehouse_gazebo/environment/ament_prefix_path.sh
[0.297s] -- Up-to-date symlink: /home/rupendra/Desktop/Tasks/TASK-1/Task1/install/industrial_warehouse_gazebo/share/industrial_warehouse_gazebo/environment/ament_prefix_path.dsv
[0.298s] -- Up-to-date symlink: /home/rupendra/Desktop/Tasks/TASK-1/Task1/install/industrial_warehouse_gazebo/share/industrial_warehouse_gazebo/environment/path.sh
[0.298s] -- Up-to-date symlink: /home/rupendra/Desktop/Tasks/TASK-1/Task1/install/industrial_warehouse_gazebo/share/industrial_warehouse_gazebo/environment/path.dsv
[0.298s] -- Up-to-date symlink: /home/rupendra/Desktop/Tasks/TASK-1/Task1/install/industrial_warehouse_gazebo/share/industrial_warehouse_gazebo/local_setup.bash
[0.298s] -- Up-to-date symlink: /home/rupendra/Desktop/Tasks/TASK-1/Task1/install/industrial_warehouse_gazebo/share/industrial_warehouse_gazebo/local_setup.sh
[0.298s] -- Up-to-date symlink: /home/rupendra/Desktop/Tasks/TASK-1/Task1/install/industrial_warehouse_gazebo/share/industrial_warehouse_gazebo/local_setup.zsh
[0.298s] -- Up-to-date symlink: /home/rupendra/Desktop/Tasks/TASK-1/Task1/install/industrial_warehouse_gazebo/share/industrial_warehouse_gazebo/local_setup.dsv
[0.298s] -- Symlinking: /home/rupendra/Desktop/Tasks/TASK-1/Task1/install/industrial_warehouse_gazebo/share/industrial_warehouse_gazebo/package.dsv
[0.308s] -- Up-to-date symlink: /home/rupendra/Desktop/Tasks/TASK-1/Task1/install/industrial_warehouse_gazebo/share/ament_index/resource_index/packages/industrial_warehouse_gazebo
[0.308s] -- Up-to-date symlink: /home/rupendra/Desktop/Tasks/TASK-1/Task1/install/industrial_warehouse_gazebo/share/industrial_warehouse_gazebo/cmake/industrial_warehouse_gazeboConfig.cmake
[0.308s] -- Up-to-date symlink: /home/rupendra/Desktop/Tasks/TASK-1/Task1/install/industrial_warehouse_gazebo/share/industrial_warehouse_gazebo/cmake/industrial_warehouse_gazeboConfig-version.cmake
[0.308s] -- Up-to-date symlink: /home/rupendra/Desktop/Tasks/TASK-1/Task1/install/industrial_warehouse_gazebo/share/industrial_warehouse_gazebo/package.xml
[0.310s] Invoked command in '/home/rupendra/Desktop/Tasks/TASK-1/Task1/build/industrial_warehouse_gazebo' returned '0': CMAKE_PREFIX_PATH=${CMAKE_PREFIX_PATH}:/opt/ros/humble /usr/bin/cmake --install /home/rupendra/Desktop/Tasks/TASK-1/Task1/build/industrial_warehouse_gazebo
