[0.029s] Invoking command in '/home/rupendra/Desktop/Tasks/Task1/build/conveyorbelt_gazebo': CMAKE_PREFIX_PATH=/opt/ros/humble VIRTUAL_ENV_PROMPT=(task1-py310) /usr/bin/cmake /home/rupendra/Desktop/Tasks/Task1/src/IFRA_ConveyorBelt/conveyorbelt_gazebo -DAMENT_CMAKE_SYMLINK_INSTALL=1 -DCMAKE_INSTALL_PREFIX=/home/rupendra/Desktop/Tasks/Task1/install/conveyorbelt_gazebo
[0.084s] -- The C compiler identification is GNU 11.4.0
[0.134s] -- The CXX compiler identification is GNU 11.4.0
[0.141s] -- Detecting C compiler ABI info
[0.211s] -- Detecting C compiler ABI info - done
[0.217s] -- Check for working C compiler: /usr/bin/cc - skipped
[0.217s] -- Detecting C compile features
[0.218s] -- Detecting C compile features - done
[0.220s] -- Detecting CXX compiler ABI info
[0.300s] -- Detecting CXX compiler ABI info - done
[0.306s] -- Check for working CXX compiler: /usr/bin/c++ - skipped
[0.307s] -- Detecting CXX compile features
[0.307s] -- Detecting CXX compile features - done
[0.310s] -- Found ament_cmake: 1.3.11 (/opt/ros/humble/share/ament_cmake/cmake)
[0.431s] -- Found Python3: /home/rupendra/Desktop/Tasks/Task1/task1-py310/bin/python3 (found version "3.10.12") found components: Interpreter 
[0.490s] -- Override CMake install command with custom implementation using symlinks instead of copying resources
[0.519s] -- Found ament_lint_auto: 0.12.12 (/opt/ros/humble/share/ament_lint_auto/cmake)
[0.616s] -- Added test 'copyright' to check source files copyright and LICENSE
[0.619s] -- Added test 'flake8' to check Python code syntax and style conventions
[0.620s] -- Added test 'lint_cmake' to check CMake code style
[0.621s] -- Added test 'pep257' to check Python code against some of the docstring style conventions in PEP 257
[0.622s] -- Added test 'xmllint' to check XML markup files
[0.624s] -- Configuring done
[0.627s] -- Generating done
[0.629s] -- Build files have been written to: /home/rupendra/Desktop/Tasks/Task1/build/conveyorbelt_gazebo
[0.634s] Invoked command in '/home/rupendra/Desktop/Tasks/Task1/build/conveyorbelt_gazebo' returned '0': CMAKE_PREFIX_PATH=/opt/ros/humble VIRTUAL_ENV_PROMPT=(task1-py310) /usr/bin/cmake /home/rupendra/Desktop/Tasks/Task1/src/IFRA_ConveyorBelt/conveyorbelt_gazebo -DAMENT_CMAKE_SYMLINK_INSTALL=1 -DCMAKE_INSTALL_PREFIX=/home/rupendra/Desktop/Tasks/Task1/install/conveyorbelt_gazebo
[0.637s] Invoking command in '/home/rupendra/Desktop/Tasks/Task1/build/conveyorbelt_gazebo': CMAKE_PREFIX_PATH=/opt/ros/humble VIRTUAL_ENV_PROMPT=(task1-py310) /usr/bin/cmake --build /home/rupendra/Desktop/Tasks/Task1/build/conveyorbelt_gazebo -- -j16 -l16
[0.681s] Invoked command in '/home/rupendra/Desktop/Tasks/Task1/build/conveyorbelt_gazebo' returned '0': CMAKE_PREFIX_PATH=/opt/ros/humble VIRTUAL_ENV_PROMPT=(task1-py310) /usr/bin/cmake --build /home/rupendra/Desktop/Tasks/Task1/build/conveyorbelt_gazebo -- -j16 -l16
[0.695s] Invoking command in '/home/rupendra/Desktop/Tasks/Task1/build/conveyorbelt_gazebo': CMAKE_PREFIX_PATH=/opt/ros/humble VIRTUAL_ENV_PROMPT=(task1-py310) /usr/bin/cmake --install /home/rupendra/Desktop/Tasks/Task1/build/conveyorbelt_gazebo
[0.705s] -- Install configuration: ""
[0.706s] -- Execute custom install script
[0.706s] -- Symlinking: /home/rupendra/Desktop/Tasks/Task1/install/conveyorbelt_gazebo/share/conveyorbelt_gazebo/launch/conveyorbelt.launch.py
[0.717s] -- Symlinking: /home/rupendra/Desktop/Tasks/Task1/install/conveyorbelt_gazebo/share/conveyorbelt_gazebo/models/conveyor_belt/meshes/conveyor_belt.dae
[0.727s] -- Symlinking: /home/rupendra/Desktop/Tasks/Task1/install/conveyorbelt_gazebo/share/conveyorbelt_gazebo/models/conveyor_belt/meshes/conveyor_belt.stl
[0.737s] -- Symlinking: /home/rupendra/Desktop/Tasks/Task1/install/conveyorbelt_gazebo/share/conveyorbelt_gazebo/models/conveyor_belt/model.config
[0.747s] -- Symlinking: /home/rupendra/Desktop/Tasks/Task1/install/conveyorbelt_gazebo/share/conveyorbelt_gazebo/models/conveyor_belt/model.sdf
[0.757s] -- Symlinking: /home/rupendra/Desktop/Tasks/Task1/install/conveyorbelt_gazebo/share/conveyorbelt_gazebo/worlds/conveyorbelt.world
[0.768s] -- Symlinking: /home/rupendra/Desktop/Tasks/Task1/install/conveyorbelt_gazebo/share/conveyorbelt_gazebo/urdf/box.urdf
[0.778s] -- Symlinking: /home/rupendra/Desktop/Tasks/Task1/install/conveyorbelt_gazebo/share/ament_index/resource_index/package_run_dependencies/conveyorbelt_gazebo
[0.788s] -- Symlinking: /home/rupendra/Desktop/Tasks/Task1/install/conveyorbelt_gazebo/share/ament_index/resource_index/parent_prefix_path/conveyorbelt_gazebo
[0.798s] -- Symlinking: /home/rupendra/Desktop/Tasks/Task1/install/conveyorbelt_gazebo/share/conveyorbelt_gazebo/environment/ament_prefix_path.sh
[0.812s] -- Symlinking: /home/rupendra/Desktop/Tasks/Task1/install/conveyorbelt_gazebo/share/conveyorbelt_gazebo/environment/ament_prefix_path.dsv
[0.822s] -- Symlinking: /home/rupendra/Desktop/Tasks/Task1/install/conveyorbelt_gazebo/share/conveyorbelt_gazebo/environment/path.sh
[0.832s] -- Symlinking: /home/rupendra/Desktop/Tasks/Task1/install/conveyorbelt_gazebo/share/conveyorbelt_gazebo/environment/path.dsv
[0.842s] -- Symlinking: /home/rupendra/Desktop/Tasks/Task1/install/conveyorbelt_gazebo/share/conveyorbelt_gazebo/local_setup.bash
[0.851s] -- Symlinking: /home/rupendra/Desktop/Tasks/Task1/install/conveyorbelt_gazebo/share/conveyorbelt_gazebo/local_setup.sh
[0.860s] -- Symlinking: /home/rupendra/Desktop/Tasks/Task1/install/conveyorbelt_gazebo/share/conveyorbelt_gazebo/local_setup.zsh
[0.871s] -- Symlinking: /home/rupendra/Desktop/Tasks/Task1/install/conveyorbelt_gazebo/share/conveyorbelt_gazebo/local_setup.dsv
[0.881s] -- Symlinking: /home/rupendra/Desktop/Tasks/Task1/install/conveyorbelt_gazebo/share/conveyorbelt_gazebo/package.dsv
[0.891s] -- Symlinking: /home/rupendra/Desktop/Tasks/Task1/install/conveyorbelt_gazebo/share/ament_index/resource_index/packages/conveyorbelt_gazebo
[0.901s] -- Symlinking: /home/rupendra/Desktop/Tasks/Task1/install/conveyorbelt_gazebo/share/conveyorbelt_gazebo/cmake/conveyorbelt_gazeboConfig.cmake
[0.911s] -- Symlinking: /home/rupendra/Desktop/Tasks/Task1/install/conveyorbelt_gazebo/share/conveyorbelt_gazebo/cmake/conveyorbelt_gazeboConfig-version.cmake
[0.923s] -- Symlinking: /home/rupendra/Desktop/Tasks/Task1/install/conveyorbelt_gazebo/share/conveyorbelt_gazebo/package.xml
[0.936s] Invoked command in '/home/rupendra/Desktop/Tasks/Task1/build/conveyorbelt_gazebo' returned '0': CMAKE_PREFIX_PATH=/opt/ros/humble VIRTUAL_ENV_PROMPT=(task1-py310) /usr/bin/cmake --install /home/rupendra/Desktop/Tasks/Task1/build/conveyorbelt_gazebo
