[0.032s] Invoking command in '/home/rupendra/Desktop/Tasks/Task1/build/conveyorbelt_msgs': CMAKE_PREFIX_PATH=/opt/ros/humble VIRTUAL_ENV_PROMPT=(task1-py310) /usr/bin/cmake /home/rupendra/Desktop/Tasks/Task1/src/IFRA_ConveyorBelt/conveyorbelt_msgs -DAMENT_CMAKE_SYMLINK_INSTALL=1 -DCMAKE_INSTALL_PREFIX=/home/rupendra/Desktop/Tasks/Task1/install/conveyorbelt_msgs
[0.090s] -- The C compiler identification is GNU 11.4.0
[0.141s] -- The CXX compiler identification is GNU 11.4.0
[0.148s] -- Detecting C compiler ABI info
[0.217s] -- Detecting C compiler ABI info - done
[0.223s] -- Check for working C compiler: /usr/bin/cc - skipped
[0.223s] -- Detecting C compile features
[0.223s] -- Detecting C compile features - done
[0.226s] -- Detecting CXX compiler ABI info
[0.307s] -- Detecting CXX compiler ABI info - done
[0.313s] -- Check for working CXX compiler: /usr/bin/c++ - skipped
[0.313s] -- Detecting CXX compile features
[0.314s] -- Detecting CXX compile features - done
[0.317s] -- Found ament_cmake: 1.3.11 (/opt/ros/humble/share/ament_cmake/cmake)
[0.439s] -- Found Python3: /home/rupendra/Desktop/Tasks/Task1/task1-py310/bin/python3 (found version "3.10.12") found components: Interpreter 
[0.497s] -- Override CMake install command with custom implementation using symlinks instead of copying resources
[0.525s] -- Found ament_lint_auto: 0.12.12 (/opt/ros/humble/share/ament_lint_auto/cmake)
[0.620s] -- Found rosidl_default_generators: 1.2.0 (/opt/ros/humble/share/rosidl_default_generators/cmake)
[0.623s] -- Using all available rosidl_typesupport_c: rosidl_typesupport_fastrtps_c;rosidl_typesupport_introspection_c
[0.630s] -- Found rosidl_adapter: 3.1.6 (/opt/ros/humble/share/rosidl_adapter/cmake)
[0.672s] -- Using all available rosidl_typesupport_cpp: rosidl_typesupport_fastrtps_cpp;rosidl_typesupport_introspection_cpp
[0.898s] -- Found ament_cmake_ros: 0.10.0 (/opt/ros/humble/share/ament_cmake_ros/cmake)
[1.074s] -- Using all available rosidl_typesupport_c: rosidl_typesupport_fastrtps_c;rosidl_typesupport_introspection_c
[1.282s] -- Using all available rosidl_typesupport_cpp: rosidl_typesupport_fastrtps_cpp;rosidl_typesupport_introspection_cpp
[1.297s] -- Found PythonInterp: /home/rupendra/Desktop/Tasks/Task1/task1-py310/bin/python3 (found suitable version "3.10.12", minimum required is "3.6") 
[1.298s] -- Found python_cmake_module: 0.10.0 (/opt/ros/humble/share/python_cmake_module/cmake)
[1.318s] -- Found PythonLibs: /usr/lib/x86_64-linux-gnu/libpython3.10.so (found suitable version "3.10.12", minimum required is "3.5") 
[1.318s] -- Using PYTHON_EXECUTABLE: /home/rupendra/Desktop/Tasks/Task1/task1-py310/bin/python3
[1.318s] -- Using PYTHON_INCLUDE_DIRS: /usr/include/python3.10
[1.319s] -- Using PYTHON_LIBRARIES: /usr/lib/x86_64-linux-gnu/libpython3.10.so
[1.333s] -- Found PythonExtra: .so  
[1.360s] -- Added test 'copyright' to check source files copyright and LICENSE
[1.362s] -- Added test 'lint_cmake' to check CMake code style
[1.363s] -- Added test 'xmllint' to check XML markup files
[1.369s] -- Configuring done
[1.398s] -- Generating done
[1.406s] -- Build files have been written to: /home/rupendra/Desktop/Tasks/Task1/build/conveyorbelt_msgs
[1.413s] Invoked command in '/home/rupendra/Desktop/Tasks/Task1/build/conveyorbelt_msgs' returned '0': CMAKE_PREFIX_PATH=/opt/ros/humble VIRTUAL_ENV_PROMPT=(task1-py310) /usr/bin/cmake /home/rupendra/Desktop/Tasks/Task1/src/IFRA_ConveyorBelt/conveyorbelt_msgs -DAMENT_CMAKE_SYMLINK_INSTALL=1 -DCMAKE_INSTALL_PREFIX=/home/rupendra/Desktop/Tasks/Task1/install/conveyorbelt_msgs
[1.415s] Invoking command in '/home/rupendra/Desktop/Tasks/Task1/build/conveyorbelt_msgs': CMAKE_PREFIX_PATH=/opt/ros/humble VIRTUAL_ENV_PROMPT=(task1-py310) /usr/bin/cmake --build /home/rupendra/Desktop/Tasks/Task1/build/conveyorbelt_msgs -- -j16 -l16
[1.458s] [  2%] [34m[1mGenerating C code for ROS interfaces[0m
[1.468s] [  5%] [34m[1mGenerating C++ code for ROS interfaces[0m
[1.476s] [  5%] Built target ament_cmake_python_symlink_conveyorbelt_msgs
[1.692s] running egg_info
[1.692s] creating conveyorbelt_msgs.egg-info
[1.692s] writing conveyorbelt_msgs.egg-info/PKG-INFO
[1.693s] writing dependency_links to conveyorbelt_msgs.egg-info/dependency_links.txt
[1.693s] writing top-level names to conveyorbelt_msgs.egg-info/top_level.txt
[1.693s] writing manifest file 'conveyorbelt_msgs.egg-info/SOURCES.txt'
[1.695s] reading manifest file 'conveyorbelt_msgs.egg-info/SOURCES.txt'
[1.695s] writing manifest file 'conveyorbelt_msgs.egg-info/SOURCES.txt'
[1.725s] [  5%] Built target ament_cmake_python_build_conveyorbelt_msgs_egg
[1.762s] [  5%] Built target conveyorbelt_msgs__cpp
[1.766s] [  7%] [32mBuilding C object CMakeFiles/conveyorbelt_msgs__rosidl_generator_c.dir/rosidl_generator_c/conveyorbelt_msgs/msg/detail/conveyor_belt_state__functions.c.o[0m
[1.766s] [ 10%] [32mBuilding C object CMakeFiles/conveyorbelt_msgs__rosidl_generator_c.dir/rosidl_generator_c/conveyorbelt_msgs/srv/detail/conveyor_belt_control__functions.c.o[0m
[1.773s] [ 17%] [34m[1mGenerating C++ type support for eProsima Fast-RTPS[0m
[1.773s] [ 17%] [34m[1mGenerating C++ introspection for ROS interfaces[0m
[1.773s] [ 17%] [34m[1mGenerating C++ type support dispatch for ROS interfaces[0m
[1.819s] [ 20%] [32m[1mLinking C shared library libconveyorbelt_msgs__rosidl_generator_c.so[0m
[1.856s] [ 20%] Built target conveyorbelt_msgs__rosidl_generator_c
[1.868s] [ 28%] [34m[1mGenerating C type support dispatch for ROS interfaces[0m
[1.868s] [ 28%] [34m[1mGenerating C introspection for ROS interfaces[0m
[1.868s] [ 28%] [34m[1mGenerating C type support for eProsima Fast-RTPS[0m
[2.029s] [ 30%] [32mBuilding CXX object CMakeFiles/conveyorbelt_msgs__rosidl_typesupport_cpp.dir/rosidl_typesupport_cpp/conveyorbelt_msgs/srv/conveyor_belt_control__type_support.cpp.o[0m
[2.029s] [ 33%] [32mBuilding CXX object CMakeFiles/conveyorbelt_msgs__rosidl_typesupport_cpp.dir/rosidl_typesupport_cpp/conveyorbelt_msgs/msg/conveyor_belt_state__type_support.cpp.o[0m
[2.048s] [ 38%] [32mBuilding CXX object CMakeFiles/conveyorbelt_msgs__rosidl_typesupport_introspection_cpp.dir/rosidl_typesupport_introspection_cpp/conveyorbelt_msgs/msg/detail/conveyor_belt_state__type_support.cpp.o[0m
[2.048s] [ 38%] [32mBuilding CXX object CMakeFiles/conveyorbelt_msgs__rosidl_typesupport_introspection_cpp.dir/rosidl_typesupport_introspection_cpp/conveyorbelt_msgs/srv/detail/conveyor_belt_control__type_support.cpp.o[0m
[2.070s] [ 41%] [32mBuilding CXX object CMakeFiles/conveyorbelt_msgs__rosidl_typesupport_fastrtps_cpp.dir/rosidl_typesupport_fastrtps_cpp/conveyorbelt_msgs/msg/detail/dds_fastrtps/conveyor_belt_state__type_support.cpp.o[0m
[2.072s] [ 43%] [32mBuilding CXX object CMakeFiles/conveyorbelt_msgs__rosidl_typesupport_fastrtps_cpp.dir/rosidl_typesupport_fastrtps_cpp/conveyorbelt_msgs/srv/detail/dds_fastrtps/conveyor_belt_control__type_support.cpp.o[0m
[2.146s] [ 46%] [32mBuilding CXX object CMakeFiles/conveyorbelt_msgs__rosidl_typesupport_c.dir/rosidl_typesupport_c/conveyorbelt_msgs/msg/conveyor_belt_state__type_support.cpp.o[0m
[2.149s] [ 48%] [32mBuilding CXX object CMakeFiles/conveyorbelt_msgs__rosidl_typesupport_c.dir/rosidl_typesupport_c/conveyorbelt_msgs/srv/conveyor_belt_control__type_support.cpp.o[0m
[2.194s] [ 51%] [32m[1mLinking CXX shared library libconveyorbelt_msgs__rosidl_typesupport_c.so[0m
[2.194s] [ 53%] [32mBuilding C object CMakeFiles/conveyorbelt_msgs__rosidl_typesupport_introspection_c.dir/rosidl_typesupport_introspection_c/conveyorbelt_msgs/msg/detail/conveyor_belt_state__type_support.c.o[0m
[2.195s] [ 56%] [32mBuilding C object CMakeFiles/conveyorbelt_msgs__rosidl_typesupport_introspection_c.dir/rosidl_typesupport_introspection_c/conveyorbelt_msgs/srv/detail/conveyor_belt_control__type_support.c.o[0m
[2.198s] [ 58%] [32mBuilding CXX object CMakeFiles/conveyorbelt_msgs__rosidl_typesupport_fastrtps_c.dir/rosidl_typesupport_fastrtps_c/conveyorbelt_msgs/msg/detail/conveyor_belt_state__type_support_c.cpp.o[0m
[2.200s] [ 61%] [32mBuilding CXX object CMakeFiles/conveyorbelt_msgs__rosidl_typesupport_fastrtps_c.dir/rosidl_typesupport_fastrtps_c/conveyorbelt_msgs/srv/detail/conveyor_belt_control__type_support_c.cpp.o[0m
[2.245s] [ 64%] [32m[1mLinking C shared library libconveyorbelt_msgs__rosidl_typesupport_introspection_c.so[0m
[2.256s] [ 64%] Built target conveyorbelt_msgs__rosidl_typesupport_c
[2.287s] [ 64%] Built target conveyorbelt_msgs__rosidl_typesupport_introspection_c
[2.336s] [ 66%] [32m[1mLinking CXX shared library libconveyorbelt_msgs__rosidl_typesupport_cpp.so[0m
[2.391s] [ 66%] Built target conveyorbelt_msgs__rosidl_typesupport_cpp
[2.450s] [ 69%] [32m[1mLinking CXX shared library libconveyorbelt_msgs__rosidl_typesupport_introspection_cpp.so[0m
[2.499s] [ 69%] Built target conveyorbelt_msgs__rosidl_typesupport_introspection_cpp
[2.503s] [ 71%] [32m[1mLinking CXX shared library libconveyorbelt_msgs__rosidl_typesupport_fastrtps_cpp.so[0m
[2.557s] [ 74%] [32m[1mLinking CXX shared library libconveyorbelt_msgs__rosidl_typesupport_fastrtps_c.so[0m
[2.585s] [ 74%] Built target conveyorbelt_msgs__rosidl_typesupport_fastrtps_cpp
[2.637s] [ 74%] Built target conveyorbelt_msgs__rosidl_typesupport_fastrtps_c
[2.658s] [ 74%] Built target conveyorbelt_msgs
[2.683s] [ 76%] [34m[1mGenerating Python code for ROS interfaces[0m
[3.054s] [ 76%] Built target conveyorbelt_msgs__py
[3.077s] [ 82%] [32mBuilding C object CMakeFiles/conveyorbelt_msgs__rosidl_generator_py.dir/rosidl_generator_py/conveyorbelt_msgs/srv/_conveyor_belt_control_s.c.o[0m
[3.077s] [ 82%] [32mBuilding C object CMakeFiles/conveyorbelt_msgs__rosidl_generator_py.dir/rosidl_generator_py/conveyorbelt_msgs/msg/_conveyor_belt_state_s.c.o[0m
[3.159s] [ 84%] [32m[1mLinking C shared library rosidl_generator_py/conveyorbelt_msgs/libconveyorbelt_msgs__rosidl_generator_py.so[0m
[3.198s] [ 84%] Built target conveyorbelt_msgs__rosidl_generator_py
[3.220s] [ 92%] [32mBuilding C object CMakeFiles/conveyorbelt_msgs__rosidl_typesupport_c__pyext.dir/rosidl_generator_py/conveyorbelt_msgs/_conveyorbelt_msgs_s.ep.rosidl_typesupport_c.c.o[0m
[3.220s] [ 92%] [32mBuilding C object CMakeFiles/conveyorbelt_msgs__rosidl_typesupport_introspection_c__pyext.dir/rosidl_generator_py/conveyorbelt_msgs/_conveyorbelt_msgs_s.ep.rosidl_typesupport_introspection_c.c.o[0m
[3.220s] [ 92%] [32mBuilding C object CMakeFiles/conveyorbelt_msgs__rosidl_typesupport_fastrtps_c__pyext.dir/rosidl_generator_py/conveyorbelt_msgs/_conveyorbelt_msgs_s.ep.rosidl_typesupport_fastrtps_c.c.o[0m
[3.298s] [ 94%] [32m[1mLinking C shared library rosidl_generator_py/conveyorbelt_msgs/conveyorbelt_msgs_s__rosidl_typesupport_introspection_c.cpython-310-x86_64-linux-gnu.so[0m
[3.299s] [ 97%] [32m[1mLinking C shared library rosidl_generator_py/conveyorbelt_msgs/conveyorbelt_msgs_s__rosidl_typesupport_c.cpython-310-x86_64-linux-gnu.so[0m
[3.301s] [100%] [32m[1mLinking C shared library rosidl_generator_py/conveyorbelt_msgs/conveyorbelt_msgs_s__rosidl_typesupport_fastrtps_c.cpython-310-x86_64-linux-gnu.so[0m
[3.332s] [100%] Built target conveyorbelt_msgs__rosidl_typesupport_introspection_c__pyext
[3.332s] [100%] Built target conveyorbelt_msgs__rosidl_typesupport_c__pyext
[3.338s] [100%] Built target conveyorbelt_msgs__rosidl_typesupport_fastrtps_c__pyext
[3.351s] Invoked command in '/home/rupendra/Desktop/Tasks/Task1/build/conveyorbelt_msgs' returned '0': CMAKE_PREFIX_PATH=/opt/ros/humble VIRTUAL_ENV_PROMPT=(task1-py310) /usr/bin/cmake --build /home/rupendra/Desktop/Tasks/Task1/build/conveyorbelt_msgs -- -j16 -l16
[3.354s] Invoking command in '/home/rupendra/Desktop/Tasks/Task1/build/conveyorbelt_msgs': CMAKE_PREFIX_PATH=/opt/ros/humble VIRTUAL_ENV_PROMPT=(task1-py310) /usr/bin/cmake --install /home/rupendra/Desktop/Tasks/Task1/build/conveyorbelt_msgs
[3.363s] -- Install configuration: ""
[3.363s] -- Execute custom install script
[3.364s] -- Symlinking: /home/rupendra/Desktop/Tasks/Task1/install/conveyorbelt_msgs/share/conveyorbelt_msgs/msg/ConveyorBeltState.msg
[3.374s] -- Symlinking: /home/rupendra/Desktop/Tasks/Task1/install/conveyorbelt_msgs/share/conveyorbelt_msgs/srv/ConveyorBeltControl.srv
[3.382s] -- Symlinking: /home/rupendra/Desktop/Tasks/Task1/install/conveyorbelt_msgs/share/ament_index/resource_index/rosidl_interfaces/conveyorbelt_msgs
[3.391s] -- Symlinking: /home/rupendra/Desktop/Tasks/Task1/install/conveyorbelt_msgs/include/conveyorbelt_msgs/conveyorbelt_msgs/msg/conveyor_belt_state.h
[3.400s] -- Symlinking: /home/rupendra/Desktop/Tasks/Task1/install/conveyorbelt_msgs/include/conveyorbelt_msgs/conveyorbelt_msgs/msg/detail/conveyor_belt_state__functions.h
[3.409s] -- Symlinking: /home/rupendra/Desktop/Tasks/Task1/install/conveyorbelt_msgs/include/conveyorbelt_msgs/conveyorbelt_msgs/msg/detail/conveyor_belt_state__struct.h
[3.419s] -- Symlinking: /home/rupendra/Desktop/Tasks/Task1/install/conveyorbelt_msgs/include/conveyorbelt_msgs/conveyorbelt_msgs/msg/detail/conveyor_belt_state__type_support.h
[3.427s] -- Symlinking: /home/rupendra/Desktop/Tasks/Task1/install/conveyorbelt_msgs/include/conveyorbelt_msgs/conveyorbelt_msgs/msg/rosidl_generator_c__visibility_control.h
[3.437s] -- Symlinking: /home/rupendra/Desktop/Tasks/Task1/install/conveyorbelt_msgs/include/conveyorbelt_msgs/conveyorbelt_msgs/srv/conveyor_belt_control.h
[3.446s] -- Symlinking: /home/rupendra/Desktop/Tasks/Task1/install/conveyorbelt_msgs/include/conveyorbelt_msgs/conveyorbelt_msgs/srv/detail/conveyor_belt_control__functions.h
[3.456s] -- Symlinking: /home/rupendra/Desktop/Tasks/Task1/install/conveyorbelt_msgs/include/conveyorbelt_msgs/conveyorbelt_msgs/srv/detail/conveyor_belt_control__struct.h
[3.464s] -- Symlinking: /home/rupendra/Desktop/Tasks/Task1/install/conveyorbelt_msgs/include/conveyorbelt_msgs/conveyorbelt_msgs/srv/detail/conveyor_belt_control__type_support.h
[3.474s] -- Symlinking: /home/rupendra/Desktop/Tasks/Task1/install/conveyorbelt_msgs/share/conveyorbelt_msgs/environment/library_path.sh
[3.483s] -- Symlinking: /home/rupendra/Desktop/Tasks/Task1/install/conveyorbelt_msgs/share/conveyorbelt_msgs/environment/library_path.dsv
[3.493s] -- Symlinking: /home/rupendra/Desktop/Tasks/Task1/install/conveyorbelt_msgs/include/conveyorbelt_msgs/conveyorbelt_msgs/msg/detail/conveyor_belt_state__rosidl_typesupport_fastrtps_c.h
[3.501s] -- Symlinking: /home/rupendra/Desktop/Tasks/Task1/install/conveyorbelt_msgs/include/conveyorbelt_msgs/conveyorbelt_msgs/msg/rosidl_typesupport_fastrtps_c__visibility_control.h
[3.510s] -- Symlinking: /home/rupendra/Desktop/Tasks/Task1/install/conveyorbelt_msgs/include/conveyorbelt_msgs/conveyorbelt_msgs/srv/detail/conveyor_belt_control__rosidl_typesupport_fastrtps_c.h
[3.520s] -- Symlinking: /home/rupendra/Desktop/Tasks/Task1/install/conveyorbelt_msgs/include/conveyorbelt_msgs/conveyorbelt_msgs/msg/detail/conveyor_belt_state__rosidl_typesupport_introspection_c.h
[3.531s] -- Symlinking: /home/rupendra/Desktop/Tasks/Task1/install/conveyorbelt_msgs/include/conveyorbelt_msgs/conveyorbelt_msgs/msg/rosidl_typesupport_introspection_c__visibility_control.h
[3.541s] -- Symlinking: /home/rupendra/Desktop/Tasks/Task1/install/conveyorbelt_msgs/include/conveyorbelt_msgs/conveyorbelt_msgs/srv/detail/conveyor_belt_control__rosidl_typesupport_introspection_c.h
[3.550s] -- Symlinking: /home/rupendra/Desktop/Tasks/Task1/install/conveyorbelt_msgs/include/conveyorbelt_msgs/conveyorbelt_msgs/msg/conveyor_belt_state.hpp
[3.560s] -- Symlinking: /home/rupendra/Desktop/Tasks/Task1/install/conveyorbelt_msgs/include/conveyorbelt_msgs/conveyorbelt_msgs/msg/detail/conveyor_belt_state__builder.hpp
[3.569s] -- Symlinking: /home/rupendra/Desktop/Tasks/Task1/install/conveyorbelt_msgs/include/conveyorbelt_msgs/conveyorbelt_msgs/msg/detail/conveyor_belt_state__struct.hpp
[3.578s] -- Symlinking: /home/rupendra/Desktop/Tasks/Task1/install/conveyorbelt_msgs/include/conveyorbelt_msgs/conveyorbelt_msgs/msg/detail/conveyor_belt_state__traits.hpp
[3.587s] -- Symlinking: /home/rupendra/Desktop/Tasks/Task1/install/conveyorbelt_msgs/include/conveyorbelt_msgs/conveyorbelt_msgs/msg/detail/conveyor_belt_state__type_support.hpp
[3.596s] -- Symlinking: /home/rupendra/Desktop/Tasks/Task1/install/conveyorbelt_msgs/include/conveyorbelt_msgs/conveyorbelt_msgs/msg/rosidl_generator_cpp__visibility_control.hpp
[3.606s] -- Symlinking: /home/rupendra/Desktop/Tasks/Task1/install/conveyorbelt_msgs/include/conveyorbelt_msgs/conveyorbelt_msgs/srv/conveyor_belt_control.hpp
[3.615s] -- Symlinking: /home/rupendra/Desktop/Tasks/Task1/install/conveyorbelt_msgs/include/conveyorbelt_msgs/conveyorbelt_msgs/srv/detail/conveyor_belt_control__builder.hpp
[3.624s] -- Symlinking: /home/rupendra/Desktop/Tasks/Task1/install/conveyorbelt_msgs/include/conveyorbelt_msgs/conveyorbelt_msgs/srv/detail/conveyor_belt_control__struct.hpp
[3.634s] -- Symlinking: /home/rupendra/Desktop/Tasks/Task1/install/conveyorbelt_msgs/include/conveyorbelt_msgs/conveyorbelt_msgs/srv/detail/conveyor_belt_control__traits.hpp
[3.644s] -- Symlinking: /home/rupendra/Desktop/Tasks/Task1/install/conveyorbelt_msgs/include/conveyorbelt_msgs/conveyorbelt_msgs/srv/detail/conveyor_belt_control__type_support.hpp
[3.653s] -- Symlinking: /home/rupendra/Desktop/Tasks/Task1/install/conveyorbelt_msgs/include/conveyorbelt_msgs/conveyorbelt_msgs/msg/detail/conveyor_belt_state__rosidl_typesupport_fastrtps_cpp.hpp
[3.662s] -- Symlinking: /home/rupendra/Desktop/Tasks/Task1/install/conveyorbelt_msgs/include/conveyorbelt_msgs/conveyorbelt_msgs/msg/rosidl_typesupport_fastrtps_cpp__visibility_control.h
[3.672s] -- Symlinking: /home/rupendra/Desktop/Tasks/Task1/install/conveyorbelt_msgs/include/conveyorbelt_msgs/conveyorbelt_msgs/srv/detail/conveyor_belt_control__rosidl_typesupport_fastrtps_cpp.hpp
[3.680s] -- Symlinking: /home/rupendra/Desktop/Tasks/Task1/install/conveyorbelt_msgs/include/conveyorbelt_msgs/conveyorbelt_msgs/msg/detail/conveyor_belt_state__rosidl_typesupport_introspection_cpp.hpp
[3.690s] -- Symlinking: /home/rupendra/Desktop/Tasks/Task1/install/conveyorbelt_msgs/include/conveyorbelt_msgs/conveyorbelt_msgs/srv/detail/conveyor_belt_control__rosidl_typesupport_introspection_cpp.hpp
[3.700s] -- Symlinking: /home/rupendra/Desktop/Tasks/Task1/install/conveyorbelt_msgs/share/conveyorbelt_msgs/environment/pythonpath.sh
[3.710s] -- Symlinking: /home/rupendra/Desktop/Tasks/Task1/install/conveyorbelt_msgs/share/conveyorbelt_msgs/environment/pythonpath.dsv
[3.720s] -- Symlinking: /home/rupendra/Desktop/Tasks/Task1/install/conveyorbelt_msgs/lib/python3.10/site-packages/conveyorbelt_msgs-0.0.0-py3.10.egg-info/PKG-INFO
[3.729s] -- Symlinking: /home/rupendra/Desktop/Tasks/Task1/install/conveyorbelt_msgs/lib/python3.10/site-packages/conveyorbelt_msgs-0.0.0-py3.10.egg-info/SOURCES.txt
[3.738s] -- Symlinking: /home/rupendra/Desktop/Tasks/Task1/install/conveyorbelt_msgs/lib/python3.10/site-packages/conveyorbelt_msgs-0.0.0-py3.10.egg-info/dependency_links.txt
[3.746s] -- Symlinking: /home/rupendra/Desktop/Tasks/Task1/install/conveyorbelt_msgs/lib/python3.10/site-packages/conveyorbelt_msgs-0.0.0-py3.10.egg-info/top_level.txt
[3.758s] -- Symlinking: /home/rupendra/Desktop/Tasks/Task1/install/conveyorbelt_msgs/lib/python3.10/site-packages/conveyorbelt_msgs/__init__.py
[3.768s] -- Symlinking: /home/rupendra/Desktop/Tasks/Task1/install/conveyorbelt_msgs/lib/python3.10/site-packages/conveyorbelt_msgs/_conveyorbelt_msgs_s.ep.rosidl_typesupport_c.c
[3.777s] -- Symlinking: /home/rupendra/Desktop/Tasks/Task1/install/conveyorbelt_msgs/lib/python3.10/site-packages/conveyorbelt_msgs/_conveyorbelt_msgs_s.ep.rosidl_typesupport_fastrtps_c.c
[3.786s] -- Symlinking: /home/rupendra/Desktop/Tasks/Task1/install/conveyorbelt_msgs/lib/python3.10/site-packages/conveyorbelt_msgs/_conveyorbelt_msgs_s.ep.rosidl_typesupport_introspection_c.c
[3.795s] -- Symlinking: /home/rupendra/Desktop/Tasks/Task1/install/conveyorbelt_msgs/lib/python3.10/site-packages/conveyorbelt_msgs/conveyorbelt_msgs_s__rosidl_typesupport_c.cpython-310-x86_64-linux-gnu.so
[3.804s] -- Symlinking: /home/rupendra/Desktop/Tasks/Task1/install/conveyorbelt_msgs/lib/python3.10/site-packages/conveyorbelt_msgs/conveyorbelt_msgs_s__rosidl_typesupport_fastrtps_c.cpython-310-x86_64-linux-gnu.so
[3.814s] -- Symlinking: /home/rupendra/Desktop/Tasks/Task1/install/conveyorbelt_msgs/lib/python3.10/site-packages/conveyorbelt_msgs/conveyorbelt_msgs_s__rosidl_typesupport_introspection_c.cpython-310-x86_64-linux-gnu.so
[3.823s] -- Symlinking: /home/rupendra/Desktop/Tasks/Task1/install/conveyorbelt_msgs/lib/python3.10/site-packages/conveyorbelt_msgs/libconveyorbelt_msgs__rosidl_generator_py.so
[3.832s] -- Symlinking: /home/rupendra/Desktop/Tasks/Task1/install/conveyorbelt_msgs/lib/python3.10/site-packages/conveyorbelt_msgs/msg/__init__.py
[3.840s] -- Symlinking: /home/rupendra/Desktop/Tasks/Task1/install/conveyorbelt_msgs/lib/python3.10/site-packages/conveyorbelt_msgs/msg/_conveyor_belt_state.py
[3.848s] -- Symlinking: /home/rupendra/Desktop/Tasks/Task1/install/conveyorbelt_msgs/lib/python3.10/site-packages/conveyorbelt_msgs/msg/_conveyor_belt_state_s.c
[3.858s] -- Symlinking: /home/rupendra/Desktop/Tasks/Task1/install/conveyorbelt_msgs/lib/python3.10/site-packages/conveyorbelt_msgs/srv/__init__.py
[3.868s] -- Symlinking: /home/rupendra/Desktop/Tasks/Task1/install/conveyorbelt_msgs/lib/python3.10/site-packages/conveyorbelt_msgs/srv/_conveyor_belt_control.py
[3.878s] -- Symlinking: /home/rupendra/Desktop/Tasks/Task1/install/conveyorbelt_msgs/lib/python3.10/site-packages/conveyorbelt_msgs/srv/_conveyor_belt_control_s.c
[3.887s] -- Up-to-date symlink: /home/rupendra/Desktop/Tasks/Task1/install/conveyorbelt_msgs/lib/python3.10/site-packages/conveyorbelt_msgs/conveyorbelt_msgs_s__rosidl_typesupport_fastrtps_c.cpython-310-x86_64-linux-gnu.so
[3.888s] -- Up-to-date symlink: /home/rupendra/Desktop/Tasks/Task1/install/conveyorbelt_msgs/lib/python3.10/site-packages/conveyorbelt_msgs/conveyorbelt_msgs_s__rosidl_typesupport_introspection_c.cpython-310-x86_64-linux-gnu.so
[3.888s] -- Up-to-date symlink: /home/rupendra/Desktop/Tasks/Task1/install/conveyorbelt_msgs/lib/python3.10/site-packages/conveyorbelt_msgs/conveyorbelt_msgs_s__rosidl_typesupport_c.cpython-310-x86_64-linux-gnu.so
[3.888s] -- Symlinking: /home/rupendra/Desktop/Tasks/Task1/install/conveyorbelt_msgs/share/conveyorbelt_msgs/msg/ConveyorBeltState.idl
[3.896s] -- Symlinking: /home/rupendra/Desktop/Tasks/Task1/install/conveyorbelt_msgs/share/conveyorbelt_msgs/srv/ConveyorBeltControl.idl
[3.906s] -- Up-to-date symlink: /home/rupendra/Desktop/Tasks/Task1/install/conveyorbelt_msgs/share/conveyorbelt_msgs/msg/ConveyorBeltState.msg
[3.907s] -- Up-to-date symlink: /home/rupendra/Desktop/Tasks/Task1/install/conveyorbelt_msgs/share/conveyorbelt_msgs/srv/ConveyorBeltControl.srv
[3.907s] -- Symlinking: /home/rupendra/Desktop/Tasks/Task1/install/conveyorbelt_msgs/share/conveyorbelt_msgs/srv/ConveyorBeltControl_Request.msg
[3.917s] -- Symlinking: /home/rupendra/Desktop/Tasks/Task1/install/conveyorbelt_msgs/share/conveyorbelt_msgs/srv/ConveyorBeltControl_Response.msg
[3.927s] -- Symlinking: /home/rupendra/Desktop/Tasks/Task1/install/conveyorbelt_msgs/share/ament_index/resource_index/package_run_dependencies/conveyorbelt_msgs
[3.937s] -- Symlinking: /home/rupendra/Desktop/Tasks/Task1/install/conveyorbelt_msgs/share/ament_index/resource_index/parent_prefix_path/conveyorbelt_msgs
[3.945s] -- Symlinking: /home/rupendra/Desktop/Tasks/Task1/install/conveyorbelt_msgs/share/conveyorbelt_msgs/environment/ament_prefix_path.sh
[3.956s] -- Symlinking: /home/rupendra/Desktop/Tasks/Task1/install/conveyorbelt_msgs/share/conveyorbelt_msgs/environment/ament_prefix_path.dsv
[3.967s] -- Symlinking: /home/rupendra/Desktop/Tasks/Task1/install/conveyorbelt_msgs/share/conveyorbelt_msgs/environment/path.sh
[3.975s] -- Symlinking: /home/rupendra/Desktop/Tasks/Task1/install/conveyorbelt_msgs/share/conveyorbelt_msgs/environment/path.dsv
[3.985s] -- Symlinking: /home/rupendra/Desktop/Tasks/Task1/install/conveyorbelt_msgs/share/conveyorbelt_msgs/local_setup.bash
[3.993s] -- Symlinking: /home/rupendra/Desktop/Tasks/Task1/install/conveyorbelt_msgs/share/conveyorbelt_msgs/local_setup.sh
[4.003s] -- Symlinking: /home/rupendra/Desktop/Tasks/Task1/install/conveyorbelt_msgs/share/conveyorbelt_msgs/local_setup.zsh
[4.013s] -- Symlinking: /home/rupendra/Desktop/Tasks/Task1/install/conveyorbelt_msgs/share/conveyorbelt_msgs/local_setup.dsv
[4.022s] -- Symlinking: /home/rupendra/Desktop/Tasks/Task1/install/conveyorbelt_msgs/share/conveyorbelt_msgs/package.dsv
[4.031s] -- Symlinking: /home/rupendra/Desktop/Tasks/Task1/install/conveyorbelt_msgs/share/ament_index/resource_index/packages/conveyorbelt_msgs
[4.040s] -- Symlinking: /home/rupendra/Desktop/Tasks/Task1/install/conveyorbelt_msgs/share/conveyorbelt_msgs/cmake/rosidl_cmake-extras.cmake
[4.048s] -- Symlinking: /home/rupendra/Desktop/Tasks/Task1/install/conveyorbelt_msgs/share/conveyorbelt_msgs/cmake/ament_cmake_export_include_directories-extras.cmake
[4.057s] -- Symlinking: /home/rupendra/Desktop/Tasks/Task1/install/conveyorbelt_msgs/share/conveyorbelt_msgs/cmake/ament_cmake_export_libraries-extras.cmake
[4.065s] -- Symlinking: /home/rupendra/Desktop/Tasks/Task1/install/conveyorbelt_msgs/share/conveyorbelt_msgs/cmake/ament_cmake_export_targets-extras.cmake
[4.074s] -- Symlinking: /home/rupendra/Desktop/Tasks/Task1/install/conveyorbelt_msgs/share/conveyorbelt_msgs/cmake/rosidl_cmake_export_typesupport_targets-extras.cmake
[4.083s] -- Symlinking: /home/rupendra/Desktop/Tasks/Task1/install/conveyorbelt_msgs/share/conveyorbelt_msgs/cmake/ament_cmake_export_dependencies-extras.cmake
[4.093s] -- Symlinking: /home/rupendra/Desktop/Tasks/Task1/install/conveyorbelt_msgs/share/conveyorbelt_msgs/cmake/rosidl_cmake_export_typesupport_libraries-extras.cmake
[4.103s] -- Symlinking: /home/rupendra/Desktop/Tasks/Task1/install/conveyorbelt_msgs/share/conveyorbelt_msgs/cmake/conveyorbelt_msgsConfig.cmake
[4.111s] -- Symlinking: /home/rupendra/Desktop/Tasks/Task1/install/conveyorbelt_msgs/share/conveyorbelt_msgs/cmake/conveyorbelt_msgsConfig-version.cmake
[4.120s] -- Symlinking: /home/rupendra/Desktop/Tasks/Task1/install/conveyorbelt_msgs/share/conveyorbelt_msgs/package.xml
[4.129s] -- Installing: /home/rupendra/Desktop/Tasks/Task1/install/conveyorbelt_msgs/lib/libconveyorbelt_msgs__rosidl_generator_c.so
[4.129s] -- Set runtime path of "/home/rupendra/Desktop/Tasks/Task1/install/conveyorbelt_msgs/lib/libconveyorbelt_msgs__rosidl_generator_c.so" to ""
[4.129s] -- Installing: /home/rupendra/Desktop/Tasks/Task1/install/conveyorbelt_msgs/lib/libconveyorbelt_msgs__rosidl_typesupport_fastrtps_c.so
[4.130s] -- Set runtime path of "/home/rupendra/Desktop/Tasks/Task1/install/conveyorbelt_msgs/lib/libconveyorbelt_msgs__rosidl_typesupport_fastrtps_c.so" to ""
[4.130s] -- Installing: /home/rupendra/Desktop/Tasks/Task1/install/conveyorbelt_msgs/lib/libconveyorbelt_msgs__rosidl_typesupport_introspection_c.so
[4.130s] -- Set runtime path of "/home/rupendra/Desktop/Tasks/Task1/install/conveyorbelt_msgs/lib/libconveyorbelt_msgs__rosidl_typesupport_introspection_c.so" to ""
[4.130s] -- Installing: /home/rupendra/Desktop/Tasks/Task1/install/conveyorbelt_msgs/lib/libconveyorbelt_msgs__rosidl_typesupport_c.so
[4.131s] -- Set runtime path of "/home/rupendra/Desktop/Tasks/Task1/install/conveyorbelt_msgs/lib/libconveyorbelt_msgs__rosidl_typesupport_c.so" to ""
[4.131s] -- Installing: /home/rupendra/Desktop/Tasks/Task1/install/conveyorbelt_msgs/lib/libconveyorbelt_msgs__rosidl_typesupport_fastrtps_cpp.so
[4.131s] -- Set runtime path of "/home/rupendra/Desktop/Tasks/Task1/install/conveyorbelt_msgs/lib/libconveyorbelt_msgs__rosidl_typesupport_fastrtps_cpp.so" to ""
[4.131s] -- Installing: /home/rupendra/Desktop/Tasks/Task1/install/conveyorbelt_msgs/lib/libconveyorbelt_msgs__rosidl_typesupport_introspection_cpp.so
[4.132s] -- Set runtime path of "/home/rupendra/Desktop/Tasks/Task1/install/conveyorbelt_msgs/lib/libconveyorbelt_msgs__rosidl_typesupport_introspection_cpp.so" to ""
[4.132s] -- Installing: /home/rupendra/Desktop/Tasks/Task1/install/conveyorbelt_msgs/lib/libconveyorbelt_msgs__rosidl_typesupport_cpp.so
[4.132s] -- Set runtime path of "/home/rupendra/Desktop/Tasks/Task1/install/conveyorbelt_msgs/lib/libconveyorbelt_msgs__rosidl_typesupport_cpp.so" to ""
[4.159s] Listing '/home/rupendra/Desktop/Tasks/Task1/install/conveyorbelt_msgs/lib/python3.10/site-packages/conveyorbelt_msgs'...
[4.159s] Compiling '/home/rupendra/Desktop/Tasks/Task1/install/conveyorbelt_msgs/lib/python3.10/site-packages/conveyorbelt_msgs/__init__.py'...
[4.159s] Listing '/home/rupendra/Desktop/Tasks/Task1/install/conveyorbelt_msgs/lib/python3.10/site-packages/conveyorbelt_msgs/msg'...
[4.159s] Compiling '/home/rupendra/Desktop/Tasks/Task1/install/conveyorbelt_msgs/lib/python3.10/site-packages/conveyorbelt_msgs/msg/__init__.py'...
[4.160s] Compiling '/home/rupendra/Desktop/Tasks/Task1/install/conveyorbelt_msgs/lib/python3.10/site-packages/conveyorbelt_msgs/msg/_conveyor_belt_state.py'...
[4.160s] Listing '/home/rupendra/Desktop/Tasks/Task1/install/conveyorbelt_msgs/lib/python3.10/site-packages/conveyorbelt_msgs/srv'...
[4.160s] Compiling '/home/rupendra/Desktop/Tasks/Task1/install/conveyorbelt_msgs/lib/python3.10/site-packages/conveyorbelt_msgs/srv/__init__.py'...
[4.160s] Compiling '/home/rupendra/Desktop/Tasks/Task1/install/conveyorbelt_msgs/lib/python3.10/site-packages/conveyorbelt_msgs/srv/_conveyor_belt_control.py'...
[4.163s] -- Installing: /home/rupendra/Desktop/Tasks/Task1/install/conveyorbelt_msgs/lib/libconveyorbelt_msgs__rosidl_generator_py.so
[4.163s] -- Set runtime path of "/home/rupendra/Desktop/Tasks/Task1/install/conveyorbelt_msgs/lib/libconveyorbelt_msgs__rosidl_generator_py.so" to ""
[4.164s] -- Installing: /home/rupendra/Desktop/Tasks/Task1/install/conveyorbelt_msgs/share/conveyorbelt_msgs/cmake/export_conveyorbelt_msgs__rosidl_generator_cExport.cmake
[4.164s] -- Installing: /home/rupendra/Desktop/Tasks/Task1/install/conveyorbelt_msgs/share/conveyorbelt_msgs/cmake/export_conveyorbelt_msgs__rosidl_generator_cExport-noconfig.cmake
[4.164s] -- Installing: /home/rupendra/Desktop/Tasks/Task1/install/conveyorbelt_msgs/share/conveyorbelt_msgs/cmake/export_conveyorbelt_msgs__rosidl_typesupport_fastrtps_cExport.cmake
[4.164s] -- Installing: /home/rupendra/Desktop/Tasks/Task1/install/conveyorbelt_msgs/share/conveyorbelt_msgs/cmake/export_conveyorbelt_msgs__rosidl_typesupport_fastrtps_cExport-noconfig.cmake
[4.164s] -- Installing: /home/rupendra/Desktop/Tasks/Task1/install/conveyorbelt_msgs/share/conveyorbelt_msgs/cmake/conveyorbelt_msgs__rosidl_typesupport_introspection_cExport.cmake
[4.164s] -- Installing: /home/rupendra/Desktop/Tasks/Task1/install/conveyorbelt_msgs/share/conveyorbelt_msgs/cmake/conveyorbelt_msgs__rosidl_typesupport_introspection_cExport-noconfig.cmake
[4.165s] -- Installing: /home/rupendra/Desktop/Tasks/Task1/install/conveyorbelt_msgs/share/conveyorbelt_msgs/cmake/conveyorbelt_msgs__rosidl_typesupport_cExport.cmake
[4.165s] -- Installing: /home/rupendra/Desktop/Tasks/Task1/install/conveyorbelt_msgs/share/conveyorbelt_msgs/cmake/conveyorbelt_msgs__rosidl_typesupport_cExport-noconfig.cmake
[4.165s] -- Installing: /home/rupendra/Desktop/Tasks/Task1/install/conveyorbelt_msgs/share/conveyorbelt_msgs/cmake/export_conveyorbelt_msgs__rosidl_generator_cppExport.cmake
[4.165s] -- Installing: /home/rupendra/Desktop/Tasks/Task1/install/conveyorbelt_msgs/share/conveyorbelt_msgs/cmake/export_conveyorbelt_msgs__rosidl_typesupport_fastrtps_cppExport.cmake
[4.165s] -- Installing: /home/rupendra/Desktop/Tasks/Task1/install/conveyorbelt_msgs/share/conveyorbelt_msgs/cmake/export_conveyorbelt_msgs__rosidl_typesupport_fastrtps_cppExport-noconfig.cmake
[4.166s] -- Installing: /home/rupendra/Desktop/Tasks/Task1/install/conveyorbelt_msgs/share/conveyorbelt_msgs/cmake/conveyorbelt_msgs__rosidl_typesupport_introspection_cppExport.cmake
[4.166s] -- Installing: /home/rupendra/Desktop/Tasks/Task1/install/conveyorbelt_msgs/share/conveyorbelt_msgs/cmake/conveyorbelt_msgs__rosidl_typesupport_introspection_cppExport-noconfig.cmake
[4.166s] -- Installing: /home/rupendra/Desktop/Tasks/Task1/install/conveyorbelt_msgs/share/conveyorbelt_msgs/cmake/conveyorbelt_msgs__rosidl_typesupport_cppExport.cmake
[4.166s] -- Installing: /home/rupendra/Desktop/Tasks/Task1/install/conveyorbelt_msgs/share/conveyorbelt_msgs/cmake/conveyorbelt_msgs__rosidl_typesupport_cppExport-noconfig.cmake
[4.166s] -- Installing: /home/rupendra/Desktop/Tasks/Task1/install/conveyorbelt_msgs/share/conveyorbelt_msgs/cmake/export_conveyorbelt_msgs__rosidl_generator_pyExport.cmake
[4.167s] -- Installing: /home/rupendra/Desktop/Tasks/Task1/install/conveyorbelt_msgs/share/conveyorbelt_msgs/cmake/export_conveyorbelt_msgs__rosidl_generator_pyExport-noconfig.cmake
[4.169s] Invoked command in '/home/rupendra/Desktop/Tasks/Task1/build/conveyorbelt_msgs' returned '0': CMAKE_PREFIX_PATH=/opt/ros/humble VIRTUAL_ENV_PROMPT=(task1-py310) /usr/bin/cmake --install /home/rupendra/Desktop/Tasks/Task1/build/conveyorbelt_msgs
