[0.027s] Invoking command in '/home/rupendra/Desktop/Tasks/Task1/build/conveyorbelt_msgs': CMAKE_PREFIX_PATH=/opt/ros/humble VIRTUAL_ENV_PROMPT=(task1-py310) /usr/bin/cmake /home/rupendra/Desktop/Tasks/Task1/src/IFRA_ConveyorBelt/conveyorbelt_msgs -DAMENT_CMAKE_SYMLINK_INSTALL=1 -DCMAKE_INSTALL_PREFIX=/home/rupendra/Desktop/Tasks/Task1/install/conveyorbelt_msgs
[0.276s] -- The C compiler identification is GNU 11.4.0
[0.277s] -- The CXX compiler identification is GNU 11.4.0
[0.277s] -- Detecting C compiler ABI info
[0.340s] -- Detecting C compiler ABI info - done
[0.346s] -- Check for working C compiler: /usr/bin/cc - skipped
[0.347s] -- Detecting C compile features
[0.347s] -- Detecting C compile features - done
[0.351s] -- Detecting CXX compiler ABI info
[0.431s] -- Detecting CXX compiler ABI info - done
[0.437s] -- Check for working CXX compiler: /usr/bin/c++ - skipped
[0.437s] -- Detecting CXX compile features
[0.437s] -- Detecting CXX compile features - done
[0.449s] -- Found ament_cmake: 1.3.11 (/opt/ros/humble/share/ament_cmake/cmake)
[0.586s] -- Found Python3: /home/rupendra/Desktop/Tasks/Task1/task1-py310/bin/python3 (found version "3.10.12") found components: Interpreter 
[0.651s] -- Override CMake install command with custom implementation using symlinks instead of copying resources
[0.693s] -- Found ament_lint_auto: 0.12.12 (/opt/ros/humble/share/ament_lint_auto/cmake)
[0.799s] -- Found rosidl_default_generators: 1.2.0 (/opt/ros/humble/share/rosidl_default_generators/cmake)
[0.804s] -- Using all available rosidl_typesupport_c: rosidl_typesupport_fastrtps_c;rosidl_typesupport_introspection_c
[0.817s] -- Found rosidl_adapter: 3.1.6 (/opt/ros/humble/share/rosidl_adapter/cmake)
[0.893s] -- Using all available rosidl_typesupport_cpp: rosidl_typesupport_fastrtps_cpp;rosidl_typesupport_introspection_cpp
[1.134s] -- Found ament_cmake_ros: 0.10.0 (/opt/ros/humble/share/ament_cmake_ros/cmake)
[1.322s] -- Using all available rosidl_typesupport_c: rosidl_typesupport_fastrtps_c;rosidl_typesupport_introspection_c
[1.538s] -- Using all available rosidl_typesupport_cpp: rosidl_typesupport_fastrtps_cpp;rosidl_typesupport_introspection_cpp
[1.557s] -- Found PythonInterp: /home/rupendra/Desktop/Tasks/Task1/task1-py310/bin/python3 (found suitable version "3.10.12", minimum required is "3.6") 
[1.559s] -- Found python_cmake_module: 0.10.0 (/opt/ros/humble/share/python_cmake_module/cmake)
[1.580s] -- Found PythonLibs: /usr/lib/x86_64-linux-gnu/libpython3.10.so (found suitable version "3.10.12", minimum required is "3.5") 
[1.580s] -- Using PYTHON_EXECUTABLE: /home/rupendra/Desktop/Tasks/Task1/task1-py310/bin/python3
[1.580s] -- Using PYTHON_INCLUDE_DIRS: /usr/include/python3.10
[1.581s] -- Using PYTHON_LIBRARIES: /usr/lib/x86_64-linux-gnu/libpython3.10.so
[1.595s] -- Found PythonExtra: .so  
[1.626s] -- Added test 'copyright' to check source files copyright and LICENSE
[1.628s] -- Added test 'lint_cmake' to check CMake code style
[1.629s] -- Added test 'xmllint' to check XML markup files
[1.637s] -- Configuring done
[1.678s] -- Generating done
[1.686s] -- Build files have been written to: /home/rupendra/Desktop/Tasks/Task1/build/conveyorbelt_msgs
[1.694s] Invoked command in '/home/rupendra/Desktop/Tasks/Task1/build/conveyorbelt_msgs' returned '0': CMAKE_PREFIX_PATH=/opt/ros/humble VIRTUAL_ENV_PROMPT=(task1-py310) /usr/bin/cmake /home/rupendra/Desktop/Tasks/Task1/src/IFRA_ConveyorBelt/conveyorbelt_msgs -DAMENT_CMAKE_SYMLINK_INSTALL=1 -DCMAKE_INSTALL_PREFIX=/home/rupendra/Desktop/Tasks/Task1/install/conveyorbelt_msgs
[1.695s] Invoking command in '/home/rupendra/Desktop/Tasks/Task1/build/conveyorbelt_msgs': CMAKE_PREFIX_PATH=/opt/ros/humble VIRTUAL_ENV_PROMPT=(task1-py310) /usr/bin/cmake --build /home/rupendra/Desktop/Tasks/Task1/build/conveyorbelt_msgs -- -j16 -l16
[1.737s] [  2%] [34m[1mGenerating C code for ROS interfaces[0m
[1.746s] [  5%] [34m[1mGenerating C++ code for ROS interfaces[0m
[1.755s] [  5%] Built target ament_cmake_python_symlink_conveyorbelt_msgs
[1.951s] running egg_info
[1.951s] creating conveyorbelt_msgs.egg-info
[1.951s] writing conveyorbelt_msgs.egg-info/PKG-INFO
[1.952s] writing dependency_links to conveyorbelt_msgs.egg-info/dependency_links.txt
[1.952s] writing top-level names to conveyorbelt_msgs.egg-info/top_level.txt
[1.952s] writing manifest file 'conveyorbelt_msgs.egg-info/SOURCES.txt'
[1.953s] reading manifest file 'conveyorbelt_msgs.egg-info/SOURCES.txt'
[1.954s] writing manifest file 'conveyorbelt_msgs.egg-info/SOURCES.txt'
[1.984s] [  5%] Built target ament_cmake_python_build_conveyorbelt_msgs_egg
[2.035s] [  5%] Built target conveyorbelt_msgs__cpp
[2.041s] [ 10%] [32mBuilding C object CMakeFiles/conveyorbelt_msgs__rosidl_generator_c.dir/rosidl_generator_c/conveyorbelt_msgs/msg/detail/conveyor_belt_state__functions.c.o[0m
[2.041s] [ 10%] [32mBuilding C object CMakeFiles/conveyorbelt_msgs__rosidl_generator_c.dir/rosidl_generator_c/conveyorbelt_msgs/srv/detail/conveyor_belt_control__functions.c.o[0m
[2.047s] [ 17%] [34m[1mGenerating C++ type support dispatch for ROS interfaces[0m
[2.047s] [ 17%] [34m[1mGenerating C++ type support for eProsima Fast-RTPS[0m
[2.047s] [ 17%] [34m[1mGenerating C++ introspection for ROS interfaces[0m
[2.127s] [ 20%] [32m[1mLinking C shared library libconveyorbelt_msgs__rosidl_generator_c.so[0m
[2.180s] [ 20%] Built target conveyorbelt_msgs__rosidl_generator_c
[2.191s] [ 28%] [34m[1mGenerating C introspection for ROS interfaces[0m
[2.191s] [ 28%] [34m[1mGenerating C type support for eProsima Fast-RTPS[0m
[2.192s] [ 28%] [34m[1mGenerating C type support dispatch for ROS interfaces[0m
[2.326s] [ 33%] [32mBuilding CXX object CMakeFiles/conveyorbelt_msgs__rosidl_typesupport_cpp.dir/rosidl_typesupport_cpp/conveyorbelt_msgs/msg/conveyor_belt_state__type_support.cpp.o[0m
[2.326s] [ 33%] [32mBuilding CXX object CMakeFiles/conveyorbelt_msgs__rosidl_typesupport_cpp.dir/rosidl_typesupport_cpp/conveyorbelt_msgs/srv/conveyor_belt_control__type_support.cpp.o[0m
[2.342s] [ 35%] [32mBuilding CXX object CMakeFiles/conveyorbelt_msgs__rosidl_typesupport_introspection_cpp.dir/rosidl_typesupport_introspection_cpp/conveyorbelt_msgs/msg/detail/conveyor_belt_state__type_support.cpp.o[0m
[2.342s] [ 38%] [32mBuilding CXX object CMakeFiles/conveyorbelt_msgs__rosidl_typesupport_introspection_cpp.dir/rosidl_typesupport_introspection_cpp/conveyorbelt_msgs/srv/detail/conveyor_belt_control__type_support.cpp.o[0m
[2.359s] [ 43%] [32mBuilding CXX object CMakeFiles/conveyorbelt_msgs__rosidl_typesupport_fastrtps_cpp.dir/rosidl_typesupport_fastrtps_cpp/conveyorbelt_msgs/msg/detail/dds_fastrtps/conveyor_belt_state__type_support.cpp.o[0m
[2.359s] [ 43%] [32mBuilding CXX object CMakeFiles/conveyorbelt_msgs__rosidl_typesupport_fastrtps_cpp.dir/rosidl_typesupport_fastrtps_cpp/conveyorbelt_msgs/srv/detail/dds_fastrtps/conveyor_belt_control__type_support.cpp.o[0m
[2.473s] [ 48%] [32mBuilding CXX object CMakeFiles/conveyorbelt_msgs__rosidl_typesupport_c.dir/rosidl_typesupport_c/conveyorbelt_msgs/srv/conveyor_belt_control__type_support.cpp.o[0m
[2.473s] [ 48%] [32mBuilding CXX object CMakeFiles/conveyorbelt_msgs__rosidl_typesupport_c.dir/rosidl_typesupport_c/conveyorbelt_msgs/msg/conveyor_belt_state__type_support.cpp.o[0m
[2.514s] [ 53%] [32mBuilding C object CMakeFiles/conveyorbelt_msgs__rosidl_typesupport_introspection_c.dir/rosidl_typesupport_introspection_c/conveyorbelt_msgs/srv/detail/conveyor_belt_control__type_support.c.o[0m
[2.514s] [ 53%] [32mBuilding C object CMakeFiles/conveyorbelt_msgs__rosidl_typesupport_introspection_c.dir/rosidl_typesupport_introspection_c/conveyorbelt_msgs/msg/detail/conveyor_belt_state__type_support.c.o[0m
[2.518s] [ 56%] [32m[1mLinking CXX shared library libconveyorbelt_msgs__rosidl_typesupport_c.so[0m
[2.521s] [ 58%] [32mBuilding CXX object CMakeFiles/conveyorbelt_msgs__rosidl_typesupport_fastrtps_c.dir/rosidl_typesupport_fastrtps_c/conveyorbelt_msgs/msg/detail/conveyor_belt_state__type_support_c.cpp.o[0m
[2.521s] [ 61%] [32mBuilding CXX object CMakeFiles/conveyorbelt_msgs__rosidl_typesupport_fastrtps_c.dir/rosidl_typesupport_fastrtps_c/conveyorbelt_msgs/srv/detail/conveyor_belt_control__type_support_c.cpp.o[0m
[2.573s] [ 64%] [32m[1mLinking C shared library libconveyorbelt_msgs__rosidl_typesupport_introspection_c.so[0m
[2.603s] [ 64%] Built target conveyorbelt_msgs__rosidl_typesupport_c
[2.619s] [ 64%] Built target conveyorbelt_msgs__rosidl_typesupport_introspection_c
[2.692s] [ 66%] [32m[1mLinking CXX shared library libconveyorbelt_msgs__rosidl_typesupport_cpp.so[0m
[2.740s] [ 66%] Built target conveyorbelt_msgs__rosidl_typesupport_cpp
[2.814s] [ 69%] [32m[1mLinking CXX shared library libconveyorbelt_msgs__rosidl_typesupport_introspection_cpp.so[0m
[2.838s] [ 71%] [32m[1mLinking CXX shared library libconveyorbelt_msgs__rosidl_typesupport_fastrtps_cpp.so[0m
[2.859s] [ 71%] Built target conveyorbelt_msgs__rosidl_typesupport_introspection_cpp
[2.886s] [ 74%] [32m[1mLinking CXX shared library libconveyorbelt_msgs__rosidl_typesupport_fastrtps_c.so[0m
[2.925s] [ 74%] Built target conveyorbelt_msgs__rosidl_typesupport_fastrtps_cpp
[2.966s] [ 74%] Built target conveyorbelt_msgs__rosidl_typesupport_fastrtps_c
[2.986s] [ 74%] Built target conveyorbelt_msgs
[3.008s] [ 76%] [34m[1mGenerating Python code for ROS interfaces[0m
[3.370s] [ 76%] Built target conveyorbelt_msgs__py
[3.393s] [ 82%] [32mBuilding C object CMakeFiles/conveyorbelt_msgs__rosidl_generator_py.dir/rosidl_generator_py/conveyorbelt_msgs/msg/_conveyor_belt_state_s.c.o[0m
[3.393s] [ 82%] [32mBuilding C object CMakeFiles/conveyorbelt_msgs__rosidl_generator_py.dir/rosidl_generator_py/conveyorbelt_msgs/srv/_conveyor_belt_control_s.c.o[0m
[3.509s] [ 84%] [32m[1mLinking C shared library rosidl_generator_py/conveyorbelt_msgs/libconveyorbelt_msgs__rosidl_generator_py.so[0m
[3.555s] [ 84%] Built target conveyorbelt_msgs__rosidl_generator_py
[3.576s] [ 89%] [32mBuilding C object CMakeFiles/conveyorbelt_msgs__rosidl_typesupport_introspection_c__pyext.dir/rosidl_generator_py/conveyorbelt_msgs/_conveyorbelt_msgs_s.ep.rosidl_typesupport_introspection_c.c.o[0m
[3.576s] [ 89%] [32mBuilding C object CMakeFiles/conveyorbelt_msgs__rosidl_typesupport_c__pyext.dir/rosidl_generator_py/conveyorbelt_msgs/_conveyorbelt_msgs_s.ep.rosidl_typesupport_c.c.o[0m
[3.577s] [ 92%] [32mBuilding C object CMakeFiles/conveyorbelt_msgs__rosidl_typesupport_fastrtps_c__pyext.dir/rosidl_generator_py/conveyorbelt_msgs/_conveyorbelt_msgs_s.ep.rosidl_typesupport_fastrtps_c.c.o[0m
[3.657s] [ 97%] [32m[1mLinking C shared library rosidl_generator_py/conveyorbelt_msgs/conveyorbelt_msgs_s__rosidl_typesupport_c.cpython-310-x86_64-linux-gnu.so[0m
[3.657s] [ 97%] [32m[1mLinking C shared library rosidl_generator_py/conveyorbelt_msgs/conveyorbelt_msgs_s__rosidl_typesupport_introspection_c.cpython-310-x86_64-linux-gnu.so[0m
[3.666s] [100%] [32m[1mLinking C shared library rosidl_generator_py/conveyorbelt_msgs/conveyorbelt_msgs_s__rosidl_typesupport_fastrtps_c.cpython-310-x86_64-linux-gnu.so[0m
[3.697s] [100%] Built target conveyorbelt_msgs__rosidl_typesupport_introspection_c__pyext
[3.697s] [100%] Built target conveyorbelt_msgs__rosidl_typesupport_c__pyext
[3.710s] [100%] Built target conveyorbelt_msgs__rosidl_typesupport_fastrtps_c__pyext
[3.727s] Invoked command in '/home/rupendra/Desktop/Tasks/Task1/build/conveyorbelt_msgs' returned '0': CMAKE_PREFIX_PATH=/opt/ros/humble VIRTUAL_ENV_PROMPT=(task1-py310) /usr/bin/cmake --build /home/rupendra/Desktop/Tasks/Task1/build/conveyorbelt_msgs -- -j16 -l16
[3.730s] Invoking command in '/home/rupendra/Desktop/Tasks/Task1/build/conveyorbelt_msgs': CMAKE_PREFIX_PATH=/opt/ros/humble VIRTUAL_ENV_PROMPT=(task1-py310) /usr/bin/cmake --install /home/rupendra/Desktop/Tasks/Task1/build/conveyorbelt_msgs
[3.739s] -- Install configuration: ""
[3.739s] -- Execute custom install script
[3.740s] -- Symlinking: /home/rupendra/Desktop/Tasks/Task1/install/conveyorbelt_msgs/share/conveyorbelt_msgs/msg/ConveyorBeltState.msg
[3.749s] -- Symlinking: /home/rupendra/Desktop/Tasks/Task1/install/conveyorbelt_msgs/share/conveyorbelt_msgs/srv/ConveyorBeltControl.srv
[3.759s] -- Symlinking: /home/rupendra/Desktop/Tasks/Task1/install/conveyorbelt_msgs/share/ament_index/resource_index/rosidl_interfaces/conveyorbelt_msgs
[3.770s] -- Symlinking: /home/rupendra/Desktop/Tasks/Task1/install/conveyorbelt_msgs/include/conveyorbelt_msgs/conveyorbelt_msgs/msg/conveyor_belt_state.h
[3.780s] -- Symlinking: /home/rupendra/Desktop/Tasks/Task1/install/conveyorbelt_msgs/include/conveyorbelt_msgs/conveyorbelt_msgs/msg/detail/conveyor_belt_state__functions.h
[3.790s] -- Symlinking: /home/rupendra/Desktop/Tasks/Task1/install/conveyorbelt_msgs/include/conveyorbelt_msgs/conveyorbelt_msgs/msg/detail/conveyor_belt_state__struct.h
[3.800s] -- Symlinking: /home/rupendra/Desktop/Tasks/Task1/install/conveyorbelt_msgs/include/conveyorbelt_msgs/conveyorbelt_msgs/msg/detail/conveyor_belt_state__type_support.h
[3.812s] -- Symlinking: /home/rupendra/Desktop/Tasks/Task1/install/conveyorbelt_msgs/include/conveyorbelt_msgs/conveyorbelt_msgs/msg/rosidl_generator_c__visibility_control.h
[3.821s] -- Symlinking: /home/rupendra/Desktop/Tasks/Task1/install/conveyorbelt_msgs/include/conveyorbelt_msgs/conveyorbelt_msgs/srv/conveyor_belt_control.h
[3.832s] -- Symlinking: /home/rupendra/Desktop/Tasks/Task1/install/conveyorbelt_msgs/include/conveyorbelt_msgs/conveyorbelt_msgs/srv/detail/conveyor_belt_control__functions.h
[3.842s] -- Symlinking: /home/rupendra/Desktop/Tasks/Task1/install/conveyorbelt_msgs/include/conveyorbelt_msgs/conveyorbelt_msgs/srv/detail/conveyor_belt_control__struct.h
[3.852s] -- Symlinking: /home/rupendra/Desktop/Tasks/Task1/install/conveyorbelt_msgs/include/conveyorbelt_msgs/conveyorbelt_msgs/srv/detail/conveyor_belt_control__type_support.h
[3.863s] -- Symlinking: /home/rupendra/Desktop/Tasks/Task1/install/conveyorbelt_msgs/share/conveyorbelt_msgs/environment/library_path.sh
[3.871s] -- Symlinking: /home/rupendra/Desktop/Tasks/Task1/install/conveyorbelt_msgs/share/conveyorbelt_msgs/environment/library_path.dsv
[3.881s] -- Symlinking: /home/rupendra/Desktop/Tasks/Task1/install/conveyorbelt_msgs/include/conveyorbelt_msgs/conveyorbelt_msgs/msg/detail/conveyor_belt_state__rosidl_typesupport_fastrtps_c.h
[3.891s] -- Symlinking: /home/rupendra/Desktop/Tasks/Task1/install/conveyorbelt_msgs/include/conveyorbelt_msgs/conveyorbelt_msgs/msg/rosidl_typesupport_fastrtps_c__visibility_control.h
[3.900s] -- Symlinking: /home/rupendra/Desktop/Tasks/Task1/install/conveyorbelt_msgs/include/conveyorbelt_msgs/conveyorbelt_msgs/srv/detail/conveyor_belt_control__rosidl_typesupport_fastrtps_c.h
[3.910s] -- Symlinking: /home/rupendra/Desktop/Tasks/Task1/install/conveyorbelt_msgs/include/conveyorbelt_msgs/conveyorbelt_msgs/msg/detail/conveyor_belt_state__rosidl_typesupport_introspection_c.h
[3.921s] -- Symlinking: /home/rupendra/Desktop/Tasks/Task1/install/conveyorbelt_msgs/include/conveyorbelt_msgs/conveyorbelt_msgs/msg/rosidl_typesupport_introspection_c__visibility_control.h
[3.930s] -- Symlinking: /home/rupendra/Desktop/Tasks/Task1/install/conveyorbelt_msgs/include/conveyorbelt_msgs/conveyorbelt_msgs/srv/detail/conveyor_belt_control__rosidl_typesupport_introspection_c.h
[3.939s] -- Symlinking: /home/rupendra/Desktop/Tasks/Task1/install/conveyorbelt_msgs/include/conveyorbelt_msgs/conveyorbelt_msgs/msg/conveyor_belt_state.hpp
[3.949s] -- Symlinking: /home/rupendra/Desktop/Tasks/Task1/install/conveyorbelt_msgs/include/conveyorbelt_msgs/conveyorbelt_msgs/msg/detail/conveyor_belt_state__builder.hpp
[3.958s] -- Symlinking: /home/rupendra/Desktop/Tasks/Task1/install/conveyorbelt_msgs/include/conveyorbelt_msgs/conveyorbelt_msgs/msg/detail/conveyor_belt_state__struct.hpp
[3.968s] -- Symlinking: /home/rupendra/Desktop/Tasks/Task1/install/conveyorbelt_msgs/include/conveyorbelt_msgs/conveyorbelt_msgs/msg/detail/conveyor_belt_state__traits.hpp
[3.978s] -- Symlinking: /home/rupendra/Desktop/Tasks/Task1/install/conveyorbelt_msgs/include/conveyorbelt_msgs/conveyorbelt_msgs/msg/detail/conveyor_belt_state__type_support.hpp
[3.988s] -- Symlinking: /home/rupendra/Desktop/Tasks/Task1/install/conveyorbelt_msgs/include/conveyorbelt_msgs/conveyorbelt_msgs/msg/rosidl_generator_cpp__visibility_control.hpp
[3.997s] -- Symlinking: /home/rupendra/Desktop/Tasks/Task1/install/conveyorbelt_msgs/include/conveyorbelt_msgs/conveyorbelt_msgs/srv/conveyor_belt_control.hpp
[4.006s] -- Symlinking: /home/rupendra/Desktop/Tasks/Task1/install/conveyorbelt_msgs/include/conveyorbelt_msgs/conveyorbelt_msgs/srv/detail/conveyor_belt_control__builder.hpp
[4.016s] -- Symlinking: /home/rupendra/Desktop/Tasks/Task1/install/conveyorbelt_msgs/include/conveyorbelt_msgs/conveyorbelt_msgs/srv/detail/conveyor_belt_control__struct.hpp
[4.024s] -- Symlinking: /home/rupendra/Desktop/Tasks/Task1/install/conveyorbelt_msgs/include/conveyorbelt_msgs/conveyorbelt_msgs/srv/detail/conveyor_belt_control__traits.hpp
[4.035s] -- Symlinking: /home/rupendra/Desktop/Tasks/Task1/install/conveyorbelt_msgs/include/conveyorbelt_msgs/conveyorbelt_msgs/srv/detail/conveyor_belt_control__type_support.hpp
[4.046s] -- Symlinking: /home/rupendra/Desktop/Tasks/Task1/install/conveyorbelt_msgs/include/conveyorbelt_msgs/conveyorbelt_msgs/msg/detail/conveyor_belt_state__rosidl_typesupport_fastrtps_cpp.hpp
[4.056s] -- Symlinking: /home/rupendra/Desktop/Tasks/Task1/install/conveyorbelt_msgs/include/conveyorbelt_msgs/conveyorbelt_msgs/msg/rosidl_typesupport_fastrtps_cpp__visibility_control.h
[4.066s] -- Symlinking: /home/rupendra/Desktop/Tasks/Task1/install/conveyorbelt_msgs/include/conveyorbelt_msgs/conveyorbelt_msgs/srv/detail/conveyor_belt_control__rosidl_typesupport_fastrtps_cpp.hpp
[4.077s] -- Symlinking: /home/rupendra/Desktop/Tasks/Task1/install/conveyorbelt_msgs/include/conveyorbelt_msgs/conveyorbelt_msgs/msg/detail/conveyor_belt_state__rosidl_typesupport_introspection_cpp.hpp
[4.086s] -- Symlinking: /home/rupendra/Desktop/Tasks/Task1/install/conveyorbelt_msgs/include/conveyorbelt_msgs/conveyorbelt_msgs/srv/detail/conveyor_belt_control__rosidl_typesupport_introspection_cpp.hpp
[4.095s] -- Symlinking: /home/rupendra/Desktop/Tasks/Task1/install/conveyorbelt_msgs/share/conveyorbelt_msgs/environment/pythonpath.sh
[4.106s] -- Symlinking: /home/rupendra/Desktop/Tasks/Task1/install/conveyorbelt_msgs/share/conveyorbelt_msgs/environment/pythonpath.dsv
[4.117s] -- Symlinking: /home/rupendra/Desktop/Tasks/Task1/install/conveyorbelt_msgs/lib/python3.10/site-packages/conveyorbelt_msgs-0.0.0-py3.10.egg-info/PKG-INFO
[4.126s] -- Symlinking: /home/rupendra/Desktop/Tasks/Task1/install/conveyorbelt_msgs/lib/python3.10/site-packages/conveyorbelt_msgs-0.0.0-py3.10.egg-info/SOURCES.txt
[4.135s] -- Symlinking: /home/rupendra/Desktop/Tasks/Task1/install/conveyorbelt_msgs/lib/python3.10/site-packages/conveyorbelt_msgs-0.0.0-py3.10.egg-info/dependency_links.txt
[4.145s] -- Symlinking: /home/rupendra/Desktop/Tasks/Task1/install/conveyorbelt_msgs/lib/python3.10/site-packages/conveyorbelt_msgs-0.0.0-py3.10.egg-info/top_level.txt
[4.155s] -- Symlinking: /home/rupendra/Desktop/Tasks/Task1/install/conveyorbelt_msgs/lib/python3.10/site-packages/conveyorbelt_msgs/__init__.py
[4.164s] -- Symlinking: /home/rupendra/Desktop/Tasks/Task1/install/conveyorbelt_msgs/lib/python3.10/site-packages/conveyorbelt_msgs/_conveyorbelt_msgs_s.ep.rosidl_typesupport_c.c
[4.174s] -- Symlinking: /home/rupendra/Desktop/Tasks/Task1/install/conveyorbelt_msgs/lib/python3.10/site-packages/conveyorbelt_msgs/_conveyorbelt_msgs_s.ep.rosidl_typesupport_fastrtps_c.c
[4.183s] -- Symlinking: /home/rupendra/Desktop/Tasks/Task1/install/conveyorbelt_msgs/lib/python3.10/site-packages/conveyorbelt_msgs/_conveyorbelt_msgs_s.ep.rosidl_typesupport_introspection_c.c
[4.193s] -- Symlinking: /home/rupendra/Desktop/Tasks/Task1/install/conveyorbelt_msgs/lib/python3.10/site-packages/conveyorbelt_msgs/conveyorbelt_msgs_s__rosidl_typesupport_c.cpython-310-x86_64-linux-gnu.so
[4.202s] -- Symlinking: /home/rupendra/Desktop/Tasks/Task1/install/conveyorbelt_msgs/lib/python3.10/site-packages/conveyorbelt_msgs/conveyorbelt_msgs_s__rosidl_typesupport_fastrtps_c.cpython-310-x86_64-linux-gnu.so
[4.211s] -- Symlinking: /home/rupendra/Desktop/Tasks/Task1/install/conveyorbelt_msgs/lib/python3.10/site-packages/conveyorbelt_msgs/conveyorbelt_msgs_s__rosidl_typesupport_introspection_c.cpython-310-x86_64-linux-gnu.so
[4.220s] -- Symlinking: /home/rupendra/Desktop/Tasks/Task1/install/conveyorbelt_msgs/lib/python3.10/site-packages/conveyorbelt_msgs/libconveyorbelt_msgs__rosidl_generator_py.so
[4.229s] -- Symlinking: /home/rupendra/Desktop/Tasks/Task1/install/conveyorbelt_msgs/lib/python3.10/site-packages/conveyorbelt_msgs/msg/__init__.py
[4.238s] -- Symlinking: /home/rupendra/Desktop/Tasks/Task1/install/conveyorbelt_msgs/lib/python3.10/site-packages/conveyorbelt_msgs/msg/_conveyor_belt_state.py
[4.246s] -- Symlinking: /home/rupendra/Desktop/Tasks/Task1/install/conveyorbelt_msgs/lib/python3.10/site-packages/conveyorbelt_msgs/msg/_conveyor_belt_state_s.c
[4.258s] -- Symlinking: /home/rupendra/Desktop/Tasks/Task1/install/conveyorbelt_msgs/lib/python3.10/site-packages/conveyorbelt_msgs/srv/__init__.py
[4.267s] -- Symlinking: /home/rupendra/Desktop/Tasks/Task1/install/conveyorbelt_msgs/lib/python3.10/site-packages/conveyorbelt_msgs/srv/_conveyor_belt_control.py
[4.277s] -- Symlinking: /home/rupendra/Desktop/Tasks/Task1/install/conveyorbelt_msgs/lib/python3.10/site-packages/conveyorbelt_msgs/srv/_conveyor_belt_control_s.c
[4.286s] -- Up-to-date symlink: /home/rupendra/Desktop/Tasks/Task1/install/conveyorbelt_msgs/lib/python3.10/site-packages/conveyorbelt_msgs/conveyorbelt_msgs_s__rosidl_typesupport_fastrtps_c.cpython-310-x86_64-linux-gnu.so
[4.286s] -- Up-to-date symlink: /home/rupendra/Desktop/Tasks/Task1/install/conveyorbelt_msgs/lib/python3.10/site-packages/conveyorbelt_msgs/conveyorbelt_msgs_s__rosidl_typesupport_introspection_c.cpython-310-x86_64-linux-gnu.so
[4.287s] -- Up-to-date symlink: /home/rupendra/Desktop/Tasks/Task1/install/conveyorbelt_msgs/lib/python3.10/site-packages/conveyorbelt_msgs/conveyorbelt_msgs_s__rosidl_typesupport_c.cpython-310-x86_64-linux-gnu.so
[4.287s] -- Symlinking: /home/rupendra/Desktop/Tasks/Task1/install/conveyorbelt_msgs/share/conveyorbelt_msgs/msg/ConveyorBeltState.idl
[4.297s] -- Symlinking: /home/rupendra/Desktop/Tasks/Task1/install/conveyorbelt_msgs/share/conveyorbelt_msgs/srv/ConveyorBeltControl.idl
[4.306s] -- Up-to-date symlink: /home/rupendra/Desktop/Tasks/Task1/install/conveyorbelt_msgs/share/conveyorbelt_msgs/msg/ConveyorBeltState.msg
[4.306s] -- Up-to-date symlink: /home/rupendra/Desktop/Tasks/Task1/install/conveyorbelt_msgs/share/conveyorbelt_msgs/srv/ConveyorBeltControl.srv
[4.307s] -- Symlinking: /home/rupendra/Desktop/Tasks/Task1/install/conveyorbelt_msgs/share/conveyorbelt_msgs/srv/ConveyorBeltControl_Request.msg
[4.317s] -- Symlinking: /home/rupendra/Desktop/Tasks/Task1/install/conveyorbelt_msgs/share/conveyorbelt_msgs/srv/ConveyorBeltControl_Response.msg
[4.327s] -- Symlinking: /home/rupendra/Desktop/Tasks/Task1/install/conveyorbelt_msgs/share/ament_index/resource_index/package_run_dependencies/conveyorbelt_msgs
[4.335s] -- Symlinking: /home/rupendra/Desktop/Tasks/Task1/install/conveyorbelt_msgs/share/ament_index/resource_index/parent_prefix_path/conveyorbelt_msgs
[4.345s] -- Symlinking: /home/rupendra/Desktop/Tasks/Task1/install/conveyorbelt_msgs/share/conveyorbelt_msgs/environment/ament_prefix_path.sh
[4.355s] -- Symlinking: /home/rupendra/Desktop/Tasks/Task1/install/conveyorbelt_msgs/share/conveyorbelt_msgs/environment/ament_prefix_path.dsv
[4.364s] -- Symlinking: /home/rupendra/Desktop/Tasks/Task1/install/conveyorbelt_msgs/share/conveyorbelt_msgs/environment/path.sh
[4.374s] -- Symlinking: /home/rupendra/Desktop/Tasks/Task1/install/conveyorbelt_msgs/share/conveyorbelt_msgs/environment/path.dsv
[4.383s] -- Symlinking: /home/rupendra/Desktop/Tasks/Task1/install/conveyorbelt_msgs/share/conveyorbelt_msgs/local_setup.bash
[4.392s] -- Symlinking: /home/rupendra/Desktop/Tasks/Task1/install/conveyorbelt_msgs/share/conveyorbelt_msgs/local_setup.sh
[4.400s] -- Symlinking: /home/rupendra/Desktop/Tasks/Task1/install/conveyorbelt_msgs/share/conveyorbelt_msgs/local_setup.zsh
[4.410s] -- Symlinking: /home/rupendra/Desktop/Tasks/Task1/install/conveyorbelt_msgs/share/conveyorbelt_msgs/local_setup.dsv
[4.420s] -- Symlinking: /home/rupendra/Desktop/Tasks/Task1/install/conveyorbelt_msgs/share/conveyorbelt_msgs/package.dsv
[4.429s] -- Symlinking: /home/rupendra/Desktop/Tasks/Task1/install/conveyorbelt_msgs/share/ament_index/resource_index/packages/conveyorbelt_msgs
[4.438s] -- Symlinking: /home/rupendra/Desktop/Tasks/Task1/install/conveyorbelt_msgs/share/conveyorbelt_msgs/cmake/rosidl_cmake-extras.cmake
[4.448s] -- Symlinking: /home/rupendra/Desktop/Tasks/Task1/install/conveyorbelt_msgs/share/conveyorbelt_msgs/cmake/ament_cmake_export_include_directories-extras.cmake
[4.459s] -- Symlinking: /home/rupendra/Desktop/Tasks/Task1/install/conveyorbelt_msgs/share/conveyorbelt_msgs/cmake/ament_cmake_export_libraries-extras.cmake
[4.469s] -- Symlinking: /home/rupendra/Desktop/Tasks/Task1/install/conveyorbelt_msgs/share/conveyorbelt_msgs/cmake/ament_cmake_export_targets-extras.cmake
[4.478s] -- Symlinking: /home/rupendra/Desktop/Tasks/Task1/install/conveyorbelt_msgs/share/conveyorbelt_msgs/cmake/rosidl_cmake_export_typesupport_targets-extras.cmake
[4.487s] -- Symlinking: /home/rupendra/Desktop/Tasks/Task1/install/conveyorbelt_msgs/share/conveyorbelt_msgs/cmake/ament_cmake_export_dependencies-extras.cmake
[4.496s] -- Symlinking: /home/rupendra/Desktop/Tasks/Task1/install/conveyorbelt_msgs/share/conveyorbelt_msgs/cmake/rosidl_cmake_export_typesupport_libraries-extras.cmake
[4.505s] -- Symlinking: /home/rupendra/Desktop/Tasks/Task1/install/conveyorbelt_msgs/share/conveyorbelt_msgs/cmake/conveyorbelt_msgsConfig.cmake
[4.514s] -- Symlinking: /home/rupendra/Desktop/Tasks/Task1/install/conveyorbelt_msgs/share/conveyorbelt_msgs/cmake/conveyorbelt_msgsConfig-version.cmake
[4.523s] -- Symlinking: /home/rupendra/Desktop/Tasks/Task1/install/conveyorbelt_msgs/share/conveyorbelt_msgs/package.xml
[4.532s] -- Installing: /home/rupendra/Desktop/Tasks/Task1/install/conveyorbelt_msgs/lib/libconveyorbelt_msgs__rosidl_generator_c.so
[4.532s] -- Set runtime path of "/home/rupendra/Desktop/Tasks/Task1/install/conveyorbelt_msgs/lib/libconveyorbelt_msgs__rosidl_generator_c.so" to ""
[4.532s] -- Installing: /home/rupendra/Desktop/Tasks/Task1/install/conveyorbelt_msgs/lib/libconveyorbelt_msgs__rosidl_typesupport_fastrtps_c.so
[4.533s] -- Set runtime path of "/home/rupendra/Desktop/Tasks/Task1/install/conveyorbelt_msgs/lib/libconveyorbelt_msgs__rosidl_typesupport_fastrtps_c.so" to ""
[4.533s] -- Installing: /home/rupendra/Desktop/Tasks/Task1/install/conveyorbelt_msgs/lib/libconveyorbelt_msgs__rosidl_typesupport_introspection_c.so
[4.533s] -- Set runtime path of "/home/rupendra/Desktop/Tasks/Task1/install/conveyorbelt_msgs/lib/libconveyorbelt_msgs__rosidl_typesupport_introspection_c.so" to ""
[4.533s] -- Installing: /home/rupendra/Desktop/Tasks/Task1/install/conveyorbelt_msgs/lib/libconveyorbelt_msgs__rosidl_typesupport_c.so
[4.534s] -- Set runtime path of "/home/rupendra/Desktop/Tasks/Task1/install/conveyorbelt_msgs/lib/libconveyorbelt_msgs__rosidl_typesupport_c.so" to ""
[4.534s] -- Installing: /home/rupendra/Desktop/Tasks/Task1/install/conveyorbelt_msgs/lib/libconveyorbelt_msgs__rosidl_typesupport_fastrtps_cpp.so
[4.534s] -- Set runtime path of "/home/rupendra/Desktop/Tasks/Task1/install/conveyorbelt_msgs/lib/libconveyorbelt_msgs__rosidl_typesupport_fastrtps_cpp.so" to ""
[4.534s] -- Installing: /home/rupendra/Desktop/Tasks/Task1/install/conveyorbelt_msgs/lib/libconveyorbelt_msgs__rosidl_typesupport_introspection_cpp.so
[4.535s] -- Set runtime path of "/home/rupendra/Desktop/Tasks/Task1/install/conveyorbelt_msgs/lib/libconveyorbelt_msgs__rosidl_typesupport_introspection_cpp.so" to ""
[4.535s] -- Installing: /home/rupendra/Desktop/Tasks/Task1/install/conveyorbelt_msgs/lib/libconveyorbelt_msgs__rosidl_typesupport_cpp.so
[4.535s] -- Set runtime path of "/home/rupendra/Desktop/Tasks/Task1/install/conveyorbelt_msgs/lib/libconveyorbelt_msgs__rosidl_typesupport_cpp.so" to ""
[4.566s] Listing '/home/rupendra/Desktop/Tasks/Task1/install/conveyorbelt_msgs/lib/python3.10/site-packages/conveyorbelt_msgs'...
[4.566s] Compiling '/home/rupendra/Desktop/Tasks/Task1/install/conveyorbelt_msgs/lib/python3.10/site-packages/conveyorbelt_msgs/__init__.py'...
[4.566s] Listing '/home/rupendra/Desktop/Tasks/Task1/install/conveyorbelt_msgs/lib/python3.10/site-packages/conveyorbelt_msgs/msg'...
[4.566s] Compiling '/home/rupendra/Desktop/Tasks/Task1/install/conveyorbelt_msgs/lib/python3.10/site-packages/conveyorbelt_msgs/msg/__init__.py'...
[4.566s] Compiling '/home/rupendra/Desktop/Tasks/Task1/install/conveyorbelt_msgs/lib/python3.10/site-packages/conveyorbelt_msgs/msg/_conveyor_belt_state.py'...
[4.567s] Listing '/home/rupendra/Desktop/Tasks/Task1/install/conveyorbelt_msgs/lib/python3.10/site-packages/conveyorbelt_msgs/srv'...
[4.567s] Compiling '/home/rupendra/Desktop/Tasks/Task1/install/conveyorbelt_msgs/lib/python3.10/site-packages/conveyorbelt_msgs/srv/__init__.py'...
[4.567s] Compiling '/home/rupendra/Desktop/Tasks/Task1/install/conveyorbelt_msgs/lib/python3.10/site-packages/conveyorbelt_msgs/srv/_conveyor_belt_control.py'...
[4.570s] -- Installing: /home/rupendra/Desktop/Tasks/Task1/install/conveyorbelt_msgs/lib/libconveyorbelt_msgs__rosidl_generator_py.so
[4.571s] -- Set runtime path of "/home/rupendra/Desktop/Tasks/Task1/install/conveyorbelt_msgs/lib/libconveyorbelt_msgs__rosidl_generator_py.so" to ""
[4.571s] -- Installing: /home/rupendra/Desktop/Tasks/Task1/install/conveyorbelt_msgs/share/conveyorbelt_msgs/cmake/export_conveyorbelt_msgs__rosidl_generator_cExport.cmake
[4.571s] -- Installing: /home/rupendra/Desktop/Tasks/Task1/install/conveyorbelt_msgs/share/conveyorbelt_msgs/cmake/export_conveyorbelt_msgs__rosidl_generator_cExport-noconfig.cmake
[4.572s] -- Installing: /home/rupendra/Desktop/Tasks/Task1/install/conveyorbelt_msgs/share/conveyorbelt_msgs/cmake/export_conveyorbelt_msgs__rosidl_typesupport_fastrtps_cExport.cmake
[4.572s] -- Installing: /home/rupendra/Desktop/Tasks/Task1/install/conveyorbelt_msgs/share/conveyorbelt_msgs/cmake/export_conveyorbelt_msgs__rosidl_typesupport_fastrtps_cExport-noconfig.cmake
[4.572s] -- Installing: /home/rupendra/Desktop/Tasks/Task1/install/conveyorbelt_msgs/share/conveyorbelt_msgs/cmake/conveyorbelt_msgs__rosidl_typesupport_introspection_cExport.cmake
[4.572s] -- Installing: /home/rupendra/Desktop/Tasks/Task1/install/conveyorbelt_msgs/share/conveyorbelt_msgs/cmake/conveyorbelt_msgs__rosidl_typesupport_introspection_cExport-noconfig.cmake
[4.573s] -- Installing: /home/rupendra/Desktop/Tasks/Task1/install/conveyorbelt_msgs/share/conveyorbelt_msgs/cmake/conveyorbelt_msgs__rosidl_typesupport_cExport.cmake
[4.573s] -- Installing: /home/rupendra/Desktop/Tasks/Task1/install/conveyorbelt_msgs/share/conveyorbelt_msgs/cmake/conveyorbelt_msgs__rosidl_typesupport_cExport-noconfig.cmake
[4.573s] -- Installing: /home/rupendra/Desktop/Tasks/Task1/install/conveyorbelt_msgs/share/conveyorbelt_msgs/cmake/export_conveyorbelt_msgs__rosidl_generator_cppExport.cmake
[4.573s] -- Installing: /home/rupendra/Desktop/Tasks/Task1/install/conveyorbelt_msgs/share/conveyorbelt_msgs/cmake/export_conveyorbelt_msgs__rosidl_typesupport_fastrtps_cppExport.cmake
[4.573s] -- Installing: /home/rupendra/Desktop/Tasks/Task1/install/conveyorbelt_msgs/share/conveyorbelt_msgs/cmake/export_conveyorbelt_msgs__rosidl_typesupport_fastrtps_cppExport-noconfig.cmake
[4.574s] -- Installing: /home/rupendra/Desktop/Tasks/Task1/install/conveyorbelt_msgs/share/conveyorbelt_msgs/cmake/conveyorbelt_msgs__rosidl_typesupport_introspection_cppExport.cmake
[4.574s] -- Installing: /home/rupendra/Desktop/Tasks/Task1/install/conveyorbelt_msgs/share/conveyorbelt_msgs/cmake/conveyorbelt_msgs__rosidl_typesupport_introspection_cppExport-noconfig.cmake
[4.574s] -- Installing: /home/rupendra/Desktop/Tasks/Task1/install/conveyorbelt_msgs/share/conveyorbelt_msgs/cmake/conveyorbelt_msgs__rosidl_typesupport_cppExport.cmake
[4.574s] -- Installing: /home/rupendra/Desktop/Tasks/Task1/install/conveyorbelt_msgs/share/conveyorbelt_msgs/cmake/conveyorbelt_msgs__rosidl_typesupport_cppExport-noconfig.cmake
[4.574s] -- Installing: /home/rupendra/Desktop/Tasks/Task1/install/conveyorbelt_msgs/share/conveyorbelt_msgs/cmake/export_conveyorbelt_msgs__rosidl_generator_pyExport.cmake
[4.575s] -- Installing: /home/rupendra/Desktop/Tasks/Task1/install/conveyorbelt_msgs/share/conveyorbelt_msgs/cmake/export_conveyorbelt_msgs__rosidl_generator_pyExport-noconfig.cmake
[4.578s] Invoked command in '/home/rupendra/Desktop/Tasks/Task1/build/conveyorbelt_msgs' returned '0': CMAKE_PREFIX_PATH=/opt/ros/humble VIRTUAL_ENV_PROMPT=(task1-py310) /usr/bin/cmake --install /home/rupendra/Desktop/Tasks/Task1/build/conveyorbelt_msgs
