[0.016s] Invoking command in '/home/rupendra/Desktop/Tasks/TASK-1/Task1/build/conveyorbelt_msgs': CMAKE_PREFIX_PATH=${CMAKE_PREFIX_PATH}:/opt/ros/humble /usr/bin/cmake --build /home/rupendra/Desktop/Tasks/TASK-1/Task1/build/conveyorbelt_msgs -- -j16 -l16
[0.064s] [  5%] Built target conveyorbelt_msgs__cpp
[0.064s] [ 12%] Built target conveyorbelt_msgs__rosidl_generator_c
[0.072s] [ 12%] Built target ament_cmake_python_symlink_conveyorbelt_msgs
[0.085s] [ 23%] Built target conveyorbelt_msgs__rosidl_typesupport_introspection_c
[0.085s] [ 33%] Built target conveyorbelt_msgs__rosidl_typesupport_c
[0.087s] [ 51%] Built target conveyorbelt_msgs__rosidl_typesupport_fastrtps_c
[0.088s] [ 53%] Built target conveyorbelt_msgs__rosidl_typesupport_introspection_cpp
[0.090s] [ 64%] Built target conveyorbelt_msgs__rosidl_typesupport_fastrtps_cpp
[0.097s] [ 74%] Built target conveyorbelt_msgs__rosidl_typesupport_cpp
[0.119s] [ 74%] Built target conveyorbelt_msgs
[0.141s] [ 76%] Built target conveyorbelt_msgs__py
[0.165s] [ 84%] Built target conveyorbelt_msgs__rosidl_generator_py
[0.187s] [ 97%] Built target conveyorbelt_msgs__rosidl_typesupport_c__pyext
[0.187s] [ 97%] Built target conveyorbelt_msgs__rosidl_typesupport_fastrtps_c__pyext
[0.187s] [100%] Built target conveyorbelt_msgs__rosidl_typesupport_introspection_c__pyext
[0.301s] running egg_info
[0.324s] writing conveyorbelt_msgs.egg-info/PKG-INFO
[0.325s] writing dependency_links to conveyorbelt_msgs.egg-info/dependency_links.txt
[0.325s] writing top-level names to conveyorbelt_msgs.egg-info/top_level.txt
[0.391s] reading manifest file 'conveyorbelt_msgs.egg-info/SOURCES.txt'
[0.392s] writing manifest file 'conveyorbelt_msgs.egg-info/SOURCES.txt'
[0.420s] [100%] Built target ament_cmake_python_build_conveyorbelt_msgs_egg
[0.431s] Invoked command in '/home/rupendra/Desktop/Tasks/TASK-1/Task1/build/conveyorbelt_msgs' returned '0': CMAKE_PREFIX_PATH=${CMAKE_PREFIX_PATH}:/opt/ros/humble /usr/bin/cmake --build /home/rupendra/Desktop/Tasks/TASK-1/Task1/build/conveyorbelt_msgs -- -j16 -l16
[0.432s] Invoking command in '/home/rupendra/Desktop/Tasks/TASK-1/Task1/build/conveyorbelt_msgs': CMAKE_PREFIX_PATH=${CMAKE_PREFIX_PATH}:/opt/ros/humble /usr/bin/cmake --install /home/rupendra/Desktop/Tasks/TASK-1/Task1/build/conveyorbelt_msgs
[0.440s] -- Install configuration: ""
[0.440s] -- Execute custom install script
[0.440s] -- Up-to-date symlink: /home/rupendra/Desktop/Tasks/TASK-1/Task1/install/conveyorbelt_msgs/share/conveyorbelt_msgs/msg/ConveyorBeltState.msg
[0.440s] -- Up-to-date symlink: /home/rupendra/Desktop/Tasks/TASK-1/Task1/install/conveyorbelt_msgs/share/conveyorbelt_msgs/srv/ConveyorBeltControl.srv
[0.441s] -- Up-to-date symlink: /home/rupendra/Desktop/Tasks/TASK-1/Task1/install/conveyorbelt_msgs/share/ament_index/resource_index/rosidl_interfaces/conveyorbelt_msgs
[0.441s] -- Up-to-date symlink: /home/rupendra/Desktop/Tasks/TASK-1/Task1/install/conveyorbelt_msgs/include/conveyorbelt_msgs/conveyorbelt_msgs/msg/conveyor_belt_state.h
[0.441s] -- Up-to-date symlink: /home/rupendra/Desktop/Tasks/TASK-1/Task1/install/conveyorbelt_msgs/include/conveyorbelt_msgs/conveyorbelt_msgs/msg/detail/conveyor_belt_state__functions.h
[0.441s] -- Up-to-date symlink: /home/rupendra/Desktop/Tasks/TASK-1/Task1/install/conveyorbelt_msgs/include/conveyorbelt_msgs/conveyorbelt_msgs/msg/detail/conveyor_belt_state__struct.h
[0.441s] -- Up-to-date symlink: /home/rupendra/Desktop/Tasks/TASK-1/Task1/install/conveyorbelt_msgs/include/conveyorbelt_msgs/conveyorbelt_msgs/msg/detail/conveyor_belt_state__type_support.h
[0.441s] -- Up-to-date symlink: /home/rupendra/Desktop/Tasks/TASK-1/Task1/install/conveyorbelt_msgs/include/conveyorbelt_msgs/conveyorbelt_msgs/msg/rosidl_generator_c__visibility_control.h
[0.441s] -- Up-to-date symlink: /home/rupendra/Desktop/Tasks/TASK-1/Task1/install/conveyorbelt_msgs/include/conveyorbelt_msgs/conveyorbelt_msgs/srv/conveyor_belt_control.h
[0.441s] -- Up-to-date symlink: /home/rupendra/Desktop/Tasks/TASK-1/Task1/install/conveyorbelt_msgs/include/conveyorbelt_msgs/conveyorbelt_msgs/srv/detail/conveyor_belt_control__functions.h
[0.442s] -- Up-to-date symlink: /home/rupendra/Desktop/Tasks/TASK-1/Task1/install/conveyorbelt_msgs/include/conveyorbelt_msgs/conveyorbelt_msgs/srv/detail/conveyor_belt_control__struct.h
[0.442s] -- Up-to-date symlink: /home/rupendra/Desktop/Tasks/TASK-1/Task1/install/conveyorbelt_msgs/include/conveyorbelt_msgs/conveyorbelt_msgs/srv/detail/conveyor_belt_control__type_support.h
[0.442s] -- Up-to-date symlink: /home/rupendra/Desktop/Tasks/TASK-1/Task1/install/conveyorbelt_msgs/share/conveyorbelt_msgs/environment/library_path.sh
[0.442s] -- Up-to-date symlink: /home/rupendra/Desktop/Tasks/TASK-1/Task1/install/conveyorbelt_msgs/share/conveyorbelt_msgs/environment/library_path.dsv
[0.442s] -- Up-to-date symlink: /home/rupendra/Desktop/Tasks/TASK-1/Task1/install/conveyorbelt_msgs/include/conveyorbelt_msgs/conveyorbelt_msgs/msg/detail/conveyor_belt_state__rosidl_typesupport_fastrtps_c.h
[0.442s] -- Up-to-date symlink: /home/rupendra/Desktop/Tasks/TASK-1/Task1/install/conveyorbelt_msgs/include/conveyorbelt_msgs/conveyorbelt_msgs/msg/rosidl_typesupport_fastrtps_c__visibility_control.h
[0.443s] -- Up-to-date symlink: /home/rupendra/Desktop/Tasks/TASK-1/Task1/install/conveyorbelt_msgs/include/conveyorbelt_msgs/conveyorbelt_msgs/srv/detail/conveyor_belt_control__rosidl_typesupport_fastrtps_c.h
[0.443s] -- Up-to-date symlink: /home/rupendra/Desktop/Tasks/TASK-1/Task1/install/conveyorbelt_msgs/include/conveyorbelt_msgs/conveyorbelt_msgs/msg/detail/conveyor_belt_state__rosidl_typesupport_introspection_c.h
[0.443s] -- Up-to-date symlink: /home/rupendra/Desktop/Tasks/TASK-1/Task1/install/conveyorbelt_msgs/include/conveyorbelt_msgs/conveyorbelt_msgs/msg/rosidl_typesupport_introspection_c__visibility_control.h
[0.443s] -- Up-to-date symlink: /home/rupendra/Desktop/Tasks/TASK-1/Task1/install/conveyorbelt_msgs/include/conveyorbelt_msgs/conveyorbelt_msgs/srv/detail/conveyor_belt_control__rosidl_typesupport_introspection_c.h
[0.443s] -- Up-to-date symlink: /home/rupendra/Desktop/Tasks/TASK-1/Task1/install/conveyorbelt_msgs/include/conveyorbelt_msgs/conveyorbelt_msgs/msg/conveyor_belt_state.hpp
[0.443s] -- Up-to-date symlink: /home/rupendra/Desktop/Tasks/TASK-1/Task1/install/conveyorbelt_msgs/include/conveyorbelt_msgs/conveyorbelt_msgs/msg/detail/conveyor_belt_state__builder.hpp
[0.444s] -- Up-to-date symlink: /home/rupendra/Desktop/Tasks/TASK-1/Task1/install/conveyorbelt_msgs/include/conveyorbelt_msgs/conveyorbelt_msgs/msg/detail/conveyor_belt_state__struct.hpp
[0.444s] -- Up-to-date symlink: /home/rupendra/Desktop/Tasks/TASK-1/Task1/install/conveyorbelt_msgs/include/conveyorbelt_msgs/conveyorbelt_msgs/msg/detail/conveyor_belt_state__traits.hpp
[0.444s] -- Up-to-date symlink: /home/rupendra/Desktop/Tasks/TASK-1/Task1/install/conveyorbelt_msgs/include/conveyorbelt_msgs/conveyorbelt_msgs/msg/detail/conveyor_belt_state__type_support.hpp
[0.444s] -- Up-to-date symlink: /home/rupendra/Desktop/Tasks/TASK-1/Task1/install/conveyorbelt_msgs/include/conveyorbelt_msgs/conveyorbelt_msgs/msg/rosidl_generator_cpp__visibility_control.hpp
[0.444s] -- Up-to-date symlink: /home/rupendra/Desktop/Tasks/TASK-1/Task1/install/conveyorbelt_msgs/include/conveyorbelt_msgs/conveyorbelt_msgs/srv/conveyor_belt_control.hpp
[0.444s] -- Up-to-date symlink: /home/rupendra/Desktop/Tasks/TASK-1/Task1/install/conveyorbelt_msgs/include/conveyorbelt_msgs/conveyorbelt_msgs/srv/detail/conveyor_belt_control__builder.hpp
[0.444s] -- Up-to-date symlink: /home/rupendra/Desktop/Tasks/TASK-1/Task1/install/conveyorbelt_msgs/include/conveyorbelt_msgs/conveyorbelt_msgs/srv/detail/conveyor_belt_control__struct.hpp
[0.444s] -- Up-to-date symlink: /home/rupendra/Desktop/Tasks/TASK-1/Task1/install/conveyorbelt_msgs/include/conveyorbelt_msgs/conveyorbelt_msgs/srv/detail/conveyor_belt_control__traits.hpp
[0.444s] -- Up-to-date symlink: /home/rupendra/Desktop/Tasks/TASK-1/Task1/install/conveyorbelt_msgs/include/conveyorbelt_msgs/conveyorbelt_msgs/srv/detail/conveyor_belt_control__type_support.hpp
[0.445s] -- Up-to-date symlink: /home/rupendra/Desktop/Tasks/TASK-1/Task1/install/conveyorbelt_msgs/include/conveyorbelt_msgs/conveyorbelt_msgs/msg/detail/conveyor_belt_state__rosidl_typesupport_fastrtps_cpp.hpp
[0.445s] -- Up-to-date symlink: /home/rupendra/Desktop/Tasks/TASK-1/Task1/install/conveyorbelt_msgs/include/conveyorbelt_msgs/conveyorbelt_msgs/msg/rosidl_typesupport_fastrtps_cpp__visibility_control.h
[0.445s] -- Up-to-date symlink: /home/rupendra/Desktop/Tasks/TASK-1/Task1/install/conveyorbelt_msgs/include/conveyorbelt_msgs/conveyorbelt_msgs/srv/detail/conveyor_belt_control__rosidl_typesupport_fastrtps_cpp.hpp
[0.445s] -- Up-to-date symlink: /home/rupendra/Desktop/Tasks/TASK-1/Task1/install/conveyorbelt_msgs/include/conveyorbelt_msgs/conveyorbelt_msgs/msg/detail/conveyor_belt_state__rosidl_typesupport_introspection_cpp.hpp
[0.445s] -- Up-to-date symlink: /home/rupendra/Desktop/Tasks/TASK-1/Task1/install/conveyorbelt_msgs/include/conveyorbelt_msgs/conveyorbelt_msgs/srv/detail/conveyor_belt_control__rosidl_typesupport_introspection_cpp.hpp
[0.445s] -- Up-to-date symlink: /home/rupendra/Desktop/Tasks/TASK-1/Task1/install/conveyorbelt_msgs/share/conveyorbelt_msgs/environment/pythonpath.sh
[0.446s] -- Up-to-date symlink: /home/rupendra/Desktop/Tasks/TASK-1/Task1/install/conveyorbelt_msgs/share/conveyorbelt_msgs/environment/pythonpath.dsv
[0.446s] -- Up-to-date symlink: /home/rupendra/Desktop/Tasks/TASK-1/Task1/install/conveyorbelt_msgs/local/lib/python3.10/dist-packages/conveyorbelt_msgs-0.0.0-py3.10.egg-info/PKG-INFO
[0.446s] -- Up-to-date symlink: /home/rupendra/Desktop/Tasks/TASK-1/Task1/install/conveyorbelt_msgs/local/lib/python3.10/dist-packages/conveyorbelt_msgs-0.0.0-py3.10.egg-info/SOURCES.txt
[0.446s] -- Up-to-date symlink: /home/rupendra/Desktop/Tasks/TASK-1/Task1/install/conveyorbelt_msgs/local/lib/python3.10/dist-packages/conveyorbelt_msgs-0.0.0-py3.10.egg-info/dependency_links.txt
[0.446s] -- Up-to-date symlink: /home/rupendra/Desktop/Tasks/TASK-1/Task1/install/conveyorbelt_msgs/local/lib/python3.10/dist-packages/conveyorbelt_msgs-0.0.0-py3.10.egg-info/top_level.txt
[0.447s] -- Up-to-date symlink: /home/rupendra/Desktop/Tasks/TASK-1/Task1/install/conveyorbelt_msgs/local/lib/python3.10/dist-packages/conveyorbelt_msgs/__init__.py
[0.447s] -- Up-to-date symlink: /home/rupendra/Desktop/Tasks/TASK-1/Task1/install/conveyorbelt_msgs/local/lib/python3.10/dist-packages/conveyorbelt_msgs/_conveyorbelt_msgs_s.ep.rosidl_typesupport_c.c
[0.447s] -- Up-to-date symlink: /home/rupendra/Desktop/Tasks/TASK-1/Task1/install/conveyorbelt_msgs/local/lib/python3.10/dist-packages/conveyorbelt_msgs/_conveyorbelt_msgs_s.ep.rosidl_typesupport_fastrtps_c.c
[0.447s] -- Up-to-date symlink: /home/rupendra/Desktop/Tasks/TASK-1/Task1/install/conveyorbelt_msgs/local/lib/python3.10/dist-packages/conveyorbelt_msgs/_conveyorbelt_msgs_s.ep.rosidl_typesupport_introspection_c.c
[0.447s] -- Up-to-date symlink: /home/rupendra/Desktop/Tasks/TASK-1/Task1/install/conveyorbelt_msgs/local/lib/python3.10/dist-packages/conveyorbelt_msgs/conveyorbelt_msgs_s__rosidl_typesupport_c.cpython-310-x86_64-linux-gnu.so
[0.447s] -- Up-to-date symlink: /home/rupendra/Desktop/Tasks/TASK-1/Task1/install/conveyorbelt_msgs/local/lib/python3.10/dist-packages/conveyorbelt_msgs/conveyorbelt_msgs_s__rosidl_typesupport_fastrtps_c.cpython-310-x86_64-linux-gnu.so
[0.447s] -- Up-to-date symlink: /home/rupendra/Desktop/Tasks/TASK-1/Task1/install/conveyorbelt_msgs/local/lib/python3.10/dist-packages/conveyorbelt_msgs/conveyorbelt_msgs_s__rosidl_typesupport_introspection_c.cpython-310-x86_64-linux-gnu.so
[0.447s] -- Up-to-date symlink: /home/rupendra/Desktop/Tasks/TASK-1/Task1/install/conveyorbelt_msgs/local/lib/python3.10/dist-packages/conveyorbelt_msgs/libconveyorbelt_msgs__rosidl_generator_py.so
[0.447s] -- Up-to-date symlink: /home/rupendra/Desktop/Tasks/TASK-1/Task1/install/conveyorbelt_msgs/local/lib/python3.10/dist-packages/conveyorbelt_msgs/msg/__init__.py
[0.448s] -- Up-to-date symlink: /home/rupendra/Desktop/Tasks/TASK-1/Task1/install/conveyorbelt_msgs/local/lib/python3.10/dist-packages/conveyorbelt_msgs/msg/_conveyor_belt_state.py
[0.448s] -- Up-to-date symlink: /home/rupendra/Desktop/Tasks/TASK-1/Task1/install/conveyorbelt_msgs/local/lib/python3.10/dist-packages/conveyorbelt_msgs/msg/_conveyor_belt_state_s.c
[0.448s] -- Up-to-date symlink: /home/rupendra/Desktop/Tasks/TASK-1/Task1/install/conveyorbelt_msgs/local/lib/python3.10/dist-packages/conveyorbelt_msgs/srv/__init__.py
[0.448s] -- Up-to-date symlink: /home/rupendra/Desktop/Tasks/TASK-1/Task1/install/conveyorbelt_msgs/local/lib/python3.10/dist-packages/conveyorbelt_msgs/srv/_conveyor_belt_control.py
[0.448s] -- Up-to-date symlink: /home/rupendra/Desktop/Tasks/TASK-1/Task1/install/conveyorbelt_msgs/local/lib/python3.10/dist-packages/conveyorbelt_msgs/srv/_conveyor_belt_control_s.c
[0.448s] -- Up-to-date symlink: /home/rupendra/Desktop/Tasks/TASK-1/Task1/install/conveyorbelt_msgs/local/lib/python3.10/dist-packages/conveyorbelt_msgs/conveyorbelt_msgs_s__rosidl_typesupport_fastrtps_c.cpython-310-x86_64-linux-gnu.so
[0.448s] -- Up-to-date symlink: /home/rupendra/Desktop/Tasks/TASK-1/Task1/install/conveyorbelt_msgs/local/lib/python3.10/dist-packages/conveyorbelt_msgs/conveyorbelt_msgs_s__rosidl_typesupport_introspection_c.cpython-310-x86_64-linux-gnu.so
[0.449s] -- Up-to-date symlink: /home/rupendra/Desktop/Tasks/TASK-1/Task1/install/conveyorbelt_msgs/local/lib/python3.10/dist-packages/conveyorbelt_msgs/conveyorbelt_msgs_s__rosidl_typesupport_c.cpython-310-x86_64-linux-gnu.so
[0.449s] -- Up-to-date symlink: /home/rupendra/Desktop/Tasks/TASK-1/Task1/install/conveyorbelt_msgs/share/conveyorbelt_msgs/msg/ConveyorBeltState.idl
[0.449s] -- Up-to-date symlink: /home/rupendra/Desktop/Tasks/TASK-1/Task1/install/conveyorbelt_msgs/share/conveyorbelt_msgs/srv/ConveyorBeltControl.idl
[0.449s] -- Up-to-date symlink: /home/rupendra/Desktop/Tasks/TASK-1/Task1/install/conveyorbelt_msgs/share/conveyorbelt_msgs/msg/ConveyorBeltState.msg
[0.449s] -- Up-to-date symlink: /home/rupendra/Desktop/Tasks/TASK-1/Task1/install/conveyorbelt_msgs/share/conveyorbelt_msgs/srv/ConveyorBeltControl.srv
[0.449s] -- Up-to-date symlink: /home/rupendra/Desktop/Tasks/TASK-1/Task1/install/conveyorbelt_msgs/share/conveyorbelt_msgs/srv/ConveyorBeltControl_Request.msg
[0.449s] -- Up-to-date symlink: /home/rupendra/Desktop/Tasks/TASK-1/Task1/install/conveyorbelt_msgs/share/conveyorbelt_msgs/srv/ConveyorBeltControl_Response.msg
[0.449s] -- Up-to-date symlink: /home/rupendra/Desktop/Tasks/TASK-1/Task1/install/conveyorbelt_msgs/share/ament_index/resource_index/package_run_dependencies/conveyorbelt_msgs
[0.450s] -- Up-to-date symlink: /home/rupendra/Desktop/Tasks/TASK-1/Task1/install/conveyorbelt_msgs/share/ament_index/resource_index/parent_prefix_path/conveyorbelt_msgs
[0.450s] -- Up-to-date symlink: /home/rupendra/Desktop/Tasks/TASK-1/Task1/install/conveyorbelt_msgs/share/conveyorbelt_msgs/environment/ament_prefix_path.sh
[0.450s] -- Up-to-date symlink: /home/rupendra/Desktop/Tasks/TASK-1/Task1/install/conveyorbelt_msgs/share/conveyorbelt_msgs/environment/ament_prefix_path.dsv
[0.450s] -- Up-to-date symlink: /home/rupendra/Desktop/Tasks/TASK-1/Task1/install/conveyorbelt_msgs/share/conveyorbelt_msgs/environment/path.sh
[0.450s] -- Up-to-date symlink: /home/rupendra/Desktop/Tasks/TASK-1/Task1/install/conveyorbelt_msgs/share/conveyorbelt_msgs/environment/path.dsv
[0.450s] -- Up-to-date symlink: /home/rupendra/Desktop/Tasks/TASK-1/Task1/install/conveyorbelt_msgs/share/conveyorbelt_msgs/local_setup.bash
[0.450s] -- Up-to-date symlink: /home/rupendra/Desktop/Tasks/TASK-1/Task1/install/conveyorbelt_msgs/share/conveyorbelt_msgs/local_setup.sh
[0.450s] -- Up-to-date symlink: /home/rupendra/Desktop/Tasks/TASK-1/Task1/install/conveyorbelt_msgs/share/conveyorbelt_msgs/local_setup.zsh
[0.450s] -- Up-to-date symlink: /home/rupendra/Desktop/Tasks/TASK-1/Task1/install/conveyorbelt_msgs/share/conveyorbelt_msgs/local_setup.dsv
[0.450s] -- Symlinking: /home/rupendra/Desktop/Tasks/TASK-1/Task1/install/conveyorbelt_msgs/share/conveyorbelt_msgs/package.dsv
[0.459s] -- Up-to-date symlink: /home/rupendra/Desktop/Tasks/TASK-1/Task1/install/conveyorbelt_msgs/share/ament_index/resource_index/packages/conveyorbelt_msgs
[0.459s] -- Up-to-date symlink: /home/rupendra/Desktop/Tasks/TASK-1/Task1/install/conveyorbelt_msgs/share/conveyorbelt_msgs/cmake/rosidl_cmake-extras.cmake
[0.460s] -- Up-to-date symlink: /home/rupendra/Desktop/Tasks/TASK-1/Task1/install/conveyorbelt_msgs/share/conveyorbelt_msgs/cmake/ament_cmake_export_include_directories-extras.cmake
[0.460s] -- Up-to-date symlink: /home/rupendra/Desktop/Tasks/TASK-1/Task1/install/conveyorbelt_msgs/share/conveyorbelt_msgs/cmake/ament_cmake_export_libraries-extras.cmake
[0.460s] -- Up-to-date symlink: /home/rupendra/Desktop/Tasks/TASK-1/Task1/install/conveyorbelt_msgs/share/conveyorbelt_msgs/cmake/ament_cmake_export_targets-extras.cmake
[0.460s] -- Up-to-date symlink: /home/rupendra/Desktop/Tasks/TASK-1/Task1/install/conveyorbelt_msgs/share/conveyorbelt_msgs/cmake/rosidl_cmake_export_typesupport_targets-extras.cmake
[0.460s] -- Up-to-date symlink: /home/rupendra/Desktop/Tasks/TASK-1/Task1/install/conveyorbelt_msgs/share/conveyorbelt_msgs/cmake/ament_cmake_export_dependencies-extras.cmake
[0.460s] -- Up-to-date symlink: /home/rupendra/Desktop/Tasks/TASK-1/Task1/install/conveyorbelt_msgs/share/conveyorbelt_msgs/cmake/rosidl_cmake_export_typesupport_libraries-extras.cmake
[0.460s] -- Up-to-date symlink: /home/rupendra/Desktop/Tasks/TASK-1/Task1/install/conveyorbelt_msgs/share/conveyorbelt_msgs/cmake/conveyorbelt_msgsConfig.cmake
[0.460s] -- Up-to-date symlink: /home/rupendra/Desktop/Tasks/TASK-1/Task1/install/conveyorbelt_msgs/share/conveyorbelt_msgs/cmake/conveyorbelt_msgsConfig-version.cmake
[0.460s] -- Up-to-date symlink: /home/rupendra/Desktop/Tasks/TASK-1/Task1/install/conveyorbelt_msgs/share/conveyorbelt_msgs/package.xml
[0.461s] -- Up-to-date: /home/rupendra/Desktop/Tasks/TASK-1/Task1/install/conveyorbelt_msgs/lib/libconveyorbelt_msgs__rosidl_generator_c.so
[0.461s] -- Up-to-date: /home/rupendra/Desktop/Tasks/TASK-1/Task1/install/conveyorbelt_msgs/lib/libconveyorbelt_msgs__rosidl_typesupport_fastrtps_c.so
[0.461s] -- Up-to-date: /home/rupendra/Desktop/Tasks/TASK-1/Task1/install/conveyorbelt_msgs/lib/libconveyorbelt_msgs__rosidl_typesupport_introspection_c.so
[0.461s] -- Up-to-date: /home/rupendra/Desktop/Tasks/TASK-1/Task1/install/conveyorbelt_msgs/lib/libconveyorbelt_msgs__rosidl_typesupport_c.so
[0.462s] -- Up-to-date: /home/rupendra/Desktop/Tasks/TASK-1/Task1/install/conveyorbelt_msgs/lib/libconveyorbelt_msgs__rosidl_typesupport_fastrtps_cpp.so
[0.462s] -- Up-to-date: /home/rupendra/Desktop/Tasks/TASK-1/Task1/install/conveyorbelt_msgs/lib/libconveyorbelt_msgs__rosidl_typesupport_introspection_cpp.so
[0.462s] -- Up-to-date: /home/rupendra/Desktop/Tasks/TASK-1/Task1/install/conveyorbelt_msgs/lib/libconveyorbelt_msgs__rosidl_typesupport_cpp.so
[0.490s] Listing '/home/rupendra/Desktop/Tasks/TASK-1/Task1/install/conveyorbelt_msgs/local/lib/python3.10/dist-packages/conveyorbelt_msgs'...
[0.490s] Listing '/home/rupendra/Desktop/Tasks/TASK-1/Task1/install/conveyorbelt_msgs/local/lib/python3.10/dist-packages/conveyorbelt_msgs/msg'...
[0.490s] Listing '/home/rupendra/Desktop/Tasks/TASK-1/Task1/install/conveyorbelt_msgs/local/lib/python3.10/dist-packages/conveyorbelt_msgs/srv'...
[0.494s] -- Up-to-date: /home/rupendra/Desktop/Tasks/TASK-1/Task1/install/conveyorbelt_msgs/lib/libconveyorbelt_msgs__rosidl_generator_py.so
[0.495s] -- Up-to-date: /home/rupendra/Desktop/Tasks/TASK-1/Task1/install/conveyorbelt_msgs/share/conveyorbelt_msgs/cmake/export_conveyorbelt_msgs__rosidl_generator_cExport.cmake
[0.495s] -- Up-to-date: /home/rupendra/Desktop/Tasks/TASK-1/Task1/install/conveyorbelt_msgs/share/conveyorbelt_msgs/cmake/export_conveyorbelt_msgs__rosidl_generator_cExport-noconfig.cmake
[0.495s] -- Up-to-date: /home/rupendra/Desktop/Tasks/TASK-1/Task1/install/conveyorbelt_msgs/share/conveyorbelt_msgs/cmake/export_conveyorbelt_msgs__rosidl_typesupport_fastrtps_cExport.cmake
[0.495s] -- Up-to-date: /home/rupendra/Desktop/Tasks/TASK-1/Task1/install/conveyorbelt_msgs/share/conveyorbelt_msgs/cmake/export_conveyorbelt_msgs__rosidl_typesupport_fastrtps_cExport-noconfig.cmake
[0.495s] -- Up-to-date: /home/rupendra/Desktop/Tasks/TASK-1/Task1/install/conveyorbelt_msgs/share/conveyorbelt_msgs/cmake/conveyorbelt_msgs__rosidl_typesupport_introspection_cExport.cmake
[0.495s] -- Up-to-date: /home/rupendra/Desktop/Tasks/TASK-1/Task1/install/conveyorbelt_msgs/share/conveyorbelt_msgs/cmake/conveyorbelt_msgs__rosidl_typesupport_introspection_cExport-noconfig.cmake
[0.495s] -- Up-to-date: /home/rupendra/Desktop/Tasks/TASK-1/Task1/install/conveyorbelt_msgs/share/conveyorbelt_msgs/cmake/conveyorbelt_msgs__rosidl_typesupport_cExport.cmake
[0.495s] -- Up-to-date: /home/rupendra/Desktop/Tasks/TASK-1/Task1/install/conveyorbelt_msgs/share/conveyorbelt_msgs/cmake/conveyorbelt_msgs__rosidl_typesupport_cExport-noconfig.cmake
[0.496s] -- Up-to-date: /home/rupendra/Desktop/Tasks/TASK-1/Task1/install/conveyorbelt_msgs/share/conveyorbelt_msgs/cmake/export_conveyorbelt_msgs__rosidl_generator_cppExport.cmake
[0.496s] -- Up-to-date: /home/rupendra/Desktop/Tasks/TASK-1/Task1/install/conveyorbelt_msgs/share/conveyorbelt_msgs/cmake/export_conveyorbelt_msgs__rosidl_typesupport_fastrtps_cppExport.cmake
[0.496s] -- Up-to-date: /home/rupendra/Desktop/Tasks/TASK-1/Task1/install/conveyorbelt_msgs/share/conveyorbelt_msgs/cmake/export_conveyorbelt_msgs__rosidl_typesupport_fastrtps_cppExport-noconfig.cmake
[0.496s] -- Up-to-date: /home/rupendra/Desktop/Tasks/TASK-1/Task1/install/conveyorbelt_msgs/share/conveyorbelt_msgs/cmake/conveyorbelt_msgs__rosidl_typesupport_introspection_cppExport.cmake
[0.496s] -- Up-to-date: /home/rupendra/Desktop/Tasks/TASK-1/Task1/install/conveyorbelt_msgs/share/conveyorbelt_msgs/cmake/conveyorbelt_msgs__rosidl_typesupport_introspection_cppExport-noconfig.cmake
[0.496s] -- Up-to-date: /home/rupendra/Desktop/Tasks/TASK-1/Task1/install/conveyorbelt_msgs/share/conveyorbelt_msgs/cmake/conveyorbelt_msgs__rosidl_typesupport_cppExport.cmake
[0.496s] -- Up-to-date: /home/rupendra/Desktop/Tasks/TASK-1/Task1/install/conveyorbelt_msgs/share/conveyorbelt_msgs/cmake/conveyorbelt_msgs__rosidl_typesupport_cppExport-noconfig.cmake
[0.496s] -- Up-to-date: /home/rupendra/Desktop/Tasks/TASK-1/Task1/install/conveyorbelt_msgs/share/conveyorbelt_msgs/cmake/export_conveyorbelt_msgs__rosidl_generator_pyExport.cmake
[0.496s] -- Up-to-date: /home/rupendra/Desktop/Tasks/TASK-1/Task1/install/conveyorbelt_msgs/share/conveyorbelt_msgs/cmake/export_conveyorbelt_msgs__rosidl_generator_pyExport-noconfig.cmake
[0.499s] Invoked command in '/home/rupendra/Desktop/Tasks/TASK-1/Task1/build/conveyorbelt_msgs' returned '0': CMAKE_PREFIX_PATH=${CMAKE_PREFIX_PATH}:/opt/ros/humble /usr/bin/cmake --install /home/rupendra/Desktop/Tasks/TASK-1/Task1/build/conveyorbelt_msgs
