[0.008s] Invoking command in '/home/rupendra/Desktop/Tasks/TASK-1/Task1/build/ros2_conveyorbelt': CMAKE_PREFIX_PATH=/home/rupendra/Desktop/Tasks/TASK-1/Task1/install/conveyorbelt_msgs:/home/rupendra/Desktop/Tasks/TASK-1/Task1/install/ros2_conveyorbelt:/home/rupendra/Desktop/Tasks/TASK-1/Task1/install/industrial_warehouse_gazebo:/opt/ros/humble LD_LIBRARY_PATH=/home/rupendra/Desktop/Tasks/TASK-1/Task1/install/conveyorbelt_msgs/lib:/home/rupendra/Desktop/Tasks/TASK-1/Task1/install/ros2_conveyorbelt/lib:/usr/local/cuda/lib64:/usr/lib/x86_64-linux-gnu/gazebo-11/plugins:/opt/ros/humble/opt/rviz_ogre_vendor/lib:/opt/ros/humble/lib/x86_64-linux-gnu:/opt/ros/humble/lib /usr/bin/cmake /home/rupendra/Desktop/Tasks/TASK-1/Task1/src/ros2_conveyorbelt -DCMAKE_INSTALL_PREFIX=/home/rupendra/Desktop/Tasks/TASK-1/Task1/install/ros2_conveyorbelt
[0.064s] -- The C compiler identification is GNU 11.4.0
[0.115s] -- The CXX compiler identification is GNU 11.4.0
[0.123s] -- Detecting C compiler ABI info
[0.189s] -- Detecting C compiler ABI info - done
[0.194s] -- Check for working C compiler: /usr/bin/cc - skipped
[0.194s] -- Detecting C compile features
[0.194s] -- Detecting C compile features - done
[0.196s] -- Detecting CXX compiler ABI info
[0.272s] -- Detecting CXX compiler ABI info - done
[0.278s] -- Check for working CXX compiler: /usr/bin/c++ - skipped
[0.278s] -- Detecting CXX compile features
[0.278s] -- Detecting CXX compile features - done
[0.280s] -- Found ament_cmake: 1.3.12 (/opt/ros/humble/share/ament_cmake/cmake)
[0.622s] -- Found Python3: /usr/bin/python3 (found version "3.10.12") found components: Interpreter 
[0.699s] -- Found ament_lint_auto: 0.12.14 (/opt/ros/humble/share/ament_lint_auto/cmake)
[0.780s] -- Found gazebo_ros: 3.9.0 (/opt/ros/humble/share/gazebo_ros/cmake)
[0.817s] -- Found rosidl_generator_c: 3.1.7 (/opt/ros/humble/share/rosidl_generator_c/cmake)
[0.820s] -- Found rosidl_adapter: 3.1.7 (/opt/ros/humble/share/rosidl_adapter/cmake)
[0.827s] -- Found rosidl_generator_cpp: 3.1.7 (/opt/ros/humble/share/rosidl_generator_cpp/cmake)
[0.837s] -- Using all available rosidl_typesupport_c: rosidl_typesupport_fastrtps_c;rosidl_typesupport_introspection_c
[0.850s] -- Using all available rosidl_typesupport_cpp: rosidl_typesupport_fastrtps_cpp;rosidl_typesupport_introspection_cpp
[0.884s] -- Found rmw_implementation_cmake: 6.1.2 (/opt/ros/humble/share/rmw_implementation_cmake/cmake)
[0.886s] -- Found rmw_cyclonedds_cpp: 1.3.4 (/opt/ros/humble/share/rmw_cyclonedds_cpp/cmake)
[0.903s] -- Using RMW implementation 'rmw_cyclonedds_cpp' as default
[0.910s] -- Looking for pthread.h
[0.986s] -- Looking for pthread.h - found
[0.986s] -- Performing Test CMAKE_HAVE_LIBC_PTHREAD
[1.057s] -- Performing Test CMAKE_HAVE_LIBC_PTHREAD - Success
[1.058s] -- Found Threads: TRUE  
[1.105s] -- Found PkgConfig: /usr/bin/pkg-config (found version "0.29.2") 
[1.106s] -- Checking for module 'bullet>=2.82'
[1.122s] --   Found bullet, version 3.05
[1.255s] -- Found fcl: /usr/include (found suitable version "0.7.0", minimum required is "0.5.0") 
[1.315s] -- Found assimp: /usr/include (found version "5.2.0") 
[1.331s] -- Found DART: /usr/include (Required is at least version "6.6") found components: dart 
[1.353s] -- Found Boost: /usr/lib/x86_64-linux-gnu/cmake/Boost-1.74.0/BoostConfig.cmake (found suitable version "1.74.0", minimum required is "1.40.0") found components: thread system filesystem program_options regex iostreams date_time 
[1.369s] -- Found Protobuf: /usr/lib/x86_64-linux-gnu/libprotobuf.so (found version "3.12.4") 
[1.373s] -- Looking for ignition-math6 -- found version 6.15.1
[1.378s] -- Searching for dependencies of ignition-math6
[1.379s] -- Looking for OGRE...
[1.379s] -- OGRE_PREFIX_WATCH changed.
[1.385s] -- Checking for module 'OGRE'
[1.400s] --   Found OGRE, version 1.9.0
[1.439s] -- Found Ogre Ghadamon (1.9.0)
[1.451s] -- Found OGRE: optimized;/usr/lib/x86_64-linux-gnu/libOgreMain.so;debug;/usr/lib/x86_64-linux-gnu/libOgreMain.so
[1.458s] -- Looking for OGRE_Paging...
[1.465s] -- Found OGRE_Paging: optimized;/usr/lib/x86_64-linux-gnu/libOgrePaging.so;debug;/usr/lib/x86_64-linux-gnu/libOgrePaging.so
[1.465s] -- Looking for OGRE_Terrain...
[1.469s] -- Found OGRE_Terrain: optimized;/usr/lib/x86_64-linux-gnu/libOgreTerrain.so;debug;/usr/lib/x86_64-linux-gnu/libOgreTerrain.so
[1.469s] -- Looking for OGRE_Property...
[1.473s] -- Found OGRE_Property: optimized;/usr/lib/x86_64-linux-gnu/libOgreProperty.so;debug;/usr/lib/x86_64-linux-gnu/libOgreProperty.so
[1.474s] -- Looking for OGRE_RTShaderSystem...
[1.478s] -- Found OGRE_RTShaderSystem: optimized;/usr/lib/x86_64-linux-gnu/libOgreRTShaderSystem.so;debug;/usr/lib/x86_64-linux-gnu/libOgreRTShaderSystem.so
[1.478s] -- Looking for OGRE_Volume...
[1.482s] -- Found OGRE_Volume: optimized;/usr/lib/x86_64-linux-gnu/libOgreVolume.so;debug;/usr/lib/x86_64-linux-gnu/libOgreVolume.so
[1.482s] -- Looking for OGRE_Overlay...
[1.486s] -- Found OGRE_Overlay: optimized;/usr/lib/x86_64-linux-gnu/libOgreOverlay.so;debug;/usr/lib/x86_64-linux-gnu/libOgreOverlay.so
[1.582s] -- Looking for ignition-math6 -- found version 6.15.1
[1.584s] -- Looking for ignition-transport8 -- found version 8.2.1
[1.585s] -- Searching for dependencies of ignition-transport8
[1.604s] -- Found Protobuf: /usr/lib/x86_64-linux-gnu/libprotobuf.so (found suitable version "3.12.4", minimum required is "3") 
[1.614s] -- Config-file not installed for ZeroMQ -- checking for pkg-config
[1.620s] -- Checking for module 'libzmq >= 4'
[1.634s] --   Found libzmq , version 4.3.4
[1.679s] -- Found ZeroMQ: TRUE (Required is at least version "4") 
[1.685s] -- Checking for module 'uuid'
[1.698s] --   Found uuid, version 2.37.2
[1.736s] -- Found UUID: TRUE  
[1.738s] -- Looking for ignition-msgs5 -- found version 5.8.1
[1.738s] -- Searching for dependencies of ignition-msgs5
[1.757s] -- Looking for ignition-math6 -- found version 6.15.1
[1.763s] -- Checking for module 'tinyxml2'
[1.780s] --   Found tinyxml2, version 9.0.0
[1.819s] -- Looking for ignition-msgs5 -- found version 5.8.1
[1.821s] -- Looking for ignition-common3 -- found version 3.14.0
[1.822s] -- Searching for dependencies of ignition-common3
[1.822s] -- Looking for dlfcn.h - found
[1.823s] -- Looking for libdl - found
[1.824s] -- Found DL: TRUE  
[1.835s] -- Found tinyobjloader: /usr/lib/x86_64-linux-gnu/cmake/tinyobjloader/tinyobjloader-config.cmake (found version "2.0.0") 
[1.835s] -- Searching for <ignition-common3> component [graphics]
[1.837s] -- Looking for ignition-common3-graphics -- found version 3.14.0
[1.837s] -- Searching for dependencies of ignition-common3-graphics
[1.838s] -- Looking for ignition-math6 -- found version 6.15.1
[1.840s] -- Looking for ignition-fuel_tools4 -- found version 4.4.0
[1.840s] -- Searching for dependencies of ignition-fuel_tools4
[1.930s] -- Found CURL: /usr/lib/x86_64-linux-gnu/libcurl.so (found version "7.81.0")  
[1.938s] -- Checking for module 'jsoncpp'
[1.951s] --   Found jsoncpp, version 1.9.5
[1.991s] -- Found JSONCPP: TRUE  
[1.996s] -- Checking for module 'libzip'
[2.011s] --   Found libzip, version 1.7.3
[2.054s] -- Found ZIP: TRUE  
[2.054s] -- Looking for ignition-common3 -- found version 3.14.0
[2.054s] -- Looking for ignition-math6 -- found version 6.15.1
[2.054s] -- Looking for ignition-msgs5 -- found version 5.8.1
[2.057s] -- Gazebo version: 11.10
[2.058s] -- Checking for module 'tbb'
[2.072s] --   Found tbb, version 2021.5.0
[2.112s] -- Found gazebo_msgs: 3.9.0 (/opt/ros/humble/share/gazebo_msgs/cmake)
[2.149s] -- Found conveyorbelt_msgs: 0.0.0 (/home/rupendra/Desktop/Tasks/TASK-1/Task1/install/conveyorbelt_msgs/share/conveyorbelt_msgs/cmake)
[2.162s] -- Added test 'copyright' to check source files copyright and LICENSE
[2.164s] -- Added test 'cppcheck' to perform static code analysis on C / C++ code
[2.164s] -- Configured cppcheck include dirs: /home/rupendra/Desktop/Tasks/TASK-1/Task1/src/ros2_conveyorbelt/include
[2.164s] -- Configured cppcheck exclude dirs and/or files: 
[2.165s] -- Added test 'cpplint' to check C / C++ code against the Google style
[2.165s] -- Configured cpplint exclude dirs and/or files: 
[2.165s] -- Added test 'flake8' to check Python code syntax and style conventions
[2.166s] -- Added test 'lint_cmake' to check CMake code style
[2.166s] -- Added test 'pep257' to check Python code against some of the docstring style conventions in PEP 257
[2.167s] -- Added test 'uncrustify' to check C / C++ code style
[2.167s] -- Configured uncrustify additional arguments: 
[2.167s] -- Added test 'xmllint' to check XML markup files
[2.169s] -- Configuring done
[2.197s] -- Generating done
[2.202s] -- Build files have been written to: /home/rupendra/Desktop/Tasks/TASK-1/Task1/build/ros2_conveyorbelt
[2.214s] Invoked command in '/home/rupendra/Desktop/Tasks/TASK-1/Task1/build/ros2_conveyorbelt' returned '0': CMAKE_PREFIX_PATH=/home/rupendra/Desktop/Tasks/TASK-1/Task1/install/conveyorbelt_msgs:/home/rupendra/Desktop/Tasks/TASK-1/Task1/install/ros2_conveyorbelt:/home/rupendra/Desktop/Tasks/TASK-1/Task1/install/industrial_warehouse_gazebo:/opt/ros/humble LD_LIBRARY_PATH=/home/rupendra/Desktop/Tasks/TASK-1/Task1/install/conveyorbelt_msgs/lib:/home/rupendra/Desktop/Tasks/TASK-1/Task1/install/ros2_conveyorbelt/lib:/usr/local/cuda/lib64:/usr/lib/x86_64-linux-gnu/gazebo-11/plugins:/opt/ros/humble/opt/rviz_ogre_vendor/lib:/opt/ros/humble/lib/x86_64-linux-gnu:/opt/ros/humble/lib /usr/bin/cmake /home/rupendra/Desktop/Tasks/TASK-1/Task1/src/ros2_conveyorbelt -DCMAKE_INSTALL_PREFIX=/home/rupendra/Desktop/Tasks/TASK-1/Task1/install/ros2_conveyorbelt
[2.216s] Invoking command in '/home/rupendra/Desktop/Tasks/TASK-1/Task1/build/ros2_conveyorbelt': CMAKE_PREFIX_PATH=/home/rupendra/Desktop/Tasks/TASK-1/Task1/install/conveyorbelt_msgs:/home/rupendra/Desktop/Tasks/TASK-1/Task1/install/ros2_conveyorbelt:/home/rupendra/Desktop/Tasks/TASK-1/Task1/install/industrial_warehouse_gazebo:/opt/ros/humble LD_LIBRARY_PATH=/home/rupendra/Desktop/Tasks/TASK-1/Task1/install/conveyorbelt_msgs/lib:/home/rupendra/Desktop/Tasks/TASK-1/Task1/install/ros2_conveyorbelt/lib:/usr/local/cuda/lib64:/usr/lib/x86_64-linux-gnu/gazebo-11/plugins:/opt/ros/humble/opt/rviz_ogre_vendor/lib:/opt/ros/humble/lib/x86_64-linux-gnu:/opt/ros/humble/lib /usr/bin/cmake --build /home/rupendra/Desktop/Tasks/TASK-1/Task1/build/ros2_conveyorbelt -- -j16 -l16
[2.268s] [ 50%] [32mBuilding CXX object CMakeFiles/ros2_conveyorbelt_plugin.dir/src/ros2_conveyorbelt_plugin.cpp.o[0m
[12.589s] [100%] [32m[1mLinking CXX shared library libros2_conveyorbelt_plugin.so[0m
[13.104s] [100%] Built target ros2_conveyorbelt_plugin
[13.115s] Invoked command in '/home/rupendra/Desktop/Tasks/TASK-1/Task1/build/ros2_conveyorbelt' returned '0': CMAKE_PREFIX_PATH=/home/rupendra/Desktop/Tasks/TASK-1/Task1/install/conveyorbelt_msgs:/home/rupendra/Desktop/Tasks/TASK-1/Task1/install/ros2_conveyorbelt:/home/rupendra/Desktop/Tasks/TASK-1/Task1/install/industrial_warehouse_gazebo:/opt/ros/humble LD_LIBRARY_PATH=/home/rupendra/Desktop/Tasks/TASK-1/Task1/install/conveyorbelt_msgs/lib:/home/rupendra/Desktop/Tasks/TASK-1/Task1/install/ros2_conveyorbelt/lib:/usr/local/cuda/lib64:/usr/lib/x86_64-linux-gnu/gazebo-11/plugins:/opt/ros/humble/opt/rviz_ogre_vendor/lib:/opt/ros/humble/lib/x86_64-linux-gnu:/opt/ros/humble/lib /usr/bin/cmake --build /home/rupendra/Desktop/Tasks/TASK-1/Task1/build/ros2_conveyorbelt -- -j16 -l16
[13.116s] Invoking command in '/home/rupendra/Desktop/Tasks/TASK-1/Task1/build/ros2_conveyorbelt': CMAKE_PREFIX_PATH=/home/rupendra/Desktop/Tasks/TASK-1/Task1/install/conveyorbelt_msgs:/home/rupendra/Desktop/Tasks/TASK-1/Task1/install/ros2_conveyorbelt:/home/rupendra/Desktop/Tasks/TASK-1/Task1/install/industrial_warehouse_gazebo:/opt/ros/humble LD_LIBRARY_PATH=/home/rupendra/Desktop/Tasks/TASK-1/Task1/install/conveyorbelt_msgs/lib:/home/rupendra/Desktop/Tasks/TASK-1/Task1/install/ros2_conveyorbelt/lib:/usr/local/cuda/lib64:/usr/lib/x86_64-linux-gnu/gazebo-11/plugins:/opt/ros/humble/opt/rviz_ogre_vendor/lib:/opt/ros/humble/lib/x86_64-linux-gnu:/opt/ros/humble/lib /usr/bin/cmake --install /home/rupendra/Desktop/Tasks/TASK-1/Task1/build/ros2_conveyorbelt
[13.124s] -- Install configuration: ""
[13.124s] -- Installing: /home/rupendra/Desktop/Tasks/TASK-1/Task1/install/ros2_conveyorbelt/share/ros2_conveyorbelt/environment/library_path.sh
[13.124s] -- Installing: /home/rupendra/Desktop/Tasks/TASK-1/Task1/install/ros2_conveyorbelt/share/ros2_conveyorbelt/environment/library_path.dsv
[13.124s] -- Installing: /home/rupendra/Desktop/Tasks/TASK-1/Task1/install/ros2_conveyorbelt/lib/libros2_conveyorbelt_plugin.so
[13.129s] -- Set runtime path of "/home/rupendra/Desktop/Tasks/TASK-1/Task1/install/ros2_conveyorbelt/lib/libros2_conveyorbelt_plugin.so" to ""
[13.129s] -- Installing: /home/rupendra/Desktop/Tasks/TASK-1/Task1/install/ros2_conveyorbelt/share/ros2_conveyorbelt/python
[13.129s] -- Installing: /home/rupendra/Desktop/Tasks/TASK-1/Task1/install/ros2_conveyorbelt/share/ros2_conveyorbelt/python/SpawnObject.py
[13.129s] -- Installing: /home/rupendra/Desktop/Tasks/TASK-1/Task1/install/ros2_conveyorbelt/lib/ros2_conveyorbelt/SpawnObject.py
[13.129s] -- Installing: /home/rupendra/Desktop/Tasks/TASK-1/Task1/install/ros2_conveyorbelt/share/ament_index/resource_index/package_run_dependencies/ros2_conveyorbelt
[13.129s] -- Installing: /home/rupendra/Desktop/Tasks/TASK-1/Task1/install/ros2_conveyorbelt/share/ament_index/resource_index/parent_prefix_path/ros2_conveyorbelt
[13.130s] -- Installing: /home/rupendra/Desktop/Tasks/TASK-1/Task1/install/ros2_conveyorbelt/share/ros2_conveyorbelt/environment/ament_prefix_path.sh
[13.130s] -- Installing: /home/rupendra/Desktop/Tasks/TASK-1/Task1/install/ros2_conveyorbelt/share/ros2_conveyorbelt/environment/ament_prefix_path.dsv
[13.130s] -- Installing: /home/rupendra/Desktop/Tasks/TASK-1/Task1/install/ros2_conveyorbelt/share/ros2_conveyorbelt/environment/path.sh
[13.130s] -- Installing: /home/rupendra/Desktop/Tasks/TASK-1/Task1/install/ros2_conveyorbelt/share/ros2_conveyorbelt/environment/path.dsv
[13.130s] -- Installing: /home/rupendra/Desktop/Tasks/TASK-1/Task1/install/ros2_conveyorbelt/share/ros2_conveyorbelt/local_setup.bash
[13.130s] -- Installing: /home/rupendra/Desktop/Tasks/TASK-1/Task1/install/ros2_conveyorbelt/share/ros2_conveyorbelt/local_setup.sh
[13.130s] -- Installing: /home/rupendra/Desktop/Tasks/TASK-1/Task1/install/ros2_conveyorbelt/share/ros2_conveyorbelt/local_setup.zsh
[13.130s] -- Installing: /home/rupendra/Desktop/Tasks/TASK-1/Task1/install/ros2_conveyorbelt/share/ros2_conveyorbelt/local_setup.dsv
[13.131s] -- Installing: /home/rupendra/Desktop/Tasks/TASK-1/Task1/install/ros2_conveyorbelt/share/ros2_conveyorbelt/package.dsv
[13.131s] -- Installing: /home/rupendra/Desktop/Tasks/TASK-1/Task1/install/ros2_conveyorbelt/share/ament_index/resource_index/packages/ros2_conveyorbelt
[13.131s] -- Installing: /home/rupendra/Desktop/Tasks/TASK-1/Task1/install/ros2_conveyorbelt/share/ros2_conveyorbelt/cmake/ament_cmake_export_libraries-extras.cmake
[13.131s] -- Installing: /home/rupendra/Desktop/Tasks/TASK-1/Task1/install/ros2_conveyorbelt/share/ros2_conveyorbelt/cmake/ros2_conveyorbeltConfig.cmake
[13.131s] -- Installing: /home/rupendra/Desktop/Tasks/TASK-1/Task1/install/ros2_conveyorbelt/share/ros2_conveyorbelt/cmake/ros2_conveyorbeltConfig-version.cmake
[13.131s] -- Installing: /home/rupendra/Desktop/Tasks/TASK-1/Task1/install/ros2_conveyorbelt/share/ros2_conveyorbelt/package.xml
[13.134s] Invoked command in '/home/rupendra/Desktop/Tasks/TASK-1/Task1/build/ros2_conveyorbelt' returned '0': CMAKE_PREFIX_PATH=/home/rupendra/Desktop/Tasks/TASK-1/Task1/install/conveyorbelt_msgs:/home/rupendra/Desktop/Tasks/TASK-1/Task1/install/ros2_conveyorbelt:/home/rupendra/Desktop/Tasks/TASK-1/Task1/install/industrial_warehouse_gazebo:/opt/ros/humble LD_LIBRARY_PATH=/home/rupendra/Desktop/Tasks/TASK-1/Task1/install/conveyorbelt_msgs/lib:/home/rupendra/Desktop/Tasks/TASK-1/Task1/install/ros2_conveyorbelt/lib:/usr/local/cuda/lib64:/usr/lib/x86_64-linux-gnu/gazebo-11/plugins:/opt/ros/humble/opt/rviz_ogre_vendor/lib:/opt/ros/humble/lib/x86_64-linux-gnu:/opt/ros/humble/lib /usr/bin/cmake --install /home/rupendra/Desktop/Tasks/TASK-1/Task1/build/ros2_conveyorbelt
