[0.013s] Invoking command in '/home/rupendra/Desktop/Tasks/Task1/build/ros2_conveyorbelt': AMENT_PREFIX_PATH=/home/rupendra/Desktop/Tasks/Task1/install/conveyorbelt_msgs:${AMENT_PREFIX_PATH} CMAKE_PREFIX_PATH=/home/rupendra/Desktop/Tasks/Task1/install/conveyorbelt_msgs:/opt/ros/humble LD_LIBRARY_PATH=/home/rupendra/Desktop/Tasks/Task1/install/conveyorbelt_msgs/lib:${LD_LIBRARY_PATH} PYTHONPATH=/home/rupendra/Desktop/Tasks/Task1/install/conveyorbelt_msgs/lib/python3.10/site-packages:${PYTHONPATH} VIRTUAL_ENV_PROMPT=(task1-py310) /usr/bin/cmake /home/rupendra/Desktop/Tasks/Task1/src/IFRA_ConveyorBelt/ros2_conveyorbelt -DAMENT_CMAKE_SYMLINK_INSTALL=1 -DCMAKE_INSTALL_PREFIX=/home/rupendra/Desktop/Tasks/Task1/install/ros2_conveyorbelt
[0.067s] -- The C compiler identification is GNU 11.4.0
[0.120s] -- The CXX compiler identification is GNU 11.4.0
[0.128s] -- Detecting C compiler ABI info
[0.201s] -- Detecting C compiler ABI info - done
[0.207s] -- Check for working C compiler: /usr/bin/cc - skipped
[0.207s] -- Detecting C compile features
[0.207s] -- Detecting C compile features - done
[0.210s] -- Detecting CXX compiler ABI info
[0.290s] -- Detecting CXX compiler ABI info - done
[0.295s] -- Check for working CXX compiler: /usr/bin/c++ - skipped
[0.295s] -- Detecting CXX compile features
[0.296s] -- Detecting CXX compile features - done
[0.300s] -- Found ament_cmake: 1.3.11 (/opt/ros/humble/share/ament_cmake/cmake)
[0.422s] -- Found Python3: /home/rupendra/Desktop/Tasks/Task1/task1-py310/bin/python3 (found version "3.10.12") found components: Interpreter 
[0.475s] -- Override CMake install command with custom implementation using symlinks instead of copying resources
[0.505s] -- Found ament_lint_auto: 0.12.12 (/opt/ros/humble/share/ament_lint_auto/cmake)
[0.596s] -- Found gazebo_ros: 3.9.0 (/opt/ros/humble/share/gazebo_ros/cmake)
[0.656s] -- Found rosidl_generator_c: 3.1.6 (/opt/ros/humble/share/rosidl_generator_c/cmake)
[0.663s] -- Found rosidl_adapter: 3.1.6 (/opt/ros/humble/share/rosidl_adapter/cmake)
[0.670s] -- Found rosidl_generator_cpp: 3.1.6 (/opt/ros/humble/share/rosidl_generator_cpp/cmake)
[0.681s] -- Using all available rosidl_typesupport_c: rosidl_typesupport_fastrtps_c;rosidl_typesupport_introspection_c
[0.695s] -- Using all available rosidl_typesupport_cpp: rosidl_typesupport_fastrtps_cpp;rosidl_typesupport_introspection_cpp
[0.746s] -- Found rmw_implementation_cmake: 6.1.2 (/opt/ros/humble/share/rmw_implementation_cmake/cmake)
[0.751s] -- Found rmw_cyclonedds_cpp: 1.3.4 (/opt/ros/humble/share/rmw_cyclonedds_cpp/cmake)
[0.781s] -- Using RMW implementation 'rmw_cyclonedds_cpp' as default
[0.794s] -- Looking for pthread.h
[0.865s] -- Looking for pthread.h - found
[0.865s] -- Performing Test CMAKE_HAVE_LIBC_PTHREAD
[0.939s] -- Performing Test CMAKE_HAVE_LIBC_PTHREAD - Success
[0.940s] -- Found Threads: TRUE  
[1.012s] -- Found PkgConfig: /usr/bin/pkg-config (found version "0.29.2") 
[1.015s] -- Checking for module 'bullet>=2.82'
[1.031s] --   Found bullet, version 3.05
[1.167s] -- Found fcl: /usr/include (found suitable version "0.7.0", minimum required is "0.5.0") 
[1.224s] -- Found assimp: /usr/include (found version "5.2.0") 
[1.250s] -- Found DART: /usr/include (Required is at least version "6.6") found components: dart 
[1.282s] -- Found Boost: /usr/lib/x86_64-linux-gnu/cmake/Boost-1.74.0/BoostConfig.cmake (found suitable version "1.74.0", minimum required is "1.40.0") found components: thread system filesystem program_options regex iostreams date_time 
[1.323s] -- Found Protobuf: /usr/lib/x86_64-linux-gnu/libprotobuf.so (found version "3.12.4") 
[1.331s] -- Looking for ignition-math6 -- found version 6.15.1
[1.340s] -- Searching for dependencies of ignition-math6
[1.343s] -- Looking for OGRE...
[1.343s] -- OGRE_PREFIX_WATCH changed.
[1.349s] -- Checking for module 'OGRE'
[1.365s] --   Found OGRE, version 1.9.0
[1.403s] -- Found Ogre Ghadamon (1.9.0)
[1.414s] -- Found OGRE: optimized;/usr/lib/x86_64-linux-gnu/libOgreMain.so;debug;/usr/lib/x86_64-linux-gnu/libOgreMain.so
[1.422s] -- Looking for OGRE_Paging...
[1.428s] -- Found OGRE_Paging: optimized;/usr/lib/x86_64-linux-gnu/libOgrePaging.so;debug;/usr/lib/x86_64-linux-gnu/libOgrePaging.so
[1.428s] -- Looking for OGRE_Terrain...
[1.433s] -- Found OGRE_Terrain: optimized;/usr/lib/x86_64-linux-gnu/libOgreTerrain.so;debug;/usr/lib/x86_64-linux-gnu/libOgreTerrain.so
[1.433s] -- Looking for OGRE_Property...
[1.439s] -- Found OGRE_Property: optimized;/usr/lib/x86_64-linux-gnu/libOgreProperty.so;debug;/usr/lib/x86_64-linux-gnu/libOgreProperty.so
[1.439s] -- Looking for OGRE_RTShaderSystem...
[1.443s] -- Found OGRE_RTShaderSystem: optimized;/usr/lib/x86_64-linux-gnu/libOgreRTShaderSystem.so;debug;/usr/lib/x86_64-linux-gnu/libOgreRTShaderSystem.so
[1.443s] -- Looking for OGRE_Volume...
[1.449s] -- Found OGRE_Volume: optimized;/usr/lib/x86_64-linux-gnu/libOgreVolume.so;debug;/usr/lib/x86_64-linux-gnu/libOgreVolume.so
[1.449s] -- Looking for OGRE_Overlay...
[1.455s] -- Found OGRE_Overlay: optimized;/usr/lib/x86_64-linux-gnu/libOgreOverlay.so;debug;/usr/lib/x86_64-linux-gnu/libOgreOverlay.so
[1.575s] -- Looking for ignition-math6 -- found version 6.15.1
[1.579s] -- Looking for ignition-transport8 -- found version 8.2.1
[1.579s] -- Searching for dependencies of ignition-transport8
[1.600s] -- Found Protobuf: /usr/lib/x86_64-linux-gnu/libprotobuf.so (found suitable version "3.12.4", minimum required is "3") 
[1.613s] -- Config-file not installed for ZeroMQ -- checking for pkg-config
[1.618s] -- Checking for module 'libzmq >= 4'
[1.638s] --   Found libzmq , version 4.3.4
[1.683s] -- Found ZeroMQ: TRUE (Required is at least version "4") 
[1.689s] -- Checking for module 'uuid'
[1.704s] --   Found uuid, version 2.37.2
[1.746s] -- Found UUID: TRUE  
[1.750s] -- Looking for ignition-msgs5 -- found version 5.8.1
[1.750s] -- Searching for dependencies of ignition-msgs5
[1.772s] -- Looking for ignition-math6 -- found version 6.15.1
[1.778s] -- Checking for module 'tinyxml2'
[1.794s] --   Found tinyxml2, version 9.0.0
[1.839s] -- Looking for ignition-msgs5 -- found version 5.8.1
[1.843s] -- Looking for ignition-common3 -- found version 3.14.0
[1.844s] -- Searching for dependencies of ignition-common3
[1.844s] -- Looking for dlfcn.h - found
[1.845s] -- Looking for libdl - found
[1.846s] -- Found DL: TRUE  
[1.861s] -- Found tinyobjloader: /usr/lib/x86_64-linux-gnu/cmake/tinyobjloader/tinyobjloader-config.cmake (found version "2.0.0") 
[1.862s] -- Searching for <ignition-common3> component [graphics]
[1.865s] -- Looking for ignition-common3-graphics -- found version 3.14.0
[1.865s] -- Searching for dependencies of ignition-common3-graphics
[1.866s] -- Looking for ignition-math6 -- found version 6.15.1
[1.869s] -- Looking for ignition-fuel_tools4 -- found version 4.4.0
[1.870s] -- Searching for dependencies of ignition-fuel_tools4
[1.963s] -- Found CURL: /usr/lib/x86_64-linux-gnu/libcurl.so (found version "7.81.0")  
[1.973s] -- Checking for module 'jsoncpp'
[1.990s] --   Found jsoncpp, version 1.9.5
[2.036s] -- Found JSONCPP: TRUE  
[2.042s] -- Checking for module 'libzip'
[2.056s] --   Found libzip, version 1.7.3
[2.101s] -- Found ZIP: TRUE  
[2.101s] -- Looking for ignition-common3 -- found version 3.14.0
[2.102s] -- Looking for ignition-math6 -- found version 6.15.1
[2.102s] -- Looking for ignition-msgs5 -- found version 5.8.1
[2.107s] -- Gazebo version: 11.10
[2.107s] -- Checking for module 'tbb'
[2.122s] --   Found tbb, version 2021.5.0
[2.168s] -- Found gazebo_msgs: 3.9.0 (/opt/ros/humble/share/gazebo_msgs/cmake)
[2.217s] -- Found conveyorbelt_msgs: 0.0.0 (/home/rupendra/Desktop/Tasks/Task1/install/conveyorbelt_msgs/share/conveyorbelt_msgs/cmake)
[2.234s] -- Added test 'copyright' to check source files copyright and LICENSE
[2.235s] -- Added test 'cppcheck' to perform static code analysis on C / C++ code
[2.236s] -- Configured cppcheck include dirs: /home/rupendra/Desktop/Tasks/Task1/src/IFRA_ConveyorBelt/ros2_conveyorbelt/include
[2.236s] -- Configured cppcheck exclude dirs and/or files: 
[2.237s] -- Added test 'cpplint' to check C / C++ code against the Google style
[2.237s] -- Configured cpplint exclude dirs and/or files: 
[2.237s] -- Added test 'flake8' to check Python code syntax and style conventions
[2.238s] -- Added test 'lint_cmake' to check CMake code style
[2.239s] -- Added test 'pep257' to check Python code against some of the docstring style conventions in PEP 257
[2.241s] -- Added test 'uncrustify' to check C / C++ code style
[2.241s] -- Configured uncrustify additional arguments: 
[2.241s] -- Added test 'xmllint' to check XML markup files
[2.243s] -- Configuring done
[2.315s] -- Generating done
[2.323s] -- Build files have been written to: /home/rupendra/Desktop/Tasks/Task1/build/ros2_conveyorbelt
[2.342s] Invoked command in '/home/rupendra/Desktop/Tasks/Task1/build/ros2_conveyorbelt' returned '0': AMENT_PREFIX_PATH=/home/rupendra/Desktop/Tasks/Task1/install/conveyorbelt_msgs:${AMENT_PREFIX_PATH} CMAKE_PREFIX_PATH=/home/rupendra/Desktop/Tasks/Task1/install/conveyorbelt_msgs:/opt/ros/humble LD_LIBRARY_PATH=/home/rupendra/Desktop/Tasks/Task1/install/conveyorbelt_msgs/lib:${LD_LIBRARY_PATH} PYTHONPATH=/home/rupendra/Desktop/Tasks/Task1/install/conveyorbelt_msgs/lib/python3.10/site-packages:${PYTHONPATH} VIRTUAL_ENV_PROMPT=(task1-py310) /usr/bin/cmake /home/rupendra/Desktop/Tasks/Task1/src/IFRA_ConveyorBelt/ros2_conveyorbelt -DAMENT_CMAKE_SYMLINK_INSTALL=1 -DCMAKE_INSTALL_PREFIX=/home/rupendra/Desktop/Tasks/Task1/install/ros2_conveyorbelt
[2.345s] Invoking command in '/home/rupendra/Desktop/Tasks/Task1/build/ros2_conveyorbelt': AMENT_PREFIX_PATH=/home/rupendra/Desktop/Tasks/Task1/install/conveyorbelt_msgs:${AMENT_PREFIX_PATH} CMAKE_PREFIX_PATH=/home/rupendra/Desktop/Tasks/Task1/install/conveyorbelt_msgs:/opt/ros/humble LD_LIBRARY_PATH=/home/rupendra/Desktop/Tasks/Task1/install/conveyorbelt_msgs/lib:${LD_LIBRARY_PATH} PYTHONPATH=/home/rupendra/Desktop/Tasks/Task1/install/conveyorbelt_msgs/lib/python3.10/site-packages:${PYTHONPATH} VIRTUAL_ENV_PROMPT=(task1-py310) /usr/bin/cmake --build /home/rupendra/Desktop/Tasks/Task1/build/ros2_conveyorbelt -- -j16 -l16
[2.407s] [ 50%] [32mBuilding CXX object CMakeFiles/ros2_conveyorbelt_plugin.dir/src/ros2_conveyorbelt_plugin.cpp.o[0m
[13.467s] [100%] [32m[1mLinking CXX shared library libros2_conveyorbelt_plugin.so[0m
[14.224s] [100%] Built target ros2_conveyorbelt_plugin
[14.239s] Invoked command in '/home/rupendra/Desktop/Tasks/Task1/build/ros2_conveyorbelt' returned '0': AMENT_PREFIX_PATH=/home/rupendra/Desktop/Tasks/Task1/install/conveyorbelt_msgs:${AMENT_PREFIX_PATH} CMAKE_PREFIX_PATH=/home/rupendra/Desktop/Tasks/Task1/install/conveyorbelt_msgs:/opt/ros/humble LD_LIBRARY_PATH=/home/rupendra/Desktop/Tasks/Task1/install/conveyorbelt_msgs/lib:${LD_LIBRARY_PATH} PYTHONPATH=/home/rupendra/Desktop/Tasks/Task1/install/conveyorbelt_msgs/lib/python3.10/site-packages:${PYTHONPATH} VIRTUAL_ENV_PROMPT=(task1-py310) /usr/bin/cmake --build /home/rupendra/Desktop/Tasks/Task1/build/ros2_conveyorbelt -- -j16 -l16
[14.240s] Invoking command in '/home/rupendra/Desktop/Tasks/Task1/build/ros2_conveyorbelt': AMENT_PREFIX_PATH=/home/rupendra/Desktop/Tasks/Task1/install/conveyorbelt_msgs:${AMENT_PREFIX_PATH} CMAKE_PREFIX_PATH=/home/rupendra/Desktop/Tasks/Task1/install/conveyorbelt_msgs:/opt/ros/humble LD_LIBRARY_PATH=/home/rupendra/Desktop/Tasks/Task1/install/conveyorbelt_msgs/lib:${LD_LIBRARY_PATH} PYTHONPATH=/home/rupendra/Desktop/Tasks/Task1/install/conveyorbelt_msgs/lib/python3.10/site-packages:${PYTHONPATH} VIRTUAL_ENV_PROMPT=(task1-py310) /usr/bin/cmake --install /home/rupendra/Desktop/Tasks/Task1/build/ros2_conveyorbelt
[14.248s] -- Install configuration: ""
[14.248s] -- Execute custom install script
[14.249s] -- Symlinking: /home/rupendra/Desktop/Tasks/Task1/install/ros2_conveyorbelt/share/ros2_conveyorbelt/environment/library_path.sh
[14.259s] -- Symlinking: /home/rupendra/Desktop/Tasks/Task1/install/ros2_conveyorbelt/share/ros2_conveyorbelt/environment/library_path.dsv
[14.270s] -- Symlinking: /home/rupendra/Desktop/Tasks/Task1/install/ros2_conveyorbelt/lib/libros2_conveyorbelt_plugin.so
[14.279s] -- Symlinking: /home/rupendra/Desktop/Tasks/Task1/install/ros2_conveyorbelt/share/ros2_conveyorbelt/python/SpawnObject.py
[14.290s] -- Symlinking: /home/rupendra/Desktop/Tasks/Task1/install/ros2_conveyorbelt/lib/ros2_conveyorbelt/SpawnObject.py
[14.301s] -- Symlinking: /home/rupendra/Desktop/Tasks/Task1/install/ros2_conveyorbelt/share/ament_index/resource_index/package_run_dependencies/ros2_conveyorbelt
[14.313s] -- Symlinking: /home/rupendra/Desktop/Tasks/Task1/install/ros2_conveyorbelt/share/ament_index/resource_index/parent_prefix_path/ros2_conveyorbelt
[14.323s] -- Symlinking: /home/rupendra/Desktop/Tasks/Task1/install/ros2_conveyorbelt/share/ros2_conveyorbelt/environment/ament_prefix_path.sh
[14.333s] -- Symlinking: /home/rupendra/Desktop/Tasks/Task1/install/ros2_conveyorbelt/share/ros2_conveyorbelt/environment/ament_prefix_path.dsv
[14.343s] -- Symlinking: /home/rupendra/Desktop/Tasks/Task1/install/ros2_conveyorbelt/share/ros2_conveyorbelt/environment/path.sh
[14.352s] -- Symlinking: /home/rupendra/Desktop/Tasks/Task1/install/ros2_conveyorbelt/share/ros2_conveyorbelt/environment/path.dsv
[14.363s] -- Symlinking: /home/rupendra/Desktop/Tasks/Task1/install/ros2_conveyorbelt/share/ros2_conveyorbelt/local_setup.bash
[14.373s] -- Symlinking: /home/rupendra/Desktop/Tasks/Task1/install/ros2_conveyorbelt/share/ros2_conveyorbelt/local_setup.sh
[14.383s] -- Symlinking: /home/rupendra/Desktop/Tasks/Task1/install/ros2_conveyorbelt/share/ros2_conveyorbelt/local_setup.zsh
[14.392s] -- Symlinking: /home/rupendra/Desktop/Tasks/Task1/install/ros2_conveyorbelt/share/ros2_conveyorbelt/local_setup.dsv
[14.403s] -- Symlinking: /home/rupendra/Desktop/Tasks/Task1/install/ros2_conveyorbelt/share/ros2_conveyorbelt/package.dsv
[14.412s] -- Symlinking: /home/rupendra/Desktop/Tasks/Task1/install/ros2_conveyorbelt/share/ament_index/resource_index/packages/ros2_conveyorbelt
[14.423s] -- Symlinking: /home/rupendra/Desktop/Tasks/Task1/install/ros2_conveyorbelt/share/ros2_conveyorbelt/cmake/ament_cmake_export_libraries-extras.cmake
[14.433s] -- Symlinking: /home/rupendra/Desktop/Tasks/Task1/install/ros2_conveyorbelt/share/ros2_conveyorbelt/cmake/ros2_conveyorbeltConfig.cmake
[14.442s] -- Symlinking: /home/rupendra/Desktop/Tasks/Task1/install/ros2_conveyorbelt/share/ros2_conveyorbelt/cmake/ros2_conveyorbeltConfig-version.cmake
[14.453s] -- Symlinking: /home/rupendra/Desktop/Tasks/Task1/install/ros2_conveyorbelt/share/ros2_conveyorbelt/package.xml
[14.467s] Invoked command in '/home/rupendra/Desktop/Tasks/Task1/build/ros2_conveyorbelt' returned '0': AMENT_PREFIX_PATH=/home/rupendra/Desktop/Tasks/Task1/install/conveyorbelt_msgs:${AMENT_PREFIX_PATH} CMAKE_PREFIX_PATH=/home/rupendra/Desktop/Tasks/Task1/install/conveyorbelt_msgs:/opt/ros/humble LD_LIBRARY_PATH=/home/rupendra/Desktop/Tasks/Task1/install/conveyorbelt_msgs/lib:${LD_LIBRARY_PATH} PYTHONPATH=/home/rupendra/Desktop/Tasks/Task1/install/conveyorbelt_msgs/lib/python3.10/site-packages:${PYTHONPATH} VIRTUAL_ENV_PROMPT=(task1-py310) /usr/bin/cmake --install /home/rupendra/Desktop/Tasks/Task1/build/ros2_conveyorbelt
