[0.011s] Invoking command in '/home/rupendra/Desktop/Tasks/TASK-1/Task1/build/conveyorbelt_gazebo': CMAKE_PREFIX_PATH=${CMAKE_PREFIX_PATH}:/opt/ros/humble /usr/bin/cmake /home/rupendra/Desktop/Tasks/TASK-1/Task1/src/IFRA_ConveyorBelt/conveyorbelt_gazebo -DAMENT_CMAKE_SYMLINK_INSTALL=1 -DCMAKE_INSTALL_PREFIX=/home/rupendra/Desktop/Tasks/TASK-1/Task1/install/conveyorbelt_gazebo
[0.058s] -- The C compiler identification is GNU 11.4.0
[0.110s] -- The CXX compiler identification is GNU 11.4.0
[0.117s] -- Detecting C compiler ABI info
[0.183s] -- Detecting C compiler ABI info - done
[0.188s] -- Check for working C compiler: /usr/bin/cc - skipped
[0.188s] -- Detecting C compile features
[0.189s] -- Detecting C compile features - done
[0.192s] -- Detecting CXX compiler ABI info
[0.262s] -- Detecting CXX compiler ABI info - done
[0.268s] -- Check for working CXX compiler: /usr/bin/c++ - skipped
[0.268s] -- Detecting CXX compile features
[0.268s] -- Detecting CXX compile features - done
[0.271s] -- Found ament_cmake: 1.3.12 (/opt/ros/humble/share/ament_cmake/cmake)
[0.626s] -- Found Python3: /usr/bin/python3 (found version "3.10.12") found components: Interpreter 
[0.686s] -- Override CMake install command with custom implementation using symlinks instead of copying resources
[0.708s] -- Found ament_lint_auto: 0.12.14 (/opt/ros/humble/share/ament_lint_auto/cmake)
[0.795s] -- Added test 'copyright' to check source files copyright and LICENSE
[0.797s] -- Added test 'flake8' to check Python code syntax and style conventions
[0.797s] -- Added test 'lint_cmake' to check CMake code style
[0.798s] -- Added test 'pep257' to check Python code against some of the docstring style conventions in PEP 257
[0.799s] -- Added test 'xmllint' to check XML markup files
[0.800s] -- Configuring done
[0.803s] -- Generating done
[0.805s] -- Build files have been written to: /home/rupendra/Desktop/Tasks/TASK-1/Task1/build/conveyorbelt_gazebo
[0.809s] Invoked command in '/home/rupendra/Desktop/Tasks/TASK-1/Task1/build/conveyorbelt_gazebo' returned '0': CMAKE_PREFIX_PATH=${CMAKE_PREFIX_PATH}:/opt/ros/humble /usr/bin/cmake /home/rupendra/Desktop/Tasks/TASK-1/Task1/src/IFRA_ConveyorBelt/conveyorbelt_gazebo -DAMENT_CMAKE_SYMLINK_INSTALL=1 -DCMAKE_INSTALL_PREFIX=/home/rupendra/Desktop/Tasks/TASK-1/Task1/install/conveyorbelt_gazebo
[0.811s] Invoking command in '/home/rupendra/Desktop/Tasks/TASK-1/Task1/build/conveyorbelt_gazebo': CMAKE_PREFIX_PATH=${CMAKE_PREFIX_PATH}:/opt/ros/humble /usr/bin/cmake --build /home/rupendra/Desktop/Tasks/TASK-1/Task1/build/conveyorbelt_gazebo -- -j16 -l16
[0.848s] Invoked command in '/home/rupendra/Desktop/Tasks/TASK-1/Task1/build/conveyorbelt_gazebo' returned '0': CMAKE_PREFIX_PATH=${CMAKE_PREFIX_PATH}:/opt/ros/humble /usr/bin/cmake --build /home/rupendra/Desktop/Tasks/TASK-1/Task1/build/conveyorbelt_gazebo -- -j16 -l16
[0.858s] Invoking command in '/home/rupendra/Desktop/Tasks/TASK-1/Task1/build/conveyorbelt_gazebo': CMAKE_PREFIX_PATH=${CMAKE_PREFIX_PATH}:/opt/ros/humble /usr/bin/cmake --install /home/rupendra/Desktop/Tasks/TASK-1/Task1/build/conveyorbelt_gazebo
[0.864s] -- Install configuration: ""
[0.865s] -- Execute custom install script
[0.865s] -- Symlinking: /home/rupendra/Desktop/Tasks/TASK-1/Task1/install/conveyorbelt_gazebo/share/conveyorbelt_gazebo/launch/conveyorbelt.launch.py
[0.874s] -- Symlinking: /home/rupendra/Desktop/Tasks/TASK-1/Task1/install/conveyorbelt_gazebo/share/conveyorbelt_gazebo/models/conveyor_belt/meshes/conveyor_belt.dae
[0.883s] -- Symlinking: /home/rupendra/Desktop/Tasks/TASK-1/Task1/install/conveyorbelt_gazebo/share/conveyorbelt_gazebo/models/conveyor_belt/meshes/conveyor_belt.stl
[0.891s] -- Symlinking: /home/rupendra/Desktop/Tasks/TASK-1/Task1/install/conveyorbelt_gazebo/share/conveyorbelt_gazebo/models/conveyor_belt/model.config
[0.900s] -- Symlinking: /home/rupendra/Desktop/Tasks/TASK-1/Task1/install/conveyorbelt_gazebo/share/conveyorbelt_gazebo/models/conveyor_belt/model.sdf
[0.908s] -- Symlinking: /home/rupendra/Desktop/Tasks/TASK-1/Task1/install/conveyorbelt_gazebo/share/conveyorbelt_gazebo/worlds/conveyorbelt.world
[0.917s] -- Symlinking: /home/rupendra/Desktop/Tasks/TASK-1/Task1/install/conveyorbelt_gazebo/share/conveyorbelt_gazebo/urdf/box.urdf
[0.926s] -- Symlinking: /home/rupendra/Desktop/Tasks/TASK-1/Task1/install/conveyorbelt_gazebo/share/ament_index/resource_index/package_run_dependencies/conveyorbelt_gazebo
[0.935s] -- Symlinking: /home/rupendra/Desktop/Tasks/TASK-1/Task1/install/conveyorbelt_gazebo/share/ament_index/resource_index/parent_prefix_path/conveyorbelt_gazebo
[0.944s] -- Symlinking: /home/rupendra/Desktop/Tasks/TASK-1/Task1/install/conveyorbelt_gazebo/share/conveyorbelt_gazebo/environment/ament_prefix_path.sh
[0.953s] -- Symlinking: /home/rupendra/Desktop/Tasks/TASK-1/Task1/install/conveyorbelt_gazebo/share/conveyorbelt_gazebo/environment/ament_prefix_path.dsv
[0.961s] -- Symlinking: /home/rupendra/Desktop/Tasks/TASK-1/Task1/install/conveyorbelt_gazebo/share/conveyorbelt_gazebo/environment/path.sh
[0.971s] -- Symlinking: /home/rupendra/Desktop/Tasks/TASK-1/Task1/install/conveyorbelt_gazebo/share/conveyorbelt_gazebo/environment/path.dsv
[0.979s] -- Symlinking: /home/rupendra/Desktop/Tasks/TASK-1/Task1/install/conveyorbelt_gazebo/share/conveyorbelt_gazebo/local_setup.bash
[0.989s] -- Symlinking: /home/rupendra/Desktop/Tasks/TASK-1/Task1/install/conveyorbelt_gazebo/share/conveyorbelt_gazebo/local_setup.sh
[0.997s] -- Symlinking: /home/rupendra/Desktop/Tasks/TASK-1/Task1/install/conveyorbelt_gazebo/share/conveyorbelt_gazebo/local_setup.zsh
[1.006s] -- Symlinking: /home/rupendra/Desktop/Tasks/TASK-1/Task1/install/conveyorbelt_gazebo/share/conveyorbelt_gazebo/local_setup.dsv
[1.015s] -- Symlinking: /home/rupendra/Desktop/Tasks/TASK-1/Task1/install/conveyorbelt_gazebo/share/conveyorbelt_gazebo/package.dsv
[1.023s] -- Symlinking: /home/rupendra/Desktop/Tasks/TASK-1/Task1/install/conveyorbelt_gazebo/share/ament_index/resource_index/packages/conveyorbelt_gazebo
[1.031s] -- Symlinking: /home/rupendra/Desktop/Tasks/TASK-1/Task1/install/conveyorbelt_gazebo/share/conveyorbelt_gazebo/cmake/conveyorbelt_gazeboConfig.cmake
[1.040s] -- Symlinking: /home/rupendra/Desktop/Tasks/TASK-1/Task1/install/conveyorbelt_gazebo/share/conveyorbelt_gazebo/cmake/conveyorbelt_gazeboConfig-version.cmake
[1.048s] -- Symlinking: /home/rupendra/Desktop/Tasks/TASK-1/Task1/install/conveyorbelt_gazebo/share/conveyorbelt_gazebo/package.xml
[1.072s] Invoked command in '/home/rupendra/Desktop/Tasks/TASK-1/Task1/build/conveyorbelt_gazebo' returned '0': CMAKE_PREFIX_PATH=${CMAKE_PREFIX_PATH}:/opt/ros/humble /usr/bin/cmake --install /home/rupendra/Desktop/Tasks/TASK-1/Task1/build/conveyorbelt_gazebo
