[0.102s] [34mcolcon[0m [1;30mDEBUG[0m [32mCommand line arguments: ['/usr/bin/colcon', 'build', '--symlink-install'][0m
[0.103s] [34mcolcon[0m [1;30mDEBUG[0m [32mParsed command line arguments: Namespace(log_base=None, log_level=None, verb_name='build', build_base='build', install_base='install', merge_install=False, symlink_install=True, test_result_base=None, continue_on_error=False, executor='parallel', parallel_workers=16, event_handlers=None, ignore_user_meta=False, metas=['./colcon.meta'], base_paths=['.'], packages_ignore=None, packages_ignore_regex=None, paths=None, packages_up_to=None, packages_up_to_regex=None, packages_above=None, packages_above_and_dependencies=None, packages_above_depth=None, packages_select_by_dep=None, packages_skip_by_dep=None, packages_skip_up_to=None, packages_select_build_failed=False, packages_skip_build_finished=False, packages_select_test_failures=False, packages_skip_test_passed=False, packages_select=None, packages_skip=None, packages_select_regex=None, packages_skip_regex=None, packages_start=None, packages_end=None, allow_overriding=[], cmake_args=None, cmake_target=None, cmake_target_skip_unavailable=False, cmake_clean_cache=False, cmake_clean_first=False, cmake_force_configure=False, ament_cmake_args=None, catkin_cmake_args=None, catkin_skip_building_tests=False, mixin_files=None, mixin=None, verb_parser=<colcon_mixin.mixin.mixin_argument.MixinArgumentDecorator object at 0x72bd10093b50>, verb_extension=<colcon_core.verb.build.BuildVerb object at 0x72bd100930d0>, main=<bound method BuildVerb.main of <colcon_core.verb.build.BuildVerb object at 0x72bd100930d0>>, mixin_verb=('build',))[0m
[0.135s] [34mcolcon.colcon_core.package_discovery[0m [1;30mLevel 1[0m discover_packages(colcon_meta) check parameters
[0.135s] [34mcolcon.colcon_core.package_discovery[0m [1;30mLevel 1[0m discover_packages(recursive) check parameters
[0.136s] [34mcolcon.colcon_core.package_discovery[0m [1;30mLevel 1[0m discover_packages(ignore) check parameters
[0.136s] [34mcolcon.colcon_core.package_discovery[0m [1;30mLevel 1[0m discover_packages(path) check parameters
[0.136s] [34mcolcon.colcon_core.package_discovery[0m [1;30mLevel 1[0m discover_packages(colcon_meta) discover
[0.136s] [34mcolcon.colcon_core.package_discovery[0m [1;30mLevel 1[0m discover_packages(recursive) discover
[0.136s] [34mcolcon.colcon_core.package_discovery[0m [1;30mINFO[0m Crawling recursively for packages in '/home/rupendra/Desktop/Tasks/TASK-1/Task1'
[0.136s] [34mcolcon.colcon_core.package_identification[0m [1;30mLevel 1[0m _identify(.) by extensions ['ignore', 'ignore_ament_install']
[0.136s] [34mcolcon.colcon_core.package_identification[0m [1;30mLevel 1[0m _identify(.) by extension 'ignore'
[0.136s] [34mcolcon.colcon_core.package_identification[0m [1;30mLevel 1[0m _identify(.) by extension 'ignore_ament_install'
[0.136s] [34mcolcon.colcon_core.package_identification[0m [1;30mLevel 1[0m _identify(.) by extensions ['colcon_pkg']
[0.136s] [34mcolcon.colcon_core.package_identification[0m [1;30mLevel 1[0m _identify(.) by extension 'colcon_pkg'
[0.136s] [34mcolcon.colcon_core.package_identification[0m [1;30mLevel 1[0m _identify(.) by extensions ['colcon_meta']
[0.136s] [34mcolcon.colcon_core.package_identification[0m [1;30mLevel 1[0m _identify(.) by extension 'colcon_meta'
[0.136s] [34mcolcon.colcon_core.package_identification[0m [1;30mLevel 1[0m _identify(.) by extensions ['ros']
[0.136s] [34mcolcon.colcon_core.package_identification[0m [1;30mLevel 1[0m _identify(.) by extension 'ros'
[0.156s] [34mcolcon.colcon_core.package_identification[0m [1;30mLevel 1[0m _identify(.) by extensions ['cmake', 'python']
[0.156s] [34mcolcon.colcon_core.package_identification[0m [1;30mLevel 1[0m _identify(.) by extension 'cmake'
[0.156s] [34mcolcon.colcon_core.package_identification[0m [1;30mLevel 1[0m _identify(.) by extension 'python'
[0.156s] [34mcolcon.colcon_core.package_identification[0m [1;30mLevel 1[0m _identify(.) by extensions ['python_setup_py']
[0.156s] [34mcolcon.colcon_core.package_identification[0m [1;30mLevel 1[0m _identify(.) by extension 'python_setup_py'
[0.156s] [34mcolcon.colcon_core.package_identification[0m [1;30mLevel 1[0m _identify(build) by extensions ['ignore', 'ignore_ament_install']
[0.156s] [34mcolcon.colcon_core.package_identification[0m [1;30mLevel 1[0m _identify(build) by extension 'ignore'
[0.156s] [34mcolcon.colcon_core.package_identification[0m [1;30mLevel 1[0m _identify(build) ignored
[0.156s] [34mcolcon.colcon_core.package_identification[0m [1;30mLevel 1[0m _identify(install) by extensions ['ignore', 'ignore_ament_install']
[0.157s] [34mcolcon.colcon_core.package_identification[0m [1;30mLevel 1[0m _identify(install) by extension 'ignore'
[0.157s] [34mcolcon.colcon_core.package_identification[0m [1;30mLevel 1[0m _identify(install) ignored
[0.157s] [34mcolcon.colcon_core.package_identification[0m [1;30mLevel 1[0m _identify(log) by extensions ['ignore', 'ignore_ament_install']
[0.157s] [34mcolcon.colcon_core.package_identification[0m [1;30mLevel 1[0m _identify(log) by extension 'ignore'
[0.157s] [34mcolcon.colcon_core.package_identification[0m [1;30mLevel 1[0m _identify(log) ignored
[0.157s] [34mcolcon.colcon_core.package_identification[0m [1;30mLevel 1[0m _identify(src) by extensions ['ignore', 'ignore_ament_install']
[0.157s] [34mcolcon.colcon_core.package_identification[0m [1;30mLevel 1[0m _identify(src) by extension 'ignore'
[0.157s] [34mcolcon.colcon_core.package_identification[0m [1;30mLevel 1[0m _identify(src) by extension 'ignore_ament_install'
[0.157s] [34mcolcon.colcon_core.package_identification[0m [1;30mLevel 1[0m _identify(src) by extensions ['colcon_pkg']
[0.157s] [34mcolcon.colcon_core.package_identification[0m [1;30mLevel 1[0m _identify(src) by extension 'colcon_pkg'
[0.157s] [34mcolcon.colcon_core.package_identification[0m [1;30mLevel 1[0m _identify(src) by extensions ['colcon_meta']
[0.157s] [34mcolcon.colcon_core.package_identification[0m [1;30mLevel 1[0m _identify(src) by extension 'colcon_meta'
[0.157s] [34mcolcon.colcon_core.package_identification[0m [1;30mLevel 1[0m _identify(src) by extensions ['ros']
[0.157s] [34mcolcon.colcon_core.package_identification[0m [1;30mLevel 1[0m _identify(src) by extension 'ros'
[0.157s] [34mcolcon.colcon_core.package_identification[0m [1;30mLevel 1[0m _identify(src) by extensions ['cmake', 'python']
[0.157s] [34mcolcon.colcon_core.package_identification[0m [1;30mLevel 1[0m _identify(src) by extension 'cmake'
[0.157s] [34mcolcon.colcon_core.package_identification[0m [1;30mLevel 1[0m _identify(src) by extension 'python'
[0.157s] [34mcolcon.colcon_core.package_identification[0m [1;30mLevel 1[0m _identify(src) by extensions ['python_setup_py']
[0.157s] [34mcolcon.colcon_core.package_identification[0m [1;30mLevel 1[0m _identify(src) by extension 'python_setup_py'
[0.157s] [34mcolcon.colcon_core.package_identification[0m [1;30mLevel 1[0m _identify(src/IFRA_ConveyorBelt) by extensions ['ignore', 'ignore_ament_install']
[0.157s] [34mcolcon.colcon_core.package_identification[0m [1;30mLevel 1[0m _identify(src/IFRA_ConveyorBelt) by extension 'ignore'
[0.158s] [34mcolcon.colcon_core.package_identification[0m [1;30mLevel 1[0m _identify(src/IFRA_ConveyorBelt) by extension 'ignore_ament_install'
[0.158s] [34mcolcon.colcon_core.package_identification[0m [1;30mLevel 1[0m _identify(src/IFRA_ConveyorBelt) by extensions ['colcon_pkg']
[0.158s] [34mcolcon.colcon_core.package_identification[0m [1;30mLevel 1[0m _identify(src/IFRA_ConveyorBelt) by extension 'colcon_pkg'
[0.158s] [34mcolcon.colcon_core.package_identification[0m [1;30mLevel 1[0m _identify(src/IFRA_ConveyorBelt) by extensions ['colcon_meta']
[0.158s] [34mcolcon.colcon_core.package_identification[0m [1;30mLevel 1[0m _identify(src/IFRA_ConveyorBelt) by extension 'colcon_meta'
[0.158s] [34mcolcon.colcon_core.package_identification[0m [1;30mLevel 1[0m _identify(src/IFRA_ConveyorBelt) by extensions ['ros']
[0.158s] [34mcolcon.colcon_core.package_identification[0m [1;30mLevel 1[0m _identify(src/IFRA_ConveyorBelt) by extension 'ros'
[0.158s] [34mcolcon.colcon_core.package_identification[0m [1;30mLevel 1[0m _identify(src/IFRA_ConveyorBelt) by extensions ['cmake', 'python']
[0.158s] [34mcolcon.colcon_core.package_identification[0m [1;30mLevel 1[0m _identify(src/IFRA_ConveyorBelt) by extension 'cmake'
[0.158s] [34mcolcon.colcon_core.package_identification[0m [1;30mLevel 1[0m _identify(src/IFRA_ConveyorBelt) by extension 'python'
[0.158s] [34mcolcon.colcon_core.package_identification[0m [1;30mLevel 1[0m _identify(src/IFRA_ConveyorBelt) by extensions ['python_setup_py']
[0.158s] [34mcolcon.colcon_core.package_identification[0m [1;30mLevel 1[0m _identify(src/IFRA_ConveyorBelt) by extension 'python_setup_py'
[0.158s] [34mcolcon.colcon_core.package_identification[0m [1;30mLevel 1[0m _identify(src/IFRA_ConveyorBelt/conveyorbelt_gazebo) by extensions ['ignore', 'ignore_ament_install']
[0.158s] [34mcolcon.colcon_core.package_identification[0m [1;30mLevel 1[0m _identify(src/IFRA_ConveyorBelt/conveyorbelt_gazebo) by extension 'ignore'
[0.158s] [34mcolcon.colcon_core.package_identification[0m [1;30mLevel 1[0m _identify(src/IFRA_ConveyorBelt/conveyorbelt_gazebo) by extension 'ignore_ament_install'
[0.158s] [34mcolcon.colcon_core.package_identification[0m [1;30mLevel 1[0m _identify(src/IFRA_ConveyorBelt/conveyorbelt_gazebo) by extensions ['colcon_pkg']
[0.158s] [34mcolcon.colcon_core.package_identification[0m [1;30mLevel 1[0m _identify(src/IFRA_ConveyorBelt/conveyorbelt_gazebo) by extension 'colcon_pkg'
[0.158s] [34mcolcon.colcon_core.package_identification[0m [1;30mLevel 1[0m _identify(src/IFRA_ConveyorBelt/conveyorbelt_gazebo) by extensions ['colcon_meta']
[0.158s] [34mcolcon.colcon_core.package_identification[0m [1;30mLevel 1[0m _identify(src/IFRA_ConveyorBelt/conveyorbelt_gazebo) by extension 'colcon_meta'
[0.158s] [34mcolcon.colcon_core.package_identification[0m [1;30mLevel 1[0m _identify(src/IFRA_ConveyorBelt/conveyorbelt_gazebo) by extensions ['ros']
[0.158s] [34mcolcon.colcon_core.package_identification[0m [1;30mLevel 1[0m _identify(src/IFRA_ConveyorBelt/conveyorbelt_gazebo) by extension 'ros'
[0.160s] [34mcolcon.colcon_core.package_identification[0m [1;30mDEBUG[0m [32mPackage 'src/IFRA_ConveyorBelt/conveyorbelt_gazebo' with type 'ros.ament_cmake' and name 'conveyorbelt_gazebo'[0m
[0.161s] [34mcolcon.colcon_core.package_identification[0m [1;30mLevel 1[0m _identify(src/IFRA_ConveyorBelt/conveyorbelt_msgs) by extensions ['ignore', 'ignore_ament_install']
[0.161s] [34mcolcon.colcon_core.package_identification[0m [1;30mLevel 1[0m _identify(src/IFRA_ConveyorBelt/conveyorbelt_msgs) by extension 'ignore'
[0.161s] [34mcolcon.colcon_core.package_identification[0m [1;30mLevel 1[0m _identify(src/IFRA_ConveyorBelt/conveyorbelt_msgs) by extension 'ignore_ament_install'
[0.161s] [34mcolcon.colcon_core.package_identification[0m [1;30mLevel 1[0m _identify(src/IFRA_ConveyorBelt/conveyorbelt_msgs) by extensions ['colcon_pkg']
[0.161s] [34mcolcon.colcon_core.package_identification[0m [1;30mLevel 1[0m _identify(src/IFRA_ConveyorBelt/conveyorbelt_msgs) by extension 'colcon_pkg'
[0.161s] [34mcolcon.colcon_core.package_identification[0m [1;30mLevel 1[0m _identify(src/IFRA_ConveyorBelt/conveyorbelt_msgs) by extensions ['colcon_meta']
[0.161s] [34mcolcon.colcon_core.package_identification[0m [1;30mLevel 1[0m _identify(src/IFRA_ConveyorBelt/conveyorbelt_msgs) by extension 'colcon_meta'
[0.161s] [34mcolcon.colcon_core.package_identification[0m [1;30mLevel 1[0m _identify(src/IFRA_ConveyorBelt/conveyorbelt_msgs) by extensions ['ros']
[0.161s] [34mcolcon.colcon_core.package_identification[0m [1;30mLevel 1[0m _identify(src/IFRA_ConveyorBelt/conveyorbelt_msgs) by extension 'ros'
[0.161s] [34mcolcon.colcon_core.package_identification[0m [1;30mDEBUG[0m [32mPackage 'src/IFRA_ConveyorBelt/conveyorbelt_msgs' with type 'ros.ament_cmake' and name 'conveyorbelt_msgs'[0m
[0.161s] [34mcolcon.colcon_core.package_identification[0m [1;30mLevel 1[0m _identify(src/IFRA_ConveyorBelt/ros2_conveyorbelt) by extensions ['ignore', 'ignore_ament_install']
[0.161s] [34mcolcon.colcon_core.package_identification[0m [1;30mLevel 1[0m _identify(src/IFRA_ConveyorBelt/ros2_conveyorbelt) by extension 'ignore'
[0.162s] [34mcolcon.colcon_core.package_identification[0m [1;30mLevel 1[0m _identify(src/IFRA_ConveyorBelt/ros2_conveyorbelt) by extension 'ignore_ament_install'
[0.162s] [34mcolcon.colcon_core.package_identification[0m [1;30mLevel 1[0m _identify(src/IFRA_ConveyorBelt/ros2_conveyorbelt) by extensions ['colcon_pkg']
[0.162s] [34mcolcon.colcon_core.package_identification[0m [1;30mLevel 1[0m _identify(src/IFRA_ConveyorBelt/ros2_conveyorbelt) by extension 'colcon_pkg'
[0.162s] [34mcolcon.colcon_core.package_identification[0m [1;30mLevel 1[0m _identify(src/IFRA_ConveyorBelt/ros2_conveyorbelt) by extensions ['colcon_meta']
[0.162s] [34mcolcon.colcon_core.package_identification[0m [1;30mLevel 1[0m _identify(src/IFRA_ConveyorBelt/ros2_conveyorbelt) by extension 'colcon_meta'
[0.162s] [34mcolcon.colcon_core.package_identification[0m [1;30mLevel 1[0m _identify(src/IFRA_ConveyorBelt/ros2_conveyorbelt) by extensions ['ros']
[0.162s] [34mcolcon.colcon_core.package_identification[0m [1;30mLevel 1[0m _identify(src/IFRA_ConveyorBelt/ros2_conveyorbelt) by extension 'ros'
[0.162s] [34mcolcon.colcon_core.package_identification[0m [1;30mDEBUG[0m [32mPackage 'src/IFRA_ConveyorBelt/ros2_conveyorbelt' with type 'ros.ament_cmake' and name 'ros2_conveyorbelt'[0m
[0.162s] [34mcolcon.colcon_core.package_identification[0m [1;30mLevel 1[0m _identify(src/detect_and_control) by extensions ['ignore', 'ignore_ament_install']
[0.162s] [34mcolcon.colcon_core.package_identification[0m [1;30mLevel 1[0m _identify(src/detect_and_control) by extension 'ignore'
[0.162s] [34mcolcon.colcon_core.package_identification[0m [1;30mLevel 1[0m _identify(src/detect_and_control) ignored
[0.163s] [34mcolcon.colcon_core.package_identification[0m [1;30mLevel 1[0m _identify(src/industrial_warehouse_gazebo) by extensions ['ignore', 'ignore_ament_install']
[0.163s] [34mcolcon.colcon_core.package_identification[0m [1;30mLevel 1[0m _identify(src/industrial_warehouse_gazebo) by extension 'ignore'
[0.163s] [34mcolcon.colcon_core.package_identification[0m [1;30mLevel 1[0m _identify(src/industrial_warehouse_gazebo) by extension 'ignore_ament_install'
[0.163s] [34mcolcon.colcon_core.package_identification[0m [1;30mLevel 1[0m _identify(src/industrial_warehouse_gazebo) by extensions ['colcon_pkg']
[0.163s] [34mcolcon.colcon_core.package_identification[0m [1;30mLevel 1[0m _identify(src/industrial_warehouse_gazebo) by extension 'colcon_pkg'
[0.163s] [34mcolcon.colcon_core.package_identification[0m [1;30mLevel 1[0m _identify(src/industrial_warehouse_gazebo) by extensions ['colcon_meta']
[0.163s] [34mcolcon.colcon_core.package_identification[0m [1;30mLevel 1[0m _identify(src/industrial_warehouse_gazebo) by extension 'colcon_meta'
[0.163s] [34mcolcon.colcon_core.package_identification[0m [1;30mLevel 1[0m _identify(src/industrial_warehouse_gazebo) by extensions ['ros']
[0.163s] [34mcolcon.colcon_core.package_identification[0m [1;30mLevel 1[0m _identify(src/industrial_warehouse_gazebo) by extension 'ros'
[0.163s] [34mcolcon.colcon_core.package_identification[0m [1;30mDEBUG[0m [32mPackage 'src/industrial_warehouse_gazebo' with type 'ros.ament_cmake' and name 'industrial_warehouse_gazebo'[0m
[0.163s] [34mcolcon.colcon_core.package_identification[0m [1;30mLevel 1[0m _identify(task1-py310) by extensions ['ignore', 'ignore_ament_install']
[0.163s] [34mcolcon.colcon_core.package_identification[0m [1;30mLevel 1[0m _identify(task1-py310) by extension 'ignore'
[0.163s] [34mcolcon.colcon_core.package_identification[0m [1;30mLevel 1[0m _identify(task1-py310) ignored
[0.164s] [34mcolcon.colcon_core.package_discovery[0m [1;30mLevel 1[0m discover_packages(recursive) using defaults
[0.164s] [34mcolcon.colcon_core.package_discovery[0m [1;30mLevel 1[0m discover_packages(ignore) discover
[0.164s] [34mcolcon.colcon_core.package_discovery[0m [1;30mLevel 1[0m discover_packages(ignore) using defaults
[0.164s] [34mcolcon.colcon_core.package_discovery[0m [1;30mLevel 1[0m discover_packages(path) discover
[0.164s] [34mcolcon.colcon_core.package_discovery[0m [1;30mLevel 1[0m discover_packages(path) using defaults
[0.177s] [34mcolcon.colcon_core.package_discovery[0m [1;30mLevel 1[0m discover_packages(prefix_path) check parameters
[0.177s] [34mcolcon.colcon_core.package_discovery[0m [1;30mLevel 1[0m discover_packages(prefix_path) discover
[0.178s] [34mcolcon.colcon_core.prefix_path.colcon[0m [1;30mWARNING[0m [33mThe path '/home/rupendra/Desktop/Tasks/TASK-1/Task1/src/industrial_warehouse_gazebo/models/install' in the environment variable COLCON_PREFIX_PATH doesn't exist[0m
[0.179s] [34mcolcon.colcon_installed_package_information.package_discovery[0m [1;30mDEBUG[0m [32mFound 4 installed packages in /home/rupendra/Desktop/Tasks/TASK-1/Task1/install[0m
[0.181s] [34mcolcon.colcon_installed_package_information.package_discovery[0m [1;30mDEBUG[0m [32mFound 279 installed packages in /opt/ros/humble[0m
[0.182s] [34mcolcon.colcon_core.package_discovery[0m [1;30mLevel 1[0m discover_packages(prefix_path) using defaults
[0.220s] [34mcolcon.colcon_core.verb[0m [1;30mLevel 5[0m set package 'conveyorbelt_gazebo' build argument 'cmake_args' from command line to 'None'
[0.221s] [34mcolcon.colcon_core.verb[0m [1;30mLevel 5[0m set package 'conveyorbelt_gazebo' build argument 'cmake_target' from command line to 'None'
[0.221s] [34mcolcon.colcon_core.verb[0m [1;30mLevel 5[0m set package 'conveyorbelt_gazebo' build argument 'cmake_target_skip_unavailable' from command line to 'False'
[0.221s] [34mcolcon.colcon_core.verb[0m [1;30mLevel 5[0m set package 'conveyorbelt_gazebo' build argument 'cmake_clean_cache' from command line to 'False'
[0.221s] [34mcolcon.colcon_core.verb[0m [1;30mLevel 5[0m set package 'conveyorbelt_gazebo' build argument 'cmake_clean_first' from command line to 'False'
[0.221s] [34mcolcon.colcon_core.verb[0m [1;30mLevel 5[0m set package 'conveyorbelt_gazebo' build argument 'cmake_force_configure' from command line to 'False'
[0.221s] [34mcolcon.colcon_core.verb[0m [1;30mLevel 5[0m set package 'conveyorbelt_gazebo' build argument 'ament_cmake_args' from command line to 'None'
[0.221s] [34mcolcon.colcon_core.verb[0m [1;30mLevel 5[0m set package 'conveyorbelt_gazebo' build argument 'catkin_cmake_args' from command line to 'None'
[0.221s] [34mcolcon.colcon_core.verb[0m [1;30mLevel 5[0m set package 'conveyorbelt_gazebo' build argument 'catkin_skip_building_tests' from command line to 'False'
[0.221s] [34mcolcon.colcon_core.verb[0m [1;30mDEBUG[0m [32mBuilding package 'conveyorbelt_gazebo' with the following arguments: {'ament_cmake_args': None, 'build_base': '/home/rupendra/Desktop/Tasks/TASK-1/Task1/build/conveyorbelt_gazebo', 'catkin_cmake_args': None, 'catkin_skip_building_tests': False, 'cmake_args': None, 'cmake_clean_cache': False, 'cmake_clean_first': False, 'cmake_force_configure': False, 'cmake_target': None, 'cmake_target_skip_unavailable': False, 'install_base': '/home/rupendra/Desktop/Tasks/TASK-1/Task1/install/conveyorbelt_gazebo', 'merge_install': False, 'path': '/home/rupendra/Desktop/Tasks/TASK-1/Task1/src/IFRA_ConveyorBelt/conveyorbelt_gazebo', 'symlink_install': True, 'test_result_base': None}[0m
[0.221s] [34mcolcon.colcon_core.verb[0m [1;30mLevel 5[0m set package 'conveyorbelt_msgs' build argument 'cmake_args' from command line to 'None'
[0.221s] [34mcolcon.colcon_core.verb[0m [1;30mLevel 5[0m set package 'conveyorbelt_msgs' build argument 'cmake_target' from command line to 'None'
[0.221s] [34mcolcon.colcon_core.verb[0m [1;30mLevel 5[0m set package 'conveyorbelt_msgs' build argument 'cmake_target_skip_unavailable' from command line to 'False'
[0.221s] [34mcolcon.colcon_core.verb[0m [1;30mLevel 5[0m set package 'conveyorbelt_msgs' build argument 'cmake_clean_cache' from command line to 'False'
[0.221s] [34mcolcon.colcon_core.verb[0m [1;30mLevel 5[0m set package 'conveyorbelt_msgs' build argument 'cmake_clean_first' from command line to 'False'
[0.221s] [34mcolcon.colcon_core.verb[0m [1;30mLevel 5[0m set package 'conveyorbelt_msgs' build argument 'cmake_force_configure' from command line to 'False'
[0.221s] [34mcolcon.colcon_core.verb[0m [1;30mLevel 5[0m set package 'conveyorbelt_msgs' build argument 'ament_cmake_args' from command line to 'None'
[0.221s] [34mcolcon.colcon_core.verb[0m [1;30mLevel 5[0m set package 'conveyorbelt_msgs' build argument 'catkin_cmake_args' from command line to 'None'
[0.221s] [34mcolcon.colcon_core.verb[0m [1;30mLevel 5[0m set package 'conveyorbelt_msgs' build argument 'catkin_skip_building_tests' from command line to 'False'
[0.221s] [34mcolcon.colcon_core.verb[0m [1;30mDEBUG[0m [32mBuilding package 'conveyorbelt_msgs' with the following arguments: {'ament_cmake_args': None, 'build_base': '/home/rupendra/Desktop/Tasks/TASK-1/Task1/build/conveyorbelt_msgs', 'catkin_cmake_args': None, 'catkin_skip_building_tests': False, 'cmake_args': None, 'cmake_clean_cache': False, 'cmake_clean_first': False, 'cmake_force_configure': False, 'cmake_target': None, 'cmake_target_skip_unavailable': False, 'install_base': '/home/rupendra/Desktop/Tasks/TASK-1/Task1/install/conveyorbelt_msgs', 'merge_install': False, 'path': '/home/rupendra/Desktop/Tasks/TASK-1/Task1/src/IFRA_ConveyorBelt/conveyorbelt_msgs', 'symlink_install': True, 'test_result_base': None}[0m
[0.222s] [34mcolcon.colcon_core.verb[0m [1;30mLevel 5[0m set package 'industrial_warehouse_gazebo' build argument 'cmake_args' from command line to 'None'
[0.222s] [34mcolcon.colcon_core.verb[0m [1;30mLevel 5[0m set package 'industrial_warehouse_gazebo' build argument 'cmake_target' from command line to 'None'
[0.222s] [34mcolcon.colcon_core.verb[0m [1;30mLevel 5[0m set package 'industrial_warehouse_gazebo' build argument 'cmake_target_skip_unavailable' from command line to 'False'
[0.222s] [34mcolcon.colcon_core.verb[0m [1;30mLevel 5[0m set package 'industrial_warehouse_gazebo' build argument 'cmake_clean_cache' from command line to 'False'
[0.222s] [34mcolcon.colcon_core.verb[0m [1;30mLevel 5[0m set package 'industrial_warehouse_gazebo' build argument 'cmake_clean_first' from command line to 'False'
[0.222s] [34mcolcon.colcon_core.verb[0m [1;30mLevel 5[0m set package 'industrial_warehouse_gazebo' build argument 'cmake_force_configure' from command line to 'False'
[0.222s] [34mcolcon.colcon_core.verb[0m [1;30mLevel 5[0m set package 'industrial_warehouse_gazebo' build argument 'ament_cmake_args' from command line to 'None'
[0.222s] [34mcolcon.colcon_core.verb[0m [1;30mLevel 5[0m set package 'industrial_warehouse_gazebo' build argument 'catkin_cmake_args' from command line to 'None'
[0.222s] [34mcolcon.colcon_core.verb[0m [1;30mLevel 5[0m set package 'industrial_warehouse_gazebo' build argument 'catkin_skip_building_tests' from command line to 'False'
[0.222s] [34mcolcon.colcon_core.verb[0m [1;30mDEBUG[0m [32mBuilding package 'industrial_warehouse_gazebo' with the following arguments: {'ament_cmake_args': None, 'build_base': '/home/rupendra/Desktop/Tasks/TASK-1/Task1/build/industrial_warehouse_gazebo', 'catkin_cmake_args': None, 'catkin_skip_building_tests': False, 'cmake_args': None, 'cmake_clean_cache': False, 'cmake_clean_first': False, 'cmake_force_configure': False, 'cmake_target': None, 'cmake_target_skip_unavailable': False, 'install_base': '/home/rupendra/Desktop/Tasks/TASK-1/Task1/install/industrial_warehouse_gazebo', 'merge_install': False, 'path': '/home/rupendra/Desktop/Tasks/TASK-1/Task1/src/industrial_warehouse_gazebo', 'symlink_install': True, 'test_result_base': None}[0m
[0.222s] [34mcolcon.colcon_core.verb[0m [1;30mLevel 5[0m set package 'ros2_conveyorbelt' build argument 'cmake_args' from command line to 'None'
[0.222s] [34mcolcon.colcon_core.verb[0m [1;30mLevel 5[0m set package 'ros2_conveyorbelt' build argument 'cmake_target' from command line to 'None'
[0.222s] [34mcolcon.colcon_core.verb[0m [1;30mLevel 5[0m set package 'ros2_conveyorbelt' build argument 'cmake_target_skip_unavailable' from command line to 'False'
[0.222s] [34mcolcon.colcon_core.verb[0m [1;30mLevel 5[0m set package 'ros2_conveyorbelt' build argument 'cmake_clean_cache' from command line to 'False'
[0.222s] [34mcolcon.colcon_core.verb[0m [1;30mLevel 5[0m set package 'ros2_conveyorbelt' build argument 'cmake_clean_first' from command line to 'False'
[0.222s] [34mcolcon.colcon_core.verb[0m [1;30mLevel 5[0m set package 'ros2_conveyorbelt' build argument 'cmake_force_configure' from command line to 'False'
[0.222s] [34mcolcon.colcon_core.verb[0m [1;30mLevel 5[0m set package 'ros2_conveyorbelt' build argument 'ament_cmake_args' from command line to 'None'
[0.222s] [34mcolcon.colcon_core.verb[0m [1;30mLevel 5[0m set package 'ros2_conveyorbelt' build argument 'catkin_cmake_args' from command line to 'None'
[0.222s] [34mcolcon.colcon_core.verb[0m [1;30mLevel 5[0m set package 'ros2_conveyorbelt' build argument 'catkin_skip_building_tests' from command line to 'False'
[0.222s] [34mcolcon.colcon_core.verb[0m [1;30mDEBUG[0m [32mBuilding package 'ros2_conveyorbelt' with the following arguments: {'ament_cmake_args': None, 'build_base': '/home/rupendra/Desktop/Tasks/TASK-1/Task1/build/ros2_conveyorbelt', 'catkin_cmake_args': None, 'catkin_skip_building_tests': False, 'cmake_args': None, 'cmake_clean_cache': False, 'cmake_clean_first': False, 'cmake_force_configure': False, 'cmake_target': None, 'cmake_target_skip_unavailable': False, 'install_base': '/home/rupendra/Desktop/Tasks/TASK-1/Task1/install/ros2_conveyorbelt', 'merge_install': False, 'path': '/home/rupendra/Desktop/Tasks/TASK-1/Task1/src/IFRA_ConveyorBelt/ros2_conveyorbelt', 'symlink_install': True, 'test_result_base': None}[0m
[0.222s] [34mcolcon.colcon_core.executor[0m [1;30mINFO[0m Executing jobs using 'parallel' executor
[0.223s] [34mcolcon.colcon_parallel_executor.executor.parallel[0m [1;30mDEBUG[0m [32mrun_until_complete[0m
[0.224s] [34mcolcon.colcon_ros.task.ament_cmake.build[0m [1;30mINFO[0m Building ROS package in '/home/rupendra/Desktop/Tasks/TASK-1/Task1/src/IFRA_ConveyorBelt/conveyorbelt_msgs' with build type 'ament_cmake'
[0.224s] [34mcolcon.colcon_cmake.task.cmake.build[0m [1;30mINFO[0m Building CMake package in '/home/rupendra/Desktop/Tasks/TASK-1/Task1/src/IFRA_ConveyorBelt/conveyorbelt_msgs'
[0.225s] [34mcolcon.colcon_core.plugin_system[0m [1;30mINFO[0m Skipping extension 'colcon_core.shell.bat': Not used on non-Windows systems
[0.225s] [34mcolcon.colcon_core.shell[0m [1;30mINFO[0m Skip shell extension 'powershell' for command environment: Not usable outside of PowerShell
[0.225s] [34mcolcon.colcon_core.shell[0m [1;30mDEBUG[0m [32mSkip shell extension 'dsv' for command environment[0m
[0.228s] [34mcolcon.colcon_ros.task.ament_cmake.build[0m [1;30mINFO[0m Building ROS package in '/home/rupendra/Desktop/Tasks/TASK-1/Task1/src/IFRA_ConveyorBelt/conveyorbelt_gazebo' with build type 'ament_cmake'
[0.228s] [34mcolcon.colcon_cmake.task.cmake.build[0m [1;30mINFO[0m Building CMake package in '/home/rupendra/Desktop/Tasks/TASK-1/Task1/src/IFRA_ConveyorBelt/conveyorbelt_gazebo'
[0.228s] [34mcolcon.colcon_core.shell[0m [1;30mINFO[0m Skip shell extension 'powershell' for command environment: Not usable outside of PowerShell
[0.228s] [34mcolcon.colcon_core.shell[0m [1;30mDEBUG[0m [32mSkip shell extension 'dsv' for command environment[0m
[0.231s] [34mcolcon.colcon_ros.task.ament_cmake.build[0m [1;30mINFO[0m Building ROS package in '/home/rupendra/Desktop/Tasks/TASK-1/Task1/src/industrial_warehouse_gazebo' with build type 'ament_cmake'
[0.231s] [34mcolcon.colcon_cmake.task.cmake.build[0m [1;30mINFO[0m Building CMake package in '/home/rupendra/Desktop/Tasks/TASK-1/Task1/src/industrial_warehouse_gazebo'
[0.232s] [34mcolcon.colcon_core.shell[0m [1;30mINFO[0m Skip shell extension 'powershell' for command environment: Not usable outside of PowerShell
[0.232s] [34mcolcon.colcon_core.shell[0m [1;30mDEBUG[0m [32mSkip shell extension 'dsv' for command environment[0m
[0.320s] [34mcolcon.colcon_core.event_handler.log_command[0m [1;30mDEBUG[0m [32mInvoking command in '/home/rupendra/Desktop/Tasks/TASK-1/Task1/build/conveyorbelt_msgs': CMAKE_PREFIX_PATH=${CMAKE_PREFIX_PATH}:/opt/ros/humble /usr/bin/cmake --build /home/rupendra/Desktop/Tasks/TASK-1/Task1/build/conveyorbelt_msgs -- -j16 -l16[0m
[0.323s] [34mcolcon.colcon_core.event_handler.log_command[0m [1;30mDEBUG[0m [32mInvoking command in '/home/rupendra/Desktop/Tasks/TASK-1/Task1/build/conveyorbelt_gazebo': CMAKE_PREFIX_PATH=${CMAKE_PREFIX_PATH}:/opt/ros/humble /usr/bin/cmake --build /home/rupendra/Desktop/Tasks/TASK-1/Task1/build/conveyorbelt_gazebo -- -j16 -l16[0m
[0.326s] [34mcolcon.colcon_core.event_handler.log_command[0m [1;30mDEBUG[0m [32mInvoking command in '/home/rupendra/Desktop/Tasks/TASK-1/Task1/build/industrial_warehouse_gazebo': CMAKE_PREFIX_PATH=${CMAKE_PREFIX_PATH}:/opt/ros/humble /usr/bin/cmake --build /home/rupendra/Desktop/Tasks/TASK-1/Task1/build/industrial_warehouse_gazebo -- -j16 -l16[0m
[0.359s] [34mcolcon.colcon_core.event_handler.log_command[0m [1;30mDEBUG[0m [32mInvoked command in '/home/rupendra/Desktop/Tasks/TASK-1/Task1/build/conveyorbelt_gazebo' returned '0': CMAKE_PREFIX_PATH=${CMAKE_PREFIX_PATH}:/opt/ros/humble /usr/bin/cmake --build /home/rupendra/Desktop/Tasks/TASK-1/Task1/build/conveyorbelt_gazebo -- -j16 -l16[0m
[0.370s] [34mcolcon.colcon_core.event_handler.log_command[0m [1;30mDEBUG[0m [32mInvoking command in '/home/rupendra/Desktop/Tasks/TASK-1/Task1/build/conveyorbelt_gazebo': CMAKE_PREFIX_PATH=${CMAKE_PREFIX_PATH}:/opt/ros/humble /usr/bin/cmake --install /home/rupendra/Desktop/Tasks/TASK-1/Task1/build/conveyorbelt_gazebo[0m
[0.371s] [34mcolcon.colcon_core.event_handler.log_command[0m [1;30mDEBUG[0m [32mInvoked command in '/home/rupendra/Desktop/Tasks/TASK-1/Task1/build/industrial_warehouse_gazebo' returned '0': CMAKE_PREFIX_PATH=${CMAKE_PREFIX_PATH}:/opt/ros/humble /usr/bin/cmake --build /home/rupendra/Desktop/Tasks/TASK-1/Task1/build/industrial_warehouse_gazebo -- -j16 -l16[0m
[0.372s] [34mcolcon.colcon_core.event_handler.log_command[0m [1;30mDEBUG[0m [32mInvoking command in '/home/rupendra/Desktop/Tasks/TASK-1/Task1/build/industrial_warehouse_gazebo': CMAKE_PREFIX_PATH=${CMAKE_PREFIX_PATH}:/opt/ros/humble /usr/bin/cmake --install /home/rupendra/Desktop/Tasks/TASK-1/Task1/build/industrial_warehouse_gazebo[0m
[0.391s] [34mcolcon.colcon_core.environment[0m [1;30mLevel 1[0m create_environment_scripts_only(conveyorbelt_gazebo)
[0.392s] [34mcolcon.colcon_core.event_handler.log_command[0m [1;30mDEBUG[0m [32mInvoked command in '/home/rupendra/Desktop/Tasks/TASK-1/Task1/build/conveyorbelt_gazebo' returned '0': CMAKE_PREFIX_PATH=${CMAKE_PREFIX_PATH}:/opt/ros/humble /usr/bin/cmake --install /home/rupendra/Desktop/Tasks/TASK-1/Task1/build/conveyorbelt_gazebo[0m
[0.394s] [34mcolcon.colcon_core.environment[0m [1;30mLevel 1[0m checking '/home/rupendra/Desktop/Tasks/TASK-1/Task1/install/conveyorbelt_gazebo' for CMake module files
[0.395s] [34mcolcon.colcon_core.environment[0m [1;30mLevel 1[0m checking '/home/rupendra/Desktop/Tasks/TASK-1/Task1/install/conveyorbelt_gazebo' for CMake config files
[0.395s] [34mcolcon.colcon_core.shell[0m [1;30mLevel 1[0m create_environment_hook('conveyorbelt_gazebo', 'cmake_prefix_path')
[0.395s] [34mcolcon.colcon_core.shell[0m [1;30mINFO[0m Creating environment hook '/home/rupendra/Desktop/Tasks/TASK-1/Task1/install/conveyorbelt_gazebo/share/conveyorbelt_gazebo/hook/cmake_prefix_path.ps1'
[0.396s] [34mcolcon.colcon_core.shell[0m [1;30mINFO[0m Creating environment descriptor '/home/rupendra/Desktop/Tasks/TASK-1/Task1/install/conveyorbelt_gazebo/share/conveyorbelt_gazebo/hook/cmake_prefix_path.dsv'
[0.396s] [34mcolcon.colcon_core.shell[0m [1;30mINFO[0m Creating environment hook '/home/rupendra/Desktop/Tasks/TASK-1/Task1/install/conveyorbelt_gazebo/share/conveyorbelt_gazebo/hook/cmake_prefix_path.sh'
[0.397s] [34mcolcon.colcon_core.environment[0m [1;30mLevel 1[0m checking '/home/rupendra/Desktop/Tasks/TASK-1/Task1/install/conveyorbelt_gazebo/bin'
[0.397s] [34mcolcon.colcon_core.environment[0m [1;30mLevel 1[0m checking '/home/rupendra/Desktop/Tasks/TASK-1/Task1/install/conveyorbelt_gazebo/lib/pkgconfig/conveyorbelt_gazebo.pc'
[0.397s] [34mcolcon.colcon_core.environment[0m [1;30mLevel 1[0m checking '/home/rupendra/Desktop/Tasks/TASK-1/Task1/install/conveyorbelt_gazebo/lib/python3.10/site-packages'
[0.397s] [34mcolcon.colcon_core.environment[0m [1;30mLevel 1[0m checking '/home/rupendra/Desktop/Tasks/TASK-1/Task1/install/conveyorbelt_gazebo/bin'
[0.398s] [34mcolcon.colcon_core.shell[0m [1;30mINFO[0m Creating package script '/home/rupendra/Desktop/Tasks/TASK-1/Task1/install/conveyorbelt_gazebo/share/conveyorbelt_gazebo/package.ps1'
[0.398s] [34mcolcon.colcon_core.shell[0m [1;30mINFO[0m Creating package descriptor '/home/rupendra/Desktop/Tasks/TASK-1/Task1/install/conveyorbelt_gazebo/share/conveyorbelt_gazebo/package.dsv'
[0.399s] [34mcolcon.colcon_core.shell[0m [1;30mINFO[0m Creating package script '/home/rupendra/Desktop/Tasks/TASK-1/Task1/install/conveyorbelt_gazebo/share/conveyorbelt_gazebo/package.sh'
[0.400s] [34mcolcon.colcon_core.shell[0m [1;30mINFO[0m Creating package script '/home/rupendra/Desktop/Tasks/TASK-1/Task1/install/conveyorbelt_gazebo/share/conveyorbelt_gazebo/package.bash'
[0.400s] [34mcolcon.colcon_core.shell[0m [1;30mINFO[0m Creating package script '/home/rupendra/Desktop/Tasks/TASK-1/Task1/install/conveyorbelt_gazebo/share/conveyorbelt_gazebo/package.zsh'
[0.401s] [34mcolcon.colcon_core.environment[0m [1;30mLevel 1[0m create_file_with_runtime_dependencies(/home/rupendra/Desktop/Tasks/TASK-1/Task1/install/conveyorbelt_gazebo/share/colcon-core/packages/conveyorbelt_gazebo)
[0.401s] [34mcolcon.colcon_core.environment[0m [1;30mLevel 1[0m create_environment_scripts_only(conveyorbelt_gazebo)
[0.401s] [34mcolcon.colcon_core.environment[0m [1;30mLevel 1[0m checking '/home/rupendra/Desktop/Tasks/TASK-1/Task1/install/conveyorbelt_gazebo' for CMake module files
[0.402s] [34mcolcon.colcon_core.environment[0m [1;30mLevel 1[0m checking '/home/rupendra/Desktop/Tasks/TASK-1/Task1/install/conveyorbelt_gazebo' for CMake config files
[0.402s] [34mcolcon.colcon_core.shell[0m [1;30mLevel 1[0m create_environment_hook('conveyorbelt_gazebo', 'cmake_prefix_path')
[0.402s] [34mcolcon.colcon_core.shell[0m [1;30mINFO[0m Creating environment hook '/home/rupendra/Desktop/Tasks/TASK-1/Task1/install/conveyorbelt_gazebo/share/conveyorbelt_gazebo/hook/cmake_prefix_path.ps1'
[0.402s] [34mcolcon.colcon_core.shell[0m [1;30mINFO[0m Creating environment descriptor '/home/rupendra/Desktop/Tasks/TASK-1/Task1/install/conveyorbelt_gazebo/share/conveyorbelt_gazebo/hook/cmake_prefix_path.dsv'
[0.403s] [34mcolcon.colcon_core.shell[0m [1;30mINFO[0m Creating environment hook '/home/rupendra/Desktop/Tasks/TASK-1/Task1/install/conveyorbelt_gazebo/share/conveyorbelt_gazebo/hook/cmake_prefix_path.sh'
[0.403s] [34mcolcon.colcon_core.environment[0m [1;30mLevel 1[0m checking '/home/rupendra/Desktop/Tasks/TASK-1/Task1/install/conveyorbelt_gazebo/bin'
[0.403s] [34mcolcon.colcon_core.environment[0m [1;30mLevel 1[0m checking '/home/rupendra/Desktop/Tasks/TASK-1/Task1/install/conveyorbelt_gazebo/lib/pkgconfig/conveyorbelt_gazebo.pc'
[0.404s] [34mcolcon.colcon_core.environment[0m [1;30mLevel 1[0m checking '/home/rupendra/Desktop/Tasks/TASK-1/Task1/install/conveyorbelt_gazebo/lib/python3.10/site-packages'
[0.404s] [34mcolcon.colcon_core.environment[0m [1;30mLevel 1[0m checking '/home/rupendra/Desktop/Tasks/TASK-1/Task1/install/conveyorbelt_gazebo/bin'
[0.404s] [34mcolcon.colcon_core.shell[0m [1;30mINFO[0m Creating package script '/home/rupendra/Desktop/Tasks/TASK-1/Task1/install/conveyorbelt_gazebo/share/conveyorbelt_gazebo/package.ps1'
[0.404s] [34mcolcon.colcon_core.shell[0m [1;30mINFO[0m Creating package descriptor '/home/rupendra/Desktop/Tasks/TASK-1/Task1/install/conveyorbelt_gazebo/share/conveyorbelt_gazebo/package.dsv'
[0.405s] [34mcolcon.colcon_core.shell[0m [1;30mINFO[0m Creating package script '/home/rupendra/Desktop/Tasks/TASK-1/Task1/install/conveyorbelt_gazebo/share/conveyorbelt_gazebo/package.sh'
[0.405s] [34mcolcon.colcon_core.shell[0m [1;30mINFO[0m Creating package script '/home/rupendra/Desktop/Tasks/TASK-1/Task1/install/conveyorbelt_gazebo/share/conveyorbelt_gazebo/package.bash'
[0.405s] [34mcolcon.colcon_core.shell[0m [1;30mINFO[0m Creating package script '/home/rupendra/Desktop/Tasks/TASK-1/Task1/install/conveyorbelt_gazebo/share/conveyorbelt_gazebo/package.zsh'
[0.406s] [34mcolcon.colcon_core.environment[0m [1;30mLevel 1[0m create_file_with_runtime_dependencies(/home/rupendra/Desktop/Tasks/TASK-1/Task1/install/conveyorbelt_gazebo/share/colcon-core/packages/conveyorbelt_gazebo)
[0.464s] [34mcolcon.colcon_core.environment[0m [1;30mLevel 1[0m create_environment_scripts_only(industrial_warehouse_gazebo)
[0.465s] [34mcolcon.colcon_core.environment[0m [1;30mLevel 1[0m checking '/home/rupendra/Desktop/Tasks/TASK-1/Task1/install/industrial_warehouse_gazebo' for CMake module files
[0.465s] [34mcolcon.colcon_core.event_handler.log_command[0m [1;30mDEBUG[0m [32mInvoked command in '/home/rupendra/Desktop/Tasks/TASK-1/Task1/build/industrial_warehouse_gazebo' returned '0': CMAKE_PREFIX_PATH=${CMAKE_PREFIX_PATH}:/opt/ros/humble /usr/bin/cmake --install /home/rupendra/Desktop/Tasks/TASK-1/Task1/build/industrial_warehouse_gazebo[0m
[0.465s] [34mcolcon.colcon_core.environment[0m [1;30mLevel 1[0m checking '/home/rupendra/Desktop/Tasks/TASK-1/Task1/install/industrial_warehouse_gazebo' for CMake config files
[0.466s] [34mcolcon.colcon_core.shell[0m [1;30mLevel 1[0m create_environment_hook('industrial_warehouse_gazebo', 'cmake_prefix_path')
[0.466s] [34mcolcon.colcon_core.shell[0m [1;30mINFO[0m Creating environment hook '/home/rupendra/Desktop/Tasks/TASK-1/Task1/install/industrial_warehouse_gazebo/share/industrial_warehouse_gazebo/hook/cmake_prefix_path.ps1'
[0.466s] [34mcolcon.colcon_core.shell[0m [1;30mINFO[0m Creating environment descriptor '/home/rupendra/Desktop/Tasks/TASK-1/Task1/install/industrial_warehouse_gazebo/share/industrial_warehouse_gazebo/hook/cmake_prefix_path.dsv'
[0.467s] [34mcolcon.colcon_core.shell[0m [1;30mINFO[0m Creating environment hook '/home/rupendra/Desktop/Tasks/TASK-1/Task1/install/industrial_warehouse_gazebo/share/industrial_warehouse_gazebo/hook/cmake_prefix_path.sh'
[0.467s] [34mcolcon.colcon_core.environment[0m [1;30mLevel 1[0m checking '/home/rupendra/Desktop/Tasks/TASK-1/Task1/install/industrial_warehouse_gazebo/bin'
[0.467s] [34mcolcon.colcon_core.environment[0m [1;30mLevel 1[0m checking '/home/rupendra/Desktop/Tasks/TASK-1/Task1/install/industrial_warehouse_gazebo/lib/pkgconfig/industrial_warehouse_gazebo.pc'
[0.467s] [34mcolcon.colcon_core.environment[0m [1;30mLevel 1[0m checking '/home/rupendra/Desktop/Tasks/TASK-1/Task1/install/industrial_warehouse_gazebo/lib/python3.10/site-packages'
[0.467s] [34mcolcon.colcon_core.environment[0m [1;30mLevel 1[0m checking '/home/rupendra/Desktop/Tasks/TASK-1/Task1/install/industrial_warehouse_gazebo/bin'
[0.468s] [34mcolcon.colcon_core.shell[0m [1;30mINFO[0m Creating package script '/home/rupendra/Desktop/Tasks/TASK-1/Task1/install/industrial_warehouse_gazebo/share/industrial_warehouse_gazebo/package.ps1'
[0.468s] [34mcolcon.colcon_core.shell[0m [1;30mINFO[0m Creating package descriptor '/home/rupendra/Desktop/Tasks/TASK-1/Task1/install/industrial_warehouse_gazebo/share/industrial_warehouse_gazebo/package.dsv'
[0.468s] [34mcolcon.colcon_core.shell[0m [1;30mINFO[0m Creating package script '/home/rupendra/Desktop/Tasks/TASK-1/Task1/install/industrial_warehouse_gazebo/share/industrial_warehouse_gazebo/package.sh'
[0.469s] [34mcolcon.colcon_core.shell[0m [1;30mINFO[0m Creating package script '/home/rupendra/Desktop/Tasks/TASK-1/Task1/install/industrial_warehouse_gazebo/share/industrial_warehouse_gazebo/package.bash'
[0.469s] [34mcolcon.colcon_core.shell[0m [1;30mINFO[0m Creating package script '/home/rupendra/Desktop/Tasks/TASK-1/Task1/install/industrial_warehouse_gazebo/share/industrial_warehouse_gazebo/package.zsh'
[0.469s] [34mcolcon.colcon_core.environment[0m [1;30mLevel 1[0m create_file_with_runtime_dependencies(/home/rupendra/Desktop/Tasks/TASK-1/Task1/install/industrial_warehouse_gazebo/share/colcon-core/packages/industrial_warehouse_gazebo)
[0.470s] [34mcolcon.colcon_core.environment[0m [1;30mLevel 1[0m create_environment_scripts_only(industrial_warehouse_gazebo)
[0.470s] [34mcolcon.colcon_core.environment[0m [1;30mLevel 1[0m checking '/home/rupendra/Desktop/Tasks/TASK-1/Task1/install/industrial_warehouse_gazebo' for CMake module files
[0.470s] [34mcolcon.colcon_core.environment[0m [1;30mLevel 1[0m checking '/home/rupendra/Desktop/Tasks/TASK-1/Task1/install/industrial_warehouse_gazebo' for CMake config files
[0.470s] [34mcolcon.colcon_core.shell[0m [1;30mLevel 1[0m create_environment_hook('industrial_warehouse_gazebo', 'cmake_prefix_path')
[0.471s] [34mcolcon.colcon_core.shell[0m [1;30mINFO[0m Creating environment hook '/home/rupendra/Desktop/Tasks/TASK-1/Task1/install/industrial_warehouse_gazebo/share/industrial_warehouse_gazebo/hook/cmake_prefix_path.ps1'
[0.471s] [34mcolcon.colcon_core.shell[0m [1;30mINFO[0m Creating environment descriptor '/home/rupendra/Desktop/Tasks/TASK-1/Task1/install/industrial_warehouse_gazebo/share/industrial_warehouse_gazebo/hook/cmake_prefix_path.dsv'
[0.471s] [34mcolcon.colcon_core.shell[0m [1;30mINFO[0m Creating environment hook '/home/rupendra/Desktop/Tasks/TASK-1/Task1/install/industrial_warehouse_gazebo/share/industrial_warehouse_gazebo/hook/cmake_prefix_path.sh'
[0.472s] [34mcolcon.colcon_core.environment[0m [1;30mLevel 1[0m checking '/home/rupendra/Desktop/Tasks/TASK-1/Task1/install/industrial_warehouse_gazebo/bin'
[0.472s] [34mcolcon.colcon_core.environment[0m [1;30mLevel 1[0m checking '/home/rupendra/Desktop/Tasks/TASK-1/Task1/install/industrial_warehouse_gazebo/lib/pkgconfig/industrial_warehouse_gazebo.pc'
[0.472s] [34mcolcon.colcon_core.environment[0m [1;30mLevel 1[0m checking '/home/rupendra/Desktop/Tasks/TASK-1/Task1/install/industrial_warehouse_gazebo/lib/python3.10/site-packages'
[0.472s] [34mcolcon.colcon_core.environment[0m [1;30mLevel 1[0m checking '/home/rupendra/Desktop/Tasks/TASK-1/Task1/install/industrial_warehouse_gazebo/bin'
[0.472s] [34mcolcon.colcon_core.shell[0m [1;30mINFO[0m Creating package script '/home/rupendra/Desktop/Tasks/TASK-1/Task1/install/industrial_warehouse_gazebo/share/industrial_warehouse_gazebo/package.ps1'
[0.473s] [34mcolcon.colcon_core.shell[0m [1;30mINFO[0m Creating package descriptor '/home/rupendra/Desktop/Tasks/TASK-1/Task1/install/industrial_warehouse_gazebo/share/industrial_warehouse_gazebo/package.dsv'
[0.473s] [34mcolcon.colcon_core.shell[0m [1;30mINFO[0m Creating package script '/home/rupendra/Desktop/Tasks/TASK-1/Task1/install/industrial_warehouse_gazebo/share/industrial_warehouse_gazebo/package.sh'
[0.473s] [34mcolcon.colcon_core.shell[0m [1;30mINFO[0m Creating package script '/home/rupendra/Desktop/Tasks/TASK-1/Task1/install/industrial_warehouse_gazebo/share/industrial_warehouse_gazebo/package.bash'
[0.474s] [34mcolcon.colcon_core.shell[0m [1;30mINFO[0m Creating package script '/home/rupendra/Desktop/Tasks/TASK-1/Task1/install/industrial_warehouse_gazebo/share/industrial_warehouse_gazebo/package.zsh'
[0.474s] [34mcolcon.colcon_core.environment[0m [1;30mLevel 1[0m create_file_with_runtime_dependencies(/home/rupendra/Desktop/Tasks/TASK-1/Task1/install/industrial_warehouse_gazebo/share/colcon-core/packages/industrial_warehouse_gazebo)
[0.744s] [34mcolcon.colcon_core.event_handler.log_command[0m [1;30mDEBUG[0m [32mInvoked command in '/home/rupendra/Desktop/Tasks/TASK-1/Task1/build/conveyorbelt_msgs' returned '0': CMAKE_PREFIX_PATH=${CMAKE_PREFIX_PATH}:/opt/ros/humble /usr/bin/cmake --build /home/rupendra/Desktop/Tasks/TASK-1/Task1/build/conveyorbelt_msgs -- -j16 -l16[0m
[0.746s] [34mcolcon.colcon_core.event_handler.log_command[0m [1;30mDEBUG[0m [32mInvoking command in '/home/rupendra/Desktop/Tasks/TASK-1/Task1/build/conveyorbelt_msgs': CMAKE_PREFIX_PATH=${CMAKE_PREFIX_PATH}:/opt/ros/humble /usr/bin/cmake --install /home/rupendra/Desktop/Tasks/TASK-1/Task1/build/conveyorbelt_msgs[0m
[0.810s] [34mcolcon.colcon_core.environment[0m [1;30mLevel 1[0m create_environment_scripts_only(conveyorbelt_msgs)
[0.811s] [34mcolcon.colcon_core.environment[0m [1;30mLevel 1[0m checking '/home/rupendra/Desktop/Tasks/TASK-1/Task1/install/conveyorbelt_msgs' for CMake module files
[0.811s] [34mcolcon.colcon_core.event_handler.log_command[0m [1;30mDEBUG[0m [32mInvoked command in '/home/rupendra/Desktop/Tasks/TASK-1/Task1/build/conveyorbelt_msgs' returned '0': CMAKE_PREFIX_PATH=${CMAKE_PREFIX_PATH}:/opt/ros/humble /usr/bin/cmake --install /home/rupendra/Desktop/Tasks/TASK-1/Task1/build/conveyorbelt_msgs[0m
[0.812s] [34mcolcon.colcon_core.environment[0m [1;30mLevel 1[0m checking '/home/rupendra/Desktop/Tasks/TASK-1/Task1/install/conveyorbelt_msgs' for CMake config files
[0.813s] [34mcolcon.colcon_core.shell[0m [1;30mLevel 1[0m create_environment_hook('conveyorbelt_msgs', 'cmake_prefix_path')
[0.813s] [34mcolcon.colcon_core.shell[0m [1;30mINFO[0m Creating environment hook '/home/rupendra/Desktop/Tasks/TASK-1/Task1/install/conveyorbelt_msgs/share/conveyorbelt_msgs/hook/cmake_prefix_path.ps1'
[0.814s] [34mcolcon.colcon_core.shell[0m [1;30mINFO[0m Creating environment descriptor '/home/rupendra/Desktop/Tasks/TASK-1/Task1/install/conveyorbelt_msgs/share/conveyorbelt_msgs/hook/cmake_prefix_path.dsv'
[0.814s] [34mcolcon.colcon_core.shell[0m [1;30mINFO[0m Creating environment hook '/home/rupendra/Desktop/Tasks/TASK-1/Task1/install/conveyorbelt_msgs/share/conveyorbelt_msgs/hook/cmake_prefix_path.sh'
[0.815s] [34mcolcon.colcon_core.environment[0m [1;30mLevel 1[0m checking '/home/rupendra/Desktop/Tasks/TASK-1/Task1/install/conveyorbelt_msgs/lib'
[0.815s] [34mcolcon.colcon_core.shell[0m [1;30mLevel 1[0m create_environment_hook('conveyorbelt_msgs', 'ld_library_path_lib')
[0.815s] [34mcolcon.colcon_core.shell[0m [1;30mINFO[0m Creating environment hook '/home/rupendra/Desktop/Tasks/TASK-1/Task1/install/conveyorbelt_msgs/share/conveyorbelt_msgs/hook/ld_library_path_lib.ps1'
[0.815s] [34mcolcon.colcon_core.shell[0m [1;30mINFO[0m Creating environment descriptor '/home/rupendra/Desktop/Tasks/TASK-1/Task1/install/conveyorbelt_msgs/share/conveyorbelt_msgs/hook/ld_library_path_lib.dsv'
[0.816s] [34mcolcon.colcon_core.shell[0m [1;30mINFO[0m Creating environment hook '/home/rupendra/Desktop/Tasks/TASK-1/Task1/install/conveyorbelt_msgs/share/conveyorbelt_msgs/hook/ld_library_path_lib.sh'
[0.816s] [34mcolcon.colcon_core.environment[0m [1;30mLevel 1[0m checking '/home/rupendra/Desktop/Tasks/TASK-1/Task1/install/conveyorbelt_msgs/bin'
[0.816s] [34mcolcon.colcon_core.environment[0m [1;30mLevel 1[0m checking '/home/rupendra/Desktop/Tasks/TASK-1/Task1/install/conveyorbelt_msgs/lib/pkgconfig/conveyorbelt_msgs.pc'
[0.816s] [34mcolcon.colcon_core.environment[0m [1;30mLevel 1[0m checking '/home/rupendra/Desktop/Tasks/TASK-1/Task1/install/conveyorbelt_msgs/lib/python3.10/site-packages'
[0.817s] [34mcolcon.colcon_core.environment[0m [1;30mLevel 1[0m checking '/home/rupendra/Desktop/Tasks/TASK-1/Task1/install/conveyorbelt_msgs/bin'
[0.817s] [34mcolcon.colcon_core.shell[0m [1;30mINFO[0m Creating package script '/home/rupendra/Desktop/Tasks/TASK-1/Task1/install/conveyorbelt_msgs/share/conveyorbelt_msgs/package.ps1'
[0.818s] [34mcolcon.colcon_core.shell[0m [1;30mINFO[0m Creating package descriptor '/home/rupendra/Desktop/Tasks/TASK-1/Task1/install/conveyorbelt_msgs/share/conveyorbelt_msgs/package.dsv'
[0.819s] [34mcolcon.colcon_core.shell[0m [1;30mINFO[0m Creating package script '/home/rupendra/Desktop/Tasks/TASK-1/Task1/install/conveyorbelt_msgs/share/conveyorbelt_msgs/package.sh'
[0.819s] [34mcolcon.colcon_core.shell[0m [1;30mINFO[0m Creating package script '/home/rupendra/Desktop/Tasks/TASK-1/Task1/install/conveyorbelt_msgs/share/conveyorbelt_msgs/package.bash'
[0.819s] [34mcolcon.colcon_core.shell[0m [1;30mINFO[0m Creating package script '/home/rupendra/Desktop/Tasks/TASK-1/Task1/install/conveyorbelt_msgs/share/conveyorbelt_msgs/package.zsh'
[0.819s] [34mcolcon.colcon_core.environment[0m [1;30mLevel 1[0m create_file_with_runtime_dependencies(/home/rupendra/Desktop/Tasks/TASK-1/Task1/install/conveyorbelt_msgs/share/colcon-core/packages/conveyorbelt_msgs)
[0.820s] [34mcolcon.colcon_core.environment[0m [1;30mLevel 1[0m create_environment_scripts_only(conveyorbelt_msgs)
[0.820s] [34mcolcon.colcon_core.environment[0m [1;30mLevel 1[0m checking '/home/rupendra/Desktop/Tasks/TASK-1/Task1/install/conveyorbelt_msgs' for CMake module files
[0.820s] [34mcolcon.colcon_core.environment[0m [1;30mLevel 1[0m checking '/home/rupendra/Desktop/Tasks/TASK-1/Task1/install/conveyorbelt_msgs' for CMake config files
[0.821s] [34mcolcon.colcon_core.shell[0m [1;30mLevel 1[0m create_environment_hook('conveyorbelt_msgs', 'cmake_prefix_path')
[0.821s] [34mcolcon.colcon_core.shell[0m [1;30mINFO[0m Creating environment hook '/home/rupendra/Desktop/Tasks/TASK-1/Task1/install/conveyorbelt_msgs/share/conveyorbelt_msgs/hook/cmake_prefix_path.ps1'
[0.822s] [34mcolcon.colcon_core.shell[0m [1;30mINFO[0m Creating environment descriptor '/home/rupendra/Desktop/Tasks/TASK-1/Task1/install/conveyorbelt_msgs/share/conveyorbelt_msgs/hook/cmake_prefix_path.dsv'
[0.822s] [34mcolcon.colcon_core.shell[0m [1;30mINFO[0m Creating environment hook '/home/rupendra/Desktop/Tasks/TASK-1/Task1/install/conveyorbelt_msgs/share/conveyorbelt_msgs/hook/cmake_prefix_path.sh'
[0.822s] [34mcolcon.colcon_core.environment[0m [1;30mLevel 1[0m checking '/home/rupendra/Desktop/Tasks/TASK-1/Task1/install/conveyorbelt_msgs/lib'
[0.822s] [34mcolcon.colcon_core.shell[0m [1;30mLevel 1[0m create_environment_hook('conveyorbelt_msgs', 'ld_library_path_lib')
[0.822s] [34mcolcon.colcon_core.shell[0m [1;30mINFO[0m Creating environment hook '/home/rupendra/Desktop/Tasks/TASK-1/Task1/install/conveyorbelt_msgs/share/conveyorbelt_msgs/hook/ld_library_path_lib.ps1'
[0.823s] [34mcolcon.colcon_core.shell[0m [1;30mINFO[0m Creating environment descriptor '/home/rupendra/Desktop/Tasks/TASK-1/Task1/install/conveyorbelt_msgs/share/conveyorbelt_msgs/hook/ld_library_path_lib.dsv'
[0.823s] [34mcolcon.colcon_core.shell[0m [1;30mINFO[0m Creating environment hook '/home/rupendra/Desktop/Tasks/TASK-1/Task1/install/conveyorbelt_msgs/share/conveyorbelt_msgs/hook/ld_library_path_lib.sh'
[0.823s] [34mcolcon.colcon_core.environment[0m [1;30mLevel 1[0m checking '/home/rupendra/Desktop/Tasks/TASK-1/Task1/install/conveyorbelt_msgs/bin'
[0.824s] [34mcolcon.colcon_core.environment[0m [1;30mLevel 1[0m checking '/home/rupendra/Desktop/Tasks/TASK-1/Task1/install/conveyorbelt_msgs/lib/pkgconfig/conveyorbelt_msgs.pc'
[0.824s] [34mcolcon.colcon_core.environment[0m [1;30mLevel 1[0m checking '/home/rupendra/Desktop/Tasks/TASK-1/Task1/install/conveyorbelt_msgs/lib/python3.10/site-packages'
[0.824s] [34mcolcon.colcon_core.environment[0m [1;30mLevel 1[0m checking '/home/rupendra/Desktop/Tasks/TASK-1/Task1/install/conveyorbelt_msgs/bin'
[0.825s] [34mcolcon.colcon_core.shell[0m [1;30mINFO[0m Creating package script '/home/rupendra/Desktop/Tasks/TASK-1/Task1/install/conveyorbelt_msgs/share/conveyorbelt_msgs/package.ps1'
[0.825s] [34mcolcon.colcon_core.shell[0m [1;30mINFO[0m Creating package descriptor '/home/rupendra/Desktop/Tasks/TASK-1/Task1/install/conveyorbelt_msgs/share/conveyorbelt_msgs/package.dsv'
[0.825s] [34mcolcon.colcon_core.shell[0m [1;30mINFO[0m Creating package script '/home/rupendra/Desktop/Tasks/TASK-1/Task1/install/conveyorbelt_msgs/share/conveyorbelt_msgs/package.sh'
[0.826s] [34mcolcon.colcon_core.shell[0m [1;30mINFO[0m Creating package script '/home/rupendra/Desktop/Tasks/TASK-1/Task1/install/conveyorbelt_msgs/share/conveyorbelt_msgs/package.bash'
[0.826s] [34mcolcon.colcon_core.shell[0m [1;30mINFO[0m Creating package script '/home/rupendra/Desktop/Tasks/TASK-1/Task1/install/conveyorbelt_msgs/share/conveyorbelt_msgs/package.zsh'
[0.826s] [34mcolcon.colcon_core.environment[0m [1;30mLevel 1[0m create_file_with_runtime_dependencies(/home/rupendra/Desktop/Tasks/TASK-1/Task1/install/conveyorbelt_msgs/share/colcon-core/packages/conveyorbelt_msgs)
[0.827s] [34mcolcon.colcon_ros.task.ament_cmake.build[0m [1;30mINFO[0m Building ROS package in '/home/rupendra/Desktop/Tasks/TASK-1/Task1/src/IFRA_ConveyorBelt/ros2_conveyorbelt' with build type 'ament_cmake'
[0.827s] [34mcolcon.colcon_cmake.task.cmake.build[0m [1;30mINFO[0m Building CMake package in '/home/rupendra/Desktop/Tasks/TASK-1/Task1/src/IFRA_ConveyorBelt/ros2_conveyorbelt'
[0.827s] [34mcolcon.colcon_core.shell[0m [1;30mINFO[0m Skip shell extension 'powershell' for command environment: Not usable outside of PowerShell
[0.827s] [34mcolcon.colcon_core.shell[0m [1;30mDEBUG[0m [32mSkip shell extension 'dsv' for command environment[0m
[0.838s] [34mcolcon.colcon_core.event_handler.log_command[0m [1;30mDEBUG[0m [32mInvoking command in '/home/rupendra/Desktop/Tasks/TASK-1/Task1/build/ros2_conveyorbelt': CMAKE_PREFIX_PATH=/home/rupendra/Desktop/Tasks/TASK-1/Task1/install/conveyorbelt_msgs:/home/rupendra/Desktop/Tasks/TASK-1/Task1/install/ros2_conveyorbelt:/home/rupendra/Desktop/Tasks/TASK-1/Task1/install/industrial_warehouse_gazebo:/home/rupendra/Desktop/Tasks/TASK-1/Task1/install/conveyorbelt_gazebo:/opt/ros/humble LD_LIBRARY_PATH=/home/rupendra/Desktop/Tasks/TASK-1/Task1/install/conveyorbelt_msgs/lib:/usr/local/cuda/lib64:/home/rupendra/Desktop/Tasks/TASK-1/Task1/install/ros2_conveyorbelt/lib:/usr/local/cuda/lib64:/usr/lib/x86_64-linux-gnu/gazebo-11/plugins:/opt/ros/humble/opt/rviz_ogre_vendor/lib:/opt/ros/humble/lib/x86_64-linux-gnu:/opt/ros/humble/lib /usr/bin/cmake --build /home/rupendra/Desktop/Tasks/TASK-1/Task1/build/ros2_conveyorbelt -- -j16 -l16[0m
[0.923s] [34mcolcon.colcon_core.event_handler.log_command[0m [1;30mDEBUG[0m [32mInvoked command in '/home/rupendra/Desktop/Tasks/TASK-1/Task1/build/ros2_conveyorbelt' returned '0': CMAKE_PREFIX_PATH=/home/rupendra/Desktop/Tasks/TASK-1/Task1/install/conveyorbelt_msgs:/home/rupendra/Desktop/Tasks/TASK-1/Task1/install/ros2_conveyorbelt:/home/rupendra/Desktop/Tasks/TASK-1/Task1/install/industrial_warehouse_gazebo:/home/rupendra/Desktop/Tasks/TASK-1/Task1/install/conveyorbelt_gazebo:/opt/ros/humble LD_LIBRARY_PATH=/home/rupendra/Desktop/Tasks/TASK-1/Task1/install/conveyorbelt_msgs/lib:/usr/local/cuda/lib64:/home/rupendra/Desktop/Tasks/TASK-1/Task1/install/ros2_conveyorbelt/lib:/usr/local/cuda/lib64:/usr/lib/x86_64-linux-gnu/gazebo-11/plugins:/opt/ros/humble/opt/rviz_ogre_vendor/lib:/opt/ros/humble/lib/x86_64-linux-gnu:/opt/ros/humble/lib /usr/bin/cmake --build /home/rupendra/Desktop/Tasks/TASK-1/Task1/build/ros2_conveyorbelt -- -j16 -l16[0m
[0.924s] [34mcolcon.colcon_core.event_handler.log_command[0m [1;30mDEBUG[0m [32mInvoking command in '/home/rupendra/Desktop/Tasks/TASK-1/Task1/build/ros2_conveyorbelt': CMAKE_PREFIX_PATH=/home/rupendra/Desktop/Tasks/TASK-1/Task1/install/conveyorbelt_msgs:/home/rupendra/Desktop/Tasks/TASK-1/Task1/install/ros2_conveyorbelt:/home/rupendra/Desktop/Tasks/TASK-1/Task1/install/industrial_warehouse_gazebo:/home/rupendra/Desktop/Tasks/TASK-1/Task1/install/conveyorbelt_gazebo:/opt/ros/humble LD_LIBRARY_PATH=/home/rupendra/Desktop/Tasks/TASK-1/Task1/install/conveyorbelt_msgs/lib:/usr/local/cuda/lib64:/home/rupendra/Desktop/Tasks/TASK-1/Task1/install/ros2_conveyorbelt/lib:/usr/local/cuda/lib64:/usr/lib/x86_64-linux-gnu/gazebo-11/plugins:/opt/ros/humble/opt/rviz_ogre_vendor/lib:/opt/ros/humble/lib/x86_64-linux-gnu:/opt/ros/humble/lib /usr/bin/cmake --install /home/rupendra/Desktop/Tasks/TASK-1/Task1/build/ros2_conveyorbelt[0m
[0.944s] [34mcolcon.colcon_core.environment[0m [1;30mLevel 1[0m create_environment_scripts_only(ros2_conveyorbelt)
[0.944s] [34mcolcon.colcon_core.environment[0m [1;30mLevel 1[0m checking '/home/rupendra/Desktop/Tasks/TASK-1/Task1/install/ros2_conveyorbelt' for CMake module files
[0.945s] [34mcolcon.colcon_core.event_handler.log_command[0m [1;30mDEBUG[0m [32mInvoked command in '/home/rupendra/Desktop/Tasks/TASK-1/Task1/build/ros2_conveyorbelt' returned '0': CMAKE_PREFIX_PATH=/home/rupendra/Desktop/Tasks/TASK-1/Task1/install/conveyorbelt_msgs:/home/rupendra/Desktop/Tasks/TASK-1/Task1/install/ros2_conveyorbelt:/home/rupendra/Desktop/Tasks/TASK-1/Task1/install/industrial_warehouse_gazebo:/home/rupendra/Desktop/Tasks/TASK-1/Task1/install/conveyorbelt_gazebo:/opt/ros/humble LD_LIBRARY_PATH=/home/rupendra/Desktop/Tasks/TASK-1/Task1/install/conveyorbelt_msgs/lib:/usr/local/cuda/lib64:/home/rupendra/Desktop/Tasks/TASK-1/Task1/install/ros2_conveyorbelt/lib:/usr/local/cuda/lib64:/usr/lib/x86_64-linux-gnu/gazebo-11/plugins:/opt/ros/humble/opt/rviz_ogre_vendor/lib:/opt/ros/humble/lib/x86_64-linux-gnu:/opt/ros/humble/lib /usr/bin/cmake --install /home/rupendra/Desktop/Tasks/TASK-1/Task1/build/ros2_conveyorbelt[0m
[0.945s] [34mcolcon.colcon_core.environment[0m [1;30mLevel 1[0m checking '/home/rupendra/Desktop/Tasks/TASK-1/Task1/install/ros2_conveyorbelt' for CMake config files
[0.945s] [34mcolcon.colcon_core.shell[0m [1;30mLevel 1[0m create_environment_hook('ros2_conveyorbelt', 'cmake_prefix_path')
[0.946s] [34mcolcon.colcon_core.shell[0m [1;30mINFO[0m Creating environment hook '/home/rupendra/Desktop/Tasks/TASK-1/Task1/install/ros2_conveyorbelt/share/ros2_conveyorbelt/hook/cmake_prefix_path.ps1'
[0.946s] [34mcolcon.colcon_core.shell[0m [1;30mINFO[0m Creating environment descriptor '/home/rupendra/Desktop/Tasks/TASK-1/Task1/install/ros2_conveyorbelt/share/ros2_conveyorbelt/hook/cmake_prefix_path.dsv'
[0.946s] [34mcolcon.colcon_core.shell[0m [1;30mINFO[0m Creating environment hook '/home/rupendra/Desktop/Tasks/TASK-1/Task1/install/ros2_conveyorbelt/share/ros2_conveyorbelt/hook/cmake_prefix_path.sh'
[0.947s] [34mcolcon.colcon_core.environment[0m [1;30mLevel 1[0m checking '/home/rupendra/Desktop/Tasks/TASK-1/Task1/install/ros2_conveyorbelt/lib'
[0.947s] [34mcolcon.colcon_core.shell[0m [1;30mLevel 1[0m create_environment_hook('ros2_conveyorbelt', 'ld_library_path_lib')
[0.947s] [34mcolcon.colcon_core.shell[0m [1;30mINFO[0m Creating environment hook '/home/rupendra/Desktop/Tasks/TASK-1/Task1/install/ros2_conveyorbelt/share/ros2_conveyorbelt/hook/ld_library_path_lib.ps1'
[0.947s] [34mcolcon.colcon_core.shell[0m [1;30mINFO[0m Creating environment descriptor '/home/rupendra/Desktop/Tasks/TASK-1/Task1/install/ros2_conveyorbelt/share/ros2_conveyorbelt/hook/ld_library_path_lib.dsv'
[0.947s] [34mcolcon.colcon_core.shell[0m [1;30mINFO[0m Creating environment hook '/home/rupendra/Desktop/Tasks/TASK-1/Task1/install/ros2_conveyorbelt/share/ros2_conveyorbelt/hook/ld_library_path_lib.sh'
[0.948s] [34mcolcon.colcon_core.environment[0m [1;30mLevel 1[0m checking '/home/rupendra/Desktop/Tasks/TASK-1/Task1/install/ros2_conveyorbelt/bin'
[0.948s] [34mcolcon.colcon_core.environment[0m [1;30mLevel 1[0m checking '/home/rupendra/Desktop/Tasks/TASK-1/Task1/install/ros2_conveyorbelt/lib/pkgconfig/ros2_conveyorbelt.pc'
[0.948s] [34mcolcon.colcon_core.environment[0m [1;30mLevel 1[0m checking '/home/rupendra/Desktop/Tasks/TASK-1/Task1/install/ros2_conveyorbelt/lib/python3.10/site-packages'
[0.948s] [34mcolcon.colcon_core.environment[0m [1;30mLevel 1[0m checking '/home/rupendra/Desktop/Tasks/TASK-1/Task1/install/ros2_conveyorbelt/bin'
[0.948s] [34mcolcon.colcon_core.shell[0m [1;30mINFO[0m Creating package script '/home/rupendra/Desktop/Tasks/TASK-1/Task1/install/ros2_conveyorbelt/share/ros2_conveyorbelt/package.ps1'
[0.949s] [34mcolcon.colcon_core.shell[0m [1;30mINFO[0m Creating package descriptor '/home/rupendra/Desktop/Tasks/TASK-1/Task1/install/ros2_conveyorbelt/share/ros2_conveyorbelt/package.dsv'
[0.949s] [34mcolcon.colcon_core.shell[0m [1;30mINFO[0m Creating package script '/home/rupendra/Desktop/Tasks/TASK-1/Task1/install/ros2_conveyorbelt/share/ros2_conveyorbelt/package.sh'
[0.949s] [34mcolcon.colcon_core.shell[0m [1;30mINFO[0m Creating package script '/home/rupendra/Desktop/Tasks/TASK-1/Task1/install/ros2_conveyorbelt/share/ros2_conveyorbelt/package.bash'
[0.949s] [34mcolcon.colcon_core.shell[0m [1;30mINFO[0m Creating package script '/home/rupendra/Desktop/Tasks/TASK-1/Task1/install/ros2_conveyorbelt/share/ros2_conveyorbelt/package.zsh'
[0.950s] [34mcolcon.colcon_core.environment[0m [1;30mLevel 1[0m create_file_with_runtime_dependencies(/home/rupendra/Desktop/Tasks/TASK-1/Task1/install/ros2_conveyorbelt/share/colcon-core/packages/ros2_conveyorbelt)
[0.950s] [34mcolcon.colcon_core.environment[0m [1;30mLevel 1[0m create_environment_scripts_only(ros2_conveyorbelt)
[0.950s] [34mcolcon.colcon_core.environment[0m [1;30mLevel 1[0m checking '/home/rupendra/Desktop/Tasks/TASK-1/Task1/install/ros2_conveyorbelt' for CMake module files
[0.951s] [34mcolcon.colcon_core.environment[0m [1;30mLevel 1[0m checking '/home/rupendra/Desktop/Tasks/TASK-1/Task1/install/ros2_conveyorbelt' for CMake config files
[0.951s] [34mcolcon.colcon_core.shell[0m [1;30mLevel 1[0m create_environment_hook('ros2_conveyorbelt', 'cmake_prefix_path')
[0.951s] [34mcolcon.colcon_core.shell[0m [1;30mINFO[0m Creating environment hook '/home/rupendra/Desktop/Tasks/TASK-1/Task1/install/ros2_conveyorbelt/share/ros2_conveyorbelt/hook/cmake_prefix_path.ps1'
[0.951s] [34mcolcon.colcon_core.shell[0m [1;30mINFO[0m Creating environment descriptor '/home/rupendra/Desktop/Tasks/TASK-1/Task1/install/ros2_conveyorbelt/share/ros2_conveyorbelt/hook/cmake_prefix_path.dsv'
[0.951s] [34mcolcon.colcon_core.shell[0m [1;30mINFO[0m Creating environment hook '/home/rupendra/Desktop/Tasks/TASK-1/Task1/install/ros2_conveyorbelt/share/ros2_conveyorbelt/hook/cmake_prefix_path.sh'
[0.952s] [34mcolcon.colcon_core.environment[0m [1;30mLevel 1[0m checking '/home/rupendra/Desktop/Tasks/TASK-1/Task1/install/ros2_conveyorbelt/lib'
[0.952s] [34mcolcon.colcon_core.shell[0m [1;30mLevel 1[0m create_environment_hook('ros2_conveyorbelt', 'ld_library_path_lib')
[0.952s] [34mcolcon.colcon_core.shell[0m [1;30mINFO[0m Creating environment hook '/home/rupendra/Desktop/Tasks/TASK-1/Task1/install/ros2_conveyorbelt/share/ros2_conveyorbelt/hook/ld_library_path_lib.ps1'
[0.952s] [34mcolcon.colcon_core.shell[0m [1;30mINFO[0m Creating environment descriptor '/home/rupendra/Desktop/Tasks/TASK-1/Task1/install/ros2_conveyorbelt/share/ros2_conveyorbelt/hook/ld_library_path_lib.dsv'
[0.953s] [34mcolcon.colcon_core.shell[0m [1;30mINFO[0m Creating environment hook '/home/rupendra/Desktop/Tasks/TASK-1/Task1/install/ros2_conveyorbelt/share/ros2_conveyorbelt/hook/ld_library_path_lib.sh'
[0.953s] [34mcolcon.colcon_core.environment[0m [1;30mLevel 1[0m checking '/home/rupendra/Desktop/Tasks/TASK-1/Task1/install/ros2_conveyorbelt/bin'
[0.953s] [34mcolcon.colcon_core.environment[0m [1;30mLevel 1[0m checking '/home/rupendra/Desktop/Tasks/TASK-1/Task1/install/ros2_conveyorbelt/lib/pkgconfig/ros2_conveyorbelt.pc'
[0.953s] [34mcolcon.colcon_core.environment[0m [1;30mLevel 1[0m checking '/home/rupendra/Desktop/Tasks/TASK-1/Task1/install/ros2_conveyorbelt/lib/python3.10/site-packages'
[0.953s] [34mcolcon.colcon_core.environment[0m [1;30mLevel 1[0m checking '/home/rupendra/Desktop/Tasks/TASK-1/Task1/install/ros2_conveyorbelt/bin'
[0.953s] [34mcolcon.colcon_core.shell[0m [1;30mINFO[0m Creating package script '/home/rupendra/Desktop/Tasks/TASK-1/Task1/install/ros2_conveyorbelt/share/ros2_conveyorbelt/package.ps1'
[0.954s] [34mcolcon.colcon_core.shell[0m [1;30mINFO[0m Creating package descriptor '/home/rupendra/Desktop/Tasks/TASK-1/Task1/install/ros2_conveyorbelt/share/ros2_conveyorbelt/package.dsv'
[0.954s] [34mcolcon.colcon_core.shell[0m [1;30mINFO[0m Creating package script '/home/rupendra/Desktop/Tasks/TASK-1/Task1/install/ros2_conveyorbelt/share/ros2_conveyorbelt/package.sh'
[0.954s] [34mcolcon.colcon_core.shell[0m [1;30mINFO[0m Creating package script '/home/rupendra/Desktop/Tasks/TASK-1/Task1/install/ros2_conveyorbelt/share/ros2_conveyorbelt/package.bash'
[0.955s] [34mcolcon.colcon_core.shell[0m [1;30mINFO[0m Creating package script '/home/rupendra/Desktop/Tasks/TASK-1/Task1/install/ros2_conveyorbelt/share/ros2_conveyorbelt/package.zsh'
[0.955s] [34mcolcon.colcon_core.environment[0m [1;30mLevel 1[0m create_file_with_runtime_dependencies(/home/rupendra/Desktop/Tasks/TASK-1/Task1/install/ros2_conveyorbelt/share/colcon-core/packages/ros2_conveyorbelt)
[0.955s] [34mcolcon.colcon_parallel_executor.executor.parallel[0m [1;30mDEBUG[0m [32mclosing loop[0m
[0.955s] [34mcolcon.colcon_parallel_executor.executor.parallel[0m [1;30mDEBUG[0m [32mloop closed[0m
[0.955s] [34mcolcon.colcon_parallel_executor.executor.parallel[0m [1;30mDEBUG[0m [32mrun_until_complete finished with '0'[0m
[0.955s] [34mcolcon.colcon_core.event_reactor[0m [1;30mDEBUG[0m [32mjoining thread[0m
[0.960s] [34mcolcon.colcon_core.plugin_system[0m [1;30mINFO[0m Skipping extension 'colcon_notification.desktop_notification.terminal_notifier': Not used on non-Darwin systems
[0.960s] [34mcolcon.colcon_core.plugin_system[0m [1;30mINFO[0m Skipping extension 'colcon_notification.desktop_notification.win32': Not used on non-Windows systems
[0.960s] [34mcolcon.colcon_notification.desktop_notification[0m [1;30mINFO[0m Sending desktop notification using 'notify2'
[0.970s] [34mcolcon.colcon_core.event_reactor[0m [1;30mDEBUG[0m [32mjoined thread[0m
[0.970s] [34mcolcon.colcon_core.shell[0m [1;30mINFO[0m Creating prefix script '/home/rupendra/Desktop/Tasks/TASK-1/Task1/install/local_setup.ps1'
[0.971s] [34mcolcon.colcon_core.shell[0m [1;30mINFO[0m Creating prefix util module '/home/rupendra/Desktop/Tasks/TASK-1/Task1/install/_local_setup_util_ps1.py'
[0.972s] [34mcolcon.colcon_core.shell[0m [1;30mINFO[0m Creating prefix chain script '/home/rupendra/Desktop/Tasks/TASK-1/Task1/install/setup.ps1'
[0.974s] [34mcolcon.colcon_core.shell[0m [1;30mINFO[0m Creating prefix script '/home/rupendra/Desktop/Tasks/TASK-1/Task1/install/local_setup.sh'
[0.974s] [34mcolcon.colcon_core.shell[0m [1;30mINFO[0m Creating prefix util module '/home/rupendra/Desktop/Tasks/TASK-1/Task1/install/_local_setup_util_sh.py'
[0.975s] [34mcolcon.colcon_core.shell[0m [1;30mINFO[0m Creating prefix chain script '/home/rupendra/Desktop/Tasks/TASK-1/Task1/install/setup.sh'
[0.976s] [34mcolcon.colcon_core.shell[0m [1;30mINFO[0m Creating prefix script '/home/rupendra/Desktop/Tasks/TASK-1/Task1/install/local_setup.bash'
[0.976s] [34mcolcon.colcon_core.shell[0m [1;30mINFO[0m Creating prefix chain script '/home/rupendra/Desktop/Tasks/TASK-1/Task1/install/setup.bash'
[0.977s] [34mcolcon.colcon_core.shell[0m [1;30mINFO[0m Creating prefix script '/home/rupendra/Desktop/Tasks/TASK-1/Task1/install/local_setup.zsh'
[0.977s] [34mcolcon.colcon_core.shell[0m [1;30mINFO[0m Creating prefix chain script '/home/rupendra/Desktop/Tasks/TASK-1/Task1/install/setup.zsh'
