running develop
running egg_info
creating detect_and_control.egg-info
writing detect_and_control.egg-info/PKG-INFO
writing dependency_links to detect_and_control.egg-info/dependency_links.txt
writing entry points to detect_and_control.egg-info/entry_points.txt
writing requirements to detect_and_control.egg-info/requires.txt
writing top-level names to detect_and_control.egg-info/top_level.txt
writing manifest file 'detect_and_control.egg-info/SOURCES.txt'
reading manifest file 'detect_and_control.egg-info/SOURCES.txt'
writing manifest file 'detect_and_control.egg-info/SOURCES.txt'
running build_ext
Creating /home/rupendra/Desktop/Tasks/Task1/install/detect_and_control/lib/python3.10/site-packages/detect-and-control.egg-link (link to .)

Installed /home/rupendra/Desktop/Tasks/Task1/build/detect_and_control
running symlink_data
creating /home/rupendra/Desktop/Tasks/Task1/install/detect_and_control/share/ament_index
creating /home/rupendra/Desktop/Tasks/Task1/install/detect_and_control/share/ament_index/resource_index
creating /home/rupendra/Desktop/Tasks/Task1/install/detect_and_control/share/ament_index/resource_index/packages
symbolically linking /home/rupendra/Desktop/Tasks/Task1/build/detect_and_control/resource/detect_and_control -> /home/rupendra/Desktop/Tasks/Task1/install/detect_and_control/share/ament_index/resource_index/packages
symbolically linking /home/rupendra/Desktop/Tasks/Task1/build/detect_and_control/package.xml -> /home/rupendra/Desktop/Tasks/Task1/install/detect_and_control/share/detect_and_control
