[0.820s] Invoking command in '/home/rupendra/Desktop/Tasks/Task1/build/detect_and_control': PYTHONPATH=/home/rupendra/Desktop/Tasks/Task1/build/detect_and_control/prefix_override:/home/rupendra/Desktop/Tasks/Task1/task1-py310/lib/python3.10/site-packages/colcon_core/task/python/colcon_distutils_commands:/home/rupendra/Desktop/Tasks/Task1/install/detect_and_control/lib/python3.10/site-packages:${PYTHONPATH} VIRTUAL_ENV_PROMPT=(task1-py310) /home/rupendra/Desktop/Tasks/Task1/task1-py310/bin/python3.10 -W ignore:setup.py install is deprecated -W ignore:easy_install command is deprecated setup.py develop --editable --build-directory /home/rupendra/Desktop/Tasks/Task1/build/detect_and_control/build --no-deps symlink_data
[1.035s] running develop
[1.131s] running egg_info
[1.132s] creating detect_and_control.egg-info
[1.132s] writing detect_and_control.egg-info/PKG-INFO
[1.132s] writing dependency_links to detect_and_control.egg-info/dependency_links.txt
[1.132s] writing entry points to detect_and_control.egg-info/entry_points.txt
[1.132s] writing requirements to detect_and_control.egg-info/requires.txt
[1.132s] writing top-level names to detect_and_control.egg-info/top_level.txt
[1.132s] writing manifest file 'detect_and_control.egg-info/SOURCES.txt'
[1.133s] reading manifest file 'detect_and_control.egg-info/SOURCES.txt'
[1.134s] writing manifest file 'detect_and_control.egg-info/SOURCES.txt'
[1.135s] running build_ext
[1.135s] Creating /home/rupendra/Desktop/Tasks/Task1/install/detect_and_control/lib/python3.10/site-packages/detect-and-control.egg-link (link to .)
[1.136s] 
[1.136s] Installed /home/rupendra/Desktop/Tasks/Task1/build/detect_and_control
[1.136s] running symlink_data
[1.136s] creating /home/rupendra/Desktop/Tasks/Task1/install/detect_and_control/share/ament_index
[1.136s] creating /home/rupendra/Desktop/Tasks/Task1/install/detect_and_control/share/ament_index/resource_index
[1.136s] creating /home/rupendra/Desktop/Tasks/Task1/install/detect_and_control/share/ament_index/resource_index/packages
[1.136s] symbolically linking /home/rupendra/Desktop/Tasks/Task1/build/detect_and_control/resource/detect_and_control -> /home/rupendra/Desktop/Tasks/Task1/install/detect_and_control/share/ament_index/resource_index/packages
[1.136s] symbolically linking /home/rupendra/Desktop/Tasks/Task1/build/detect_and_control/package.xml -> /home/rupendra/Desktop/Tasks/Task1/install/detect_and_control/share/detect_and_control
[1.183s] Invoked command in '/home/rupendra/Desktop/Tasks/Task1/build/detect_and_control' returned '0': PYTHONPATH=/home/rupendra/Desktop/Tasks/Task1/build/detect_and_control/prefix_override:/home/rupendra/Desktop/Tasks/Task1/task1-py310/lib/python3.10/site-packages/colcon_core/task/python/colcon_distutils_commands:/home/rupendra/Desktop/Tasks/Task1/install/detect_and_control/lib/python3.10/site-packages:${PYTHONPATH} VIRTUAL_ENV_PROMPT=(task1-py310) /home/rupendra/Desktop/Tasks/Task1/task1-py310/bin/python3.10 -W ignore:setup.py install is deprecated -W ignore:easy_install command is deprecated setup.py develop --editable --build-directory /home/rupendra/Desktop/Tasks/Task1/build/detect_and_control/build --no-deps symlink_data
