[0.011s] Invoking command in '/home/rupendra/Desktop/Tasks/Task1/build/ros2_conveyorbelt': AMENT_PREFIX_PATH=/home/rupendra/Desktop/Tasks/Task1/install/conveyorbelt_msgs:${AMENT_PREFIX_PATH} CMAKE_PREFIX_PATH=/home/rupendra/Desktop/Tasks/Task1/install/conveyorbelt_msgs:/opt/ros/humble LD_LIBRARY_PATH=/home/rupendra/Desktop/Tasks/Task1/install/conveyorbelt_msgs/lib:${LD_LIBRARY_PATH} PYTHONPATH=/home/rupendra/Desktop/Tasks/Task1/install/conveyorbelt_msgs/lib/python3.10/site-packages:${PYTHONPATH} VIRTUAL_ENV_PROMPT=(task1-py310) /usr/bin/cmake --build /home/rupendra/Desktop/Tasks/Task1/build/ros2_conveyorbelt -- -j16 -l16
[0.092s] [100%] Built target ros2_conveyorbelt_plugin
[0.107s] Invoked command in '/home/rupendra/Desktop/Tasks/Task1/build/ros2_conveyorbelt' returned '0': AMENT_PREFIX_PATH=/home/rupendra/Desktop/Tasks/Task1/install/conveyorbelt_msgs:${AMENT_PREFIX_PATH} CMAKE_PREFIX_PATH=/home/rupendra/Desktop/Tasks/Task1/install/conveyorbelt_msgs:/opt/ros/humble LD_LIBRARY_PATH=/home/rupendra/Desktop/Tasks/Task1/install/conveyorbelt_msgs/lib:${LD_LIBRARY_PATH} PYTHONPATH=/home/rupendra/Desktop/Tasks/Task1/install/conveyorbelt_msgs/lib/python3.10/site-packages:${PYTHONPATH} VIRTUAL_ENV_PROMPT=(task1-py310) /usr/bin/cmake --build /home/rupendra/Desktop/Tasks/Task1/build/ros2_conveyorbelt -- -j16 -l16
[0.109s] Invoking command in '/home/rupendra/Desktop/Tasks/Task1/build/ros2_conveyorbelt': AMENT_PREFIX_PATH=/home/rupendra/Desktop/Tasks/Task1/install/conveyorbelt_msgs:${AMENT_PREFIX_PATH} CMAKE_PREFIX_PATH=/home/rupendra/Desktop/Tasks/Task1/install/conveyorbelt_msgs:/opt/ros/humble LD_LIBRARY_PATH=/home/rupendra/Desktop/Tasks/Task1/install/conveyorbelt_msgs/lib:${LD_LIBRARY_PATH} PYTHONPATH=/home/rupendra/Desktop/Tasks/Task1/install/conveyorbelt_msgs/lib/python3.10/site-packages:${PYTHONPATH} VIRTUAL_ENV_PROMPT=(task1-py310) /usr/bin/cmake --install /home/rupendra/Desktop/Tasks/Task1/build/ros2_conveyorbelt
[0.117s] -- Install configuration: ""
[0.117s] -- Execute custom install script
[0.118s] -- Up-to-date symlink: /home/rupendra/Desktop/Tasks/Task1/install/ros2_conveyorbelt/share/ros2_conveyorbelt/environment/library_path.sh
[0.118s] -- Up-to-date symlink: /home/rupendra/Desktop/Tasks/Task1/install/ros2_conveyorbelt/share/ros2_conveyorbelt/environment/library_path.dsv
[0.118s] -- Up-to-date symlink: /home/rupendra/Desktop/Tasks/Task1/install/ros2_conveyorbelt/lib/libros2_conveyorbelt_plugin.so
[0.118s] -- Up-to-date symlink: /home/rupendra/Desktop/Tasks/Task1/install/ros2_conveyorbelt/share/ros2_conveyorbelt/python/SpawnObject.py
[0.119s] -- Up-to-date symlink: /home/rupendra/Desktop/Tasks/Task1/install/ros2_conveyorbelt/lib/ros2_conveyorbelt/SpawnObject.py
[0.119s] -- Up-to-date symlink: /home/rupendra/Desktop/Tasks/Task1/install/ros2_conveyorbelt/share/ament_index/resource_index/package_run_dependencies/ros2_conveyorbelt
[0.119s] -- Up-to-date symlink: /home/rupendra/Desktop/Tasks/Task1/install/ros2_conveyorbelt/share/ament_index/resource_index/parent_prefix_path/ros2_conveyorbelt
[0.119s] -- Up-to-date symlink: /home/rupendra/Desktop/Tasks/Task1/install/ros2_conveyorbelt/share/ros2_conveyorbelt/environment/ament_prefix_path.sh
[0.119s] -- Up-to-date symlink: /home/rupendra/Desktop/Tasks/Task1/install/ros2_conveyorbelt/share/ros2_conveyorbelt/environment/ament_prefix_path.dsv
[0.119s] -- Up-to-date symlink: /home/rupendra/Desktop/Tasks/Task1/install/ros2_conveyorbelt/share/ros2_conveyorbelt/environment/path.sh
[0.119s] -- Up-to-date symlink: /home/rupendra/Desktop/Tasks/Task1/install/ros2_conveyorbelt/share/ros2_conveyorbelt/environment/path.dsv
[0.120s] -- Up-to-date symlink: /home/rupendra/Desktop/Tasks/Task1/install/ros2_conveyorbelt/share/ros2_conveyorbelt/local_setup.bash
[0.120s] -- Up-to-date symlink: /home/rupendra/Desktop/Tasks/Task1/install/ros2_conveyorbelt/share/ros2_conveyorbelt/local_setup.sh
[0.120s] -- Up-to-date symlink: /home/rupendra/Desktop/Tasks/Task1/install/ros2_conveyorbelt/share/ros2_conveyorbelt/local_setup.zsh
[0.120s] -- Up-to-date symlink: /home/rupendra/Desktop/Tasks/Task1/install/ros2_conveyorbelt/share/ros2_conveyorbelt/local_setup.dsv
[0.120s] -- Symlinking: /home/rupendra/Desktop/Tasks/Task1/install/ros2_conveyorbelt/share/ros2_conveyorbelt/package.dsv
[0.130s] -- Up-to-date symlink: /home/rupendra/Desktop/Tasks/Task1/install/ros2_conveyorbelt/share/ament_index/resource_index/packages/ros2_conveyorbelt
[0.131s] -- Up-to-date symlink: /home/rupendra/Desktop/Tasks/Task1/install/ros2_conveyorbelt/share/ros2_conveyorbelt/cmake/ament_cmake_export_libraries-extras.cmake
[0.131s] -- Up-to-date symlink: /home/rupendra/Desktop/Tasks/Task1/install/ros2_conveyorbelt/share/ros2_conveyorbelt/cmake/ros2_conveyorbeltConfig.cmake
[0.131s] -- Up-to-date symlink: /home/rupendra/Desktop/Tasks/Task1/install/ros2_conveyorbelt/share/ros2_conveyorbelt/cmake/ros2_conveyorbeltConfig-version.cmake
[0.131s] -- Up-to-date symlink: /home/rupendra/Desktop/Tasks/Task1/install/ros2_conveyorbelt/share/ros2_conveyorbelt/package.xml
[0.133s] Invoked command in '/home/rupendra/Desktop/Tasks/Task1/build/ros2_conveyorbelt' returned '0': AMENT_PREFIX_PATH=/home/rupendra/Desktop/Tasks/Task1/install/conveyorbelt_msgs:${AMENT_PREFIX_PATH} CMAKE_PREFIX_PATH=/home/rupendra/Desktop/Tasks/Task1/install/conveyorbelt_msgs:/opt/ros/humble LD_LIBRARY_PATH=/home/rupendra/Desktop/Tasks/Task1/install/conveyorbelt_msgs/lib:${LD_LIBRARY_PATH} PYTHONPATH=/home/rupendra/Desktop/Tasks/Task1/install/conveyorbelt_msgs/lib/python3.10/site-packages:${PYTHONPATH} VIRTUAL_ENV_PROMPT=(task1-py310) /usr/bin/cmake --install /home/rupendra/Desktop/Tasks/Task1/build/ros2_conveyorbelt
