[0.022s] Invoking command in '/home/rupendra/Desktop/Tasks/Task1/build/conveyorbelt_gazebo': CMAKE_PREFIX_PATH=/opt/ros/humble VIRTUAL_ENV_PROMPT=(task1-py310) /usr/bin/cmake /home/rupendra/Desktop/Tasks/Task1/src/IFRA_ConveyorBelt/conveyorbelt_gazebo -DAMENT_CMAKE_SYMLINK_INSTALL=1 -DCMAKE_INSTALL_PREFIX=/home/rupendra/Desktop/Tasks/Task1/install/conveyorbelt_gazebo
[0.269s] -- The C compiler identification is GNU 11.4.0
[0.270s] -- The CXX compiler identification is GNU 11.4.0
[0.270s] -- Detecting C compiler ABI info
[0.331s] -- Detecting C compiler ABI info - done
[0.338s] -- Check for working C compiler: /usr/bin/cc - skipped
[0.338s] -- Detecting C compile features
[0.339s] -- Detecting C compile features - done
[0.342s] -- Detecting CXX compiler ABI info
[0.423s] -- Detecting CXX compiler ABI info - done
[0.429s] -- Check for working CXX compiler: /usr/bin/c++ - skipped
[0.429s] -- Detecting CXX compile features
[0.430s] -- Detecting CXX compile features - done
[0.441s] -- Found ament_cmake: 1.3.11 (/opt/ros/humble/share/ament_cmake/cmake)
[0.579s] -- Found Python3: /home/rupendra/Desktop/Tasks/Task1/task1-py310/bin/python3 (found version "3.10.12") found components: Interpreter 
[0.642s] -- Override CMake install command with custom implementation using symlinks instead of copying resources
[0.685s] -- Found ament_lint_auto: 0.12.12 (/opt/ros/humble/share/ament_lint_auto/cmake)
[0.794s] -- Added test 'copyright' to check source files copyright and LICENSE
[0.799s] -- Added test 'flake8' to check Python code syntax and style conventions
[0.800s] -- Added test 'lint_cmake' to check CMake code style
[0.801s] -- Added test 'pep257' to check Python code against some of the docstring style conventions in PEP 257
[0.805s] -- Added test 'xmllint' to check XML markup files
[0.808s] -- Configuring done
[0.813s] -- Generating done
[0.816s] -- Build files have been written to: /home/rupendra/Desktop/Tasks/Task1/build/conveyorbelt_gazebo
[0.825s] Invoked command in '/home/rupendra/Desktop/Tasks/Task1/build/conveyorbelt_gazebo' returned '0': CMAKE_PREFIX_PATH=/opt/ros/humble VIRTUAL_ENV_PROMPT=(task1-py310) /usr/bin/cmake /home/rupendra/Desktop/Tasks/Task1/src/IFRA_ConveyorBelt/conveyorbelt_gazebo -DAMENT_CMAKE_SYMLINK_INSTALL=1 -DCMAKE_INSTALL_PREFIX=/home/rupendra/Desktop/Tasks/Task1/install/conveyorbelt_gazebo
[0.828s] Invoking command in '/home/rupendra/Desktop/Tasks/Task1/build/conveyorbelt_gazebo': CMAKE_PREFIX_PATH=/opt/ros/humble VIRTUAL_ENV_PROMPT=(task1-py310) /usr/bin/cmake --build /home/rupendra/Desktop/Tasks/Task1/build/conveyorbelt_gazebo -- -j16 -l16
[0.871s] Invoked command in '/home/rupendra/Desktop/Tasks/Task1/build/conveyorbelt_gazebo' returned '0': CMAKE_PREFIX_PATH=/opt/ros/humble VIRTUAL_ENV_PROMPT=(task1-py310) /usr/bin/cmake --build /home/rupendra/Desktop/Tasks/Task1/build/conveyorbelt_gazebo -- -j16 -l16
[0.883s] Invoking command in '/home/rupendra/Desktop/Tasks/Task1/build/conveyorbelt_gazebo': CMAKE_PREFIX_PATH=/opt/ros/humble VIRTUAL_ENV_PROMPT=(task1-py310) /usr/bin/cmake --install /home/rupendra/Desktop/Tasks/Task1/build/conveyorbelt_gazebo
[0.891s] -- Install configuration: ""
[0.891s] -- Execute custom install script
[0.891s] -- Symlinking: /home/rupendra/Desktop/Tasks/Task1/install/conveyorbelt_gazebo/share/conveyorbelt_gazebo/launch/conveyorbelt.launch.py
[0.903s] -- Symlinking: /home/rupendra/Desktop/Tasks/Task1/install/conveyorbelt_gazebo/share/conveyorbelt_gazebo/models/conveyor_belt/meshes/conveyor_belt.dae
[0.913s] -- Symlinking: /home/rupendra/Desktop/Tasks/Task1/install/conveyorbelt_gazebo/share/conveyorbelt_gazebo/models/conveyor_belt/meshes/conveyor_belt.stl
[0.923s] -- Symlinking: /home/rupendra/Desktop/Tasks/Task1/install/conveyorbelt_gazebo/share/conveyorbelt_gazebo/models/conveyor_belt/model.config
[0.933s] -- Symlinking: /home/rupendra/Desktop/Tasks/Task1/install/conveyorbelt_gazebo/share/conveyorbelt_gazebo/models/conveyor_belt/model.sdf
[0.942s] -- Symlinking: /home/rupendra/Desktop/Tasks/Task1/install/conveyorbelt_gazebo/share/conveyorbelt_gazebo/worlds/conveyorbelt.world
[0.953s] -- Symlinking: /home/rupendra/Desktop/Tasks/Task1/install/conveyorbelt_gazebo/share/conveyorbelt_gazebo/urdf/box.urdf
[0.965s] -- Symlinking: /home/rupendra/Desktop/Tasks/Task1/install/conveyorbelt_gazebo/share/ament_index/resource_index/package_run_dependencies/conveyorbelt_gazebo
[0.975s] -- Symlinking: /home/rupendra/Desktop/Tasks/Task1/install/conveyorbelt_gazebo/share/ament_index/resource_index/parent_prefix_path/conveyorbelt_gazebo
[0.985s] -- Symlinking: /home/rupendra/Desktop/Tasks/Task1/install/conveyorbelt_gazebo/share/conveyorbelt_gazebo/environment/ament_prefix_path.sh
[0.996s] -- Symlinking: /home/rupendra/Desktop/Tasks/Task1/install/conveyorbelt_gazebo/share/conveyorbelt_gazebo/environment/ament_prefix_path.dsv
[1.007s] -- Symlinking: /home/rupendra/Desktop/Tasks/Task1/install/conveyorbelt_gazebo/share/conveyorbelt_gazebo/environment/path.sh
[1.017s] -- Symlinking: /home/rupendra/Desktop/Tasks/Task1/install/conveyorbelt_gazebo/share/conveyorbelt_gazebo/environment/path.dsv
[1.027s] -- Symlinking: /home/rupendra/Desktop/Tasks/Task1/install/conveyorbelt_gazebo/share/conveyorbelt_gazebo/local_setup.bash
[1.038s] -- Symlinking: /home/rupendra/Desktop/Tasks/Task1/install/conveyorbelt_gazebo/share/conveyorbelt_gazebo/local_setup.sh
[1.048s] -- Symlinking: /home/rupendra/Desktop/Tasks/Task1/install/conveyorbelt_gazebo/share/conveyorbelt_gazebo/local_setup.zsh
[1.059s] -- Symlinking: /home/rupendra/Desktop/Tasks/Task1/install/conveyorbelt_gazebo/share/conveyorbelt_gazebo/local_setup.dsv
[1.068s] -- Symlinking: /home/rupendra/Desktop/Tasks/Task1/install/conveyorbelt_gazebo/share/conveyorbelt_gazebo/package.dsv
[1.077s] -- Symlinking: /home/rupendra/Desktop/Tasks/Task1/install/conveyorbelt_gazebo/share/ament_index/resource_index/packages/conveyorbelt_gazebo
[1.087s] -- Symlinking: /home/rupendra/Desktop/Tasks/Task1/install/conveyorbelt_gazebo/share/conveyorbelt_gazebo/cmake/conveyorbelt_gazeboConfig.cmake
[1.098s] -- Symlinking: /home/rupendra/Desktop/Tasks/Task1/install/conveyorbelt_gazebo/share/conveyorbelt_gazebo/cmake/conveyorbelt_gazeboConfig-version.cmake
[1.108s] -- Symlinking: /home/rupendra/Desktop/Tasks/Task1/install/conveyorbelt_gazebo/share/conveyorbelt_gazebo/package.xml
[1.120s] Invoked command in '/home/rupendra/Desktop/Tasks/Task1/build/conveyorbelt_gazebo' returned '0': CMAKE_PREFIX_PATH=/opt/ros/humble VIRTUAL_ENV_PROMPT=(task1-py310) /usr/bin/cmake --install /home/rupendra/Desktop/Tasks/Task1/build/conveyorbelt_gazebo
