[0.034s] Invoking command in '/home/rupendra/Desktop/Tasks/Task1/build/conveyorbelt_msgs': CMAKE_PREFIX_PATH=/opt/ros/humble VIRTUAL_ENV_PROMPT=(task1-py310) /usr/bin/cmake --build /home/rupendra/Desktop/Tasks/Task1/build/conveyorbelt_msgs -- -j16 -l16
[0.082s] [35m[1mConsolidate compiler generated dependencies of target conveyorbelt_msgs__rosidl_generator_c[0m
[0.093s] [  2%] Built target conveyorbelt_msgs__cpp
[0.095s] [ 12%] Built target conveyorbelt_msgs__rosidl_generator_c
[0.102s] [ 12%] Built target ament_cmake_python_symlink_conveyorbelt_msgs
[0.106s] [35m[1mConsolidate compiler generated dependencies of target conveyorbelt_msgs__rosidl_typesupport_cpp[0m
[0.107s] [35m[1mConsolidate compiler generated dependencies of target conveyorbelt_msgs__rosidl_typesupport_fastrtps_cpp[0m
[0.108s] [35m[1mConsolidate compiler generated dependencies of target conveyorbelt_msgs__rosidl_typesupport_introspection_c[0m
[0.108s] [35m[1mConsolidate compiler generated dependencies of target conveyorbelt_msgs__rosidl_typesupport_introspection_cpp[0m
[0.109s] [35m[1mConsolidate compiler generated dependencies of target conveyorbelt_msgs__rosidl_typesupport_fastrtps_c[0m
[0.111s] [35m[1mConsolidate compiler generated dependencies of target conveyorbelt_msgs__rosidl_typesupport_c[0m
[0.124s] [ 33%] Built target conveyorbelt_msgs__rosidl_typesupport_cpp
[0.124s] [ 33%] Built target conveyorbelt_msgs__rosidl_typesupport_introspection_c
[0.126s] [ 43%] Built target conveyorbelt_msgs__rosidl_typesupport_c
[0.127s] [ 53%] Built target conveyorbelt_msgs__rosidl_typesupport_fastrtps_cpp
[0.127s] [ 64%] Built target conveyorbelt_msgs__rosidl_typesupport_fastrtps_c
[0.128s] [ 74%] Built target conveyorbelt_msgs__rosidl_typesupport_introspection_cpp
[0.151s] [ 74%] Built target conveyorbelt_msgs
[0.174s] [ 76%] Built target conveyorbelt_msgs__py
[0.188s] [35m[1mConsolidate compiler generated dependencies of target conveyorbelt_msgs__rosidl_generator_py[0m
[0.206s] [ 84%] Built target conveyorbelt_msgs__rosidl_generator_py
[0.218s] [35m[1mConsolidate compiler generated dependencies of target conveyorbelt_msgs__rosidl_typesupport_fastrtps_c__pyext[0m
[0.218s] [35m[1mConsolidate compiler generated dependencies of target conveyorbelt_msgs__rosidl_typesupport_c__pyext[0m
[0.219s] [35m[1mConsolidate compiler generated dependencies of target conveyorbelt_msgs__rosidl_typesupport_introspection_c__pyext[0m
[0.236s] [100%] Built target conveyorbelt_msgs__rosidl_typesupport_introspection_c__pyext
[0.236s] [100%] Built target conveyorbelt_msgs__rosidl_typesupport_c__pyext
[0.236s] [100%] Built target conveyorbelt_msgs__rosidl_typesupport_fastrtps_c__pyext
[0.319s] running egg_info
[0.320s] writing conveyorbelt_msgs.egg-info/PKG-INFO
[0.320s] writing dependency_links to conveyorbelt_msgs.egg-info/dependency_links.txt
[0.320s] writing top-level names to conveyorbelt_msgs.egg-info/top_level.txt
[0.322s] reading manifest file 'conveyorbelt_msgs.egg-info/SOURCES.txt'
[0.323s] writing manifest file 'conveyorbelt_msgs.egg-info/SOURCES.txt'
[0.366s] [100%] Built target ament_cmake_python_build_conveyorbelt_msgs_egg
[0.380s] Invoked command in '/home/rupendra/Desktop/Tasks/Task1/build/conveyorbelt_msgs' returned '0': CMAKE_PREFIX_PATH=/opt/ros/humble VIRTUAL_ENV_PROMPT=(task1-py310) /usr/bin/cmake --build /home/rupendra/Desktop/Tasks/Task1/build/conveyorbelt_msgs -- -j16 -l16
[0.383s] Invoking command in '/home/rupendra/Desktop/Tasks/Task1/build/conveyorbelt_msgs': CMAKE_PREFIX_PATH=/opt/ros/humble VIRTUAL_ENV_PROMPT=(task1-py310) /usr/bin/cmake --install /home/rupendra/Desktop/Tasks/Task1/build/conveyorbelt_msgs
[0.390s] -- Install configuration: ""
[0.391s] -- Execute custom install script
[0.391s] -- Up-to-date symlink: /home/rupendra/Desktop/Tasks/Task1/install/conveyorbelt_msgs/share/conveyorbelt_msgs/msg/ConveyorBeltState.msg
[0.391s] -- Up-to-date symlink: /home/rupendra/Desktop/Tasks/Task1/install/conveyorbelt_msgs/share/conveyorbelt_msgs/srv/ConveyorBeltControl.srv
[0.391s] -- Up-to-date symlink: /home/rupendra/Desktop/Tasks/Task1/install/conveyorbelt_msgs/share/ament_index/resource_index/rosidl_interfaces/conveyorbelt_msgs
[0.392s] -- Up-to-date symlink: /home/rupendra/Desktop/Tasks/Task1/install/conveyorbelt_msgs/include/conveyorbelt_msgs/conveyorbelt_msgs/msg/conveyor_belt_state.h
[0.392s] -- Up-to-date symlink: /home/rupendra/Desktop/Tasks/Task1/install/conveyorbelt_msgs/include/conveyorbelt_msgs/conveyorbelt_msgs/msg/detail/conveyor_belt_state__functions.h
[0.392s] -- Up-to-date symlink: /home/rupendra/Desktop/Tasks/Task1/install/conveyorbelt_msgs/include/conveyorbelt_msgs/conveyorbelt_msgs/msg/detail/conveyor_belt_state__struct.h
[0.392s] -- Up-to-date symlink: /home/rupendra/Desktop/Tasks/Task1/install/conveyorbelt_msgs/include/conveyorbelt_msgs/conveyorbelt_msgs/msg/detail/conveyor_belt_state__type_support.h
[0.393s] -- Up-to-date symlink: /home/rupendra/Desktop/Tasks/Task1/install/conveyorbelt_msgs/include/conveyorbelt_msgs/conveyorbelt_msgs/msg/rosidl_generator_c__visibility_control.h
[0.393s] -- Up-to-date symlink: /home/rupendra/Desktop/Tasks/Task1/install/conveyorbelt_msgs/include/conveyorbelt_msgs/conveyorbelt_msgs/srv/conveyor_belt_control.h
[0.393s] -- Up-to-date symlink: /home/rupendra/Desktop/Tasks/Task1/install/conveyorbelt_msgs/include/conveyorbelt_msgs/conveyorbelt_msgs/srv/detail/conveyor_belt_control__functions.h
[0.393s] -- Up-to-date symlink: /home/rupendra/Desktop/Tasks/Task1/install/conveyorbelt_msgs/include/conveyorbelt_msgs/conveyorbelt_msgs/srv/detail/conveyor_belt_control__struct.h
[0.393s] -- Up-to-date symlink: /home/rupendra/Desktop/Tasks/Task1/install/conveyorbelt_msgs/include/conveyorbelt_msgs/conveyorbelt_msgs/srv/detail/conveyor_belt_control__type_support.h
[0.393s] -- Up-to-date symlink: /home/rupendra/Desktop/Tasks/Task1/install/conveyorbelt_msgs/share/conveyorbelt_msgs/environment/library_path.sh
[0.393s] -- Up-to-date symlink: /home/rupendra/Desktop/Tasks/Task1/install/conveyorbelt_msgs/share/conveyorbelt_msgs/environment/library_path.dsv
[0.394s] -- Up-to-date symlink: /home/rupendra/Desktop/Tasks/Task1/install/conveyorbelt_msgs/include/conveyorbelt_msgs/conveyorbelt_msgs/msg/detail/conveyor_belt_state__rosidl_typesupport_fastrtps_c.h
[0.394s] -- Up-to-date symlink: /home/rupendra/Desktop/Tasks/Task1/install/conveyorbelt_msgs/include/conveyorbelt_msgs/conveyorbelt_msgs/msg/rosidl_typesupport_fastrtps_c__visibility_control.h
[0.394s] -- Up-to-date symlink: /home/rupendra/Desktop/Tasks/Task1/install/conveyorbelt_msgs/include/conveyorbelt_msgs/conveyorbelt_msgs/srv/detail/conveyor_belt_control__rosidl_typesupport_fastrtps_c.h
[0.394s] -- Up-to-date symlink: /home/rupendra/Desktop/Tasks/Task1/install/conveyorbelt_msgs/include/conveyorbelt_msgs/conveyorbelt_msgs/msg/detail/conveyor_belt_state__rosidl_typesupport_introspection_c.h
[0.394s] -- Up-to-date symlink: /home/rupendra/Desktop/Tasks/Task1/install/conveyorbelt_msgs/include/conveyorbelt_msgs/conveyorbelt_msgs/msg/rosidl_typesupport_introspection_c__visibility_control.h
[0.395s] -- Up-to-date symlink: /home/rupendra/Desktop/Tasks/Task1/install/conveyorbelt_msgs/include/conveyorbelt_msgs/conveyorbelt_msgs/srv/detail/conveyor_belt_control__rosidl_typesupport_introspection_c.h
[0.395s] -- Up-to-date symlink: /home/rupendra/Desktop/Tasks/Task1/install/conveyorbelt_msgs/include/conveyorbelt_msgs/conveyorbelt_msgs/msg/conveyor_belt_state.hpp
[0.395s] -- Up-to-date symlink: /home/rupendra/Desktop/Tasks/Task1/install/conveyorbelt_msgs/include/conveyorbelt_msgs/conveyorbelt_msgs/msg/detail/conveyor_belt_state__builder.hpp
[0.395s] -- Up-to-date symlink: /home/rupendra/Desktop/Tasks/Task1/install/conveyorbelt_msgs/include/conveyorbelt_msgs/conveyorbelt_msgs/msg/detail/conveyor_belt_state__struct.hpp
[0.395s] -- Up-to-date symlink: /home/rupendra/Desktop/Tasks/Task1/install/conveyorbelt_msgs/include/conveyorbelt_msgs/conveyorbelt_msgs/msg/detail/conveyor_belt_state__traits.hpp
[0.395s] -- Up-to-date symlink: /home/rupendra/Desktop/Tasks/Task1/install/conveyorbelt_msgs/include/conveyorbelt_msgs/conveyorbelt_msgs/msg/detail/conveyor_belt_state__type_support.hpp
[0.396s] -- Up-to-date symlink: /home/rupendra/Desktop/Tasks/Task1/install/conveyorbelt_msgs/include/conveyorbelt_msgs/conveyorbelt_msgs/msg/rosidl_generator_cpp__visibility_control.hpp
[0.396s] -- Up-to-date symlink: /home/rupendra/Desktop/Tasks/Task1/install/conveyorbelt_msgs/include/conveyorbelt_msgs/conveyorbelt_msgs/srv/conveyor_belt_control.hpp
[0.396s] -- Up-to-date symlink: /home/rupendra/Desktop/Tasks/Task1/install/conveyorbelt_msgs/include/conveyorbelt_msgs/conveyorbelt_msgs/srv/detail/conveyor_belt_control__builder.hpp
[0.396s] -- Up-to-date symlink: /home/rupendra/Desktop/Tasks/Task1/install/conveyorbelt_msgs/include/conveyorbelt_msgs/conveyorbelt_msgs/srv/detail/conveyor_belt_control__struct.hpp
[0.396s] -- Up-to-date symlink: /home/rupendra/Desktop/Tasks/Task1/install/conveyorbelt_msgs/include/conveyorbelt_msgs/conveyorbelt_msgs/srv/detail/conveyor_belt_control__traits.hpp
[0.396s] -- Up-to-date symlink: /home/rupendra/Desktop/Tasks/Task1/install/conveyorbelt_msgs/include/conveyorbelt_msgs/conveyorbelt_msgs/srv/detail/conveyor_belt_control__type_support.hpp
[0.397s] -- Up-to-date symlink: /home/rupendra/Desktop/Tasks/Task1/install/conveyorbelt_msgs/include/conveyorbelt_msgs/conveyorbelt_msgs/msg/detail/conveyor_belt_state__rosidl_typesupport_fastrtps_cpp.hpp
[0.397s] -- Up-to-date symlink: /home/rupendra/Desktop/Tasks/Task1/install/conveyorbelt_msgs/include/conveyorbelt_msgs/conveyorbelt_msgs/msg/rosidl_typesupport_fastrtps_cpp__visibility_control.h
[0.397s] -- Up-to-date symlink: /home/rupendra/Desktop/Tasks/Task1/install/conveyorbelt_msgs/include/conveyorbelt_msgs/conveyorbelt_msgs/srv/detail/conveyor_belt_control__rosidl_typesupport_fastrtps_cpp.hpp
[0.397s] -- Up-to-date symlink: /home/rupendra/Desktop/Tasks/Task1/install/conveyorbelt_msgs/include/conveyorbelt_msgs/conveyorbelt_msgs/msg/detail/conveyor_belt_state__rosidl_typesupport_introspection_cpp.hpp
[0.397s] -- Up-to-date symlink: /home/rupendra/Desktop/Tasks/Task1/install/conveyorbelt_msgs/include/conveyorbelt_msgs/conveyorbelt_msgs/srv/detail/conveyor_belt_control__rosidl_typesupport_introspection_cpp.hpp
[0.398s] -- Up-to-date symlink: /home/rupendra/Desktop/Tasks/Task1/install/conveyorbelt_msgs/share/conveyorbelt_msgs/environment/pythonpath.sh
[0.398s] -- Up-to-date symlink: /home/rupendra/Desktop/Tasks/Task1/install/conveyorbelt_msgs/share/conveyorbelt_msgs/environment/pythonpath.dsv
[0.398s] -- Up-to-date symlink: /home/rupendra/Desktop/Tasks/Task1/install/conveyorbelt_msgs/lib/python3.10/site-packages/conveyorbelt_msgs-0.0.0-py3.10.egg-info/PKG-INFO
[0.398s] -- Up-to-date symlink: /home/rupendra/Desktop/Tasks/Task1/install/conveyorbelt_msgs/lib/python3.10/site-packages/conveyorbelt_msgs-0.0.0-py3.10.egg-info/SOURCES.txt
[0.398s] -- Up-to-date symlink: /home/rupendra/Desktop/Tasks/Task1/install/conveyorbelt_msgs/lib/python3.10/site-packages/conveyorbelt_msgs-0.0.0-py3.10.egg-info/dependency_links.txt
[0.398s] -- Up-to-date symlink: /home/rupendra/Desktop/Tasks/Task1/install/conveyorbelt_msgs/lib/python3.10/site-packages/conveyorbelt_msgs-0.0.0-py3.10.egg-info/top_level.txt
[0.400s] -- Up-to-date symlink: /home/rupendra/Desktop/Tasks/Task1/install/conveyorbelt_msgs/lib/python3.10/site-packages/conveyorbelt_msgs/__init__.py
[0.400s] -- Up-to-date symlink: /home/rupendra/Desktop/Tasks/Task1/install/conveyorbelt_msgs/lib/python3.10/site-packages/conveyorbelt_msgs/_conveyorbelt_msgs_s.ep.rosidl_typesupport_c.c
[0.400s] -- Up-to-date symlink: /home/rupendra/Desktop/Tasks/Task1/install/conveyorbelt_msgs/lib/python3.10/site-packages/conveyorbelt_msgs/_conveyorbelt_msgs_s.ep.rosidl_typesupport_fastrtps_c.c
[0.400s] -- Up-to-date symlink: /home/rupendra/Desktop/Tasks/Task1/install/conveyorbelt_msgs/lib/python3.10/site-packages/conveyorbelt_msgs/_conveyorbelt_msgs_s.ep.rosidl_typesupport_introspection_c.c
[0.400s] -- Up-to-date symlink: /home/rupendra/Desktop/Tasks/Task1/install/conveyorbelt_msgs/lib/python3.10/site-packages/conveyorbelt_msgs/conveyorbelt_msgs_s__rosidl_typesupport_c.cpython-310-x86_64-linux-gnu.so
[0.400s] -- Up-to-date symlink: /home/rupendra/Desktop/Tasks/Task1/install/conveyorbelt_msgs/lib/python3.10/site-packages/conveyorbelt_msgs/conveyorbelt_msgs_s__rosidl_typesupport_fastrtps_c.cpython-310-x86_64-linux-gnu.so
[0.400s] -- Up-to-date symlink: /home/rupendra/Desktop/Tasks/Task1/install/conveyorbelt_msgs/lib/python3.10/site-packages/conveyorbelt_msgs/conveyorbelt_msgs_s__rosidl_typesupport_introspection_c.cpython-310-x86_64-linux-gnu.so
[0.400s] -- Up-to-date symlink: /home/rupendra/Desktop/Tasks/Task1/install/conveyorbelt_msgs/lib/python3.10/site-packages/conveyorbelt_msgs/libconveyorbelt_msgs__rosidl_generator_py.so
[0.400s] -- Up-to-date symlink: /home/rupendra/Desktop/Tasks/Task1/install/conveyorbelt_msgs/lib/python3.10/site-packages/conveyorbelt_msgs/msg/__init__.py
[0.400s] -- Up-to-date symlink: /home/rupendra/Desktop/Tasks/Task1/install/conveyorbelt_msgs/lib/python3.10/site-packages/conveyorbelt_msgs/msg/_conveyor_belt_state.py
[0.401s] -- Up-to-date symlink: /home/rupendra/Desktop/Tasks/Task1/install/conveyorbelt_msgs/lib/python3.10/site-packages/conveyorbelt_msgs/msg/_conveyor_belt_state_s.c
[0.401s] -- Up-to-date symlink: /home/rupendra/Desktop/Tasks/Task1/install/conveyorbelt_msgs/lib/python3.10/site-packages/conveyorbelt_msgs/srv/__init__.py
[0.401s] -- Up-to-date symlink: /home/rupendra/Desktop/Tasks/Task1/install/conveyorbelt_msgs/lib/python3.10/site-packages/conveyorbelt_msgs/srv/_conveyor_belt_control.py
[0.401s] -- Up-to-date symlink: /home/rupendra/Desktop/Tasks/Task1/install/conveyorbelt_msgs/lib/python3.10/site-packages/conveyorbelt_msgs/srv/_conveyor_belt_control_s.c
[0.401s] -- Up-to-date symlink: /home/rupendra/Desktop/Tasks/Task1/install/conveyorbelt_msgs/lib/python3.10/site-packages/conveyorbelt_msgs/conveyorbelt_msgs_s__rosidl_typesupport_fastrtps_c.cpython-310-x86_64-linux-gnu.so
[0.402s] -- Up-to-date symlink: /home/rupendra/Desktop/Tasks/Task1/install/conveyorbelt_msgs/lib/python3.10/site-packages/conveyorbelt_msgs/conveyorbelt_msgs_s__rosidl_typesupport_introspection_c.cpython-310-x86_64-linux-gnu.so
[0.402s] -- Up-to-date symlink: /home/rupendra/Desktop/Tasks/Task1/install/conveyorbelt_msgs/lib/python3.10/site-packages/conveyorbelt_msgs/conveyorbelt_msgs_s__rosidl_typesupport_c.cpython-310-x86_64-linux-gnu.so
[0.402s] -- Up-to-date symlink: /home/rupendra/Desktop/Tasks/Task1/install/conveyorbelt_msgs/share/conveyorbelt_msgs/msg/ConveyorBeltState.idl
[0.402s] -- Up-to-date symlink: /home/rupendra/Desktop/Tasks/Task1/install/conveyorbelt_msgs/share/conveyorbelt_msgs/srv/ConveyorBeltControl.idl
[0.402s] -- Up-to-date symlink: /home/rupendra/Desktop/Tasks/Task1/install/conveyorbelt_msgs/share/conveyorbelt_msgs/msg/ConveyorBeltState.msg
[0.403s] -- Up-to-date symlink: /home/rupendra/Desktop/Tasks/Task1/install/conveyorbelt_msgs/share/conveyorbelt_msgs/srv/ConveyorBeltControl.srv
[0.403s] -- Up-to-date symlink: /home/rupendra/Desktop/Tasks/Task1/install/conveyorbelt_msgs/share/conveyorbelt_msgs/srv/ConveyorBeltControl_Request.msg
[0.403s] -- Up-to-date symlink: /home/rupendra/Desktop/Tasks/Task1/install/conveyorbelt_msgs/share/conveyorbelt_msgs/srv/ConveyorBeltControl_Response.msg
[0.403s] -- Up-to-date symlink: /home/rupendra/Desktop/Tasks/Task1/install/conveyorbelt_msgs/share/ament_index/resource_index/package_run_dependencies/conveyorbelt_msgs
[0.403s] -- Up-to-date symlink: /home/rupendra/Desktop/Tasks/Task1/install/conveyorbelt_msgs/share/ament_index/resource_index/parent_prefix_path/conveyorbelt_msgs
[0.404s] -- Up-to-date symlink: /home/rupendra/Desktop/Tasks/Task1/install/conveyorbelt_msgs/share/conveyorbelt_msgs/environment/ament_prefix_path.sh
[0.404s] -- Up-to-date symlink: /home/rupendra/Desktop/Tasks/Task1/install/conveyorbelt_msgs/share/conveyorbelt_msgs/environment/ament_prefix_path.dsv
[0.404s] -- Up-to-date symlink: /home/rupendra/Desktop/Tasks/Task1/install/conveyorbelt_msgs/share/conveyorbelt_msgs/environment/path.sh
[0.404s] -- Up-to-date symlink: /home/rupendra/Desktop/Tasks/Task1/install/conveyorbelt_msgs/share/conveyorbelt_msgs/environment/path.dsv
[0.404s] -- Up-to-date symlink: /home/rupendra/Desktop/Tasks/Task1/install/conveyorbelt_msgs/share/conveyorbelt_msgs/local_setup.bash
[0.404s] -- Up-to-date symlink: /home/rupendra/Desktop/Tasks/Task1/install/conveyorbelt_msgs/share/conveyorbelt_msgs/local_setup.sh
[0.404s] -- Up-to-date symlink: /home/rupendra/Desktop/Tasks/Task1/install/conveyorbelt_msgs/share/conveyorbelt_msgs/local_setup.zsh
[0.404s] -- Up-to-date symlink: /home/rupendra/Desktop/Tasks/Task1/install/conveyorbelt_msgs/share/conveyorbelt_msgs/local_setup.dsv
[0.404s] -- Symlinking: /home/rupendra/Desktop/Tasks/Task1/install/conveyorbelt_msgs/share/conveyorbelt_msgs/package.dsv
[0.414s] -- Up-to-date symlink: /home/rupendra/Desktop/Tasks/Task1/install/conveyorbelt_msgs/share/ament_index/resource_index/packages/conveyorbelt_msgs
[0.414s] -- Up-to-date symlink: /home/rupendra/Desktop/Tasks/Task1/install/conveyorbelt_msgs/share/conveyorbelt_msgs/cmake/rosidl_cmake-extras.cmake
[0.414s] -- Up-to-date symlink: /home/rupendra/Desktop/Tasks/Task1/install/conveyorbelt_msgs/share/conveyorbelt_msgs/cmake/ament_cmake_export_include_directories-extras.cmake
[0.415s] -- Up-to-date symlink: /home/rupendra/Desktop/Tasks/Task1/install/conveyorbelt_msgs/share/conveyorbelt_msgs/cmake/ament_cmake_export_libraries-extras.cmake
[0.415s] -- Up-to-date symlink: /home/rupendra/Desktop/Tasks/Task1/install/conveyorbelt_msgs/share/conveyorbelt_msgs/cmake/ament_cmake_export_targets-extras.cmake
[0.415s] -- Up-to-date symlink: /home/rupendra/Desktop/Tasks/Task1/install/conveyorbelt_msgs/share/conveyorbelt_msgs/cmake/rosidl_cmake_export_typesupport_targets-extras.cmake
[0.415s] -- Up-to-date symlink: /home/rupendra/Desktop/Tasks/Task1/install/conveyorbelt_msgs/share/conveyorbelt_msgs/cmake/ament_cmake_export_dependencies-extras.cmake
[0.415s] -- Up-to-date symlink: /home/rupendra/Desktop/Tasks/Task1/install/conveyorbelt_msgs/share/conveyorbelt_msgs/cmake/rosidl_cmake_export_typesupport_libraries-extras.cmake
[0.416s] -- Up-to-date symlink: /home/rupendra/Desktop/Tasks/Task1/install/conveyorbelt_msgs/share/conveyorbelt_msgs/cmake/conveyorbelt_msgsConfig.cmake
[0.416s] -- Up-to-date symlink: /home/rupendra/Desktop/Tasks/Task1/install/conveyorbelt_msgs/share/conveyorbelt_msgs/cmake/conveyorbelt_msgsConfig-version.cmake
[0.416s] -- Up-to-date symlink: /home/rupendra/Desktop/Tasks/Task1/install/conveyorbelt_msgs/share/conveyorbelt_msgs/package.xml
[0.416s] -- Up-to-date: /home/rupendra/Desktop/Tasks/Task1/install/conveyorbelt_msgs/lib/libconveyorbelt_msgs__rosidl_generator_c.so
[0.416s] -- Up-to-date: /home/rupendra/Desktop/Tasks/Task1/install/conveyorbelt_msgs/lib/libconveyorbelt_msgs__rosidl_typesupport_fastrtps_c.so
[0.417s] -- Up-to-date: /home/rupendra/Desktop/Tasks/Task1/install/conveyorbelt_msgs/lib/libconveyorbelt_msgs__rosidl_typesupport_introspection_c.so
[0.417s] -- Up-to-date: /home/rupendra/Desktop/Tasks/Task1/install/conveyorbelt_msgs/lib/libconveyorbelt_msgs__rosidl_typesupport_c.so
[0.418s] -- Up-to-date: /home/rupendra/Desktop/Tasks/Task1/install/conveyorbelt_msgs/lib/libconveyorbelt_msgs__rosidl_typesupport_fastrtps_cpp.so
[0.418s] -- Up-to-date: /home/rupendra/Desktop/Tasks/Task1/install/conveyorbelt_msgs/lib/libconveyorbelt_msgs__rosidl_typesupport_introspection_cpp.so
[0.419s] -- Up-to-date: /home/rupendra/Desktop/Tasks/Task1/install/conveyorbelt_msgs/lib/libconveyorbelt_msgs__rosidl_typesupport_cpp.so
[0.446s] Listing '/home/rupendra/Desktop/Tasks/Task1/install/conveyorbelt_msgs/lib/python3.10/site-packages/conveyorbelt_msgs'...
[0.446s] Listing '/home/rupendra/Desktop/Tasks/Task1/install/conveyorbelt_msgs/lib/python3.10/site-packages/conveyorbelt_msgs/msg'...
[0.446s] Listing '/home/rupendra/Desktop/Tasks/Task1/install/conveyorbelt_msgs/lib/python3.10/site-packages/conveyorbelt_msgs/srv'...
[0.450s] -- Up-to-date: /home/rupendra/Desktop/Tasks/Task1/install/conveyorbelt_msgs/lib/libconveyorbelt_msgs__rosidl_generator_py.so
[0.450s] -- Up-to-date: /home/rupendra/Desktop/Tasks/Task1/install/conveyorbelt_msgs/share/conveyorbelt_msgs/cmake/export_conveyorbelt_msgs__rosidl_generator_cExport.cmake
[0.451s] -- Up-to-date: /home/rupendra/Desktop/Tasks/Task1/install/conveyorbelt_msgs/share/conveyorbelt_msgs/cmake/export_conveyorbelt_msgs__rosidl_generator_cExport-noconfig.cmake
[0.451s] -- Up-to-date: /home/rupendra/Desktop/Tasks/Task1/install/conveyorbelt_msgs/share/conveyorbelt_msgs/cmake/export_conveyorbelt_msgs__rosidl_typesupport_fastrtps_cExport.cmake
[0.451s] -- Up-to-date: /home/rupendra/Desktop/Tasks/Task1/install/conveyorbelt_msgs/share/conveyorbelt_msgs/cmake/export_conveyorbelt_msgs__rosidl_typesupport_fastrtps_cExport-noconfig.cmake
[0.451s] -- Up-to-date: /home/rupendra/Desktop/Tasks/Task1/install/conveyorbelt_msgs/share/conveyorbelt_msgs/cmake/conveyorbelt_msgs__rosidl_typesupport_introspection_cExport.cmake
[0.451s] -- Up-to-date: /home/rupendra/Desktop/Tasks/Task1/install/conveyorbelt_msgs/share/conveyorbelt_msgs/cmake/conveyorbelt_msgs__rosidl_typesupport_introspection_cExport-noconfig.cmake
[0.451s] -- Up-to-date: /home/rupendra/Desktop/Tasks/Task1/install/conveyorbelt_msgs/share/conveyorbelt_msgs/cmake/conveyorbelt_msgs__rosidl_typesupport_cExport.cmake
[0.451s] -- Up-to-date: /home/rupendra/Desktop/Tasks/Task1/install/conveyorbelt_msgs/share/conveyorbelt_msgs/cmake/conveyorbelt_msgs__rosidl_typesupport_cExport-noconfig.cmake
[0.451s] -- Up-to-date: /home/rupendra/Desktop/Tasks/Task1/install/conveyorbelt_msgs/share/conveyorbelt_msgs/cmake/export_conveyorbelt_msgs__rosidl_generator_cppExport.cmake
[0.452s] -- Up-to-date: /home/rupendra/Desktop/Tasks/Task1/install/conveyorbelt_msgs/share/conveyorbelt_msgs/cmake/export_conveyorbelt_msgs__rosidl_typesupport_fastrtps_cppExport.cmake
[0.452s] -- Up-to-date: /home/rupendra/Desktop/Tasks/Task1/install/conveyorbelt_msgs/share/conveyorbelt_msgs/cmake/export_conveyorbelt_msgs__rosidl_typesupport_fastrtps_cppExport-noconfig.cmake
[0.452s] -- Up-to-date: /home/rupendra/Desktop/Tasks/Task1/install/conveyorbelt_msgs/share/conveyorbelt_msgs/cmake/conveyorbelt_msgs__rosidl_typesupport_introspection_cppExport.cmake
[0.452s] -- Up-to-date: /home/rupendra/Desktop/Tasks/Task1/install/conveyorbelt_msgs/share/conveyorbelt_msgs/cmake/conveyorbelt_msgs__rosidl_typesupport_introspection_cppExport-noconfig.cmake
[0.452s] -- Up-to-date: /home/rupendra/Desktop/Tasks/Task1/install/conveyorbelt_msgs/share/conveyorbelt_msgs/cmake/conveyorbelt_msgs__rosidl_typesupport_cppExport.cmake
[0.452s] -- Up-to-date: /home/rupendra/Desktop/Tasks/Task1/install/conveyorbelt_msgs/share/conveyorbelt_msgs/cmake/conveyorbelt_msgs__rosidl_typesupport_cppExport-noconfig.cmake
[0.452s] -- Up-to-date: /home/rupendra/Desktop/Tasks/Task1/install/conveyorbelt_msgs/share/conveyorbelt_msgs/cmake/export_conveyorbelt_msgs__rosidl_generator_pyExport.cmake
[0.453s] -- Up-to-date: /home/rupendra/Desktop/Tasks/Task1/install/conveyorbelt_msgs/share/conveyorbelt_msgs/cmake/export_conveyorbelt_msgs__rosidl_generator_pyExport-noconfig.cmake
[0.456s] Invoked command in '/home/rupendra/Desktop/Tasks/Task1/build/conveyorbelt_msgs' returned '0': CMAKE_PREFIX_PATH=/opt/ros/humble VIRTUAL_ENV_PROMPT=(task1-py310) /usr/bin/cmake --install /home/rupendra/Desktop/Tasks/Task1/build/conveyorbelt_msgs
