[0.031s] Invoking command in '/home/rupendra/Desktop/Tasks/Task1/build/conveyorbelt_gazebo': CMAKE_PREFIX_PATH=/opt/ros/humble VIRTUAL_ENV_PROMPT=(task1-py310) /usr/bin/cmake --build /home/rupendra/Desktop/Tasks/Task1/build/conveyorbelt_gazebo -- -j16 -l16
[0.271s] Invoked command in '/home/rupendra/Desktop/Tasks/Task1/build/conveyorbelt_gazebo' returned '0': CMAKE_PREFIX_PATH=/opt/ros/humble VIRTUAL_ENV_PROMPT=(task1-py310) /usr/bin/cmake --build /home/rupendra/Desktop/Tasks/Task1/build/conveyorbelt_gazebo -- -j16 -l16
[0.284s] Invoking command in '/home/rupendra/Desktop/Tasks/Task1/build/conveyorbelt_gazebo': CMAKE_PREFIX_PATH=/opt/ros/humble VIRTUAL_ENV_PROMPT=(task1-py310) /usr/bin/cmake --install /home/rupendra/Desktop/Tasks/Task1/build/conveyorbelt_gazebo
[0.292s] -- Install configuration: ""
[0.292s] -- Execute custom install script
[0.293s] -- Up-to-date symlink: /home/rupendra/Desktop/Tasks/Task1/install/conveyorbelt_gazebo/share/conveyorbelt_gazebo/launch/conveyorbelt.launch.py
[0.293s] -- Up-to-date symlink: /home/rupendra/Desktop/Tasks/Task1/install/conveyorbelt_gazebo/share/conveyorbelt_gazebo/models/conveyor_belt/meshes/conveyor_belt.dae
[0.293s] -- Up-to-date symlink: /home/rupendra/Desktop/Tasks/Task1/install/conveyorbelt_gazebo/share/conveyorbelt_gazebo/models/conveyor_belt/meshes/conveyor_belt.stl
[0.293s] -- Up-to-date symlink: /home/rupendra/Desktop/Tasks/Task1/install/conveyorbelt_gazebo/share/conveyorbelt_gazebo/models/conveyor_belt/model.config
[0.293s] -- Up-to-date symlink: /home/rupendra/Desktop/Tasks/Task1/install/conveyorbelt_gazebo/share/conveyorbelt_gazebo/models/conveyor_belt/model.sdf
[0.293s] -- Up-to-date symlink: /home/rupendra/Desktop/Tasks/Task1/install/conveyorbelt_gazebo/share/conveyorbelt_gazebo/worlds/conveyorbelt.world
[0.294s] -- Up-to-date symlink: /home/rupendra/Desktop/Tasks/Task1/install/conveyorbelt_gazebo/share/conveyorbelt_gazebo/urdf/box.urdf
[0.294s] -- Up-to-date symlink: /home/rupendra/Desktop/Tasks/Task1/install/conveyorbelt_gazebo/share/ament_index/resource_index/package_run_dependencies/conveyorbelt_gazebo
[0.294s] -- Up-to-date symlink: /home/rupendra/Desktop/Tasks/Task1/install/conveyorbelt_gazebo/share/ament_index/resource_index/parent_prefix_path/conveyorbelt_gazebo
[0.294s] -- Up-to-date symlink: /home/rupendra/Desktop/Tasks/Task1/install/conveyorbelt_gazebo/share/conveyorbelt_gazebo/environment/ament_prefix_path.sh
[0.294s] -- Up-to-date symlink: /home/rupendra/Desktop/Tasks/Task1/install/conveyorbelt_gazebo/share/conveyorbelt_gazebo/environment/ament_prefix_path.dsv
[0.294s] -- Up-to-date symlink: /home/rupendra/Desktop/Tasks/Task1/install/conveyorbelt_gazebo/share/conveyorbelt_gazebo/environment/path.sh
[0.295s] -- Up-to-date symlink: /home/rupendra/Desktop/Tasks/Task1/install/conveyorbelt_gazebo/share/conveyorbelt_gazebo/environment/path.dsv
[0.295s] -- Up-to-date symlink: /home/rupendra/Desktop/Tasks/Task1/install/conveyorbelt_gazebo/share/conveyorbelt_gazebo/local_setup.bash
[0.295s] -- Up-to-date symlink: /home/rupendra/Desktop/Tasks/Task1/install/conveyorbelt_gazebo/share/conveyorbelt_gazebo/local_setup.sh
[0.295s] -- Up-to-date symlink: /home/rupendra/Desktop/Tasks/Task1/install/conveyorbelt_gazebo/share/conveyorbelt_gazebo/local_setup.zsh
[0.295s] -- Up-to-date symlink: /home/rupendra/Desktop/Tasks/Task1/install/conveyorbelt_gazebo/share/conveyorbelt_gazebo/local_setup.dsv
[0.296s] -- Symlinking: /home/rupendra/Desktop/Tasks/Task1/install/conveyorbelt_gazebo/share/conveyorbelt_gazebo/package.dsv
[0.307s] -- Up-to-date symlink: /home/rupendra/Desktop/Tasks/Task1/install/conveyorbelt_gazebo/share/ament_index/resource_index/packages/conveyorbelt_gazebo
[0.307s] -- Up-to-date symlink: /home/rupendra/Desktop/Tasks/Task1/install/conveyorbelt_gazebo/share/conveyorbelt_gazebo/cmake/conveyorbelt_gazeboConfig.cmake
[0.307s] -- Up-to-date symlink: /home/rupendra/Desktop/Tasks/Task1/install/conveyorbelt_gazebo/share/conveyorbelt_gazebo/cmake/conveyorbelt_gazeboConfig-version.cmake
[0.307s] -- Up-to-date symlink: /home/rupendra/Desktop/Tasks/Task1/install/conveyorbelt_gazebo/share/conveyorbelt_gazebo/package.xml
[0.309s] Invoked command in '/home/rupendra/Desktop/Tasks/Task1/build/conveyorbelt_gazebo' returned '0': CMAKE_PREFIX_PATH=/opt/ros/humble VIRTUAL_ENV_PROMPT=(task1-py310) /usr/bin/cmake --install /home/rupendra/Desktop/Tasks/Task1/build/conveyorbelt_gazebo
