-- Install configuration: ""
-- Execute custom install script
-- Up-to-date symlink: /home/rupendra/Desktop/Tasks/Task1/install/conveyorbelt_gazebo/share/conveyorbelt_gazebo/launch/conveyorbelt.launch.py
-- Up-to-date symlink: /home/rupendra/Desktop/Tasks/Task1/install/conveyorbelt_gazebo/share/conveyorbelt_gazebo/models/conveyor_belt/meshes/conveyor_belt.dae
-- Up-to-date symlink: /home/rupendra/Desktop/Tasks/Task1/install/conveyorbelt_gazebo/share/conveyorbelt_gazebo/models/conveyor_belt/meshes/conveyor_belt.stl
-- Up-to-date symlink: /home/rupendra/Desktop/Tasks/Task1/install/conveyorbelt_gazebo/share/conveyorbelt_gazebo/models/conveyor_belt/model.config
-- Up-to-date symlink: /home/rupendra/Desktop/Tasks/Task1/install/conveyorbelt_gazebo/share/conveyorbelt_gazebo/models/conveyor_belt/model.sdf
-- Up-to-date symlink: /home/rupendra/Desktop/Tasks/Task1/install/conveyorbelt_gazebo/share/conveyorbelt_gazebo/worlds/conveyorbelt.world
-- Up-to-date symlink: /home/rupendra/Desktop/Tasks/Task1/install/conveyorbelt_gazebo/share/conveyorbelt_gazebo/urdf/box.urdf
-- Up-to-date symlink: /home/rupendra/Desktop/Tasks/Task1/install/conveyorbelt_gazebo/share/ament_index/resource_index/package_run_dependencies/conveyorbelt_gazebo
-- Up-to-date symlink: /home/rupendra/Desktop/Tasks/Task1/install/conveyorbelt_gazebo/share/ament_index/resource_index/parent_prefix_path/conveyorbelt_gazebo
-- Up-to-date symlink: /home/rupendra/Desktop/Tasks/Task1/install/conveyorbelt_gazebo/share/conveyorbelt_gazebo/environment/ament_prefix_path.sh
-- Up-to-date symlink: /home/rupendra/Desktop/Tasks/Task1/install/conveyorbelt_gazebo/share/conveyorbelt_gazebo/environment/ament_prefix_path.dsv
-- Up-to-date symlink: /home/rupendra/Desktop/Tasks/Task1/install/conveyorbelt_gazebo/share/conveyorbelt_gazebo/environment/path.sh
-- Up-to-date symlink: /home/rupendra/Desktop/Tasks/Task1/install/conveyorbelt_gazebo/share/conveyorbelt_gazebo/environment/path.dsv
-- Up-to-date symlink: /home/rupendra/Desktop/Tasks/Task1/install/conveyorbelt_gazebo/share/conveyorbelt_gazebo/local_setup.bash
-- Up-to-date symlink: /home/rupendra/Desktop/Tasks/Task1/install/conveyorbelt_gazebo/share/conveyorbelt_gazebo/local_setup.sh
-- Up-to-date symlink: /home/rupendra/Desktop/Tasks/Task1/install/conveyorbelt_gazebo/share/conveyorbelt_gazebo/local_setup.zsh
-- Up-to-date symlink: /home/rupendra/Desktop/Tasks/Task1/install/conveyorbelt_gazebo/share/conveyorbelt_gazebo/local_setup.dsv
-- Symlinking: /home/rupendra/Desktop/Tasks/Task1/install/conveyorbelt_gazebo/share/conveyorbelt_gazebo/package.dsv
-- Up-to-date symlink: /home/rupendra/Desktop/Tasks/Task1/install/conveyorbelt_gazebo/share/ament_index/resource_index/packages/conveyorbelt_gazebo
-- Up-to-date symlink: /home/rupendra/Desktop/Tasks/Task1/install/conveyorbelt_gazebo/share/conveyorbelt_gazebo/cmake/conveyorbelt_gazeboConfig.cmake
-- Up-to-date symlink: /home/rupendra/Desktop/Tasks/Task1/install/conveyorbelt_gazebo/share/conveyorbelt_gazebo/cmake/conveyorbelt_gazeboConfig-version.cmake
-- Up-to-date symlink: /home/rupendra/Desktop/Tasks/Task1/install/conveyorbelt_gazebo/share/conveyorbelt_gazebo/package.xml
