[0.024s] Invoking command in '/home/rupendra/Desktop/Tasks/Task1/build/conveyorbelt_msgs': CMAKE_PREFIX_PATH=/opt/ros/humble VIRTUAL_ENV_PROMPT=(task1-py310) /usr/bin/cmake --build /home/rupendra/Desktop/Tasks/Task1/build/conveyorbelt_msgs -- -j16 -l16
[0.274s] [35m[1mConsolidate compiler generated dependencies of target conveyorbelt_msgs__rosidl_generator_c[0m
[0.274s] [  2%] Built target conveyorbelt_msgs__cpp
[0.275s] [ 12%] Built target conveyorbelt_msgs__rosidl_generator_c
[0.275s] [ 12%] Built target ament_cmake_python_symlink_conveyorbelt_msgs
[0.275s] [35m[1mConsolidate compiler generated dependencies of target conveyorbelt_msgs__rosidl_typesupport_cpp[0m
[0.275s] [35m[1mConsolidate compiler generated dependencies of target conveyorbelt_msgs__rosidl_typesupport_introspection_cpp[0m
[0.275s] [35m[1mConsolidate compiler generated dependencies of target conveyorbelt_msgs__rosidl_typesupport_fastrtps_cpp[0m
[0.275s] [35m[1mConsolidate compiler generated dependencies of target conveyorbelt_msgs__rosidl_typesupport_introspection_c[0m
[0.275s] [35m[1mConsolidate compiler generated dependencies of target conveyorbelt_msgs__rosidl_typesupport_c[0m
[0.275s] [35m[1mConsolidate compiler generated dependencies of target conveyorbelt_msgs__rosidl_typesupport_fastrtps_c[0m
[0.276s] [ 23%] Built target conveyorbelt_msgs__rosidl_typesupport_cpp
[0.276s] [ 43%] Built target conveyorbelt_msgs__rosidl_typesupport_introspection_c
[0.276s] [ 43%] Built target conveyorbelt_msgs__rosidl_typesupport_c
[0.276s] [ 53%] Built target conveyorbelt_msgs__rosidl_typesupport_introspection_cpp
[0.276s] [ 64%] Built target conveyorbelt_msgs__rosidl_typesupport_fastrtps_cpp
[0.276s] [ 74%] Built target conveyorbelt_msgs__rosidl_typesupport_fastrtps_c
[0.276s] [ 74%] Built target conveyorbelt_msgs
[0.276s] [ 76%] Built target conveyorbelt_msgs__py
[0.276s] [35m[1mConsolidate compiler generated dependencies of target conveyorbelt_msgs__rosidl_generator_py[0m
[0.276s] [ 84%] Built target conveyorbelt_msgs__rosidl_generator_py
[0.276s] [35m[1mConsolidate compiler generated dependencies of target conveyorbelt_msgs__rosidl_typesupport_c__pyext[0m
[0.276s] [35m[1mConsolidate compiler generated dependencies of target conveyorbelt_msgs__rosidl_typesupport_introspection_c__pyext[0m
[0.276s] [35m[1mConsolidate compiler generated dependencies of target conveyorbelt_msgs__rosidl_typesupport_fastrtps_c__pyext[0m
[0.277s] [ 94%] Built target conveyorbelt_msgs__rosidl_typesupport_c__pyext
[0.277s] [ 97%] Built target conveyorbelt_msgs__rosidl_typesupport_introspection_c__pyext
[0.277s] [100%] Built target conveyorbelt_msgs__rosidl_typesupport_fastrtps_c__pyext
[0.301s] running egg_info
[0.302s] writing conveyorbelt_msgs.egg-info/PKG-INFO
[0.302s] writing dependency_links to conveyorbelt_msgs.egg-info/dependency_links.txt
[0.302s] writing top-level names to conveyorbelt_msgs.egg-info/top_level.txt
[0.304s] reading manifest file 'conveyorbelt_msgs.egg-info/SOURCES.txt'
[0.305s] writing manifest file 'conveyorbelt_msgs.egg-info/SOURCES.txt'
[0.339s] [100%] Built target ament_cmake_python_build_conveyorbelt_msgs_egg
[0.505s] Invoked command in '/home/rupendra/Desktop/Tasks/Task1/build/conveyorbelt_msgs' returned '0': CMAKE_PREFIX_PATH=/opt/ros/humble VIRTUAL_ENV_PROMPT=(task1-py310) /usr/bin/cmake --build /home/rupendra/Desktop/Tasks/Task1/build/conveyorbelt_msgs -- -j16 -l16
[0.507s] Invoking command in '/home/rupendra/Desktop/Tasks/Task1/build/conveyorbelt_msgs': CMAKE_PREFIX_PATH=/opt/ros/humble VIRTUAL_ENV_PROMPT=(task1-py310) /usr/bin/cmake --install /home/rupendra/Desktop/Tasks/Task1/build/conveyorbelt_msgs
[0.515s] -- Install configuration: ""
[0.515s] -- Execute custom install script
[0.516s] -- Up-to-date symlink: /home/rupendra/Desktop/Tasks/Task1/install/conveyorbelt_msgs/share/conveyorbelt_msgs/msg/ConveyorBeltState.msg
[0.516s] -- Up-to-date symlink: /home/rupendra/Desktop/Tasks/Task1/install/conveyorbelt_msgs/share/conveyorbelt_msgs/srv/ConveyorBeltControl.srv
[0.516s] -- Up-to-date symlink: /home/rupendra/Desktop/Tasks/Task1/install/conveyorbelt_msgs/share/ament_index/resource_index/rosidl_interfaces/conveyorbelt_msgs
[0.517s] -- Up-to-date symlink: /home/rupendra/Desktop/Tasks/Task1/install/conveyorbelt_msgs/include/conveyorbelt_msgs/conveyorbelt_msgs/msg/conveyor_belt_state.h
[0.517s] -- Up-to-date symlink: /home/rupendra/Desktop/Tasks/Task1/install/conveyorbelt_msgs/include/conveyorbelt_msgs/conveyorbelt_msgs/msg/detail/conveyor_belt_state__functions.h
[0.517s] -- Up-to-date symlink: /home/rupendra/Desktop/Tasks/Task1/install/conveyorbelt_msgs/include/conveyorbelt_msgs/conveyorbelt_msgs/msg/detail/conveyor_belt_state__struct.h
[0.517s] -- Up-to-date symlink: /home/rupendra/Desktop/Tasks/Task1/install/conveyorbelt_msgs/include/conveyorbelt_msgs/conveyorbelt_msgs/msg/detail/conveyor_belt_state__type_support.h
[0.517s] -- Up-to-date symlink: /home/rupendra/Desktop/Tasks/Task1/install/conveyorbelt_msgs/include/conveyorbelt_msgs/conveyorbelt_msgs/msg/rosidl_generator_c__visibility_control.h
[0.517s] -- Up-to-date symlink: /home/rupendra/Desktop/Tasks/Task1/install/conveyorbelt_msgs/include/conveyorbelt_msgs/conveyorbelt_msgs/srv/conveyor_belt_control.h
[0.517s] -- Up-to-date symlink: /home/rupendra/Desktop/Tasks/Task1/install/conveyorbelt_msgs/include/conveyorbelt_msgs/conveyorbelt_msgs/srv/detail/conveyor_belt_control__functions.h
[0.517s] -- Up-to-date symlink: /home/rupendra/Desktop/Tasks/Task1/install/conveyorbelt_msgs/include/conveyorbelt_msgs/conveyorbelt_msgs/srv/detail/conveyor_belt_control__struct.h
[0.518s] -- Up-to-date symlink: /home/rupendra/Desktop/Tasks/Task1/install/conveyorbelt_msgs/include/conveyorbelt_msgs/conveyorbelt_msgs/srv/detail/conveyor_belt_control__type_support.h
[0.518s] -- Up-to-date symlink: /home/rupendra/Desktop/Tasks/Task1/install/conveyorbelt_msgs/share/conveyorbelt_msgs/environment/library_path.sh
[0.518s] -- Up-to-date symlink: /home/rupendra/Desktop/Tasks/Task1/install/conveyorbelt_msgs/share/conveyorbelt_msgs/environment/library_path.dsv
[0.518s] -- Up-to-date symlink: /home/rupendra/Desktop/Tasks/Task1/install/conveyorbelt_msgs/include/conveyorbelt_msgs/conveyorbelt_msgs/msg/detail/conveyor_belt_state__rosidl_typesupport_fastrtps_c.h
[0.519s] -- Up-to-date symlink: /home/rupendra/Desktop/Tasks/Task1/install/conveyorbelt_msgs/include/conveyorbelt_msgs/conveyorbelt_msgs/msg/rosidl_typesupport_fastrtps_c__visibility_control.h
[0.519s] -- Up-to-date symlink: /home/rupendra/Desktop/Tasks/Task1/install/conveyorbelt_msgs/include/conveyorbelt_msgs/conveyorbelt_msgs/srv/detail/conveyor_belt_control__rosidl_typesupport_fastrtps_c.h
[0.519s] -- Up-to-date symlink: /home/rupendra/Desktop/Tasks/Task1/install/conveyorbelt_msgs/include/conveyorbelt_msgs/conveyorbelt_msgs/msg/detail/conveyor_belt_state__rosidl_typesupport_introspection_c.h
[0.519s] -- Up-to-date symlink: /home/rupendra/Desktop/Tasks/Task1/install/conveyorbelt_msgs/include/conveyorbelt_msgs/conveyorbelt_msgs/msg/rosidl_typesupport_introspection_c__visibility_control.h
[0.519s] -- Up-to-date symlink: /home/rupendra/Desktop/Tasks/Task1/install/conveyorbelt_msgs/include/conveyorbelt_msgs/conveyorbelt_msgs/srv/detail/conveyor_belt_control__rosidl_typesupport_introspection_c.h
[0.520s] -- Up-to-date symlink: /home/rupendra/Desktop/Tasks/Task1/install/conveyorbelt_msgs/include/conveyorbelt_msgs/conveyorbelt_msgs/msg/conveyor_belt_state.hpp
[0.520s] -- Up-to-date symlink: /home/rupendra/Desktop/Tasks/Task1/install/conveyorbelt_msgs/include/conveyorbelt_msgs/conveyorbelt_msgs/msg/detail/conveyor_belt_state__builder.hpp
[0.520s] -- Up-to-date symlink: /home/rupendra/Desktop/Tasks/Task1/install/conveyorbelt_msgs/include/conveyorbelt_msgs/conveyorbelt_msgs/msg/detail/conveyor_belt_state__struct.hpp
[0.520s] -- Up-to-date symlink: /home/rupendra/Desktop/Tasks/Task1/install/conveyorbelt_msgs/include/conveyorbelt_msgs/conveyorbelt_msgs/msg/detail/conveyor_belt_state__traits.hpp
[0.520s] -- Up-to-date symlink: /home/rupendra/Desktop/Tasks/Task1/install/conveyorbelt_msgs/include/conveyorbelt_msgs/conveyorbelt_msgs/msg/detail/conveyor_belt_state__type_support.hpp
[0.520s] -- Up-to-date symlink: /home/rupendra/Desktop/Tasks/Task1/install/conveyorbelt_msgs/include/conveyorbelt_msgs/conveyorbelt_msgs/msg/rosidl_generator_cpp__visibility_control.hpp
[0.520s] -- Up-to-date symlink: /home/rupendra/Desktop/Tasks/Task1/install/conveyorbelt_msgs/include/conveyorbelt_msgs/conveyorbelt_msgs/srv/conveyor_belt_control.hpp
[0.521s] -- Up-to-date symlink: /home/rupendra/Desktop/Tasks/Task1/install/conveyorbelt_msgs/include/conveyorbelt_msgs/conveyorbelt_msgs/srv/detail/conveyor_belt_control__builder.hpp
[0.521s] -- Up-to-date symlink: /home/rupendra/Desktop/Tasks/Task1/install/conveyorbelt_msgs/include/conveyorbelt_msgs/conveyorbelt_msgs/srv/detail/conveyor_belt_control__struct.hpp
[0.521s] -- Up-to-date symlink: /home/rupendra/Desktop/Tasks/Task1/install/conveyorbelt_msgs/include/conveyorbelt_msgs/conveyorbelt_msgs/srv/detail/conveyor_belt_control__traits.hpp
[0.521s] -- Up-to-date symlink: /home/rupendra/Desktop/Tasks/Task1/install/conveyorbelt_msgs/include/conveyorbelt_msgs/conveyorbelt_msgs/srv/detail/conveyor_belt_control__type_support.hpp
[0.521s] -- Up-to-date symlink: /home/rupendra/Desktop/Tasks/Task1/install/conveyorbelt_msgs/include/conveyorbelt_msgs/conveyorbelt_msgs/msg/detail/conveyor_belt_state__rosidl_typesupport_fastrtps_cpp.hpp
[0.522s] -- Up-to-date symlink: /home/rupendra/Desktop/Tasks/Task1/install/conveyorbelt_msgs/include/conveyorbelt_msgs/conveyorbelt_msgs/msg/rosidl_typesupport_fastrtps_cpp__visibility_control.h
[0.522s] -- Up-to-date symlink: /home/rupendra/Desktop/Tasks/Task1/install/conveyorbelt_msgs/include/conveyorbelt_msgs/conveyorbelt_msgs/srv/detail/conveyor_belt_control__rosidl_typesupport_fastrtps_cpp.hpp
[0.522s] -- Up-to-date symlink: /home/rupendra/Desktop/Tasks/Task1/install/conveyorbelt_msgs/include/conveyorbelt_msgs/conveyorbelt_msgs/msg/detail/conveyor_belt_state__rosidl_typesupport_introspection_cpp.hpp
[0.522s] -- Up-to-date symlink: /home/rupendra/Desktop/Tasks/Task1/install/conveyorbelt_msgs/include/conveyorbelt_msgs/conveyorbelt_msgs/srv/detail/conveyor_belt_control__rosidl_typesupport_introspection_cpp.hpp
[0.522s] -- Up-to-date symlink: /home/rupendra/Desktop/Tasks/Task1/install/conveyorbelt_msgs/share/conveyorbelt_msgs/environment/pythonpath.sh
[0.522s] -- Up-to-date symlink: /home/rupendra/Desktop/Tasks/Task1/install/conveyorbelt_msgs/share/conveyorbelt_msgs/environment/pythonpath.dsv
[0.523s] -- Up-to-date symlink: /home/rupendra/Desktop/Tasks/Task1/install/conveyorbelt_msgs/lib/python3.10/site-packages/conveyorbelt_msgs-0.0.0-py3.10.egg-info/PKG-INFO
[0.523s] -- Up-to-date symlink: /home/rupendra/Desktop/Tasks/Task1/install/conveyorbelt_msgs/lib/python3.10/site-packages/conveyorbelt_msgs-0.0.0-py3.10.egg-info/SOURCES.txt
[0.523s] -- Up-to-date symlink: /home/rupendra/Desktop/Tasks/Task1/install/conveyorbelt_msgs/lib/python3.10/site-packages/conveyorbelt_msgs-0.0.0-py3.10.egg-info/dependency_links.txt
[0.523s] -- Up-to-date symlink: /home/rupendra/Desktop/Tasks/Task1/install/conveyorbelt_msgs/lib/python3.10/site-packages/conveyorbelt_msgs-0.0.0-py3.10.egg-info/top_level.txt
[0.524s] -- Up-to-date symlink: /home/rupendra/Desktop/Tasks/Task1/install/conveyorbelt_msgs/lib/python3.10/site-packages/conveyorbelt_msgs/__init__.py
[0.524s] -- Up-to-date symlink: /home/rupendra/Desktop/Tasks/Task1/install/conveyorbelt_msgs/lib/python3.10/site-packages/conveyorbelt_msgs/_conveyorbelt_msgs_s.ep.rosidl_typesupport_c.c
[0.524s] -- Up-to-date symlink: /home/rupendra/Desktop/Tasks/Task1/install/conveyorbelt_msgs/lib/python3.10/site-packages/conveyorbelt_msgs/_conveyorbelt_msgs_s.ep.rosidl_typesupport_fastrtps_c.c
[0.524s] -- Up-to-date symlink: /home/rupendra/Desktop/Tasks/Task1/install/conveyorbelt_msgs/lib/python3.10/site-packages/conveyorbelt_msgs/_conveyorbelt_msgs_s.ep.rosidl_typesupport_introspection_c.c
[0.524s] -- Up-to-date symlink: /home/rupendra/Desktop/Tasks/Task1/install/conveyorbelt_msgs/lib/python3.10/site-packages/conveyorbelt_msgs/conveyorbelt_msgs_s__rosidl_typesupport_c.cpython-310-x86_64-linux-gnu.so
[0.524s] -- Up-to-date symlink: /home/rupendra/Desktop/Tasks/Task1/install/conveyorbelt_msgs/lib/python3.10/site-packages/conveyorbelt_msgs/conveyorbelt_msgs_s__rosidl_typesupport_fastrtps_c.cpython-310-x86_64-linux-gnu.so
[0.524s] -- Up-to-date symlink: /home/rupendra/Desktop/Tasks/Task1/install/conveyorbelt_msgs/lib/python3.10/site-packages/conveyorbelt_msgs/conveyorbelt_msgs_s__rosidl_typesupport_introspection_c.cpython-310-x86_64-linux-gnu.so
[0.525s] -- Up-to-date symlink: /home/rupendra/Desktop/Tasks/Task1/install/conveyorbelt_msgs/lib/python3.10/site-packages/conveyorbelt_msgs/libconveyorbelt_msgs__rosidl_generator_py.so
[0.525s] -- Up-to-date symlink: /home/rupendra/Desktop/Tasks/Task1/install/conveyorbelt_msgs/lib/python3.10/site-packages/conveyorbelt_msgs/msg/__init__.py
[0.525s] -- Up-to-date symlink: /home/rupendra/Desktop/Tasks/Task1/install/conveyorbelt_msgs/lib/python3.10/site-packages/conveyorbelt_msgs/msg/_conveyor_belt_state.py
[0.525s] -- Up-to-date symlink: /home/rupendra/Desktop/Tasks/Task1/install/conveyorbelt_msgs/lib/python3.10/site-packages/conveyorbelt_msgs/msg/_conveyor_belt_state_s.c
[0.525s] -- Up-to-date symlink: /home/rupendra/Desktop/Tasks/Task1/install/conveyorbelt_msgs/lib/python3.10/site-packages/conveyorbelt_msgs/srv/__init__.py
[0.525s] -- Up-to-date symlink: /home/rupendra/Desktop/Tasks/Task1/install/conveyorbelt_msgs/lib/python3.10/site-packages/conveyorbelt_msgs/srv/_conveyor_belt_control.py
[0.526s] -- Up-to-date symlink: /home/rupendra/Desktop/Tasks/Task1/install/conveyorbelt_msgs/lib/python3.10/site-packages/conveyorbelt_msgs/srv/_conveyor_belt_control_s.c
[0.526s] -- Up-to-date symlink: /home/rupendra/Desktop/Tasks/Task1/install/conveyorbelt_msgs/lib/python3.10/site-packages/conveyorbelt_msgs/conveyorbelt_msgs_s__rosidl_typesupport_fastrtps_c.cpython-310-x86_64-linux-gnu.so
[0.526s] -- Up-to-date symlink: /home/rupendra/Desktop/Tasks/Task1/install/conveyorbelt_msgs/lib/python3.10/site-packages/conveyorbelt_msgs/conveyorbelt_msgs_s__rosidl_typesupport_introspection_c.cpython-310-x86_64-linux-gnu.so
[0.526s] -- Up-to-date symlink: /home/rupendra/Desktop/Tasks/Task1/install/conveyorbelt_msgs/lib/python3.10/site-packages/conveyorbelt_msgs/conveyorbelt_msgs_s__rosidl_typesupport_c.cpython-310-x86_64-linux-gnu.so
[0.526s] -- Up-to-date symlink: /home/rupendra/Desktop/Tasks/Task1/install/conveyorbelt_msgs/share/conveyorbelt_msgs/msg/ConveyorBeltState.idl
[0.527s] -- Up-to-date symlink: /home/rupendra/Desktop/Tasks/Task1/install/conveyorbelt_msgs/share/conveyorbelt_msgs/srv/ConveyorBeltControl.idl
[0.527s] -- Up-to-date symlink: /home/rupendra/Desktop/Tasks/Task1/install/conveyorbelt_msgs/share/conveyorbelt_msgs/msg/ConveyorBeltState.msg
[0.527s] -- Up-to-date symlink: /home/rupendra/Desktop/Tasks/Task1/install/conveyorbelt_msgs/share/conveyorbelt_msgs/srv/ConveyorBeltControl.srv
[0.527s] -- Up-to-date symlink: /home/rupendra/Desktop/Tasks/Task1/install/conveyorbelt_msgs/share/conveyorbelt_msgs/srv/ConveyorBeltControl_Request.msg
[0.527s] -- Up-to-date symlink: /home/rupendra/Desktop/Tasks/Task1/install/conveyorbelt_msgs/share/conveyorbelt_msgs/srv/ConveyorBeltControl_Response.msg
[0.527s] -- Up-to-date symlink: /home/rupendra/Desktop/Tasks/Task1/install/conveyorbelt_msgs/share/ament_index/resource_index/package_run_dependencies/conveyorbelt_msgs
[0.528s] -- Up-to-date symlink: /home/rupendra/Desktop/Tasks/Task1/install/conveyorbelt_msgs/share/ament_index/resource_index/parent_prefix_path/conveyorbelt_msgs
[0.528s] -- Up-to-date symlink: /home/rupendra/Desktop/Tasks/Task1/install/conveyorbelt_msgs/share/conveyorbelt_msgs/environment/ament_prefix_path.sh
[0.528s] -- Up-to-date symlink: /home/rupendra/Desktop/Tasks/Task1/install/conveyorbelt_msgs/share/conveyorbelt_msgs/environment/ament_prefix_path.dsv
[0.528s] -- Up-to-date symlink: /home/rupendra/Desktop/Tasks/Task1/install/conveyorbelt_msgs/share/conveyorbelt_msgs/environment/path.sh
[0.528s] -- Up-to-date symlink: /home/rupendra/Desktop/Tasks/Task1/install/conveyorbelt_msgs/share/conveyorbelt_msgs/environment/path.dsv
[0.528s] -- Up-to-date symlink: /home/rupendra/Desktop/Tasks/Task1/install/conveyorbelt_msgs/share/conveyorbelt_msgs/local_setup.bash
[0.528s] -- Up-to-date symlink: /home/rupendra/Desktop/Tasks/Task1/install/conveyorbelt_msgs/share/conveyorbelt_msgs/local_setup.sh
[0.528s] -- Up-to-date symlink: /home/rupendra/Desktop/Tasks/Task1/install/conveyorbelt_msgs/share/conveyorbelt_msgs/local_setup.zsh
[0.528s] -- Up-to-date symlink: /home/rupendra/Desktop/Tasks/Task1/install/conveyorbelt_msgs/share/conveyorbelt_msgs/local_setup.dsv
[0.529s] -- Symlinking: /home/rupendra/Desktop/Tasks/Task1/install/conveyorbelt_msgs/share/conveyorbelt_msgs/package.dsv
[0.538s] -- Up-to-date symlink: /home/rupendra/Desktop/Tasks/Task1/install/conveyorbelt_msgs/share/ament_index/resource_index/packages/conveyorbelt_msgs
[0.539s] -- Up-to-date symlink: /home/rupendra/Desktop/Tasks/Task1/install/conveyorbelt_msgs/share/conveyorbelt_msgs/cmake/rosidl_cmake-extras.cmake
[0.539s] -- Up-to-date symlink: /home/rupendra/Desktop/Tasks/Task1/install/conveyorbelt_msgs/share/conveyorbelt_msgs/cmake/ament_cmake_export_include_directories-extras.cmake
[0.539s] -- Up-to-date symlink: /home/rupendra/Desktop/Tasks/Task1/install/conveyorbelt_msgs/share/conveyorbelt_msgs/cmake/ament_cmake_export_libraries-extras.cmake
[0.539s] -- Up-to-date symlink: /home/rupendra/Desktop/Tasks/Task1/install/conveyorbelt_msgs/share/conveyorbelt_msgs/cmake/ament_cmake_export_targets-extras.cmake
[0.539s] -- Up-to-date symlink: /home/rupendra/Desktop/Tasks/Task1/install/conveyorbelt_msgs/share/conveyorbelt_msgs/cmake/rosidl_cmake_export_typesupport_targets-extras.cmake
[0.539s] -- Up-to-date symlink: /home/rupendra/Desktop/Tasks/Task1/install/conveyorbelt_msgs/share/conveyorbelt_msgs/cmake/ament_cmake_export_dependencies-extras.cmake
[0.539s] -- Up-to-date symlink: /home/rupendra/Desktop/Tasks/Task1/install/conveyorbelt_msgs/share/conveyorbelt_msgs/cmake/rosidl_cmake_export_typesupport_libraries-extras.cmake
[0.540s] -- Up-to-date symlink: /home/rupendra/Desktop/Tasks/Task1/install/conveyorbelt_msgs/share/conveyorbelt_msgs/cmake/conveyorbelt_msgsConfig.cmake
[0.540s] -- Up-to-date symlink: /home/rupendra/Desktop/Tasks/Task1/install/conveyorbelt_msgs/share/conveyorbelt_msgs/cmake/conveyorbelt_msgsConfig-version.cmake
[0.540s] -- Up-to-date symlink: /home/rupendra/Desktop/Tasks/Task1/install/conveyorbelt_msgs/share/conveyorbelt_msgs/package.xml
[0.540s] -- Up-to-date: /home/rupendra/Desktop/Tasks/Task1/install/conveyorbelt_msgs/lib/libconveyorbelt_msgs__rosidl_generator_c.so
[0.540s] -- Up-to-date: /home/rupendra/Desktop/Tasks/Task1/install/conveyorbelt_msgs/lib/libconveyorbelt_msgs__rosidl_typesupport_fastrtps_c.so
[0.541s] -- Up-to-date: /home/rupendra/Desktop/Tasks/Task1/install/conveyorbelt_msgs/lib/libconveyorbelt_msgs__rosidl_typesupport_introspection_c.so
[0.541s] -- Up-to-date: /home/rupendra/Desktop/Tasks/Task1/install/conveyorbelt_msgs/lib/libconveyorbelt_msgs__rosidl_typesupport_c.so
[0.541s] -- Up-to-date: /home/rupendra/Desktop/Tasks/Task1/install/conveyorbelt_msgs/lib/libconveyorbelt_msgs__rosidl_typesupport_fastrtps_cpp.so
[0.541s] -- Up-to-date: /home/rupendra/Desktop/Tasks/Task1/install/conveyorbelt_msgs/lib/libconveyorbelt_msgs__rosidl_typesupport_introspection_cpp.so
[0.542s] -- Up-to-date: /home/rupendra/Desktop/Tasks/Task1/install/conveyorbelt_msgs/lib/libconveyorbelt_msgs__rosidl_typesupport_cpp.so
[0.569s] Listing '/home/rupendra/Desktop/Tasks/Task1/install/conveyorbelt_msgs/lib/python3.10/site-packages/conveyorbelt_msgs'...
[0.570s] Listing '/home/rupendra/Desktop/Tasks/Task1/install/conveyorbelt_msgs/lib/python3.10/site-packages/conveyorbelt_msgs/msg'...
[0.570s] Listing '/home/rupendra/Desktop/Tasks/Task1/install/conveyorbelt_msgs/lib/python3.10/site-packages/conveyorbelt_msgs/srv'...
[0.574s] -- Up-to-date: /home/rupendra/Desktop/Tasks/Task1/install/conveyorbelt_msgs/lib/libconveyorbelt_msgs__rosidl_generator_py.so
[0.574s] -- Up-to-date: /home/rupendra/Desktop/Tasks/Task1/install/conveyorbelt_msgs/share/conveyorbelt_msgs/cmake/export_conveyorbelt_msgs__rosidl_generator_cExport.cmake
[0.574s] -- Up-to-date: /home/rupendra/Desktop/Tasks/Task1/install/conveyorbelt_msgs/share/conveyorbelt_msgs/cmake/export_conveyorbelt_msgs__rosidl_generator_cExport-noconfig.cmake
[0.574s] -- Up-to-date: /home/rupendra/Desktop/Tasks/Task1/install/conveyorbelt_msgs/share/conveyorbelt_msgs/cmake/export_conveyorbelt_msgs__rosidl_typesupport_fastrtps_cExport.cmake
[0.574s] -- Up-to-date: /home/rupendra/Desktop/Tasks/Task1/install/conveyorbelt_msgs/share/conveyorbelt_msgs/cmake/export_conveyorbelt_msgs__rosidl_typesupport_fastrtps_cExport-noconfig.cmake
[0.574s] -- Up-to-date: /home/rupendra/Desktop/Tasks/Task1/install/conveyorbelt_msgs/share/conveyorbelt_msgs/cmake/conveyorbelt_msgs__rosidl_typesupport_introspection_cExport.cmake
[0.574s] -- Up-to-date: /home/rupendra/Desktop/Tasks/Task1/install/conveyorbelt_msgs/share/conveyorbelt_msgs/cmake/conveyorbelt_msgs__rosidl_typesupport_introspection_cExport-noconfig.cmake
[0.575s] -- Up-to-date: /home/rupendra/Desktop/Tasks/Task1/install/conveyorbelt_msgs/share/conveyorbelt_msgs/cmake/conveyorbelt_msgs__rosidl_typesupport_cExport.cmake
[0.575s] -- Up-to-date: /home/rupendra/Desktop/Tasks/Task1/install/conveyorbelt_msgs/share/conveyorbelt_msgs/cmake/conveyorbelt_msgs__rosidl_typesupport_cExport-noconfig.cmake
[0.575s] -- Up-to-date: /home/rupendra/Desktop/Tasks/Task1/install/conveyorbelt_msgs/share/conveyorbelt_msgs/cmake/export_conveyorbelt_msgs__rosidl_generator_cppExport.cmake
[0.575s] -- Up-to-date: /home/rupendra/Desktop/Tasks/Task1/install/conveyorbelt_msgs/share/conveyorbelt_msgs/cmake/export_conveyorbelt_msgs__rosidl_typesupport_fastrtps_cppExport.cmake
[0.575s] -- Up-to-date: /home/rupendra/Desktop/Tasks/Task1/install/conveyorbelt_msgs/share/conveyorbelt_msgs/cmake/export_conveyorbelt_msgs__rosidl_typesupport_fastrtps_cppExport-noconfig.cmake
[0.575s] -- Up-to-date: /home/rupendra/Desktop/Tasks/Task1/install/conveyorbelt_msgs/share/conveyorbelt_msgs/cmake/conveyorbelt_msgs__rosidl_typesupport_introspection_cppExport.cmake
[0.575s] -- Up-to-date: /home/rupendra/Desktop/Tasks/Task1/install/conveyorbelt_msgs/share/conveyorbelt_msgs/cmake/conveyorbelt_msgs__rosidl_typesupport_introspection_cppExport-noconfig.cmake
[0.575s] -- Up-to-date: /home/rupendra/Desktop/Tasks/Task1/install/conveyorbelt_msgs/share/conveyorbelt_msgs/cmake/conveyorbelt_msgs__rosidl_typesupport_cppExport.cmake
[0.575s] -- Up-to-date: /home/rupendra/Desktop/Tasks/Task1/install/conveyorbelt_msgs/share/conveyorbelt_msgs/cmake/conveyorbelt_msgs__rosidl_typesupport_cppExport-noconfig.cmake
[0.575s] -- Up-to-date: /home/rupendra/Desktop/Tasks/Task1/install/conveyorbelt_msgs/share/conveyorbelt_msgs/cmake/export_conveyorbelt_msgs__rosidl_generator_pyExport.cmake
[0.575s] -- Up-to-date: /home/rupendra/Desktop/Tasks/Task1/install/conveyorbelt_msgs/share/conveyorbelt_msgs/cmake/export_conveyorbelt_msgs__rosidl_generator_pyExport-noconfig.cmake
[0.578s] Invoked command in '/home/rupendra/Desktop/Tasks/Task1/build/conveyorbelt_msgs' returned '0': CMAKE_PREFIX_PATH=/opt/ros/humble VIRTUAL_ENV_PROMPT=(task1-py310) /usr/bin/cmake --install /home/rupendra/Desktop/Tasks/Task1/build/conveyorbelt_msgs
