[0.013s] Invoking command in '/home/rupendra/Desktop/Tasks/TASK-1/Task1/build/conveyorbelt_msgs': CMAKE_PREFIX_PATH=${CMAKE_PREFIX_PATH}:/opt/ros/humble /usr/bin/cmake /home/rupendra/Desktop/Tasks/TASK-1/Task1/src/IFRA_ConveyorBelt/conveyorbelt_msgs -DAMENT_CMAKE_SYMLINK_INSTALL=1 -DCMAKE_INSTALL_PREFIX=/home/rupendra/Desktop/Tasks/TASK-1/Task1/install/conveyorbelt_msgs
[0.063s] -- The C compiler identification is GNU 11.4.0
[0.117s] -- The CXX compiler identification is GNU 11.4.0
[0.123s] -- Detecting C compiler ABI info
[0.187s] -- Detecting C compiler ABI info - done
[0.192s] -- Check for working C compiler: /usr/bin/cc - skipped
[0.192s] -- Detecting C compile features
[0.193s] -- Detecting C compile features - done
[0.195s] -- Detecting CXX compiler ABI info
[0.268s] -- Detecting CXX compiler ABI info - done
[0.273s] -- Check for working CXX compiler: /usr/bin/c++ - skipped
[0.274s] -- Detecting CXX compile features
[0.274s] -- Detecting CXX compile features - done
[0.276s] -- Found ament_cmake: 1.3.12 (/opt/ros/humble/share/ament_cmake/cmake)
[0.635s] -- Found Python3: /usr/bin/python3 (found version "3.10.12") found components: Interpreter 
[0.691s] -- Override CMake install command with custom implementation using symlinks instead of copying resources
[0.712s] -- Found ament_lint_auto: 0.12.14 (/opt/ros/humble/share/ament_lint_auto/cmake)
[0.794s] -- Found rosidl_default_generators: 1.2.0 (/opt/ros/humble/share/rosidl_default_generators/cmake)
[0.796s] -- Using all available rosidl_typesupport_c: rosidl_typesupport_fastrtps_c;rosidl_typesupport_introspection_c
[0.801s] -- Found rosidl_adapter: 3.1.7 (/opt/ros/humble/share/rosidl_adapter/cmake)
[0.833s] -- Using all available rosidl_typesupport_cpp: rosidl_typesupport_fastrtps_cpp;rosidl_typesupport_introspection_cpp
[1.052s] -- Found ament_cmake_ros: 0.10.0 (/opt/ros/humble/share/ament_cmake_ros/cmake)
[1.242s] -- Using all available rosidl_typesupport_c: rosidl_typesupport_fastrtps_c;rosidl_typesupport_introspection_c
[1.478s] -- Using all available rosidl_typesupport_cpp: rosidl_typesupport_fastrtps_cpp;rosidl_typesupport_introspection_cpp
[1.505s] -- Found PythonInterp: /usr/bin/python3 (found suitable version "3.10.12", minimum required is "3.6") 
[1.506s] -- Found python_cmake_module: 0.10.0 (/opt/ros/humble/share/python_cmake_module/cmake)
[1.536s] -- Found PythonLibs: /usr/lib/x86_64-linux-gnu/libpython3.10.so (found suitable version "3.10.12", minimum required is "3.5") 
[1.536s] -- Using PYTHON_EXECUTABLE: /usr/bin/python3
[1.536s] -- Using PYTHON_INCLUDE_DIRS: /usr/include/python3.10
[1.536s] -- Using PYTHON_LIBRARIES: /usr/lib/x86_64-linux-gnu/libpython3.10.so
[1.562s] -- Found PythonExtra: .so  
[1.599s] -- Added test 'copyright' to check source files copyright and LICENSE
[1.600s] -- Added test 'lint_cmake' to check CMake code style
[1.602s] -- Added test 'xmllint' to check XML markup files
[1.606s] -- Configuring done
[1.632s] -- Generating done
[1.640s] -- Build files have been written to: /home/rupendra/Desktop/Tasks/TASK-1/Task1/build/conveyorbelt_msgs
[1.646s] Invoked command in '/home/rupendra/Desktop/Tasks/TASK-1/Task1/build/conveyorbelt_msgs' returned '0': CMAKE_PREFIX_PATH=${CMAKE_PREFIX_PATH}:/opt/ros/humble /usr/bin/cmake /home/rupendra/Desktop/Tasks/TASK-1/Task1/src/IFRA_ConveyorBelt/conveyorbelt_msgs -DAMENT_CMAKE_SYMLINK_INSTALL=1 -DCMAKE_INSTALL_PREFIX=/home/rupendra/Desktop/Tasks/TASK-1/Task1/install/conveyorbelt_msgs
[1.648s] Invoking command in '/home/rupendra/Desktop/Tasks/TASK-1/Task1/build/conveyorbelt_msgs': CMAKE_PREFIX_PATH=${CMAKE_PREFIX_PATH}:/opt/ros/humble /usr/bin/cmake --build /home/rupendra/Desktop/Tasks/TASK-1/Task1/build/conveyorbelt_msgs -- -j16 -l16
[1.687s] [  2%] [34m[1mGenerating C code for ROS interfaces[0m
[1.697s] [  5%] [34m[1mGenerating C++ code for ROS interfaces[0m
[1.705s] [  5%] Built target ament_cmake_python_symlink_conveyorbelt_msgs
[1.935s] running egg_info
[1.958s] creating conveyorbelt_msgs.egg-info
[1.958s] writing conveyorbelt_msgs.egg-info/PKG-INFO
[1.958s] writing dependency_links to conveyorbelt_msgs.egg-info/dependency_links.txt
[1.959s] writing top-level names to conveyorbelt_msgs.egg-info/top_level.txt
[1.959s] writing manifest file 'conveyorbelt_msgs.egg-info/SOURCES.txt'
[2.027s] reading manifest file 'conveyorbelt_msgs.egg-info/SOURCES.txt'
[2.028s] writing manifest file 'conveyorbelt_msgs.egg-info/SOURCES.txt'
[2.062s] [  5%] Built target ament_cmake_python_build_conveyorbelt_msgs_egg
[2.088s] [  5%] Built target conveyorbelt_msgs__cpp
[2.090s] [ 10%] [32mBuilding C object CMakeFiles/conveyorbelt_msgs__rosidl_generator_c.dir/rosidl_generator_c/conveyorbelt_msgs/srv/detail/conveyor_belt_control__functions.c.o[0m
[2.090s] [ 10%] [32mBuilding C object CMakeFiles/conveyorbelt_msgs__rosidl_generator_c.dir/rosidl_generator_c/conveyorbelt_msgs/msg/detail/conveyor_belt_state__functions.c.o[0m
[2.099s] [ 17%] [34m[1mGenerating C++ type support dispatch for ROS interfaces[0m
[2.099s] [ 17%] [34m[1mGenerating C++ type support for eProsima Fast-RTPS[0m
[2.099s] [ 17%] [34m[1mGenerating C++ introspection for ROS interfaces[0m
[2.139s] [ 20%] [32m[1mLinking C shared library libconveyorbelt_msgs__rosidl_generator_c.so[0m
[2.178s] [ 20%] Built target conveyorbelt_msgs__rosidl_generator_c
[2.189s] [ 28%] [34m[1mGenerating C type support for eProsima Fast-RTPS[0m
[2.189s] [ 28%] [34m[1mGenerating C type support dispatch for ROS interfaces[0m
[2.189s] [ 28%] [34m[1mGenerating C introspection for ROS interfaces[0m
[2.474s] [ 33%] [32mBuilding CXX object CMakeFiles/conveyorbelt_msgs__rosidl_typesupport_cpp.dir/rosidl_typesupport_cpp/conveyorbelt_msgs/srv/conveyor_belt_control__type_support.cpp.o[0m
[2.474s] [ 33%] [32mBuilding CXX object CMakeFiles/conveyorbelt_msgs__rosidl_typesupport_cpp.dir/rosidl_typesupport_cpp/conveyorbelt_msgs/msg/conveyor_belt_state__type_support.cpp.o[0m
[2.481s] [ 38%] [32mBuilding CXX object CMakeFiles/conveyorbelt_msgs__rosidl_typesupport_introspection_cpp.dir/rosidl_typesupport_introspection_cpp/conveyorbelt_msgs/srv/detail/conveyor_belt_control__type_support.cpp.o[0m
[2.482s] [ 38%] [32mBuilding CXX object CMakeFiles/conveyorbelt_msgs__rosidl_typesupport_introspection_cpp.dir/rosidl_typesupport_introspection_cpp/conveyorbelt_msgs/msg/detail/conveyor_belt_state__type_support.cpp.o[0m
[2.507s] [ 41%] [32mBuilding CXX object CMakeFiles/conveyorbelt_msgs__rosidl_typesupport_fastrtps_cpp.dir/rosidl_typesupport_fastrtps_cpp/conveyorbelt_msgs/msg/detail/dds_fastrtps/conveyor_belt_state__type_support.cpp.o[0m
[2.509s] [ 43%] [32mBuilding CXX object CMakeFiles/conveyorbelt_msgs__rosidl_typesupport_fastrtps_cpp.dir/rosidl_typesupport_fastrtps_cpp/conveyorbelt_msgs/srv/detail/dds_fastrtps/conveyor_belt_control__type_support.cpp.o[0m
[2.598s] [ 46%] [32mBuilding CXX object CMakeFiles/conveyorbelt_msgs__rosidl_typesupport_c.dir/rosidl_typesupport_c/conveyorbelt_msgs/srv/conveyor_belt_control__type_support.cpp.o[0m
[2.598s] [ 48%] [32mBuilding CXX object CMakeFiles/conveyorbelt_msgs__rosidl_typesupport_c.dir/rosidl_typesupport_c/conveyorbelt_msgs/msg/conveyor_belt_state__type_support.cpp.o[0m
[2.616s] [ 51%] [32mBuilding C object CMakeFiles/conveyorbelt_msgs__rosidl_typesupport_introspection_c.dir/rosidl_typesupport_introspection_c/conveyorbelt_msgs/msg/detail/conveyor_belt_state__type_support.c.o[0m
[2.619s] [ 53%] [32mBuilding C object CMakeFiles/conveyorbelt_msgs__rosidl_typesupport_introspection_c.dir/rosidl_typesupport_introspection_c/conveyorbelt_msgs/srv/detail/conveyor_belt_control__type_support.c.o[0m
[2.634s] [ 56%] [32m[1mLinking CXX shared library libconveyorbelt_msgs__rosidl_typesupport_c.so[0m
[2.642s] [ 61%] [32mBuilding CXX object CMakeFiles/conveyorbelt_msgs__rosidl_typesupport_fastrtps_c.dir/rosidl_typesupport_fastrtps_c/conveyorbelt_msgs/msg/detail/conveyor_belt_state__type_support_c.cpp.o[0m
[2.642s] [ 61%] [32mBuilding CXX object CMakeFiles/conveyorbelt_msgs__rosidl_typesupport_fastrtps_c.dir/rosidl_typesupport_fastrtps_c/conveyorbelt_msgs/srv/detail/conveyor_belt_control__type_support_c.cpp.o[0m
[2.657s] [ 64%] [32m[1mLinking C shared library libconveyorbelt_msgs__rosidl_typesupport_introspection_c.so[0m
[2.679s] [ 64%] Built target conveyorbelt_msgs__rosidl_typesupport_c
[2.690s] [ 64%] Built target conveyorbelt_msgs__rosidl_typesupport_introspection_c
[2.771s] [ 66%] [32m[1mLinking CXX shared library libconveyorbelt_msgs__rosidl_typesupport_cpp.so[0m
[2.816s] [ 66%] Built target conveyorbelt_msgs__rosidl_typesupport_cpp
[2.841s] [ 69%] [32m[1mLinking CXX shared library libconveyorbelt_msgs__rosidl_typesupport_introspection_cpp.so[0m
[2.882s] [ 69%] Built target conveyorbelt_msgs__rosidl_typesupport_introspection_cpp
[2.915s] [ 71%] [32m[1mLinking CXX shared library libconveyorbelt_msgs__rosidl_typesupport_fastrtps_cpp.so[0m
[2.945s] [ 74%] [32m[1mLinking CXX shared library libconveyorbelt_msgs__rosidl_typesupport_fastrtps_c.so[0m
[2.989s] [ 74%] Built target conveyorbelt_msgs__rosidl_typesupport_fastrtps_cpp
[3.014s] [ 74%] Built target conveyorbelt_msgs__rosidl_typesupport_fastrtps_c
[3.035s] [ 74%] Built target conveyorbelt_msgs
[3.054s] [ 76%] [34m[1mGenerating Python code for ROS interfaces[0m
[3.525s] [ 76%] Built target conveyorbelt_msgs__py
[3.546s] [ 82%] [32mBuilding C object CMakeFiles/conveyorbelt_msgs__rosidl_generator_py.dir/rosidl_generator_py/conveyorbelt_msgs/msg/_conveyor_belt_state_s.c.o[0m
[3.546s] [ 82%] [32mBuilding C object CMakeFiles/conveyorbelt_msgs__rosidl_generator_py.dir/rosidl_generator_py/conveyorbelt_msgs/srv/_conveyor_belt_control_s.c.o[0m
[3.623s] [ 84%] [32m[1mLinking C shared library rosidl_generator_py/conveyorbelt_msgs/libconveyorbelt_msgs__rosidl_generator_py.so[0m
[3.662s] [ 84%] Built target conveyorbelt_msgs__rosidl_generator_py
[3.685s] [ 89%] [32mBuilding C object CMakeFiles/conveyorbelt_msgs__rosidl_typesupport_introspection_c__pyext.dir/rosidl_generator_py/conveyorbelt_msgs/_conveyorbelt_msgs_s.ep.rosidl_typesupport_introspection_c.c.o[0m
[3.685s] [ 89%] [32mBuilding C object CMakeFiles/conveyorbelt_msgs__rosidl_typesupport_c__pyext.dir/rosidl_generator_py/conveyorbelt_msgs/_conveyorbelt_msgs_s.ep.rosidl_typesupport_c.c.o[0m
[3.685s] [ 92%] [32mBuilding C object CMakeFiles/conveyorbelt_msgs__rosidl_typesupport_fastrtps_c__pyext.dir/rosidl_generator_py/conveyorbelt_msgs/_conveyorbelt_msgs_s.ep.rosidl_typesupport_fastrtps_c.c.o[0m
[3.769s] [ 97%] [32m[1mLinking C shared library rosidl_generator_py/conveyorbelt_msgs/conveyorbelt_msgs_s__rosidl_typesupport_introspection_c.cpython-310-x86_64-linux-gnu.so[0m
[3.769s] [ 97%] [32m[1mLinking C shared library rosidl_generator_py/conveyorbelt_msgs/conveyorbelt_msgs_s__rosidl_typesupport_c.cpython-310-x86_64-linux-gnu.so[0m
[3.778s] [100%] [32m[1mLinking C shared library rosidl_generator_py/conveyorbelt_msgs/conveyorbelt_msgs_s__rosidl_typesupport_fastrtps_c.cpython-310-x86_64-linux-gnu.so[0m
[3.800s] [100%] Built target conveyorbelt_msgs__rosidl_typesupport_c__pyext
[3.800s] [100%] Built target conveyorbelt_msgs__rosidl_typesupport_introspection_c__pyext
[3.813s] [100%] Built target conveyorbelt_msgs__rosidl_typesupport_fastrtps_c__pyext
[3.825s] Invoked command in '/home/rupendra/Desktop/Tasks/TASK-1/Task1/build/conveyorbelt_msgs' returned '0': CMAKE_PREFIX_PATH=${CMAKE_PREFIX_PATH}:/opt/ros/humble /usr/bin/cmake --build /home/rupendra/Desktop/Tasks/TASK-1/Task1/build/conveyorbelt_msgs -- -j16 -l16
[3.827s] Invoking command in '/home/rupendra/Desktop/Tasks/TASK-1/Task1/build/conveyorbelt_msgs': CMAKE_PREFIX_PATH=${CMAKE_PREFIX_PATH}:/opt/ros/humble /usr/bin/cmake --install /home/rupendra/Desktop/Tasks/TASK-1/Task1/build/conveyorbelt_msgs
[3.833s] -- Install configuration: ""
[3.834s] -- Execute custom install script
[3.834s] -- Symlinking: /home/rupendra/Desktop/Tasks/TASK-1/Task1/install/conveyorbelt_msgs/share/conveyorbelt_msgs/msg/ConveyorBeltState.msg
[3.842s] -- Symlinking: /home/rupendra/Desktop/Tasks/TASK-1/Task1/install/conveyorbelt_msgs/share/conveyorbelt_msgs/srv/ConveyorBeltControl.srv
[3.851s] -- Symlinking: /home/rupendra/Desktop/Tasks/TASK-1/Task1/install/conveyorbelt_msgs/share/ament_index/resource_index/rosidl_interfaces/conveyorbelt_msgs
[3.860s] -- Symlinking: /home/rupendra/Desktop/Tasks/TASK-1/Task1/install/conveyorbelt_msgs/include/conveyorbelt_msgs/conveyorbelt_msgs/msg/conveyor_belt_state.h
[3.868s] -- Symlinking: /home/rupendra/Desktop/Tasks/TASK-1/Task1/install/conveyorbelt_msgs/include/conveyorbelt_msgs/conveyorbelt_msgs/msg/detail/conveyor_belt_state__functions.h
[3.878s] -- Symlinking: /home/rupendra/Desktop/Tasks/TASK-1/Task1/install/conveyorbelt_msgs/include/conveyorbelt_msgs/conveyorbelt_msgs/msg/detail/conveyor_belt_state__struct.h
[3.888s] -- Symlinking: /home/rupendra/Desktop/Tasks/TASK-1/Task1/install/conveyorbelt_msgs/include/conveyorbelt_msgs/conveyorbelt_msgs/msg/detail/conveyor_belt_state__type_support.h
[3.896s] -- Symlinking: /home/rupendra/Desktop/Tasks/TASK-1/Task1/install/conveyorbelt_msgs/include/conveyorbelt_msgs/conveyorbelt_msgs/msg/rosidl_generator_c__visibility_control.h
[3.904s] -- Symlinking: /home/rupendra/Desktop/Tasks/TASK-1/Task1/install/conveyorbelt_msgs/include/conveyorbelt_msgs/conveyorbelt_msgs/srv/conveyor_belt_control.h
[3.912s] -- Symlinking: /home/rupendra/Desktop/Tasks/TASK-1/Task1/install/conveyorbelt_msgs/include/conveyorbelt_msgs/conveyorbelt_msgs/srv/detail/conveyor_belt_control__functions.h
[3.921s] -- Symlinking: /home/rupendra/Desktop/Tasks/TASK-1/Task1/install/conveyorbelt_msgs/include/conveyorbelt_msgs/conveyorbelt_msgs/srv/detail/conveyor_belt_control__struct.h
[3.929s] -- Symlinking: /home/rupendra/Desktop/Tasks/TASK-1/Task1/install/conveyorbelt_msgs/include/conveyorbelt_msgs/conveyorbelt_msgs/srv/detail/conveyor_belt_control__type_support.h
[3.940s] -- Symlinking: /home/rupendra/Desktop/Tasks/TASK-1/Task1/install/conveyorbelt_msgs/share/conveyorbelt_msgs/environment/library_path.sh
[3.947s] -- Symlinking: /home/rupendra/Desktop/Tasks/TASK-1/Task1/install/conveyorbelt_msgs/share/conveyorbelt_msgs/environment/library_path.dsv
[3.957s] -- Symlinking: /home/rupendra/Desktop/Tasks/TASK-1/Task1/install/conveyorbelt_msgs/include/conveyorbelt_msgs/conveyorbelt_msgs/msg/detail/conveyor_belt_state__rosidl_typesupport_fastrtps_c.h
[3.965s] -- Symlinking: /home/rupendra/Desktop/Tasks/TASK-1/Task1/install/conveyorbelt_msgs/include/conveyorbelt_msgs/conveyorbelt_msgs/msg/rosidl_typesupport_fastrtps_c__visibility_control.h
[3.974s] -- Symlinking: /home/rupendra/Desktop/Tasks/TASK-1/Task1/install/conveyorbelt_msgs/include/conveyorbelt_msgs/conveyorbelt_msgs/srv/detail/conveyor_belt_control__rosidl_typesupport_fastrtps_c.h
[3.983s] -- Symlinking: /home/rupendra/Desktop/Tasks/TASK-1/Task1/install/conveyorbelt_msgs/include/conveyorbelt_msgs/conveyorbelt_msgs/msg/detail/conveyor_belt_state__rosidl_typesupport_introspection_c.h
[3.991s] -- Symlinking: /home/rupendra/Desktop/Tasks/TASK-1/Task1/install/conveyorbelt_msgs/include/conveyorbelt_msgs/conveyorbelt_msgs/msg/rosidl_typesupport_introspection_c__visibility_control.h
[3.999s] -- Symlinking: /home/rupendra/Desktop/Tasks/TASK-1/Task1/install/conveyorbelt_msgs/include/conveyorbelt_msgs/conveyorbelt_msgs/srv/detail/conveyor_belt_control__rosidl_typesupport_introspection_c.h
[4.009s] -- Symlinking: /home/rupendra/Desktop/Tasks/TASK-1/Task1/install/conveyorbelt_msgs/include/conveyorbelt_msgs/conveyorbelt_msgs/msg/conveyor_belt_state.hpp
[4.018s] -- Symlinking: /home/rupendra/Desktop/Tasks/TASK-1/Task1/install/conveyorbelt_msgs/include/conveyorbelt_msgs/conveyorbelt_msgs/msg/detail/conveyor_belt_state__builder.hpp
[4.027s] -- Symlinking: /home/rupendra/Desktop/Tasks/TASK-1/Task1/install/conveyorbelt_msgs/include/conveyorbelt_msgs/conveyorbelt_msgs/msg/detail/conveyor_belt_state__struct.hpp
[4.037s] -- Symlinking: /home/rupendra/Desktop/Tasks/TASK-1/Task1/install/conveyorbelt_msgs/include/conveyorbelt_msgs/conveyorbelt_msgs/msg/detail/conveyor_belt_state__traits.hpp
[4.045s] -- Symlinking: /home/rupendra/Desktop/Tasks/TASK-1/Task1/install/conveyorbelt_msgs/include/conveyorbelt_msgs/conveyorbelt_msgs/msg/detail/conveyor_belt_state__type_support.hpp
[4.054s] -- Symlinking: /home/rupendra/Desktop/Tasks/TASK-1/Task1/install/conveyorbelt_msgs/include/conveyorbelt_msgs/conveyorbelt_msgs/msg/rosidl_generator_cpp__visibility_control.hpp
[4.064s] -- Symlinking: /home/rupendra/Desktop/Tasks/TASK-1/Task1/install/conveyorbelt_msgs/include/conveyorbelt_msgs/conveyorbelt_msgs/srv/conveyor_belt_control.hpp
[4.073s] -- Symlinking: /home/rupendra/Desktop/Tasks/TASK-1/Task1/install/conveyorbelt_msgs/include/conveyorbelt_msgs/conveyorbelt_msgs/srv/detail/conveyor_belt_control__builder.hpp
[4.081s] -- Symlinking: /home/rupendra/Desktop/Tasks/TASK-1/Task1/install/conveyorbelt_msgs/include/conveyorbelt_msgs/conveyorbelt_msgs/srv/detail/conveyor_belt_control__struct.hpp
[4.089s] -- Symlinking: /home/rupendra/Desktop/Tasks/TASK-1/Task1/install/conveyorbelt_msgs/include/conveyorbelt_msgs/conveyorbelt_msgs/srv/detail/conveyor_belt_control__traits.hpp
[4.097s] -- Symlinking: /home/rupendra/Desktop/Tasks/TASK-1/Task1/install/conveyorbelt_msgs/include/conveyorbelt_msgs/conveyorbelt_msgs/srv/detail/conveyor_belt_control__type_support.hpp
[4.106s] -- Symlinking: /home/rupendra/Desktop/Tasks/TASK-1/Task1/install/conveyorbelt_msgs/include/conveyorbelt_msgs/conveyorbelt_msgs/msg/detail/conveyor_belt_state__rosidl_typesupport_fastrtps_cpp.hpp
[4.115s] -- Symlinking: /home/rupendra/Desktop/Tasks/TASK-1/Task1/install/conveyorbelt_msgs/include/conveyorbelt_msgs/conveyorbelt_msgs/msg/rosidl_typesupport_fastrtps_cpp__visibility_control.h
[4.124s] -- Symlinking: /home/rupendra/Desktop/Tasks/TASK-1/Task1/install/conveyorbelt_msgs/include/conveyorbelt_msgs/conveyorbelt_msgs/srv/detail/conveyor_belt_control__rosidl_typesupport_fastrtps_cpp.hpp
[4.134s] -- Symlinking: /home/rupendra/Desktop/Tasks/TASK-1/Task1/install/conveyorbelt_msgs/include/conveyorbelt_msgs/conveyorbelt_msgs/msg/detail/conveyor_belt_state__rosidl_typesupport_introspection_cpp.hpp
[4.143s] -- Symlinking: /home/rupendra/Desktop/Tasks/TASK-1/Task1/install/conveyorbelt_msgs/include/conveyorbelt_msgs/conveyorbelt_msgs/srv/detail/conveyor_belt_control__rosidl_typesupport_introspection_cpp.hpp
[4.152s] -- Symlinking: /home/rupendra/Desktop/Tasks/TASK-1/Task1/install/conveyorbelt_msgs/share/conveyorbelt_msgs/environment/pythonpath.sh
[4.159s] -- Symlinking: /home/rupendra/Desktop/Tasks/TASK-1/Task1/install/conveyorbelt_msgs/share/conveyorbelt_msgs/environment/pythonpath.dsv
[4.168s] -- Symlinking: /home/rupendra/Desktop/Tasks/TASK-1/Task1/install/conveyorbelt_msgs/local/lib/python3.10/dist-packages/conveyorbelt_msgs-0.0.0-py3.10.egg-info/PKG-INFO
[4.176s] -- Symlinking: /home/rupendra/Desktop/Tasks/TASK-1/Task1/install/conveyorbelt_msgs/local/lib/python3.10/dist-packages/conveyorbelt_msgs-0.0.0-py3.10.egg-info/SOURCES.txt
[4.185s] -- Symlinking: /home/rupendra/Desktop/Tasks/TASK-1/Task1/install/conveyorbelt_msgs/local/lib/python3.10/dist-packages/conveyorbelt_msgs-0.0.0-py3.10.egg-info/dependency_links.txt
[4.193s] -- Symlinking: /home/rupendra/Desktop/Tasks/TASK-1/Task1/install/conveyorbelt_msgs/local/lib/python3.10/dist-packages/conveyorbelt_msgs-0.0.0-py3.10.egg-info/top_level.txt
[4.204s] -- Symlinking: /home/rupendra/Desktop/Tasks/TASK-1/Task1/install/conveyorbelt_msgs/local/lib/python3.10/dist-packages/conveyorbelt_msgs/__init__.py
[4.211s] -- Symlinking: /home/rupendra/Desktop/Tasks/TASK-1/Task1/install/conveyorbelt_msgs/local/lib/python3.10/dist-packages/conveyorbelt_msgs/_conveyorbelt_msgs_s.ep.rosidl_typesupport_c.c
[4.220s] -- Symlinking: /home/rupendra/Desktop/Tasks/TASK-1/Task1/install/conveyorbelt_msgs/local/lib/python3.10/dist-packages/conveyorbelt_msgs/_conveyorbelt_msgs_s.ep.rosidl_typesupport_fastrtps_c.c
[4.228s] -- Symlinking: /home/rupendra/Desktop/Tasks/TASK-1/Task1/install/conveyorbelt_msgs/local/lib/python3.10/dist-packages/conveyorbelt_msgs/_conveyorbelt_msgs_s.ep.rosidl_typesupport_introspection_c.c
[4.237s] -- Symlinking: /home/rupendra/Desktop/Tasks/TASK-1/Task1/install/conveyorbelt_msgs/local/lib/python3.10/dist-packages/conveyorbelt_msgs/conveyorbelt_msgs_s__rosidl_typesupport_c.cpython-310-x86_64-linux-gnu.so
[4.246s] -- Symlinking: /home/rupendra/Desktop/Tasks/TASK-1/Task1/install/conveyorbelt_msgs/local/lib/python3.10/dist-packages/conveyorbelt_msgs/conveyorbelt_msgs_s__rosidl_typesupport_fastrtps_c.cpython-310-x86_64-linux-gnu.so
[4.255s] -- Symlinking: /home/rupendra/Desktop/Tasks/TASK-1/Task1/install/conveyorbelt_msgs/local/lib/python3.10/dist-packages/conveyorbelt_msgs/conveyorbelt_msgs_s__rosidl_typesupport_introspection_c.cpython-310-x86_64-linux-gnu.so
[4.264s] -- Symlinking: /home/rupendra/Desktop/Tasks/TASK-1/Task1/install/conveyorbelt_msgs/local/lib/python3.10/dist-packages/conveyorbelt_msgs/libconveyorbelt_msgs__rosidl_generator_py.so
[4.272s] -- Symlinking: /home/rupendra/Desktop/Tasks/TASK-1/Task1/install/conveyorbelt_msgs/local/lib/python3.10/dist-packages/conveyorbelt_msgs/msg/__init__.py
[4.280s] -- Symlinking: /home/rupendra/Desktop/Tasks/TASK-1/Task1/install/conveyorbelt_msgs/local/lib/python3.10/dist-packages/conveyorbelt_msgs/msg/_conveyor_belt_state.py
[4.287s] -- Symlinking: /home/rupendra/Desktop/Tasks/TASK-1/Task1/install/conveyorbelt_msgs/local/lib/python3.10/dist-packages/conveyorbelt_msgs/msg/_conveyor_belt_state_s.c
[4.296s] -- Symlinking: /home/rupendra/Desktop/Tasks/TASK-1/Task1/install/conveyorbelt_msgs/local/lib/python3.10/dist-packages/conveyorbelt_msgs/srv/__init__.py
[4.304s] -- Symlinking: /home/rupendra/Desktop/Tasks/TASK-1/Task1/install/conveyorbelt_msgs/local/lib/python3.10/dist-packages/conveyorbelt_msgs/srv/_conveyor_belt_control.py
[4.314s] -- Symlinking: /home/rupendra/Desktop/Tasks/TASK-1/Task1/install/conveyorbelt_msgs/local/lib/python3.10/dist-packages/conveyorbelt_msgs/srv/_conveyor_belt_control_s.c
[4.324s] -- Up-to-date symlink: /home/rupendra/Desktop/Tasks/TASK-1/Task1/install/conveyorbelt_msgs/local/lib/python3.10/dist-packages/conveyorbelt_msgs/conveyorbelt_msgs_s__rosidl_typesupport_fastrtps_c.cpython-310-x86_64-linux-gnu.so
[4.324s] -- Up-to-date symlink: /home/rupendra/Desktop/Tasks/TASK-1/Task1/install/conveyorbelt_msgs/local/lib/python3.10/dist-packages/conveyorbelt_msgs/conveyorbelt_msgs_s__rosidl_typesupport_introspection_c.cpython-310-x86_64-linux-gnu.so
[4.324s] -- Up-to-date symlink: /home/rupendra/Desktop/Tasks/TASK-1/Task1/install/conveyorbelt_msgs/local/lib/python3.10/dist-packages/conveyorbelt_msgs/conveyorbelt_msgs_s__rosidl_typesupport_c.cpython-310-x86_64-linux-gnu.so
[4.324s] -- Symlinking: /home/rupendra/Desktop/Tasks/TASK-1/Task1/install/conveyorbelt_msgs/share/conveyorbelt_msgs/msg/ConveyorBeltState.idl
[4.332s] -- Symlinking: /home/rupendra/Desktop/Tasks/TASK-1/Task1/install/conveyorbelt_msgs/share/conveyorbelt_msgs/srv/ConveyorBeltControl.idl
[4.340s] -- Up-to-date symlink: /home/rupendra/Desktop/Tasks/TASK-1/Task1/install/conveyorbelt_msgs/share/conveyorbelt_msgs/msg/ConveyorBeltState.msg
[4.341s] -- Up-to-date symlink: /home/rupendra/Desktop/Tasks/TASK-1/Task1/install/conveyorbelt_msgs/share/conveyorbelt_msgs/srv/ConveyorBeltControl.srv
[4.341s] -- Symlinking: /home/rupendra/Desktop/Tasks/TASK-1/Task1/install/conveyorbelt_msgs/share/conveyorbelt_msgs/srv/ConveyorBeltControl_Request.msg
[4.349s] -- Symlinking: /home/rupendra/Desktop/Tasks/TASK-1/Task1/install/conveyorbelt_msgs/share/conveyorbelt_msgs/srv/ConveyorBeltControl_Response.msg
[4.357s] -- Symlinking: /home/rupendra/Desktop/Tasks/TASK-1/Task1/install/conveyorbelt_msgs/share/ament_index/resource_index/package_run_dependencies/conveyorbelt_msgs
[4.366s] -- Symlinking: /home/rupendra/Desktop/Tasks/TASK-1/Task1/install/conveyorbelt_msgs/share/ament_index/resource_index/parent_prefix_path/conveyorbelt_msgs
[4.373s] -- Symlinking: /home/rupendra/Desktop/Tasks/TASK-1/Task1/install/conveyorbelt_msgs/share/conveyorbelt_msgs/environment/ament_prefix_path.sh
[4.381s] -- Symlinking: /home/rupendra/Desktop/Tasks/TASK-1/Task1/install/conveyorbelt_msgs/share/conveyorbelt_msgs/environment/ament_prefix_path.dsv
[4.389s] -- Symlinking: /home/rupendra/Desktop/Tasks/TASK-1/Task1/install/conveyorbelt_msgs/share/conveyorbelt_msgs/environment/path.sh
[4.397s] -- Symlinking: /home/rupendra/Desktop/Tasks/TASK-1/Task1/install/conveyorbelt_msgs/share/conveyorbelt_msgs/environment/path.dsv
[4.405s] -- Symlinking: /home/rupendra/Desktop/Tasks/TASK-1/Task1/install/conveyorbelt_msgs/share/conveyorbelt_msgs/local_setup.bash
[4.414s] -- Symlinking: /home/rupendra/Desktop/Tasks/TASK-1/Task1/install/conveyorbelt_msgs/share/conveyorbelt_msgs/local_setup.sh
[4.423s] -- Symlinking: /home/rupendra/Desktop/Tasks/TASK-1/Task1/install/conveyorbelt_msgs/share/conveyorbelt_msgs/local_setup.zsh
[4.432s] -- Symlinking: /home/rupendra/Desktop/Tasks/TASK-1/Task1/install/conveyorbelt_msgs/share/conveyorbelt_msgs/local_setup.dsv
[4.441s] -- Symlinking: /home/rupendra/Desktop/Tasks/TASK-1/Task1/install/conveyorbelt_msgs/share/conveyorbelt_msgs/package.dsv
[4.450s] -- Symlinking: /home/rupendra/Desktop/Tasks/TASK-1/Task1/install/conveyorbelt_msgs/share/ament_index/resource_index/packages/conveyorbelt_msgs
[4.460s] -- Symlinking: /home/rupendra/Desktop/Tasks/TASK-1/Task1/install/conveyorbelt_msgs/share/conveyorbelt_msgs/cmake/rosidl_cmake-extras.cmake
[4.469s] -- Symlinking: /home/rupendra/Desktop/Tasks/TASK-1/Task1/install/conveyorbelt_msgs/share/conveyorbelt_msgs/cmake/ament_cmake_export_include_directories-extras.cmake
[4.479s] -- Symlinking: /home/rupendra/Desktop/Tasks/TASK-1/Task1/install/conveyorbelt_msgs/share/conveyorbelt_msgs/cmake/ament_cmake_export_libraries-extras.cmake
[4.488s] -- Symlinking: /home/rupendra/Desktop/Tasks/TASK-1/Task1/install/conveyorbelt_msgs/share/conveyorbelt_msgs/cmake/ament_cmake_export_targets-extras.cmake
[4.497s] -- Symlinking: /home/rupendra/Desktop/Tasks/TASK-1/Task1/install/conveyorbelt_msgs/share/conveyorbelt_msgs/cmake/rosidl_cmake_export_typesupport_targets-extras.cmake
[4.507s] -- Symlinking: /home/rupendra/Desktop/Tasks/TASK-1/Task1/install/conveyorbelt_msgs/share/conveyorbelt_msgs/cmake/ament_cmake_export_dependencies-extras.cmake
[4.518s] -- Symlinking: /home/rupendra/Desktop/Tasks/TASK-1/Task1/install/conveyorbelt_msgs/share/conveyorbelt_msgs/cmake/rosidl_cmake_export_typesupport_libraries-extras.cmake
[4.527s] -- Symlinking: /home/rupendra/Desktop/Tasks/TASK-1/Task1/install/conveyorbelt_msgs/share/conveyorbelt_msgs/cmake/conveyorbelt_msgsConfig.cmake
[4.536s] -- Symlinking: /home/rupendra/Desktop/Tasks/TASK-1/Task1/install/conveyorbelt_msgs/share/conveyorbelt_msgs/cmake/conveyorbelt_msgsConfig-version.cmake
[4.544s] -- Symlinking: /home/rupendra/Desktop/Tasks/TASK-1/Task1/install/conveyorbelt_msgs/share/conveyorbelt_msgs/package.xml
[4.553s] -- Installing: /home/rupendra/Desktop/Tasks/TASK-1/Task1/install/conveyorbelt_msgs/lib/libconveyorbelt_msgs__rosidl_generator_c.so
[4.554s] -- Set runtime path of "/home/rupendra/Desktop/Tasks/TASK-1/Task1/install/conveyorbelt_msgs/lib/libconveyorbelt_msgs__rosidl_generator_c.so" to ""
[4.554s] -- Installing: /home/rupendra/Desktop/Tasks/TASK-1/Task1/install/conveyorbelt_msgs/lib/libconveyorbelt_msgs__rosidl_typesupport_fastrtps_c.so
[4.555s] -- Set runtime path of "/home/rupendra/Desktop/Tasks/TASK-1/Task1/install/conveyorbelt_msgs/lib/libconveyorbelt_msgs__rosidl_typesupport_fastrtps_c.so" to ""
[4.555s] -- Installing: /home/rupendra/Desktop/Tasks/TASK-1/Task1/install/conveyorbelt_msgs/lib/libconveyorbelt_msgs__rosidl_typesupport_introspection_c.so
[4.555s] -- Set runtime path of "/home/rupendra/Desktop/Tasks/TASK-1/Task1/install/conveyorbelt_msgs/lib/libconveyorbelt_msgs__rosidl_typesupport_introspection_c.so" to ""
[4.555s] -- Installing: /home/rupendra/Desktop/Tasks/TASK-1/Task1/install/conveyorbelt_msgs/lib/libconveyorbelt_msgs__rosidl_typesupport_c.so
[4.555s] -- Set runtime path of "/home/rupendra/Desktop/Tasks/TASK-1/Task1/install/conveyorbelt_msgs/lib/libconveyorbelt_msgs__rosidl_typesupport_c.so" to ""
[4.555s] -- Installing: /home/rupendra/Desktop/Tasks/TASK-1/Task1/install/conveyorbelt_msgs/lib/libconveyorbelt_msgs__rosidl_typesupport_fastrtps_cpp.so
[4.556s] -- Set runtime path of "/home/rupendra/Desktop/Tasks/TASK-1/Task1/install/conveyorbelt_msgs/lib/libconveyorbelt_msgs__rosidl_typesupport_fastrtps_cpp.so" to ""
[4.556s] -- Installing: /home/rupendra/Desktop/Tasks/TASK-1/Task1/install/conveyorbelt_msgs/lib/libconveyorbelt_msgs__rosidl_typesupport_introspection_cpp.so
[4.556s] -- Set runtime path of "/home/rupendra/Desktop/Tasks/TASK-1/Task1/install/conveyorbelt_msgs/lib/libconveyorbelt_msgs__rosidl_typesupport_introspection_cpp.so" to ""
[4.556s] -- Installing: /home/rupendra/Desktop/Tasks/TASK-1/Task1/install/conveyorbelt_msgs/lib/libconveyorbelt_msgs__rosidl_typesupport_cpp.so
[4.556s] -- Set runtime path of "/home/rupendra/Desktop/Tasks/TASK-1/Task1/install/conveyorbelt_msgs/lib/libconveyorbelt_msgs__rosidl_typesupport_cpp.so" to ""
[4.586s] Listing '/home/rupendra/Desktop/Tasks/TASK-1/Task1/install/conveyorbelt_msgs/local/lib/python3.10/dist-packages/conveyorbelt_msgs'...
[4.586s] Compiling '/home/rupendra/Desktop/Tasks/TASK-1/Task1/install/conveyorbelt_msgs/local/lib/python3.10/dist-packages/conveyorbelt_msgs/__init__.py'...
[4.586s] Listing '/home/rupendra/Desktop/Tasks/TASK-1/Task1/install/conveyorbelt_msgs/local/lib/python3.10/dist-packages/conveyorbelt_msgs/msg'...
[4.586s] Compiling '/home/rupendra/Desktop/Tasks/TASK-1/Task1/install/conveyorbelt_msgs/local/lib/python3.10/dist-packages/conveyorbelt_msgs/msg/__init__.py'...
[4.586s] Compiling '/home/rupendra/Desktop/Tasks/TASK-1/Task1/install/conveyorbelt_msgs/local/lib/python3.10/dist-packages/conveyorbelt_msgs/msg/_conveyor_belt_state.py'...
[4.587s] Listing '/home/rupendra/Desktop/Tasks/TASK-1/Task1/install/conveyorbelt_msgs/local/lib/python3.10/dist-packages/conveyorbelt_msgs/srv'...
[4.587s] Compiling '/home/rupendra/Desktop/Tasks/TASK-1/Task1/install/conveyorbelt_msgs/local/lib/python3.10/dist-packages/conveyorbelt_msgs/srv/__init__.py'...
[4.587s] Compiling '/home/rupendra/Desktop/Tasks/TASK-1/Task1/install/conveyorbelt_msgs/local/lib/python3.10/dist-packages/conveyorbelt_msgs/srv/_conveyor_belt_control.py'...
[4.590s] -- Installing: /home/rupendra/Desktop/Tasks/TASK-1/Task1/install/conveyorbelt_msgs/lib/libconveyorbelt_msgs__rosidl_generator_py.so
[4.590s] -- Set runtime path of "/home/rupendra/Desktop/Tasks/TASK-1/Task1/install/conveyorbelt_msgs/lib/libconveyorbelt_msgs__rosidl_generator_py.so" to ""
[4.591s] -- Installing: /home/rupendra/Desktop/Tasks/TASK-1/Task1/install/conveyorbelt_msgs/share/conveyorbelt_msgs/cmake/export_conveyorbelt_msgs__rosidl_generator_cExport.cmake
[4.591s] -- Installing: /home/rupendra/Desktop/Tasks/TASK-1/Task1/install/conveyorbelt_msgs/share/conveyorbelt_msgs/cmake/export_conveyorbelt_msgs__rosidl_generator_cExport-noconfig.cmake
[4.591s] -- Installing: /home/rupendra/Desktop/Tasks/TASK-1/Task1/install/conveyorbelt_msgs/share/conveyorbelt_msgs/cmake/export_conveyorbelt_msgs__rosidl_typesupport_fastrtps_cExport.cmake
[4.591s] -- Installing: /home/rupendra/Desktop/Tasks/TASK-1/Task1/install/conveyorbelt_msgs/share/conveyorbelt_msgs/cmake/export_conveyorbelt_msgs__rosidl_typesupport_fastrtps_cExport-noconfig.cmake
[4.591s] -- Installing: /home/rupendra/Desktop/Tasks/TASK-1/Task1/install/conveyorbelt_msgs/share/conveyorbelt_msgs/cmake/conveyorbelt_msgs__rosidl_typesupport_introspection_cExport.cmake
[4.591s] -- Installing: /home/rupendra/Desktop/Tasks/TASK-1/Task1/install/conveyorbelt_msgs/share/conveyorbelt_msgs/cmake/conveyorbelt_msgs__rosidl_typesupport_introspection_cExport-noconfig.cmake
[4.591s] -- Installing: /home/rupendra/Desktop/Tasks/TASK-1/Task1/install/conveyorbelt_msgs/share/conveyorbelt_msgs/cmake/conveyorbelt_msgs__rosidl_typesupport_cExport.cmake
[4.591s] -- Installing: /home/rupendra/Desktop/Tasks/TASK-1/Task1/install/conveyorbelt_msgs/share/conveyorbelt_msgs/cmake/conveyorbelt_msgs__rosidl_typesupport_cExport-noconfig.cmake
[4.592s] -- Installing: /home/rupendra/Desktop/Tasks/TASK-1/Task1/install/conveyorbelt_msgs/share/conveyorbelt_msgs/cmake/export_conveyorbelt_msgs__rosidl_generator_cppExport.cmake
[4.592s] -- Installing: /home/rupendra/Desktop/Tasks/TASK-1/Task1/install/conveyorbelt_msgs/share/conveyorbelt_msgs/cmake/export_conveyorbelt_msgs__rosidl_typesupport_fastrtps_cppExport.cmake
[4.592s] -- Installing: /home/rupendra/Desktop/Tasks/TASK-1/Task1/install/conveyorbelt_msgs/share/conveyorbelt_msgs/cmake/export_conveyorbelt_msgs__rosidl_typesupport_fastrtps_cppExport-noconfig.cmake
[4.592s] -- Installing: /home/rupendra/Desktop/Tasks/TASK-1/Task1/install/conveyorbelt_msgs/share/conveyorbelt_msgs/cmake/conveyorbelt_msgs__rosidl_typesupport_introspection_cppExport.cmake
[4.592s] -- Installing: /home/rupendra/Desktop/Tasks/TASK-1/Task1/install/conveyorbelt_msgs/share/conveyorbelt_msgs/cmake/conveyorbelt_msgs__rosidl_typesupport_introspection_cppExport-noconfig.cmake
[4.592s] -- Installing: /home/rupendra/Desktop/Tasks/TASK-1/Task1/install/conveyorbelt_msgs/share/conveyorbelt_msgs/cmake/conveyorbelt_msgs__rosidl_typesupport_cppExport.cmake
[4.592s] -- Installing: /home/rupendra/Desktop/Tasks/TASK-1/Task1/install/conveyorbelt_msgs/share/conveyorbelt_msgs/cmake/conveyorbelt_msgs__rosidl_typesupport_cppExport-noconfig.cmake
[4.593s] -- Installing: /home/rupendra/Desktop/Tasks/TASK-1/Task1/install/conveyorbelt_msgs/share/conveyorbelt_msgs/cmake/export_conveyorbelt_msgs__rosidl_generator_pyExport.cmake
[4.593s] -- Installing: /home/rupendra/Desktop/Tasks/TASK-1/Task1/install/conveyorbelt_msgs/share/conveyorbelt_msgs/cmake/export_conveyorbelt_msgs__rosidl_generator_pyExport-noconfig.cmake
[4.595s] Invoked command in '/home/rupendra/Desktop/Tasks/TASK-1/Task1/build/conveyorbelt_msgs' returned '0': CMAKE_PREFIX_PATH=${CMAKE_PREFIX_PATH}:/opt/ros/humble /usr/bin/cmake --install /home/rupendra/Desktop/Tasks/TASK-1/Task1/build/conveyorbelt_msgs
