[0.094s] Invoking command in '/home/rupendra/Desktop/Tasks/TASK-1/Task1/build/industrial_warehouse_gazebo': CMAKE_PREFIX_PATH=${CMAKE_PREFIX_PATH}:/opt/ros/humble /usr/bin/cmake --build /home/rupendra/Desktop/Tasks/TASK-1/Task1/build/industrial_warehouse_gazebo -- -j16 -l16
[0.139s] Invoked command in '/home/rupendra/Desktop/Tasks/TASK-1/Task1/build/industrial_warehouse_gazebo' returned '0': CMAKE_PREFIX_PATH=${CMAKE_PREFIX_PATH}:/opt/ros/humble /usr/bin/cmake --build /home/rupendra/Desktop/Tasks/TASK-1/Task1/build/industrial_warehouse_gazebo -- -j16 -l16
[0.140s] Invoking command in '/home/rupendra/Desktop/Tasks/TASK-1/Task1/build/industrial_warehouse_gazebo': CMAKE_PREFIX_PATH=${CMAKE_PREFIX_PATH}:/opt/ros/humble /usr/bin/cmake --install /home/rupendra/Desktop/Tasks/TASK-1/Task1/build/industrial_warehouse_gazebo
[0.147s] -- Install configuration: ""
[0.148s] -- Execute custom install script
[0.148s] -- Up-to-date symlink: /home/rupendra/Desktop/Tasks/TASK-1/Task1/install/industrial_warehouse_gazebo/share/industrial_warehouse_gazebo/launch/warehouse.launch.py
[0.148s] -- Symlinking: /home/rupendra/Desktop/Tasks/TASK-1/Task1/install/industrial_warehouse_gazebo/share/industrial_warehouse_gazebo/models/conveyor/meshes/conveyor_belt.dae
[0.157s] -- Symlinking: /home/rupendra/Desktop/Tasks/TASK-1/Task1/install/industrial_warehouse_gazebo/share/industrial_warehouse_gazebo/models/conveyor/meshes/conveyor_belt.stl
[0.167s] -- Symlinking: /home/rupendra/Desktop/Tasks/TASK-1/Task1/install/industrial_warehouse_gazebo/share/industrial_warehouse_gazebo/models/conveyor/model.config
[0.175s] -- Symlinking: /home/rupendra/Desktop/Tasks/TASK-1/Task1/install/industrial_warehouse_gazebo/share/industrial_warehouse_gazebo/models/conveyor/model.sdf
[0.184s] -- Symlinking: /home/rupendra/Desktop/Tasks/TASK-1/Task1/install/industrial_warehouse_gazebo/share/industrial_warehouse_gazebo/models/realsense_d435/meshes/IntelRealsense_D435_Multibody.dae
[0.193s] -- Symlinking: /home/rupendra/Desktop/Tasks/TASK-1/Task1/install/industrial_warehouse_gazebo/share/industrial_warehouse_gazebo/models/realsense_d435/meshes/IntelRealsense_D435_Multibody.stl
[0.202s] -- Symlinking: /home/rupendra/Desktop/Tasks/TASK-1/Task1/install/industrial_warehouse_gazebo/share/industrial_warehouse_gazebo/models/realsense_d435/model.config
[0.210s] -- Symlinking: /home/rupendra/Desktop/Tasks/TASK-1/Task1/install/industrial_warehouse_gazebo/share/industrial_warehouse_gazebo/models/realsense_d435/model.sdf
[0.219s] -- Up-to-date symlink: /home/rupendra/Desktop/Tasks/TASK-1/Task1/install/industrial_warehouse_gazebo/share/industrial_warehouse_gazebo/worlds/industrial_warehouse.world
[0.219s] -- Up-to-date symlink: /home/rupendra/Desktop/Tasks/TASK-1/Task1/install/industrial_warehouse_gazebo/share/ament_index/resource_index/package_run_dependencies/industrial_warehouse_gazebo
[0.219s] -- Up-to-date symlink: /home/rupendra/Desktop/Tasks/TASK-1/Task1/install/industrial_warehouse_gazebo/share/ament_index/resource_index/parent_prefix_path/industrial_warehouse_gazebo
[0.219s] -- Up-to-date symlink: /home/rupendra/Desktop/Tasks/TASK-1/Task1/install/industrial_warehouse_gazebo/share/industrial_warehouse_gazebo/environment/ament_prefix_path.sh
[0.219s] -- Up-to-date symlink: /home/rupendra/Desktop/Tasks/TASK-1/Task1/install/industrial_warehouse_gazebo/share/industrial_warehouse_gazebo/environment/ament_prefix_path.dsv
[0.220s] -- Up-to-date symlink: /home/rupendra/Desktop/Tasks/TASK-1/Task1/install/industrial_warehouse_gazebo/share/industrial_warehouse_gazebo/environment/path.sh
[0.220s] -- Up-to-date symlink: /home/rupendra/Desktop/Tasks/TASK-1/Task1/install/industrial_warehouse_gazebo/share/industrial_warehouse_gazebo/environment/path.dsv
[0.220s] -- Up-to-date symlink: /home/rupendra/Desktop/Tasks/TASK-1/Task1/install/industrial_warehouse_gazebo/share/industrial_warehouse_gazebo/local_setup.bash
[0.220s] -- Up-to-date symlink: /home/rupendra/Desktop/Tasks/TASK-1/Task1/install/industrial_warehouse_gazebo/share/industrial_warehouse_gazebo/local_setup.sh
[0.220s] -- Up-to-date symlink: /home/rupendra/Desktop/Tasks/TASK-1/Task1/install/industrial_warehouse_gazebo/share/industrial_warehouse_gazebo/local_setup.zsh
[0.220s] -- Up-to-date symlink: /home/rupendra/Desktop/Tasks/TASK-1/Task1/install/industrial_warehouse_gazebo/share/industrial_warehouse_gazebo/local_setup.dsv
[0.220s] -- Symlinking: /home/rupendra/Desktop/Tasks/TASK-1/Task1/install/industrial_warehouse_gazebo/share/industrial_warehouse_gazebo/package.dsv
[0.230s] -- Up-to-date symlink: /home/rupendra/Desktop/Tasks/TASK-1/Task1/install/industrial_warehouse_gazebo/share/ament_index/resource_index/packages/industrial_warehouse_gazebo
[0.230s] -- Up-to-date symlink: /home/rupendra/Desktop/Tasks/TASK-1/Task1/install/industrial_warehouse_gazebo/share/industrial_warehouse_gazebo/cmake/industrial_warehouse_gazeboConfig.cmake
[0.230s] -- Up-to-date symlink: /home/rupendra/Desktop/Tasks/TASK-1/Task1/install/industrial_warehouse_gazebo/share/industrial_warehouse_gazebo/cmake/industrial_warehouse_gazeboConfig-version.cmake
[0.230s] -- Up-to-date symlink: /home/rupendra/Desktop/Tasks/TASK-1/Task1/install/industrial_warehouse_gazebo/share/industrial_warehouse_gazebo/package.xml
[0.233s] Invoked command in '/home/rupendra/Desktop/Tasks/TASK-1/Task1/build/industrial_warehouse_gazebo' returned '0': CMAKE_PREFIX_PATH=${CMAKE_PREFIX_PATH}:/opt/ros/humble /usr/bin/cmake --install /home/rupendra/Desktop/Tasks/TASK-1/Task1/build/industrial_warehouse_gazebo
