[0.023s] Invoking command in '/home/rupendra/Desktop/Tasks/TASK-1/Task1/build/conveyorbelt_gazebo': CMAKE_PREFIX_PATH=/opt/ros/humble /usr/bin/cmake --build /home/rupendra/Desktop/Tasks/TASK-1/Task1/build/conveyorbelt_gazebo -- -j16 -l16
[0.122s] Invoked command in '/home/rupendra/Desktop/Tasks/TASK-1/Task1/build/conveyorbelt_gazebo' returned '0': CMAKE_PREFIX_PATH=/opt/ros/humble /usr/bin/cmake --build /home/rupendra/Desktop/Tasks/TASK-1/Task1/build/conveyorbelt_gazebo -- -j16 -l16
[0.127s] Invoking command in '/home/rupendra/Desktop/Tasks/TASK-1/Task1/build/conveyorbelt_gazebo': CMAKE_PREFIX_PATH=/opt/ros/humble /usr/bin/cmake --install /home/rupendra/Desktop/Tasks/TASK-1/Task1/build/conveyorbelt_gazebo
[0.138s] -- Install configuration: ""
[0.139s] -- Execute custom install script
[0.140s] -- Up-to-date symlink: /home/rupendra/Desktop/Tasks/TASK-1/Task1/install/conveyorbelt_gazebo/share/conveyorbelt_gazebo/launch/conveyorbelt.launch.py
[0.140s] -- Up-to-date symlink: /home/rupendra/Desktop/Tasks/TASK-1/Task1/install/conveyorbelt_gazebo/share/conveyorbelt_gazebo/models/conveyor_belt/meshes/conveyor_belt.dae
[0.140s] -- Up-to-date symlink: /home/rupendra/Desktop/Tasks/TASK-1/Task1/install/conveyorbelt_gazebo/share/conveyorbelt_gazebo/models/conveyor_belt/meshes/conveyor_belt.stl
[0.141s] -- Up-to-date symlink: /home/rupendra/Desktop/Tasks/TASK-1/Task1/install/conveyorbelt_gazebo/share/conveyorbelt_gazebo/models/conveyor_belt/model.config
[0.141s] -- Up-to-date symlink: /home/rupendra/Desktop/Tasks/TASK-1/Task1/install/conveyorbelt_gazebo/share/conveyorbelt_gazebo/models/conveyor_belt/model.sdf
[0.141s] -- Up-to-date symlink: /home/rupendra/Desktop/Tasks/TASK-1/Task1/install/conveyorbelt_gazebo/share/conveyorbelt_gazebo/worlds/conveyorbelt.world
[0.141s] -- Up-to-date symlink: /home/rupendra/Desktop/Tasks/TASK-1/Task1/install/conveyorbelt_gazebo/share/conveyorbelt_gazebo/urdf/box.urdf
[0.142s] -- Up-to-date symlink: /home/rupendra/Desktop/Tasks/TASK-1/Task1/install/conveyorbelt_gazebo/share/ament_index/resource_index/package_run_dependencies/conveyorbelt_gazebo
[0.142s] -- Up-to-date symlink: /home/rupendra/Desktop/Tasks/TASK-1/Task1/install/conveyorbelt_gazebo/share/ament_index/resource_index/parent_prefix_path/conveyorbelt_gazebo
[0.142s] -- Up-to-date symlink: /home/rupendra/Desktop/Tasks/TASK-1/Task1/install/conveyorbelt_gazebo/share/conveyorbelt_gazebo/environment/ament_prefix_path.sh
[0.142s] -- Up-to-date symlink: /home/rupendra/Desktop/Tasks/TASK-1/Task1/install/conveyorbelt_gazebo/share/conveyorbelt_gazebo/environment/ament_prefix_path.dsv
[0.142s] -- Up-to-date symlink: /home/rupendra/Desktop/Tasks/TASK-1/Task1/install/conveyorbelt_gazebo/share/conveyorbelt_gazebo/environment/path.sh
[0.142s] -- Up-to-date symlink: /home/rupendra/Desktop/Tasks/TASK-1/Task1/install/conveyorbelt_gazebo/share/conveyorbelt_gazebo/environment/path.dsv
[0.143s] -- Up-to-date symlink: /home/rupendra/Desktop/Tasks/TASK-1/Task1/install/conveyorbelt_gazebo/share/conveyorbelt_gazebo/local_setup.bash
[0.143s] -- Up-to-date symlink: /home/rupendra/Desktop/Tasks/TASK-1/Task1/install/conveyorbelt_gazebo/share/conveyorbelt_gazebo/local_setup.sh
[0.143s] -- Up-to-date symlink: /home/rupendra/Desktop/Tasks/TASK-1/Task1/install/conveyorbelt_gazebo/share/conveyorbelt_gazebo/local_setup.zsh
[0.145s] -- Up-to-date symlink: /home/rupendra/Desktop/Tasks/TASK-1/Task1/install/conveyorbelt_gazebo/share/conveyorbelt_gazebo/local_setup.dsv
[0.145s] -- Symlinking: /home/rupendra/Desktop/Tasks/TASK-1/Task1/install/conveyorbelt_gazebo/share/conveyorbelt_gazebo/package.dsv
[0.162s] -- Up-to-date symlink: /home/rupendra/Desktop/Tasks/TASK-1/Task1/install/conveyorbelt_gazebo/share/ament_index/resource_index/packages/conveyorbelt_gazebo
[0.162s] -- Up-to-date symlink: /home/rupendra/Desktop/Tasks/TASK-1/Task1/install/conveyorbelt_gazebo/share/conveyorbelt_gazebo/cmake/conveyorbelt_gazeboConfig.cmake
[0.162s] -- Up-to-date symlink: /home/rupendra/Desktop/Tasks/TASK-1/Task1/install/conveyorbelt_gazebo/share/conveyorbelt_gazebo/cmake/conveyorbelt_gazeboConfig-version.cmake
[0.162s] -- Up-to-date symlink: /home/rupendra/Desktop/Tasks/TASK-1/Task1/install/conveyorbelt_gazebo/share/conveyorbelt_gazebo/package.xml
[0.209s] Invoked command in '/home/rupendra/Desktop/Tasks/TASK-1/Task1/build/conveyorbelt_gazebo' returned '0': CMAKE_PREFIX_PATH=/opt/ros/humble /usr/bin/cmake --install /home/rupendra/Desktop/Tasks/TASK-1/Task1/build/conveyorbelt_gazebo
